{'activation': 'ReLU',
 'batch_size': 50,
 'cuda': True,
 'data_path': 'dataset/delaney.csv',
 'depth': 3,
 'epochs': 200,
 'ffn_hidden_size': 300,
 'ffn_num_layers': 2,
 'final_lr': 0.0001,
 'hidden_size': 300,
 'init_lr': 0.0001,
 'kl_weight': 1.0,
 'max_lr': 0.001,
 'regularization_scale': 0.0001,
 'sampling_size': 20,
 'save_dir': 'results\\cd\\delaney_checkpoints\\seed_890',
 'save_smiles_splits': False,
 'seed': 890,
 'split_sizes': [0.5, 0.2, 0.3],
 'split_type': 'random',
 'task_names': 'delaney',
 'train_strategy': 'cd',
 'warmup_epochs': 2.0}
{'activation': 'ReLU',
 'batch_size': 50,
 'cuda': True,
 'data_path': 'dataset/delaney.csv',
 'depth': 3,
 'epochs': 200,
 'ffn_hidden_size': 300,
 'ffn_num_layers': 2,
 'final_lr': 0.0001,
 'hidden_size': 300,
 'init_lr': 0.0001,
 'kl_weight': 1.0,
 'max_lr': 0.001,
 'regularization_scale': 0.0001,
 'sampling_size': 20,
 'save_dir': 'results\\cd\\delaney_checkpoints\\seed_890',
 'save_smiles_splits': False,
 'seed': 890,
 'split_sizes': [0.5, 0.2, 0.3],
 'split_type': 'random',
 'task_names': 'delaney',
 'train_strategy': 'cd',
 'warmup_epochs': 2.0}
Loading data...
Loading data...
Splitting data with seed 890
Splitting data with seed 890
Finish Loading and Splitting... Total size = 1,128 | train size = 564 | val size = 225 | test size = 339
Finish Loading and Splitting... Total size = 1,128 | train size = 564 | val size = 225 | test size = 339
Fitting scaler
Fitting scaler
Building model...
Building model...
Number of parameters = 355,206
Number of parameters = 355,206
Moving model to cuda
Moving model to cuda
Epoch 0: Train Loss = -2.4218748049302534, Validation RMSE = 1.967990618972882
Epoch 0: Train Loss = -2.4218748049302534, Validation RMSE = 1.967990618972882
Epoch 1: Train Loss = -2.60673247684132, Validation RMSE = 1.8618089302696141
Epoch 1: Train Loss = -2.60673247684132, Validation RMSE = 1.8618089302696141
Epoch 2: Train Loss = -2.7348407181826504, Validation RMSE = 1.768652509874549
Epoch 2: Train Loss = -2.7348407181826504, Validation RMSE = 1.768652509874549
Epoch 3: Train Loss = -2.8208586519414727, Validation RMSE = 1.7106817848943536
Epoch 3: Train Loss = -2.8208586519414727, Validation RMSE = 1.7106817848943536
Epoch 4: Train Loss = -2.9295274127613413, Validation RMSE = 1.6424048547649794
Epoch 4: Train Loss = -2.9295274127613413, Validation RMSE = 1.6424048547649794
Epoch 5: Train Loss = -3.029128139669245, Validation RMSE = 1.56766439507956
Epoch 5: Train Loss = -3.029128139669245, Validation RMSE = 1.56766439507956
Epoch 6: Train Loss = -3.1006666963750664, Validation RMSE = 1.564241290054079
Epoch 6: Train Loss = -3.1006666963750664, Validation RMSE = 1.564241290054079
Epoch 7: Train Loss = -3.0806083462455054, Validation RMSE = 1.5651051683484698
Epoch 7: Train Loss = -3.0806083462455054, Validation RMSE = 1.5651051683484698
Epoch 8: Train Loss = -3.1110861084677954, Validation RMSE = 1.5239576812319204
Epoch 8: Train Loss = -3.1110861084677954, Validation RMSE = 1.5239576812319204
Epoch 9: Train Loss = -3.2616113099184902, Validation RMSE = 1.4758056650484521
Epoch 9: Train Loss = -3.2616113099184902, Validation RMSE = 1.4758056650484521
Epoch 10: Train Loss = -3.172510103745894, Validation RMSE = 1.558690576006397
Epoch 10: Train Loss = -3.172510103745894, Validation RMSE = 1.558690576006397
Epoch 11: Train Loss = -3.1797863353382456, Validation RMSE = 1.4446802881461702
Epoch 11: Train Loss = -3.1797863353382456, Validation RMSE = 1.4446802881461702
Epoch 12: Train Loss = -3.310781392184171, Validation RMSE = 1.5532190078064627
Epoch 12: Train Loss = -3.310781392184171, Validation RMSE = 1.5532190078064627
Epoch 13: Train Loss = -3.3577129407362505, Validation RMSE = 1.4959018379764883
Epoch 13: Train Loss = -3.3577129407362505, Validation RMSE = 1.4959018379764883
Epoch 14: Train Loss = -3.398558248173107, Validation RMSE = 1.389653023865893
Epoch 14: Train Loss = -3.398558248173107, Validation RMSE = 1.389653023865893
Epoch 15: Train Loss = -3.454534270546653, Validation RMSE = 1.3505101377633382
Epoch 15: Train Loss = -3.454534270546653, Validation RMSE = 1.3505101377633382
Epoch 16: Train Loss = -3.4007156762209805, Validation RMSE = 1.4323271071651242
Epoch 16: Train Loss = -3.4007156762209805, Validation RMSE = 1.4323271071651242
Epoch 17: Train Loss = -3.438492319800637, Validation RMSE = 1.345025750437062
Epoch 17: Train Loss = -3.438492319800637, Validation RMSE = 1.345025750437062
Epoch 18: Train Loss = -3.4341413541273638, Validation RMSE = 1.336761842115329
Epoch 18: Train Loss = -3.4341413541273638, Validation RMSE = 1.336761842115329
Epoch 19: Train Loss = -3.4674769314852627, Validation RMSE = 1.346700186820164
Epoch 19: Train Loss = -3.4674769314852627, Validation RMSE = 1.346700186820164
Epoch 20: Train Loss = -3.6163393584164707, Validation RMSE = 1.3148879224931418
Epoch 20: Train Loss = -3.6163393584164707, Validation RMSE = 1.3148879224931418
Epoch 21: Train Loss = -3.5091717459938745, Validation RMSE = 1.5293952534824267
Epoch 21: Train Loss = -3.5091717459938745, Validation RMSE = 1.5293952534824267
Epoch 22: Train Loss = -3.542074290188876, Validation RMSE = 1.2863086283105805
Epoch 22: Train Loss = -3.542074290188876, Validation RMSE = 1.2863086283105805
Epoch 23: Train Loss = -3.5850462263280694, Validation RMSE = 1.2797397886322717
Epoch 23: Train Loss = -3.5850462263280694, Validation RMSE = 1.2797397886322717
Epoch 24: Train Loss = -3.5973424044522373, Validation RMSE = 1.2854852805037904
Epoch 24: Train Loss = -3.5973424044522373, Validation RMSE = 1.2854852805037904
Epoch 25: Train Loss = -3.6089881766926157, Validation RMSE = 1.4288633520452705
Epoch 25: Train Loss = -3.6089881766926157, Validation RMSE = 1.4288633520452705
Epoch 26: Train Loss = -3.483280983838168, Validation RMSE = 1.4227808501420793
Epoch 26: Train Loss = -3.483280983838168, Validation RMSE = 1.4227808501420793
Epoch 27: Train Loss = -3.568359309976751, Validation RMSE = 1.3514791113544624
Epoch 27: Train Loss = -3.568359309976751, Validation RMSE = 1.3514791113544624
Epoch 28: Train Loss = -3.663703116503629, Validation RMSE = 1.3112452886762886
Epoch 28: Train Loss = -3.663703116503629, Validation RMSE = 1.3112452886762886
Epoch 29: Train Loss = -3.7310989770022305, Validation RMSE = 1.2411149412684015
Epoch 29: Train Loss = -3.7310989770022305, Validation RMSE = 1.2411149412684015
Epoch 30: Train Loss = -3.694013638929887, Validation RMSE = 1.2497794587101942
Epoch 30: Train Loss = -3.694013638929887, Validation RMSE = 1.2497794587101942
Epoch 31: Train Loss = -3.6333564844998447, Validation RMSE = 1.2310334221574566
Epoch 31: Train Loss = -3.6333564844998447, Validation RMSE = 1.2310334221574566
Epoch 32: Train Loss = -3.605827483263883, Validation RMSE = 1.1942586402839963
Epoch 32: Train Loss = -3.605827483263883, Validation RMSE = 1.1942586402839963
Epoch 33: Train Loss = -3.668571797284213, Validation RMSE = 1.2048238005619683
Epoch 33: Train Loss = -3.668571797284213, Validation RMSE = 1.2048238005619683
Epoch 34: Train Loss = -3.7633779265663843, Validation RMSE = 1.2320624070711717
Epoch 34: Train Loss = -3.7633779265663843, Validation RMSE = 1.2320624070711717
Epoch 35: Train Loss = -3.6920689236034048, Validation RMSE = 1.2059701712590583
Epoch 35: Train Loss = -3.6920689236034048, Validation RMSE = 1.2059701712590583
Epoch 36: Train Loss = -3.6551912264390425, Validation RMSE = 1.1865193028314385
Epoch 36: Train Loss = -3.6551912264390425, Validation RMSE = 1.1865193028314385
Epoch 37: Train Loss = -3.66921988400546, Validation RMSE = 1.2206600541629258
Epoch 37: Train Loss = -3.66921988400546, Validation RMSE = 1.2206600541629258
Epoch 38: Train Loss = -3.8204399672421543, Validation RMSE = 1.2143532404927964
Epoch 38: Train Loss = -3.8204399672421543, Validation RMSE = 1.2143532404927964
Epoch 39: Train Loss = -3.712214296514338, Validation RMSE = 1.1820514349454052
Epoch 39: Train Loss = -3.712214296514338, Validation RMSE = 1.1820514349454052
Epoch 40: Train Loss = -3.7314971577037466, Validation RMSE = 1.1365638333088928
Epoch 40: Train Loss = -3.7314971577037466, Validation RMSE = 1.1365638333088928
Epoch 41: Train Loss = -3.7641811154105445, Validation RMSE = 1.1235821325996405
Epoch 41: Train Loss = -3.7641811154105445, Validation RMSE = 1.1235821325996405
Epoch 42: Train Loss = -3.816594817421653, Validation RMSE = 1.170602056165221
Epoch 42: Train Loss = -3.816594817421653, Validation RMSE = 1.170602056165221
Epoch 43: Train Loss = -3.7881235859610816, Validation RMSE = 1.1416887878571098
Epoch 43: Train Loss = -3.7881235859610816, Validation RMSE = 1.1416887878571098
Epoch 44: Train Loss = -3.7476188269528476, Validation RMSE = 1.1443044752245666
Epoch 44: Train Loss = -3.7476188269528476, Validation RMSE = 1.1443044752245666
Epoch 45: Train Loss = -3.832513549111106, Validation RMSE = 1.175844662162917
Epoch 45: Train Loss = -3.832513549111106, Validation RMSE = 1.175844662162917
Epoch 46: Train Loss = -3.767562671141191, Validation RMSE = 1.1675750983240007
Epoch 46: Train Loss = -3.767562671141191, Validation RMSE = 1.1675750983240007
Epoch 47: Train Loss = -3.7757586132396352, Validation RMSE = 1.1379272492813026
Epoch 47: Train Loss = -3.7757586132396352, Validation RMSE = 1.1379272492813026
Epoch 48: Train Loss = -3.814876296303489, Validation RMSE = 1.14244114142315
Epoch 48: Train Loss = -3.814876296303489, Validation RMSE = 1.14244114142315
Epoch 49: Train Loss = -3.827514800158414, Validation RMSE = 1.1157200175631847
Epoch 49: Train Loss = -3.827514800158414, Validation RMSE = 1.1157200175631847
Epoch 50: Train Loss = -3.8577871539376, Validation RMSE = 1.1631884565915036
Epoch 50: Train Loss = -3.8577871539376, Validation RMSE = 1.1631884565915036
Epoch 51: Train Loss = -3.93088977987116, Validation RMSE = 1.1399085230028194
Epoch 51: Train Loss = -3.93088977987116, Validation RMSE = 1.1399085230028194
Epoch 52: Train Loss = -3.8546066717668013, Validation RMSE = 1.1243194583479625
Epoch 52: Train Loss = -3.8546066717668013, Validation RMSE = 1.1243194583479625
Epoch 53: Train Loss = -3.8279043544422495, Validation RMSE = 1.1299126225233516
Epoch 53: Train Loss = -3.8279043544422495, Validation RMSE = 1.1299126225233516
Epoch 54: Train Loss = -3.833394830877131, Validation RMSE = 1.071593029462896
Epoch 54: Train Loss = -3.833394830877131, Validation RMSE = 1.071593029462896
Epoch 55: Train Loss = -3.8796254721554844, Validation RMSE = 1.0491188385447239
Epoch 55: Train Loss = -3.8796254721554844, Validation RMSE = 1.0491188385447239
Epoch 56: Train Loss = -3.906027382070368, Validation RMSE = 1.168357519975663
Epoch 56: Train Loss = -3.906027382070368, Validation RMSE = 1.168357519975663
Epoch 57: Train Loss = -3.848657347939231, Validation RMSE = 1.0598777217665847
Epoch 57: Train Loss = -3.848657347939231, Validation RMSE = 1.0598777217665847
Epoch 58: Train Loss = -3.772438396107067, Validation RMSE = 1.1259004887725077
Epoch 58: Train Loss = -3.772438396107067, Validation RMSE = 1.1259004887725077
Epoch 59: Train Loss = -3.8640886436809194, Validation RMSE = 1.124255950706106
Epoch 59: Train Loss = -3.8640886436809194, Validation RMSE = 1.124255950706106
Epoch 60: Train Loss = -3.920041236010465, Validation RMSE = 1.066374455044132
Epoch 60: Train Loss = -3.920041236010465, Validation RMSE = 1.066374455044132
Epoch 61: Train Loss = -3.926069302992387, Validation RMSE = 1.0694020248319405
Epoch 61: Train Loss = -3.926069302992387, Validation RMSE = 1.0694020248319405
Epoch 62: Train Loss = -3.956983869726008, Validation RMSE = 1.0320953290617558
Epoch 62: Train Loss = -3.956983869726008, Validation RMSE = 1.0320953290617558
Epoch 63: Train Loss = -3.9743384664708916, Validation RMSE = 1.0390242724678576
Epoch 63: Train Loss = -3.9743384664708916, Validation RMSE = 1.0390242724678576
Epoch 64: Train Loss = -3.9168405532836914, Validation RMSE = 1.0338961830993918
Epoch 64: Train Loss = -3.9168405532836914, Validation RMSE = 1.0338961830993918
Epoch 65: Train Loss = -3.854431975971569, Validation RMSE = 1.1460443451076845
Epoch 65: Train Loss = -3.854431975971569, Validation RMSE = 1.1460443451076845
Epoch 66: Train Loss = -3.9500060948458584, Validation RMSE = 1.1549850867813651
Epoch 66: Train Loss = -3.9500060948458584, Validation RMSE = 1.1549850867813651
Epoch 67: Train Loss = -4.008847410028631, Validation RMSE = 1.0503765516454844
Epoch 67: Train Loss = -4.008847410028631, Validation RMSE = 1.0503765516454844
Epoch 68: Train Loss = -3.9893445535139604, Validation RMSE = 1.0592561036454466
Epoch 68: Train Loss = -3.9893445535139604, Validation RMSE = 1.0592561036454466
Epoch 69: Train Loss = -3.9802765629508277, Validation RMSE = 1.026157058004302
Epoch 69: Train Loss = -3.9802765629508277, Validation RMSE = 1.026157058004302
Epoch 70: Train Loss = -3.90818960016424, Validation RMSE = 1.060261391386075
Epoch 70: Train Loss = -3.90818960016424, Validation RMSE = 1.060261391386075
Epoch 71: Train Loss = -3.9744342023676094, Validation RMSE = 1.0207542191708852
Epoch 71: Train Loss = -3.9744342023676094, Validation RMSE = 1.0207542191708852
Epoch 72: Train Loss = -4.008100574666804, Validation RMSE = 1.0197159154711752
Epoch 72: Train Loss = -4.008100574666804, Validation RMSE = 1.0197159154711752
Epoch 73: Train Loss = -4.0352614142678, Validation RMSE = 1.029338226516443
Epoch 73: Train Loss = -4.0352614142678, Validation RMSE = 1.029338226516443
Epoch 74: Train Loss = -3.9165781194513496, Validation RMSE = 1.0370589073819576
Epoch 74: Train Loss = -3.9165781194513496, Validation RMSE = 1.0370589073819576
Epoch 75: Train Loss = -3.9003536701202393, Validation RMSE = 1.082303566220126
Epoch 75: Train Loss = -3.9003536701202393, Validation RMSE = 1.082303566220126
Epoch 76: Train Loss = -3.9469986395402388, Validation RMSE = 1.02573374599404
Epoch 76: Train Loss = -3.9469986395402388, Validation RMSE = 1.02573374599404
Epoch 77: Train Loss = -3.933539455587214, Validation RMSE = 1.0045378680393264
Epoch 77: Train Loss = -3.933539455587214, Validation RMSE = 1.0045378680393264
Epoch 78: Train Loss = -4.021593332290649, Validation RMSE = 0.9942286160806544
Epoch 78: Train Loss = -4.021593332290649, Validation RMSE = 0.9942286160806544
Epoch 79: Train Loss = -4.0047078132629395, Validation RMSE = 1.0236200554771588
Epoch 79: Train Loss = -4.0047078132629395, Validation RMSE = 1.0236200554771588
Epoch 80: Train Loss = -4.0158020149577744, Validation RMSE = 1.067408569122887
Epoch 80: Train Loss = -4.0158020149577744, Validation RMSE = 1.067408569122887
Epoch 81: Train Loss = -3.954363086006858, Validation RMSE = 1.039228102861808
Epoch 81: Train Loss = -3.954363086006858, Validation RMSE = 1.039228102861808
Epoch 82: Train Loss = -4.046461061997847, Validation RMSE = 0.9973519410276996
Epoch 82: Train Loss = -4.046461061997847, Validation RMSE = 0.9973519410276996
Epoch 83: Train Loss = -4.118080485950816, Validation RMSE = 1.0210426189407817
Epoch 83: Train Loss = -4.118080485950816, Validation RMSE = 1.0210426189407817
Epoch 84: Train Loss = -4.130603876980868, Validation RMSE = 0.9807354765022147
Epoch 84: Train Loss = -4.130603876980868, Validation RMSE = 0.9807354765022147
Epoch 85: Train Loss = -4.095688538117842, Validation RMSE = 1.0613220512608774
Epoch 85: Train Loss = -4.095688538117842, Validation RMSE = 1.0613220512608774
Epoch 86: Train Loss = -4.0343685366890645, Validation RMSE = 0.9658468569343046
Epoch 86: Train Loss = -4.0343685366890645, Validation RMSE = 0.9658468569343046
Epoch 87: Train Loss = -3.9747060428966177, Validation RMSE = 0.9916165074516162
Epoch 87: Train Loss = -3.9747060428966177, Validation RMSE = 0.9916165074516162
Epoch 88: Train Loss = -3.884370457042347, Validation RMSE = 1.0331158634606323
Epoch 88: Train Loss = -3.884370457042347, Validation RMSE = 1.0331158634606323
Epoch 89: Train Loss = -3.9647852290760386, Validation RMSE = 1.0645475192999778
Epoch 89: Train Loss = -3.9647852290760386, Validation RMSE = 1.0645475192999778
Epoch 90: Train Loss = -4.033602172678167, Validation RMSE = 0.9772182243987546
Epoch 90: Train Loss = -4.033602172678167, Validation RMSE = 0.9772182243987546
Epoch 91: Train Loss = -4.059965567155317, Validation RMSE = 1.0041109718424825
Epoch 91: Train Loss = -4.059965567155317, Validation RMSE = 1.0041109718424825
Epoch 92: Train Loss = -4.023195418444547, Validation RMSE = 0.978890872264175
Epoch 92: Train Loss = -4.023195418444547, Validation RMSE = 0.978890872264175
Epoch 93: Train Loss = -4.103594736619429, Validation RMSE = 1.0044031354658607
Epoch 93: Train Loss = -4.103594736619429, Validation RMSE = 1.0044031354658607
Epoch 94: Train Loss = -4.1416943073272705, Validation RMSE = 0.9593050836133853
Epoch 94: Train Loss = -4.1416943073272705, Validation RMSE = 0.9593050836133853
Epoch 95: Train Loss = -4.021445426073941, Validation RMSE = 0.9643299759261481
Epoch 95: Train Loss = -4.021445426073941, Validation RMSE = 0.9643299759261481
Epoch 96: Train Loss = -4.146307923577049, Validation RMSE = 0.9768466961531305
Epoch 96: Train Loss = -4.146307923577049, Validation RMSE = 0.9768466961531305
Epoch 97: Train Loss = -4.0741824887015605, Validation RMSE = 0.9756139392403773
Epoch 97: Train Loss = -4.0741824887015605, Validation RMSE = 0.9756139392403773
Epoch 98: Train Loss = -4.1139444004405625, Validation RMSE = 0.969576204770517
Epoch 98: Train Loss = -4.1139444004405625, Validation RMSE = 0.969576204770517
Epoch 99: Train Loss = -4.151122656735507, Validation RMSE = 0.9568495517344567
Epoch 99: Train Loss = -4.151122656735507, Validation RMSE = 0.9568495517344567
Epoch 100: Train Loss = -4.093530763279308, Validation RMSE = 0.9499737881303082
Epoch 100: Train Loss = -4.093530763279308, Validation RMSE = 0.9499737881303082
Epoch 101: Train Loss = -4.112860918045044, Validation RMSE = 1.0434848474601681
Epoch 101: Train Loss = -4.112860918045044, Validation RMSE = 1.0434848474601681
Epoch 102: Train Loss = -4.049661723050204, Validation RMSE = 0.9732477850462069
Epoch 102: Train Loss = -4.049661723050204, Validation RMSE = 0.9732477850462069
Epoch 103: Train Loss = -4.197528774088079, Validation RMSE = 0.9566594864449479
Epoch 103: Train Loss = -4.197528774088079, Validation RMSE = 0.9566594864449479
Epoch 104: Train Loss = -4.174276070161299, Validation RMSE = 0.9612729461715337
Epoch 104: Train Loss = -4.174276070161299, Validation RMSE = 0.9612729461715337
Epoch 105: Train Loss = -4.167846549641002, Validation RMSE = 0.9460163282775684
Epoch 105: Train Loss = -4.167846549641002, Validation RMSE = 0.9460163282775684
Epoch 106: Train Loss = -4.218393867666071, Validation RMSE = 0.9070700844765321
Epoch 106: Train Loss = -4.218393867666071, Validation RMSE = 0.9070700844765321
Epoch 107: Train Loss = -4.147227980873802, Validation RMSE = 0.9456114927865025
Epoch 107: Train Loss = -4.147227980873802, Validation RMSE = 0.9456114927865025
Epoch 108: Train Loss = -4.222245107997548, Validation RMSE = 0.9441417499911162
Epoch 108: Train Loss = -4.222245107997548, Validation RMSE = 0.9441417499911162
Epoch 109: Train Loss = -4.089003562927246, Validation RMSE = 1.0150265061319625
Epoch 109: Train Loss = -4.089003562927246, Validation RMSE = 1.0150265061319625
Epoch 110: Train Loss = -4.108952262184837, Validation RMSE = 0.9493549282211516
Epoch 110: Train Loss = -4.108952262184837, Validation RMSE = 0.9493549282211516
Epoch 111: Train Loss = -4.164893388748169, Validation RMSE = 0.952576941193836
Epoch 111: Train Loss = -4.164893388748169, Validation RMSE = 0.952576941193836
Epoch 112: Train Loss = -4.138528043573553, Validation RMSE = 0.9080728101734936
Epoch 112: Train Loss = -4.138528043573553, Validation RMSE = 0.9080728101734936
Epoch 113: Train Loss = -4.099112445657903, Validation RMSE = 0.9381435171477774
Epoch 113: Train Loss = -4.099112445657903, Validation RMSE = 0.9381435171477774
Epoch 114: Train Loss = -4.153247854926369, Validation RMSE = 0.9520193345857818
Epoch 114: Train Loss = -4.153247854926369, Validation RMSE = 0.9520193345857818
Epoch 115: Train Loss = -4.209420767697421, Validation RMSE = 0.9207500180594502
Epoch 115: Train Loss = -4.209420767697421, Validation RMSE = 0.9207500180594502
Epoch 116: Train Loss = -4.162757114930586, Validation RMSE = 0.9173985331572733
Epoch 116: Train Loss = -4.162757114930586, Validation RMSE = 0.9173985331572733
Epoch 117: Train Loss = -4.240603490309282, Validation RMSE = 0.9601544539684201
Epoch 117: Train Loss = -4.240603490309282, Validation RMSE = 0.9601544539684201
Epoch 118: Train Loss = -4.179654468189586, Validation RMSE = 0.922013373199103
Epoch 118: Train Loss = -4.179654468189586, Validation RMSE = 0.922013373199103
Epoch 119: Train Loss = -4.218061685562134, Validation RMSE = 0.9217332634162443
Epoch 119: Train Loss = -4.218061685562134, Validation RMSE = 0.9217332634162443
Epoch 120: Train Loss = -4.145366560329091, Validation RMSE = 0.9689025803345848
Epoch 120: Train Loss = -4.145366560329091, Validation RMSE = 0.9689025803345848
Epoch 121: Train Loss = -4.159258539026434, Validation RMSE = 0.9778497446992591
Epoch 121: Train Loss = -4.159258539026434, Validation RMSE = 0.9778497446992591
Epoch 122: Train Loss = -4.203616879203103, Validation RMSE = 0.9197367974627135
Epoch 122: Train Loss = -4.203616879203103, Validation RMSE = 0.9197367974627135
Epoch 123: Train Loss = -4.210028344934637, Validation RMSE = 0.9154550809913559
Epoch 123: Train Loss = -4.210028344934637, Validation RMSE = 0.9154550809913559
Epoch 124: Train Loss = -4.165268291126598, Validation RMSE = 0.9124992510932513
Epoch 124: Train Loss = -4.165268291126598, Validation RMSE = 0.9124992510932513
Epoch 125: Train Loss = -4.26647238297896, Validation RMSE = 0.9349847365720514
Epoch 125: Train Loss = -4.26647238297896, Validation RMSE = 0.9349847365720514
Epoch 126: Train Loss = -4.174244165420532, Validation RMSE = 0.8969349039194138
Epoch 126: Train Loss = -4.174244165420532, Validation RMSE = 0.8969349039194138
Epoch 127: Train Loss = -4.167017286474055, Validation RMSE = 0.9188248460201047
Epoch 127: Train Loss = -4.167017286474055, Validation RMSE = 0.9188248460201047
Epoch 128: Train Loss = -4.194810845635154, Validation RMSE = 0.9697227042801984
Epoch 128: Train Loss = -4.194810845635154, Validation RMSE = 0.9697227042801984
Epoch 129: Train Loss = -4.105080452832309, Validation RMSE = 0.9245443817437008
Epoch 129: Train Loss = -4.105080452832309, Validation RMSE = 0.9245443817437008
Epoch 130: Train Loss = -4.162431413477117, Validation RMSE = 0.9219017616201698
Epoch 130: Train Loss = -4.162431413477117, Validation RMSE = 0.9219017616201698
Epoch 131: Train Loss = -4.171951987526634, Validation RMSE = 0.9367434412829156
Epoch 131: Train Loss = -4.171951987526634, Validation RMSE = 0.9367434412829156
Epoch 132: Train Loss = -4.193067615682429, Validation RMSE = 0.8934918823439677
Epoch 132: Train Loss = -4.193067615682429, Validation RMSE = 0.8934918823439677
Epoch 133: Train Loss = -4.228863456032493, Validation RMSE = 0.9105794240391393
Epoch 133: Train Loss = -4.228863456032493, Validation RMSE = 0.9105794240391393
Epoch 134: Train Loss = -4.211975227702748, Validation RMSE = 0.9012528517470095
Epoch 134: Train Loss = -4.211975227702748, Validation RMSE = 0.9012528517470095
Epoch 135: Train Loss = -4.219015121459961, Validation RMSE = 0.9679519617980232
Epoch 135: Train Loss = -4.219015121459961, Validation RMSE = 0.9679519617980232
Epoch 136: Train Loss = -4.20471174066717, Validation RMSE = 0.897591199011335
Epoch 136: Train Loss = -4.20471174066717, Validation RMSE = 0.897591199011335
Epoch 137: Train Loss = -4.158927007154985, Validation RMSE = 0.9044962709046249
Epoch 137: Train Loss = -4.158927007154985, Validation RMSE = 0.9044962709046249
Epoch 138: Train Loss = -4.220493750138716, Validation RMSE = 0.9172725305479795
Epoch 138: Train Loss = -4.220493750138716, Validation RMSE = 0.9172725305479795
Epoch 139: Train Loss = -4.308969974517822, Validation RMSE = 0.8974540581092857
Epoch 139: Train Loss = -4.308969974517822, Validation RMSE = 0.8974540581092857
Epoch 140: Train Loss = -4.267316861586138, Validation RMSE = 0.9085437278707272
Epoch 140: Train Loss = -4.267316861586138, Validation RMSE = 0.9085437278707272
Epoch 141: Train Loss = -4.268731355667114, Validation RMSE = 0.9233806828564263
Epoch 141: Train Loss = -4.268731355667114, Validation RMSE = 0.9233806828564263
Epoch 142: Train Loss = -4.243889526887373, Validation RMSE = 0.9013323998169345
Epoch 142: Train Loss = -4.243889526887373, Validation RMSE = 0.9013323998169345
Epoch 143: Train Loss = -4.153183590282094, Validation RMSE = 0.8977702658749526
Epoch 143: Train Loss = -4.153183590282094, Validation RMSE = 0.8977702658749526
Epoch 144: Train Loss = -4.209370808167891, Validation RMSE = 0.8883103361271407
Epoch 144: Train Loss = -4.209370808167891, Validation RMSE = 0.8883103361271407
Epoch 145: Train Loss = -4.243150450966575, Validation RMSE = 0.8954648608780266
Epoch 145: Train Loss = -4.243150450966575, Validation RMSE = 0.8954648608780266
Epoch 146: Train Loss = -4.144592935388738, Validation RMSE = 0.9020822738128368
Epoch 146: Train Loss = -4.144592935388738, Validation RMSE = 0.9020822738128368
Epoch 147: Train Loss = -4.242037231271917, Validation RMSE = 1.016873838959761
Epoch 147: Train Loss = -4.242037231271917, Validation RMSE = 1.016873838959761
Epoch 148: Train Loss = -4.213230609893799, Validation RMSE = 0.9498502110689039
Epoch 148: Train Loss = -4.213230609893799, Validation RMSE = 0.9498502110689039
Epoch 149: Train Loss = -4.207729382948442, Validation RMSE = 0.9115989981896514
Epoch 149: Train Loss = -4.207729382948442, Validation RMSE = 0.9115989981896514
Epoch 150: Train Loss = -4.354546676982533, Validation RMSE = 0.8905390920921299
Epoch 150: Train Loss = -4.354546676982533, Validation RMSE = 0.8905390920921299
Epoch 151: Train Loss = -4.273907162926414, Validation RMSE = 0.9224261260368205
Epoch 151: Train Loss = -4.273907162926414, Validation RMSE = 0.9224261260368205
Epoch 152: Train Loss = -4.230378692800349, Validation RMSE = 0.8811376232215803
Epoch 152: Train Loss = -4.230378692800349, Validation RMSE = 0.8811376232215803
Epoch 153: Train Loss = -4.244958335703069, Validation RMSE = 0.9060941883682135
Epoch 153: Train Loss = -4.244958335703069, Validation RMSE = 0.9060941883682135
Epoch 154: Train Loss = -4.150891130620783, Validation RMSE = 0.8962557837679871
Epoch 154: Train Loss = -4.150891130620783, Validation RMSE = 0.8962557837679871
Epoch 155: Train Loss = -4.207680095325816, Validation RMSE = 0.8774718114438559
Epoch 155: Train Loss = -4.207680095325816, Validation RMSE = 0.8774718114438559
Epoch 156: Train Loss = -4.333192803642967, Validation RMSE = 0.8898942009013526
Epoch 156: Train Loss = -4.333192803642967, Validation RMSE = 0.8898942009013526
Epoch 157: Train Loss = -4.283350987867876, Validation RMSE = 0.8707046370816011
Epoch 157: Train Loss = -4.283350987867876, Validation RMSE = 0.8707046370816011
Epoch 158: Train Loss = -4.251192851500078, Validation RMSE = 0.8965713896903983
Epoch 158: Train Loss = -4.251192851500078, Validation RMSE = 0.8965713896903983
Epoch 159: Train Loss = -4.23873309655623, Validation RMSE = 0.905640910309194
Epoch 159: Train Loss = -4.23873309655623, Validation RMSE = 0.905640910309194
Epoch 160: Train Loss = -4.325439669869163, Validation RMSE = 0.9087138211883676
Epoch 160: Train Loss = -4.325439669869163, Validation RMSE = 0.9087138211883676
Epoch 161: Train Loss = -4.290300347588279, Validation RMSE = 0.8772203792616867
Epoch 161: Train Loss = -4.290300347588279, Validation RMSE = 0.8772203792616867
Epoch 162: Train Loss = -4.225794792175293, Validation RMSE = 0.8883846426514407
Epoch 162: Train Loss = -4.225794792175293, Validation RMSE = 0.8883846426514407
Epoch 163: Train Loss = -4.263538403944536, Validation RMSE = 0.9176633409523833
Epoch 163: Train Loss = -4.263538403944536, Validation RMSE = 0.9176633409523833
Epoch 164: Train Loss = -4.206456877968528, Validation RMSE = 0.8818205424846076
Epoch 164: Train Loss = -4.206456877968528, Validation RMSE = 0.8818205424846076
Epoch 165: Train Loss = -4.342176068912853, Validation RMSE = 0.8993638085239674
Epoch 165: Train Loss = -4.342176068912853, Validation RMSE = 0.8993638085239674
Epoch 166: Train Loss = -4.377842664718628, Validation RMSE = 0.969566569910153
Epoch 166: Train Loss = -4.377842664718628, Validation RMSE = 0.969566569910153
Epoch 167: Train Loss = -4.190187562595714, Validation RMSE = 0.9079671886818669
Epoch 167: Train Loss = -4.190187562595714, Validation RMSE = 0.9079671886818669
Epoch 168: Train Loss = -4.2315827716480605, Validation RMSE = 0.888414037268903
Epoch 168: Train Loss = -4.2315827716480605, Validation RMSE = 0.888414037268903
Epoch 169: Train Loss = -4.326028477061879, Validation RMSE = 0.8765956249190504
Epoch 169: Train Loss = -4.326028477061879, Validation RMSE = 0.8765956249190504
Epoch 170: Train Loss = -4.328729802911932, Validation RMSE = 0.8926812247649961
Epoch 170: Train Loss = -4.328729802911932, Validation RMSE = 0.8926812247649961
Epoch 171: Train Loss = -4.286922866647894, Validation RMSE = 0.8791752743443716
Epoch 171: Train Loss = -4.286922866647894, Validation RMSE = 0.8791752743443716
Epoch 172: Train Loss = -4.242835088209673, Validation RMSE = 0.9086129201697073
Epoch 172: Train Loss = -4.242835088209673, Validation RMSE = 0.9086129201697073
Epoch 173: Train Loss = -4.249125242233276, Validation RMSE = 0.8745100475551513
Epoch 173: Train Loss = -4.249125242233276, Validation RMSE = 0.8745100475551513
Epoch 174: Train Loss = -4.363410906358198, Validation RMSE = 0.9041135260737382
Epoch 174: Train Loss = -4.363410906358198, Validation RMSE = 0.9041135260737382
Epoch 175: Train Loss = -4.31520490212874, Validation RMSE = 0.8765843928593974
Epoch 175: Train Loss = -4.31520490212874, Validation RMSE = 0.8765843928593974
Epoch 176: Train Loss = -4.297047875144265, Validation RMSE = 0.889830811557401
Epoch 176: Train Loss = -4.297047875144265, Validation RMSE = 0.889830811557401
Epoch 177: Train Loss = -4.3746373436667705, Validation RMSE = 0.8602416098051888
Epoch 177: Train Loss = -4.3746373436667705, Validation RMSE = 0.8602416098051888
Epoch 178: Train Loss = -4.272028684616089, Validation RMSE = 0.881451223329334
Epoch 178: Train Loss = -4.272028684616089, Validation RMSE = 0.881451223329334
Epoch 179: Train Loss = -4.3278584046797315, Validation RMSE = 0.867319894461236
Epoch 179: Train Loss = -4.3278584046797315, Validation RMSE = 0.867319894461236
Epoch 180: Train Loss = -4.263282038948753, Validation RMSE = 0.8576473178375897
Epoch 180: Train Loss = -4.263282038948753, Validation RMSE = 0.8576473178375897
Epoch 181: Train Loss = -4.256691499189897, Validation RMSE = 0.8755681057590192
Epoch 181: Train Loss = -4.256691499189897, Validation RMSE = 0.8755681057590192
Epoch 182: Train Loss = -4.31790204481645, Validation RMSE = 0.8755680866020902
Epoch 182: Train Loss = -4.31790204481645, Validation RMSE = 0.8755680866020902
Epoch 183: Train Loss = -4.331621213392778, Validation RMSE = 0.8733024940387075
Epoch 183: Train Loss = -4.331621213392778, Validation RMSE = 0.8733024940387075
Epoch 184: Train Loss = -4.249025323174217, Validation RMSE = 0.8676691467273627
Epoch 184: Train Loss = -4.249025323174217, Validation RMSE = 0.8676691467273627
Epoch 185: Train Loss = -4.380898995832964, Validation RMSE = 0.88712303058752
Epoch 185: Train Loss = -4.380898995832964, Validation RMSE = 0.88712303058752
Epoch 186: Train Loss = -4.391406731172041, Validation RMSE = 0.8592464499151049
Epoch 186: Train Loss = -4.391406731172041, Validation RMSE = 0.8592464499151049
Epoch 187: Train Loss = -4.399571548808705, Validation RMSE = 0.8552850276647179
Epoch 187: Train Loss = -4.399571548808705, Validation RMSE = 0.8552850276647179
Epoch 188: Train Loss = -4.412159572948109, Validation RMSE = 0.8634993968160848
Epoch 188: Train Loss = -4.412159572948109, Validation RMSE = 0.8634993968160848
Epoch 189: Train Loss = -4.228712190281261, Validation RMSE = 0.8755480465429825
Epoch 189: Train Loss = -4.228712190281261, Validation RMSE = 0.8755480465429825
Epoch 190: Train Loss = -4.339005773717707, Validation RMSE = 0.8665281542810022
Epoch 190: Train Loss = -4.339005773717707, Validation RMSE = 0.8665281542810022
Epoch 191: Train Loss = -4.347233512184837, Validation RMSE = 0.8516654062360359
Epoch 191: Train Loss = -4.347233512184837, Validation RMSE = 0.8516654062360359
Epoch 192: Train Loss = -4.376872973008589, Validation RMSE = 0.8729350948589384
Epoch 192: Train Loss = -4.376872973008589, Validation RMSE = 0.8729350948589384
Epoch 193: Train Loss = -4.313748121261597, Validation RMSE = 0.857492957399953
Epoch 193: Train Loss = -4.313748121261597, Validation RMSE = 0.857492957399953
Epoch 194: Train Loss = -4.399616284803911, Validation RMSE = 0.8912660035357333
Epoch 194: Train Loss = -4.399616284803911, Validation RMSE = 0.8912660035357333
Epoch 195: Train Loss = -4.339101119474932, Validation RMSE = 0.8574165532570116
Epoch 195: Train Loss = -4.339101119474932, Validation RMSE = 0.8574165532570116
Epoch 196: Train Loss = -4.330768520181829, Validation RMSE = 0.8607492542607178
Epoch 196: Train Loss = -4.330768520181829, Validation RMSE = 0.8607492542607178
Epoch 197: Train Loss = -4.262271967801181, Validation RMSE = 0.8772554961799213
Epoch 197: Train Loss = -4.262271967801181, Validation RMSE = 0.8772554961799213
Epoch 198: Train Loss = -4.358980568972501, Validation RMSE = 0.8671075021463461
Epoch 198: Train Loss = -4.358980568972501, Validation RMSE = 0.8671075021463461
Epoch 199: Train Loss = -4.352807348424738, Validation RMSE = 0.8748559217365282
Epoch 199: Train Loss = -4.352807348424738, Validation RMSE = 0.8748559217365282
