{'activation': 'ReLU',
 'batch_size': 50,
 'cuda': True,
 'data_path': 'dataset/delaney.csv',
 'depth': 3,
 'epochs': 200,
 'ffn_hidden_size': 300,
 'ffn_num_layers': 2,
 'final_lr': 0.0001,
 'hidden_size': 300,
 'init_lr': 0.0001,
 'kl_weight': 5.0,
 'max_lr': 0.001,
 'pretrain_encoder_path': 'results\\cl\\pretrain\\pretrain_encoder.pt',
 'regularization_scale': 0.0001,
 'sampling_size': 20,
 'save_dir': 'results\\cl\\rec+5.0_kl\\delaney_checkpoints\\seed_123',
 'save_smiles_splits': False,
 'seed': 123,
 'split_sizes': [0.5, 0.2, 0.3],
 'split_type': 'random',
 'task_names': 'delaney',
 'train_strategy': 'cl',
 'warmup_epochs': 2.0}
{'activation': 'ReLU',
 'batch_size': 50,
 'cuda': True,
 'data_path': 'dataset/delaney.csv',
 'depth': 3,
 'epochs': 200,
 'ffn_hidden_size': 300,
 'ffn_num_layers': 2,
 'final_lr': 0.0001,
 'hidden_size': 300,
 'init_lr': 0.0001,
 'kl_weight': 5.0,
 'max_lr': 0.001,
 'pretrain_encoder_path': 'results\\cl\\pretrain\\pretrain_encoder.pt',
 'regularization_scale': 0.0001,
 'sampling_size': 20,
 'save_dir': 'results\\cl\\rec+5.0_kl\\delaney_checkpoints\\seed_123',
 'save_smiles_splits': False,
 'seed': 123,
 'split_sizes': [0.5, 0.2, 0.3],
 'split_type': 'random',
 'task_names': 'delaney',
 'train_strategy': 'cl',
 'warmup_epochs': 2.0}
Loading data...
Loading data...
Splitting data with seed 123
Splitting data with seed 123
Finish Loading and Splitting... Total size = 1,128 | train size = 564 | val size = 225 | test size = 339
Finish Loading and Splitting... Total size = 1,128 | train size = 564 | val size = 225 | test size = 339
Fitting scaler
Fitting scaler
Building model...
Building model...
Number of parameters = 355,206
Number of parameters = 355,206
Loading pretrain MPNN Model...
Loading pretrain MPNN Model...
Moving model to cuda
Moving model to cuda
Epoch 0: Train Loss = -9.4918081110174, Validation RMSE = 2.152021723207624
Epoch 0: Train Loss = -9.4918081110174, Validation RMSE = 2.152021723207624
Epoch 1: Train Loss = -9.682899128306996, Validation RMSE = 1.8636452773202368
Epoch 1: Train Loss = -9.682899128306996, Validation RMSE = 1.8636452773202368
Epoch 2: Train Loss = -9.89455491846258, Validation RMSE = 1.621731998709517
Epoch 2: Train Loss = -9.89455491846258, Validation RMSE = 1.621731998709517
Epoch 3: Train Loss = -10.137298670682041, Validation RMSE = 1.556176591255529
Epoch 3: Train Loss = -10.137298670682041, Validation RMSE = 1.556176591255529
Epoch 4: Train Loss = -10.217146873474121, Validation RMSE = 1.4911690863893325
Epoch 4: Train Loss = -10.217146873474121, Validation RMSE = 1.4911690863893325
Epoch 5: Train Loss = -10.47908895665949, Validation RMSE = 1.2131889584573758
Epoch 5: Train Loss = -10.47908895665949, Validation RMSE = 1.2131889584573758
Epoch 6: Train Loss = -10.748866167935459, Validation RMSE = 1.0482780375305507
Epoch 6: Train Loss = -10.748866167935459, Validation RMSE = 1.0482780375305507
Epoch 7: Train Loss = -10.801632100885564, Validation RMSE = 0.9940822576013026
Epoch 7: Train Loss = -10.801632100885564, Validation RMSE = 0.9940822576013026
Epoch 8: Train Loss = -10.966248512268066, Validation RMSE = 0.9521461652773433
Epoch 8: Train Loss = -10.966248512268066, Validation RMSE = 0.9521461652773433
Epoch 9: Train Loss = -11.16467588598078, Validation RMSE = 0.9382629033743979
Epoch 9: Train Loss = -11.16467588598078, Validation RMSE = 0.9382629033743979
Epoch 10: Train Loss = -10.999817674810236, Validation RMSE = 1.178465868419884
Epoch 10: Train Loss = -10.999817674810236, Validation RMSE = 1.178465868419884
Epoch 11: Train Loss = -10.926454804160379, Validation RMSE = 0.9494174473083373
Epoch 11: Train Loss = -10.926454804160379, Validation RMSE = 0.9494174473083373
Epoch 12: Train Loss = -11.185216383500533, Validation RMSE = 0.8598419425610876
Epoch 12: Train Loss = -11.185216383500533, Validation RMSE = 0.8598419425610876
Epoch 13: Train Loss = -11.099820917302912, Validation RMSE = 1.0715843306237174
Epoch 13: Train Loss = -11.099820917302912, Validation RMSE = 1.0715843306237174
Epoch 14: Train Loss = -11.257246364246715, Validation RMSE = 0.9095728566624213
Epoch 14: Train Loss = -11.257246364246715, Validation RMSE = 0.9095728566624213
Epoch 15: Train Loss = -11.48786700855602, Validation RMSE = 0.8753937089882707
Epoch 15: Train Loss = -11.48786700855602, Validation RMSE = 0.8753937089882707
Epoch 16: Train Loss = -11.389286301352762, Validation RMSE = 0.7998672517395938
Epoch 16: Train Loss = -11.389286301352762, Validation RMSE = 0.7998672517395938
Epoch 17: Train Loss = -11.659680539911443, Validation RMSE = 0.8462939188310735
Epoch 17: Train Loss = -11.659680539911443, Validation RMSE = 0.8462939188310735
Epoch 18: Train Loss = -11.48575123873624, Validation RMSE = 0.8408025698786097
Epoch 18: Train Loss = -11.48575123873624, Validation RMSE = 0.8408025698786097
Epoch 19: Train Loss = -11.60815750468861, Validation RMSE = 0.8545385928840574
Epoch 19: Train Loss = -11.60815750468861, Validation RMSE = 0.8545385928840574
Epoch 20: Train Loss = -11.712240652604537, Validation RMSE = 0.8278293317778519
Epoch 20: Train Loss = -11.712240652604537, Validation RMSE = 0.8278293317778519
Epoch 21: Train Loss = -11.72103248942982, Validation RMSE = 0.8052914059284911
Epoch 21: Train Loss = -11.72103248942982, Validation RMSE = 0.8052914059284911
Epoch 22: Train Loss = -11.856667778708719, Validation RMSE = 0.7757174187364093
Epoch 22: Train Loss = -11.856667778708719, Validation RMSE = 0.7757174187364093
Epoch 23: Train Loss = -11.800830147483133, Validation RMSE = 0.7926351820266395
Epoch 23: Train Loss = -11.800830147483133, Validation RMSE = 0.7926351820266395
Epoch 24: Train Loss = -11.786060680042613, Validation RMSE = 0.8179020100042914
Epoch 24: Train Loss = -11.786060680042613, Validation RMSE = 0.8179020100042914
Epoch 25: Train Loss = -11.877444700761275, Validation RMSE = 0.756461679667796
Epoch 25: Train Loss = -11.877444700761275, Validation RMSE = 0.756461679667796
Epoch 26: Train Loss = -12.034421053799717, Validation RMSE = 0.8320326149385144
Epoch 26: Train Loss = -12.034421053799717, Validation RMSE = 0.8320326149385144
Epoch 27: Train Loss = -11.88193381916393, Validation RMSE = 0.7815263278541175
Epoch 27: Train Loss = -11.88193381916393, Validation RMSE = 0.7815263278541175
Epoch 28: Train Loss = -11.974240909923207, Validation RMSE = 0.7975985964107771
Epoch 28: Train Loss = -11.974240909923207, Validation RMSE = 0.7975985964107771
Epoch 29: Train Loss = -11.990758549083363, Validation RMSE = 0.7478261678953838
Epoch 29: Train Loss = -11.990758549083363, Validation RMSE = 0.7478261678953838
Epoch 30: Train Loss = -11.958715005354447, Validation RMSE = 0.8893453539083481
Epoch 30: Train Loss = -11.958715005354447, Validation RMSE = 0.8893453539083481
Epoch 31: Train Loss = -11.934122865850275, Validation RMSE = 0.7468901016594792
Epoch 31: Train Loss = -11.934122865850275, Validation RMSE = 0.7468901016594792
Epoch 32: Train Loss = -12.122097969055176, Validation RMSE = 0.7542448865825562
Epoch 32: Train Loss = -12.122097969055176, Validation RMSE = 0.7542448865825562
Epoch 33: Train Loss = -12.247736584056508, Validation RMSE = 0.735255344984618
Epoch 33: Train Loss = -12.247736584056508, Validation RMSE = 0.735255344984618
Epoch 34: Train Loss = -12.02382451837713, Validation RMSE = 0.7492023709482244
Epoch 34: Train Loss = -12.02382451837713, Validation RMSE = 0.7492023709482244
Epoch 35: Train Loss = -12.277020367709072, Validation RMSE = 0.7442004403706134
Epoch 35: Train Loss = -12.277020367709072, Validation RMSE = 0.7442004403706134
Epoch 36: Train Loss = -12.16928698799827, Validation RMSE = 0.7708621318808639
Epoch 36: Train Loss = -12.16928698799827, Validation RMSE = 0.7708621318808639
Epoch 37: Train Loss = -12.173530752008611, Validation RMSE = 0.7411956308350558
Epoch 37: Train Loss = -12.173530752008611, Validation RMSE = 0.7411956308350558
Epoch 38: Train Loss = -12.34231983531605, Validation RMSE = 0.7606802043913775
Epoch 38: Train Loss = -12.34231983531605, Validation RMSE = 0.7606802043913775
Epoch 39: Train Loss = -12.327633250843395, Validation RMSE = 0.7382819082735057
Epoch 39: Train Loss = -12.327633250843395, Validation RMSE = 0.7382819082735057
Epoch 40: Train Loss = -12.349355957724832, Validation RMSE = 0.7336016296714793
Epoch 40: Train Loss = -12.349355957724832, Validation RMSE = 0.7336016296714793
Epoch 41: Train Loss = -12.228885130448775, Validation RMSE = 0.7750657508500088
Epoch 41: Train Loss = -12.228885130448775, Validation RMSE = 0.7750657508500088
Epoch 42: Train Loss = -12.384325460954146, Validation RMSE = 0.7239901099520439
Epoch 42: Train Loss = -12.384325460954146, Validation RMSE = 0.7239901099520439
Epoch 43: Train Loss = -12.535016406666148, Validation RMSE = 0.715834691124039
Epoch 43: Train Loss = -12.535016406666148, Validation RMSE = 0.715834691124039
Epoch 44: Train Loss = -12.437004696239125, Validation RMSE = 0.7272952939710354
Epoch 44: Train Loss = -12.437004696239125, Validation RMSE = 0.7272952939710354
Epoch 45: Train Loss = -12.434582190080123, Validation RMSE = 0.7170974639825168
Epoch 45: Train Loss = -12.434582190080123, Validation RMSE = 0.7170974639825168
Epoch 46: Train Loss = -12.549711834300648, Validation RMSE = 0.7229465875046587
Epoch 46: Train Loss = -12.549711834300648, Validation RMSE = 0.7229465875046587
Epoch 47: Train Loss = -12.580113584345037, Validation RMSE = 0.7152318326938163
Epoch 47: Train Loss = -12.580113584345037, Validation RMSE = 0.7152318326938163
Epoch 48: Train Loss = -12.488462448120117, Validation RMSE = 0.7565404901226841
Epoch 48: Train Loss = -12.488462448120117, Validation RMSE = 0.7565404901226841
Epoch 49: Train Loss = -12.493500449440695, Validation RMSE = 0.7291077633032148
Epoch 49: Train Loss = -12.493500449440695, Validation RMSE = 0.7291077633032148
Epoch 50: Train Loss = -12.466184962879527, Validation RMSE = 0.7345447225899495
Epoch 50: Train Loss = -12.466184962879527, Validation RMSE = 0.7345447225899495
Epoch 51: Train Loss = -12.640781662680887, Validation RMSE = 0.6893529913506325
Epoch 51: Train Loss = -12.640781662680887, Validation RMSE = 0.6893529913506325
Epoch 52: Train Loss = -12.706936142661355, Validation RMSE = 0.700613798356446
Epoch 52: Train Loss = -12.706936142661355, Validation RMSE = 0.700613798356446
Epoch 53: Train Loss = -12.695075728676535, Validation RMSE = 0.7577802036640254
Epoch 53: Train Loss = -12.695075728676535, Validation RMSE = 0.7577802036640254
Epoch 54: Train Loss = -12.734721010381525, Validation RMSE = 0.7014774828847097
Epoch 54: Train Loss = -12.734721010381525, Validation RMSE = 0.7014774828847097
Epoch 55: Train Loss = -12.78519092906605, Validation RMSE = 0.687871096865509
Epoch 55: Train Loss = -12.78519092906605, Validation RMSE = 0.687871096865509
Epoch 56: Train Loss = -12.617059447548606, Validation RMSE = 0.7337964883503374
Epoch 56: Train Loss = -12.617059447548606, Validation RMSE = 0.7337964883503374
Epoch 57: Train Loss = -12.692675417119807, Validation RMSE = 0.7034637166989663
Epoch 57: Train Loss = -12.692675417119807, Validation RMSE = 0.7034637166989663
Epoch 58: Train Loss = -12.711564237421209, Validation RMSE = 0.7159045743604963
Epoch 58: Train Loss = -12.711564237421209, Validation RMSE = 0.7159045743604963
Epoch 59: Train Loss = -12.728801033713601, Validation RMSE = 0.6973736859735369
Epoch 59: Train Loss = -12.728801033713601, Validation RMSE = 0.6973736859735369
Epoch 60: Train Loss = -12.658441370183771, Validation RMSE = 0.7225563927194575
Epoch 60: Train Loss = -12.658441370183771, Validation RMSE = 0.7225563927194575
Epoch 61: Train Loss = -12.674615686590021, Validation RMSE = 0.7642316658994486
Epoch 61: Train Loss = -12.674615686590021, Validation RMSE = 0.7642316658994486
Epoch 62: Train Loss = -12.75573427026922, Validation RMSE = 0.742679338193912
Epoch 62: Train Loss = -12.75573427026922, Validation RMSE = 0.742679338193912
Epoch 63: Train Loss = -12.810687238519842, Validation RMSE = 0.7511388275972962
Epoch 63: Train Loss = -12.810687238519842, Validation RMSE = 0.7511388275972962
Epoch 64: Train Loss = -12.8570181239735, Validation RMSE = 0.7279517699365523
Epoch 64: Train Loss = -12.8570181239735, Validation RMSE = 0.7279517699365523
Epoch 65: Train Loss = -12.910711288452148, Validation RMSE = 0.701768792938221
Epoch 65: Train Loss = -12.910711288452148, Validation RMSE = 0.701768792938221
Epoch 66: Train Loss = -12.925614183599299, Validation RMSE = 0.7076522835932659
Epoch 66: Train Loss = -12.925614183599299, Validation RMSE = 0.7076522835932659
Epoch 67: Train Loss = -12.84454328363592, Validation RMSE = 0.7268108803069688
Epoch 67: Train Loss = -12.84454328363592, Validation RMSE = 0.7268108803069688
Epoch 68: Train Loss = -12.868623906915838, Validation RMSE = 0.6868379918152498
Epoch 68: Train Loss = -12.868623906915838, Validation RMSE = 0.6868379918152498
Epoch 69: Train Loss = -12.9600248336792, Validation RMSE = 0.7118244886341873
Epoch 69: Train Loss = -12.9600248336792, Validation RMSE = 0.7118244886341873
Epoch 70: Train Loss = -13.057589184154164, Validation RMSE = 0.7133450939338905
Epoch 70: Train Loss = -13.057589184154164, Validation RMSE = 0.7133450939338905
Epoch 71: Train Loss = -12.8839111328125, Validation RMSE = 0.6840195379903069
Epoch 71: Train Loss = -12.8839111328125, Validation RMSE = 0.6840195379903069
Epoch 72: Train Loss = -12.937899936329234, Validation RMSE = 0.6832055113254433
Epoch 72: Train Loss = -12.937899936329234, Validation RMSE = 0.6832055113254433
Epoch 73: Train Loss = -12.979853456670588, Validation RMSE = 0.6985954495212907
Epoch 73: Train Loss = -12.979853456670588, Validation RMSE = 0.6985954495212907
Epoch 74: Train Loss = -13.049636667424982, Validation RMSE = 0.7035943856214478
Epoch 74: Train Loss = -13.049636667424982, Validation RMSE = 0.7035943856214478
Epoch 75: Train Loss = -13.059285857460715, Validation RMSE = 0.7018750368516411
Epoch 75: Train Loss = -13.059285857460715, Validation RMSE = 0.7018750368516411
Epoch 76: Train Loss = -12.971480456265537, Validation RMSE = 0.702453419309249
Epoch 76: Train Loss = -12.971480456265537, Validation RMSE = 0.702453419309249
Epoch 77: Train Loss = -12.893627860329367, Validation RMSE = 0.7373785230988793
Epoch 77: Train Loss = -12.893627860329367, Validation RMSE = 0.7373785230988793
Epoch 78: Train Loss = -12.864839553833008, Validation RMSE = 0.7054864223194167
Epoch 78: Train Loss = -12.864839553833008, Validation RMSE = 0.7054864223194167
Epoch 79: Train Loss = -12.930121075023305, Validation RMSE = 0.7050257412015148
Epoch 79: Train Loss = -12.930121075023305, Validation RMSE = 0.7050257412015148
Epoch 80: Train Loss = -13.030360568653453, Validation RMSE = 0.7030614988253227
Epoch 80: Train Loss = -13.030360568653453, Validation RMSE = 0.7030614988253227
Epoch 81: Train Loss = -13.134585467251865, Validation RMSE = 0.7295736023425043
Epoch 81: Train Loss = -13.134585467251865, Validation RMSE = 0.7295736023425043
Epoch 82: Train Loss = -13.023235494440252, Validation RMSE = 0.718075542960373
Epoch 82: Train Loss = -13.023235494440252, Validation RMSE = 0.718075542960373
Epoch 83: Train Loss = -12.988027832724832, Validation RMSE = 0.7228523746930694
Epoch 83: Train Loss = -12.988027832724832, Validation RMSE = 0.7228523746930694
Epoch 84: Train Loss = -13.037330714139072, Validation RMSE = 0.7007107006650367
Epoch 84: Train Loss = -13.037330714139072, Validation RMSE = 0.7007107006650367
Epoch 85: Train Loss = -13.058423215692693, Validation RMSE = 0.7063465476296411
Epoch 85: Train Loss = -13.058423215692693, Validation RMSE = 0.7063465476296411
Epoch 86: Train Loss = -13.068025675686924, Validation RMSE = 0.6907606394523189
Epoch 86: Train Loss = -13.068025675686924, Validation RMSE = 0.6907606394523189
Epoch 87: Train Loss = -13.080282124606045, Validation RMSE = 0.6938242006139264
Epoch 87: Train Loss = -13.080282124606045, Validation RMSE = 0.6938242006139264
Epoch 88: Train Loss = -13.043812665072354, Validation RMSE = 0.7060716260620291
Epoch 88: Train Loss = -13.043812665072354, Validation RMSE = 0.7060716260620291
Epoch 89: Train Loss = -13.158461917530406, Validation RMSE = 0.7028306352068802
Epoch 89: Train Loss = -13.158461917530406, Validation RMSE = 0.7028306352068802
Epoch 90: Train Loss = -13.141980517994273, Validation RMSE = 0.7027185047881642
Epoch 90: Train Loss = -13.141980517994273, Validation RMSE = 0.7027185047881642
Epoch 91: Train Loss = -13.22646782614968, Validation RMSE = 0.7224750025955017
Epoch 91: Train Loss = -13.22646782614968, Validation RMSE = 0.7224750025955017
Epoch 92: Train Loss = -13.170432957735928, Validation RMSE = 0.7053657875924867
Epoch 92: Train Loss = -13.170432957735928, Validation RMSE = 0.7053657875924867
Epoch 93: Train Loss = -13.180282072587447, Validation RMSE = 0.6962328674079921
Epoch 93: Train Loss = -13.180282072587447, Validation RMSE = 0.6962328674079921
Epoch 94: Train Loss = -13.178560430353338, Validation RMSE = 0.7081817301442587
Epoch 94: Train Loss = -13.178560430353338, Validation RMSE = 0.7081817301442587
Epoch 95: Train Loss = -13.176773331382059, Validation RMSE = 0.7151258776068654
Epoch 95: Train Loss = -13.176773331382059, Validation RMSE = 0.7151258776068654
Epoch 96: Train Loss = -13.215617960149592, Validation RMSE = 0.6908298014825238
Epoch 96: Train Loss = -13.215617960149592, Validation RMSE = 0.6908298014825238
Epoch 97: Train Loss = -13.142593383789062, Validation RMSE = 0.7091082354207714
Epoch 97: Train Loss = -13.142593383789062, Validation RMSE = 0.7091082354207714
Epoch 98: Train Loss = -13.211994431235574, Validation RMSE = 0.7039324572152056
Epoch 98: Train Loss = -13.211994431235574, Validation RMSE = 0.7039324572152056
Epoch 99: Train Loss = -13.331934148615057, Validation RMSE = 0.6904490794240149
Epoch 99: Train Loss = -13.331934148615057, Validation RMSE = 0.6904490794240149
Epoch 100: Train Loss = -13.290653228759766, Validation RMSE = 0.6976394255905234
Epoch 100: Train Loss = -13.290653228759766, Validation RMSE = 0.6976394255905234
Epoch 101: Train Loss = -13.315849564292215, Validation RMSE = 0.6832015186462462
Epoch 101: Train Loss = -13.315849564292215, Validation RMSE = 0.6832015186462462
Epoch 102: Train Loss = -13.272120215676047, Validation RMSE = 0.685618571194608
Epoch 102: Train Loss = -13.272120215676047, Validation RMSE = 0.685618571194608
Epoch 103: Train Loss = -13.148225784301758, Validation RMSE = 0.7049690711970413
Epoch 103: Train Loss = -13.148225784301758, Validation RMSE = 0.7049690711970413
Epoch 104: Train Loss = -13.252955176613547, Validation RMSE = 0.6879392012582143
Epoch 104: Train Loss = -13.252955176613547, Validation RMSE = 0.6879392012582143
Epoch 105: Train Loss = -13.34969780661843, Validation RMSE = 0.6796184104822903
Epoch 105: Train Loss = -13.34969780661843, Validation RMSE = 0.6796184104822903
Epoch 106: Train Loss = -13.38851330497048, Validation RMSE = 0.6928034167816598
Epoch 106: Train Loss = -13.38851330497048, Validation RMSE = 0.6928034167816598
Epoch 107: Train Loss = -13.325637383894486, Validation RMSE = 0.6831667689645409
Epoch 107: Train Loss = -13.325637383894486, Validation RMSE = 0.6831667689645409
Epoch 108: Train Loss = -13.418718858198686, Validation RMSE = 0.6832584526110242
Epoch 108: Train Loss = -13.418718858198686, Validation RMSE = 0.6832584526110242
Epoch 109: Train Loss = -13.392699154940518, Validation RMSE = 0.690194562181548
Epoch 109: Train Loss = -13.392699154940518, Validation RMSE = 0.690194562181548
Epoch 110: Train Loss = -13.26285813071511, Validation RMSE = 0.7017733830015823
Epoch 110: Train Loss = -13.26285813071511, Validation RMSE = 0.7017733830015823
Epoch 111: Train Loss = -13.325249151750045, Validation RMSE = 0.6898617100686698
Epoch 111: Train Loss = -13.325249151750045, Validation RMSE = 0.6898617100686698
Epoch 112: Train Loss = -13.371398839083584, Validation RMSE = 0.6998465649166311
Epoch 112: Train Loss = -13.371398839083584, Validation RMSE = 0.6998465649166311
Epoch 113: Train Loss = -13.438984264026988, Validation RMSE = 0.6920164892167077
Epoch 113: Train Loss = -13.438984264026988, Validation RMSE = 0.6920164892167077
Epoch 114: Train Loss = -13.39649521220814, Validation RMSE = 0.6832623959165245
Epoch 114: Train Loss = -13.39649521220814, Validation RMSE = 0.6832623959165245
Epoch 115: Train Loss = -13.309973976828836, Validation RMSE = 0.6859808761091044
Epoch 115: Train Loss = -13.309973976828836, Validation RMSE = 0.6859808761091044
Epoch 116: Train Loss = -13.378230094909668, Validation RMSE = 0.6845705550110921
Epoch 116: Train Loss = -13.378230094909668, Validation RMSE = 0.6845705550110921
Epoch 117: Train Loss = -13.240226832303135, Validation RMSE = 0.6843832514325142
Epoch 117: Train Loss = -13.240226832303135, Validation RMSE = 0.6843832514325142
Epoch 118: Train Loss = -13.372499986128373, Validation RMSE = 0.7007875230730025
Epoch 118: Train Loss = -13.372499986128373, Validation RMSE = 0.7007875230730025
Epoch 119: Train Loss = -13.354180682789195, Validation RMSE = 0.6874365856804021
Epoch 119: Train Loss = -13.354180682789195, Validation RMSE = 0.6874365856804021
Epoch 120: Train Loss = -13.371600064364346, Validation RMSE = 0.6875897850278075
Epoch 120: Train Loss = -13.371600064364346, Validation RMSE = 0.6875897850278075
Epoch 121: Train Loss = -13.408750967545943, Validation RMSE = 0.6823568956712119
Epoch 121: Train Loss = -13.408750967545943, Validation RMSE = 0.6823568956712119
Epoch 122: Train Loss = -13.433800957419656, Validation RMSE = 0.697948298538705
Epoch 122: Train Loss = -13.433800957419656, Validation RMSE = 0.697948298538705
Epoch 123: Train Loss = -13.414480642838912, Validation RMSE = 0.6920943248504186
Epoch 123: Train Loss = -13.414480642838912, Validation RMSE = 0.6920943248504186
Epoch 124: Train Loss = -13.471749392422764, Validation RMSE = 0.672929281685097
Epoch 124: Train Loss = -13.471749392422764, Validation RMSE = 0.672929281685097
Epoch 125: Train Loss = -13.440841761502353, Validation RMSE = 0.6852682234361565
Epoch 125: Train Loss = -13.440841761502353, Validation RMSE = 0.6852682234361565
Epoch 126: Train Loss = -13.320004029707475, Validation RMSE = 0.6815650403692234
Epoch 126: Train Loss = -13.320004029707475, Validation RMSE = 0.6815650403692234
Epoch 127: Train Loss = -13.519011497497559, Validation RMSE = 0.6930342631800245
Epoch 127: Train Loss = -13.519011497497559, Validation RMSE = 0.6930342631800245
Epoch 128: Train Loss = -13.340908657420766, Validation RMSE = 0.6870634590927055
Epoch 128: Train Loss = -13.340908657420766, Validation RMSE = 0.6870634590927055
Epoch 129: Train Loss = -13.326448180458762, Validation RMSE = 0.7277265395981013
Epoch 129: Train Loss = -13.326448180458762, Validation RMSE = 0.7277265395981013
Epoch 130: Train Loss = -13.398975372314453, Validation RMSE = 0.689862084895459
Epoch 130: Train Loss = -13.398975372314453, Validation RMSE = 0.689862084895459
Epoch 131: Train Loss = -13.474075230685147, Validation RMSE = 0.676196411053684
Epoch 131: Train Loss = -13.474075230685147, Validation RMSE = 0.676196411053684
Epoch 132: Train Loss = -13.40993257002397, Validation RMSE = 0.7007550996583524
Epoch 132: Train Loss = -13.40993257002397, Validation RMSE = 0.7007550996583524
Epoch 133: Train Loss = -13.520826946605336, Validation RMSE = 0.6790920234711858
Epoch 133: Train Loss = -13.520826946605336, Validation RMSE = 0.6790920234711858
Epoch 134: Train Loss = -13.560624122619629, Validation RMSE = 0.721971562713553
Epoch 134: Train Loss = -13.560624122619629, Validation RMSE = 0.721971562713553
Epoch 135: Train Loss = -13.52501479062167, Validation RMSE = 0.6809189565263032
Epoch 135: Train Loss = -13.52501479062167, Validation RMSE = 0.6809189565263032
Epoch 136: Train Loss = -13.50817567651922, Validation RMSE = 0.6786287273603298
Epoch 136: Train Loss = -13.50817567651922, Validation RMSE = 0.6786287273603298
Epoch 137: Train Loss = -13.44142671064897, Validation RMSE = 0.6961454581085752
Epoch 137: Train Loss = -13.44142671064897, Validation RMSE = 0.6961454581085752
Epoch 138: Train Loss = -13.497656908902256, Validation RMSE = 0.686324012969408
Epoch 138: Train Loss = -13.497656908902256, Validation RMSE = 0.686324012969408
Epoch 139: Train Loss = -13.597744941711426, Validation RMSE = 0.6902610672660021
Epoch 139: Train Loss = -13.597744941711426, Validation RMSE = 0.6902610672660021
Epoch 140: Train Loss = -13.482098579406738, Validation RMSE = 0.6908988753886072
Epoch 140: Train Loss = -13.482098579406738, Validation RMSE = 0.6908988753886072
Epoch 141: Train Loss = -13.518630721352316, Validation RMSE = 0.6797232061698059
Epoch 141: Train Loss = -13.518630721352316, Validation RMSE = 0.6797232061698059
Epoch 142: Train Loss = -13.682114080949264, Validation RMSE = 0.6822734551206295
Epoch 142: Train Loss = -13.682114080949264, Validation RMSE = 0.6822734551206295
Epoch 143: Train Loss = -13.576941923661666, Validation RMSE = 0.6817207441399378
Epoch 143: Train Loss = -13.576941923661666, Validation RMSE = 0.6817207441399378
Epoch 144: Train Loss = -13.5393404527144, Validation RMSE = 0.7103655705003677
Epoch 144: Train Loss = -13.5393404527144, Validation RMSE = 0.7103655705003677
Epoch 145: Train Loss = -13.573510256680576, Validation RMSE = 0.6972733414746121
Epoch 145: Train Loss = -13.573510256680576, Validation RMSE = 0.6972733414746121
Epoch 146: Train Loss = -13.560737523165615, Validation RMSE = 0.6732034333165913
Epoch 146: Train Loss = -13.560737523165615, Validation RMSE = 0.6732034333165913
Epoch 147: Train Loss = -13.588109623302113, Validation RMSE = 0.7131899804969448
Epoch 147: Train Loss = -13.588109623302113, Validation RMSE = 0.7131899804969448
Epoch 148: Train Loss = -13.57434402812611, Validation RMSE = 0.7114928582792378
Epoch 148: Train Loss = -13.57434402812611, Validation RMSE = 0.7114928582792378
Epoch 149: Train Loss = -13.499495679681951, Validation RMSE = 0.7033991944171849
Epoch 149: Train Loss = -13.499495679681951, Validation RMSE = 0.7033991944171849
Epoch 150: Train Loss = -13.61415906385942, Validation RMSE = 0.6752951567498678
Epoch 150: Train Loss = -13.61415906385942, Validation RMSE = 0.6752951567498678
Epoch 151: Train Loss = -13.478982578624379, Validation RMSE = 0.6886014443430432
Epoch 151: Train Loss = -13.478982578624379, Validation RMSE = 0.6886014443430432
Epoch 152: Train Loss = -13.628589370033957, Validation RMSE = 0.698876696303912
Epoch 152: Train Loss = -13.628589370033957, Validation RMSE = 0.698876696303912
Epoch 153: Train Loss = -13.568584268743342, Validation RMSE = 0.7008015899803607
Epoch 153: Train Loss = -13.568584268743342, Validation RMSE = 0.7008015899803607
Epoch 154: Train Loss = -13.486826983365146, Validation RMSE = 0.7093691673752663
Epoch 154: Train Loss = -13.486826983365146, Validation RMSE = 0.7093691673752663
Epoch 155: Train Loss = -13.631926796653055, Validation RMSE = 0.6763070834348736
Epoch 155: Train Loss = -13.631926796653055, Validation RMSE = 0.6763070834348736
Epoch 156: Train Loss = -13.663217457857998, Validation RMSE = 0.6952078639317103
Epoch 156: Train Loss = -13.663217457857998, Validation RMSE = 0.6952078639317103
Epoch 157: Train Loss = -13.535795211791992, Validation RMSE = 0.7045604665178905
Epoch 157: Train Loss = -13.535795211791992, Validation RMSE = 0.7045604665178905
Epoch 158: Train Loss = -13.608429041775791, Validation RMSE = 0.6793020854280665
Epoch 158: Train Loss = -13.608429041775791, Validation RMSE = 0.6793020854280665
Epoch 159: Train Loss = -13.651556101712314, Validation RMSE = 0.689412899502161
Epoch 159: Train Loss = -13.651556101712314, Validation RMSE = 0.689412899502161
Epoch 160: Train Loss = -13.501204317266291, Validation RMSE = 0.6798549891590222
Epoch 160: Train Loss = -13.501204317266291, Validation RMSE = 0.6798549891590222
Epoch 161: Train Loss = -13.61324423009699, Validation RMSE = 0.7021660826433344
Epoch 161: Train Loss = -13.61324423009699, Validation RMSE = 0.7021660826433344
Epoch 162: Train Loss = -13.677189566872336, Validation RMSE = 0.6938789537360867
Epoch 162: Train Loss = -13.677189566872336, Validation RMSE = 0.6938789537360867
Epoch 163: Train Loss = -13.57569391077215, Validation RMSE = 0.6896596163268923
Epoch 163: Train Loss = -13.57569391077215, Validation RMSE = 0.6896596163268923
Epoch 164: Train Loss = -13.59478759765625, Validation RMSE = 0.7034689180069716
Epoch 164: Train Loss = -13.59478759765625, Validation RMSE = 0.7034689180069716
Epoch 165: Train Loss = -13.62543097409335, Validation RMSE = 0.6791617499243735
Epoch 165: Train Loss = -13.62543097409335, Validation RMSE = 0.6791617499243735
Epoch 166: Train Loss = -13.68902553211559, Validation RMSE = 0.688629331162354
Epoch 166: Train Loss = -13.68902553211559, Validation RMSE = 0.688629331162354
Epoch 167: Train Loss = -13.656638232144443, Validation RMSE = 0.690295679025558
Epoch 167: Train Loss = -13.656638232144443, Validation RMSE = 0.690295679025558
Epoch 168: Train Loss = -13.745966737920588, Validation RMSE = 0.686441376548842
Epoch 168: Train Loss = -13.745966737920588, Validation RMSE = 0.686441376548842
Epoch 169: Train Loss = -13.774593266573818, Validation RMSE = 0.6944728834367224
Epoch 169: Train Loss = -13.774593266573818, Validation RMSE = 0.6944728834367224
Epoch 170: Train Loss = -13.727106441151012, Validation RMSE = 0.6992585088575842
Epoch 170: Train Loss = -13.727106441151012, Validation RMSE = 0.6992585088575842
Epoch 171: Train Loss = -13.690529996698553, Validation RMSE = 0.7058641066428013
Epoch 171: Train Loss = -13.690529996698553, Validation RMSE = 0.7058641066428013
Epoch 172: Train Loss = -13.583615823225541, Validation RMSE = 0.6863767637043202
Epoch 172: Train Loss = -13.583615823225541, Validation RMSE = 0.6863767637043202
Epoch 173: Train Loss = -13.683999234979803, Validation RMSE = 0.689759785520417
Epoch 173: Train Loss = -13.683999234979803, Validation RMSE = 0.689759785520417
Epoch 174: Train Loss = -13.675339178605514, Validation RMSE = 0.6802105786502228
Epoch 174: Train Loss = -13.675339178605514, Validation RMSE = 0.6802105786502228
Epoch 175: Train Loss = -13.715911084955389, Validation RMSE = 0.6962065079873282
Epoch 175: Train Loss = -13.715911084955389, Validation RMSE = 0.6962065079873282
Epoch 176: Train Loss = -13.719076850197531, Validation RMSE = 0.6950947447015905
Epoch 176: Train Loss = -13.719076850197531, Validation RMSE = 0.6950947447015905
Epoch 177: Train Loss = -13.692621664567428, Validation RMSE = 0.6961555767928636
Epoch 177: Train Loss = -13.692621664567428, Validation RMSE = 0.6961555767928636
Epoch 178: Train Loss = -13.749316735701127, Validation RMSE = 0.6980364011923624
Epoch 178: Train Loss = -13.749316735701127, Validation RMSE = 0.6980364011923624
Epoch 179: Train Loss = -13.729486292058771, Validation RMSE = 0.6834372797109991
Epoch 179: Train Loss = -13.729486292058771, Validation RMSE = 0.6834372797109991
Epoch 180: Train Loss = -13.726890043778853, Validation RMSE = 0.6840097397787197
Epoch 180: Train Loss = -13.726890043778853, Validation RMSE = 0.6840097397787197
Epoch 181: Train Loss = -13.675969210537998, Validation RMSE = 0.6991633480161575
Epoch 181: Train Loss = -13.675969210537998, Validation RMSE = 0.6991633480161575
Epoch 182: Train Loss = -13.779313434254039, Validation RMSE = 0.6702733624529111
Epoch 182: Train Loss = -13.779313434254039, Validation RMSE = 0.6702733624529111
Epoch 183: Train Loss = -13.735200621865012, Validation RMSE = 0.6947159727809701
Epoch 183: Train Loss = -13.735200621865012, Validation RMSE = 0.6947159727809701
Epoch 184: Train Loss = -13.674735676158559, Validation RMSE = 0.6829298842222359
Epoch 184: Train Loss = -13.674735676158559, Validation RMSE = 0.6829298842222359
Epoch 185: Train Loss = -13.626004652543502, Validation RMSE = 0.6780583269580043
Epoch 185: Train Loss = -13.626004652543502, Validation RMSE = 0.6780583269580043
Epoch 186: Train Loss = -13.636045282537287, Validation RMSE = 0.6909946096889732
Epoch 186: Train Loss = -13.636045282537287, Validation RMSE = 0.6909946096889732
Epoch 187: Train Loss = -13.825417518615723, Validation RMSE = 0.6777662761456574
Epoch 187: Train Loss = -13.825417518615723, Validation RMSE = 0.6777662761456574
Epoch 188: Train Loss = -13.713032375682484, Validation RMSE = 0.7001171833298465
Epoch 188: Train Loss = -13.713032375682484, Validation RMSE = 0.7001171833298465
Epoch 189: Train Loss = -13.84957521611994, Validation RMSE = 0.697325276313874
Epoch 189: Train Loss = -13.84957521611994, Validation RMSE = 0.697325276313874
Epoch 190: Train Loss = -13.704001860185103, Validation RMSE = 0.6902157526083059
Epoch 190: Train Loss = -13.704001860185103, Validation RMSE = 0.6902157526083059
Epoch 191: Train Loss = -13.710938973860307, Validation RMSE = 0.6771994510352076
Epoch 191: Train Loss = -13.710938973860307, Validation RMSE = 0.6771994510352076
Epoch 192: Train Loss = -13.586324431679465, Validation RMSE = 0.7008210945097524
Epoch 192: Train Loss = -13.586324431679465, Validation RMSE = 0.7008210945097524
Epoch 193: Train Loss = -13.695731336420232, Validation RMSE = 0.6766051753807134
Epoch 193: Train Loss = -13.695731336420232, Validation RMSE = 0.6766051753807134
Epoch 194: Train Loss = -13.73889480937611, Validation RMSE = 0.6778540652861633
Epoch 194: Train Loss = -13.73889480937611, Validation RMSE = 0.6778540652861633
Epoch 195: Train Loss = -13.664515321904963, Validation RMSE = 0.6828437990945997
Epoch 195: Train Loss = -13.664515321904963, Validation RMSE = 0.6828437990945997
Epoch 196: Train Loss = -13.635537147521973, Validation RMSE = 0.6765220214038843
Epoch 196: Train Loss = -13.635537147521973, Validation RMSE = 0.6765220214038843
Epoch 197: Train Loss = -13.684829538518732, Validation RMSE = 0.6779992887145546
Epoch 197: Train Loss = -13.684829538518732, Validation RMSE = 0.6779992887145546
Epoch 198: Train Loss = -13.80748835476962, Validation RMSE = 0.686066182782647
Epoch 198: Train Loss = -13.80748835476962, Validation RMSE = 0.686066182782647
Epoch 199: Train Loss = -13.848461151123047, Validation RMSE = 0.6794639303444893
Epoch 199: Train Loss = -13.848461151123047, Validation RMSE = 0.6794639303444893
{'activation': 'ReLU',
 'active_learning_k': 5,
 'active_learning_type': 'uncertainty',
 'batch_size': 50,
 'cuda': True,
 'data_name': 'delaney',
 'data_path': 'dataset\\delaney.csv',
 'dataset_type': 'regression',
 'depth': 3,
 'epochs': 100,
 'ffn_hidden_size': 300,
 'ffn_num_layers': 2,
 'final_lr': 0.0001,
 'hidden_size': 300,
 'init_lr': 0.0001,
 'kl_weight': 5.0,
 'max_lr': 0.001,
 'metric': 'rmse',
 'pretrain_encoder_path': 'results\\cl\\pretrain\\pretrain_encoder.pt',
 'regularization_scale': 0.0001,
 'sampling_size': 20,
 'save_dir': 'results\\cl\\random_split\\delaney_checkpoints\\seed_123',
 'save_smiles_splits': False,
 'seed': 123,
 'seeds': [123, 234, 345, 456, 567, 678, 789, 890],
 'split_sizes': [0.5, 0.2, 0.3],
 'split_type': 'random',
 'train_strategy': 'cl',
 'warmup_epochs': 2.0}
Loading data...
Splitting data with seed 123
Finish Loading and Splitting... Total size = 1,128 | train size = 564 | val size = 225 | test size = 339
Fitting scaler
Building model...
Number of parameters = 355,206
Loading pretrain MPNN Model...
Moving model to cuda
Epoch 0: Train Loss = -2.7826, Validation rmse =  2.1602
Epoch 1: Train Loss = -2.9300, Validation rmse =  1.8713
Epoch 2: Train Loss = -3.1578, Validation rmse =  1.5585
Epoch 3: Train Loss = -3.4281, Validation rmse =  1.4310
Epoch 4: Train Loss = -3.4090, Validation rmse =  1.6513
Epoch 5: Train Loss = -3.4573, Validation rmse =  1.4277
Epoch 6: Train Loss = -3.6452, Validation rmse =  1.2000
Epoch 7: Train Loss = -3.8972, Validation rmse =  0.9893
Epoch 8: Train Loss = -3.8884, Validation rmse =  1.1457
Epoch 9: Train Loss = -4.0212, Validation rmse =  1.0329
Epoch 10: Train Loss = -4.0421, Validation rmse =  0.9456
Epoch 11: Train Loss = -4.1291, Validation rmse =  0.9856
Epoch 12: Train Loss = -4.2258, Validation rmse =  0.9196
Epoch 13: Train Loss = -4.2700, Validation rmse =  0.8712
Epoch 14: Train Loss = -4.3529, Validation rmse =  0.8390
Epoch 15: Train Loss = -4.5059, Validation rmse =  0.8536
Epoch 16: Train Loss = -4.5245, Validation rmse =  0.7920
Epoch 17: Train Loss = -4.5645, Validation rmse =  0.8216
Epoch 18: Train Loss = -4.6781, Validation rmse =  0.7761
Epoch 19: Train Loss = -4.7931, Validation rmse =  0.8463
Epoch 20: Train Loss = -4.4971, Validation rmse =  0.8365
Epoch 21: Train Loss = -4.7058, Validation rmse =  0.7510
Epoch 22: Train Loss = -4.7525, Validation rmse =  0.8078
Epoch 23: Train Loss = -4.7471, Validation rmse =  0.8117
Epoch 24: Train Loss = -4.7381, Validation rmse =  0.8088
Epoch 25: Train Loss = -4.7947, Validation rmse =  0.7313
Epoch 26: Train Loss = -4.9068, Validation rmse =  0.7526
Epoch 27: Train Loss = -5.0712, Validation rmse =  0.7396
Epoch 28: Train Loss = -5.0346, Validation rmse =  0.7431
Epoch 29: Train Loss = -5.0491, Validation rmse =  0.7388
Epoch 30: Train Loss = -5.0436, Validation rmse =  0.7440
Epoch 31: Train Loss = -5.1034, Validation rmse =  0.7472
{'activation': 'ReLU',
 'active_learning_k': 5,
 'active_learning_type': 'uncertainty',
 'batch_size': 50,
 'cuda': True,
 'data_name': 'delaney',
 'data_path': 'dataset\\delaney.csv',
 'dataset_type': 'regression',
 'depth': 3,
 'epochs': 100,
 'ffn_hidden_size': 300,
 'ffn_num_layers': 2,
 'final_lr': 0.0001,
 'hidden_size': 300,
 'init_lr': 0.0001,
 'kl_weight': 5.0,
 'max_lr': 0.001,
 'metric': 'rmse',
 'pretrain_encoder_path': 'results\\cl\\pretrain\\pretrain_encoder.pt',
 'regularization_scale': 0.0001,
 'sampling_size': 20,
 'save_dir': 'results\\cl\\random_split\\delaney_checkpoints\\seed_123',
 'save_smiles_splits': False,
 'seed': 123,
 'seeds': [123, 234, 345, 456, 567, 678, 789, 890],
 'split_sizes': [0.2, 0.5, 0.3],
 'split_type': 'random',
 'train_strategy': 'cl',
 'warmup_epochs': 2.0}
Loading data...
Splitting data with seed 123
Finish Loading and Splitting... Total size = 1,128 | train size = 225 | val size = 564 | test size = 339
Fitting scaler
Building model...
Number of parameters = 355,206
Loading pretrain MPNN Model...
Moving model to cuda
Epoch 0: Train Loss = -8.4372, Validation rmse =  2.0988
Epoch 1: Train Loss = -8.4200, Validation rmse =  2.0557
Epoch 2: Train Loss = -8.5429, Validation rmse =  1.9827
Epoch 3: Train Loss = -8.6271, Validation rmse =  1.8124
Epoch 4: Train Loss = -8.6932, Validation rmse =  1.7105
Epoch 5: Train Loss = -8.9912, Validation rmse =  1.6608
Epoch 6: Train Loss = -9.0826, Validation rmse =  1.5147
Epoch 7: Train Loss = -9.1042, Validation rmse =  1.4554
Epoch 8: Train Loss = -9.0115, Validation rmse =  1.6333
Epoch 9: Train Loss = -9.2357, Validation rmse =  1.4946
Epoch 10: Train Loss = -9.2389, Validation rmse =  1.4886
Epoch 11: Train Loss = -9.3485, Validation rmse =  1.4895
Epoch 12: Train Loss = -9.1725, Validation rmse =  1.3716
Epoch 13: Train Loss = -9.5426, Validation rmse =  1.3714
Epoch 14: Train Loss = -9.6612, Validation rmse =  1.3454
Epoch 15: Train Loss = -9.6276, Validation rmse =  1.3174
Epoch 16: Train Loss = -9.6764, Validation rmse =  1.2669
Epoch 17: Train Loss = -9.7865, Validation rmse =  1.3178
Epoch 18: Train Loss = -9.7979, Validation rmse =  1.2672
Epoch 19: Train Loss = -9.8407, Validation rmse =  1.2884
Epoch 20: Train Loss = -9.8010, Validation rmse =  1.2216
Epoch 21: Train Loss = -9.8408, Validation rmse =  1.3273
Epoch 22: Train Loss = -9.9906, Validation rmse =  1.2812
Epoch 23: Train Loss = -9.9666, Validation rmse =  1.1766
{'activation': 'ReLU',
 'active_learning_k': 5,
 'active_learning_type': 'uncertainty',
 'batch_size': 50,
 'cuda': True,
 'data_name': 'delaney',
 'data_path': 'dataset\\delaney.csv',
 'dataset_type': 'regression',
 'depth': 3,
 'epochs': 100,
 'ffn_hidden_size': 300,
 'ffn_num_layers': 2,
 'final_lr': 0.0001,
 'hidden_size': 300,
 'init_lr': 0.0001,
 'kl_weight': 5.0,
 'max_lr': 0.001,
 'metric': 'rmse',
 'pretrain_encoder_path': 'results\\cl\\pretrain\\pretrain_encoder.pt',
 'regularization_scale': 0.0001,
 'sampling_size': 20,
 'save_dir': 'results\\cl\\random_split\\delaney_checkpoints\\seed_123',
 'save_smiles_splits': False,
 'seed': 123,
 'seeds': [123, 234, 345, 456, 567, 678, 789, 890],
 'split_sizes': [0.2, 0.5, 0.3],
 'split_type': 'random',
 'train_strategy': 'cl',
 'warmup_epochs': 2.0}
Loading data...
Splitting data with seed 123
Finish Loading and Splitting... Total size = 1,128 | train size = 225 | val size = 564 | test size = 339
Fitting scaler
Building model...
Number of parameters = 355,206
Loading pretrain MPNN Model...
Moving model to cuda
Epoch 0: Train Loss = -8.4466, Validation rmse =  2.1100
Epoch 1: Train Loss = -8.4397, Validation rmse =  2.0744
Epoch 2: Train Loss = -8.5607, Validation rmse =  2.0015
Epoch 3: Train Loss = -8.6388, Validation rmse =  1.8775
Epoch 4: Train Loss = -8.7794, Validation rmse =  1.7644
Epoch 5: Train Loss = -9.0047, Validation rmse =  1.6719
Epoch 6: Train Loss = -8.9726, Validation rmse =  1.5847
Epoch 7: Train Loss = -9.2231, Validation rmse =  1.5887
Epoch 8: Train Loss = -9.2921, Validation rmse =  1.5161
Epoch 9: Train Loss = -9.3095, Validation rmse =  1.4461
Epoch 10: Train Loss = -9.3701, Validation rmse =  1.5200
Epoch 11: Train Loss = -9.5683, Validation rmse =  1.3844
Epoch 12: Train Loss = -9.6254, Validation rmse =  1.4320
Epoch 13: Train Loss = -9.5250, Validation rmse =  1.3725
Epoch 14: Train Loss = -9.5633, Validation rmse =  1.3356
Epoch 15: Train Loss = -9.6801, Validation rmse =  1.4206
Epoch 16: Train Loss = -9.8623, Validation rmse =  1.2799
Epoch 17: Train Loss = -9.8154, Validation rmse =  1.2607
Epoch 18: Train Loss = -10.0220, Validation rmse =  1.2485
Epoch 19: Train Loss = -10.0420, Validation rmse =  1.2309
Epoch 20: Train Loss = -9.9167, Validation rmse =  1.2231
Epoch 21: Train Loss = -9.9859, Validation rmse =  1.4087
Epoch 22: Train Loss = -9.9096, Validation rmse =  1.2784
Epoch 23: Train Loss = -9.8976, Validation rmse =  1.1785
Epoch 24: Train Loss = -10.1585, Validation rmse =  1.1987
Epoch 25: Train Loss = -9.3413, Validation rmse =  1.1577
Epoch 26: Train Loss = -10.1079, Validation rmse =  1.1544
Epoch 27: Train Loss = -10.1719, Validation rmse =  1.2188
Epoch 28: Train Loss = -10.1001, Validation rmse =  1.2008
Epoch 29: Train Loss = -10.1936, Validation rmse =  1.2427
Epoch 30: Train Loss = -10.1926, Validation rmse =  1.2009
Epoch 31: Train Loss = -10.2349, Validation rmse =  1.1691
Epoch 32: Train Loss = -10.2625, Validation rmse =  1.1518
Epoch 33: Train Loss = -10.0507, Validation rmse =  1.1327
Epoch 34: Train Loss = -10.4439, Validation rmse =  1.1626
Epoch 35: Train Loss = -10.3557, Validation rmse =  1.1662
Epoch 36: Train Loss = -10.3931, Validation rmse =  1.1889
Epoch 37: Train Loss = -10.3469, Validation rmse =  1.1376
Epoch 38: Train Loss = -10.3868, Validation rmse =  1.1325
Epoch 39: Train Loss = -10.3422, Validation rmse =  1.1433
Epoch 40: Train Loss = -10.4099, Validation rmse =  1.0900
Epoch 41: Train Loss = -10.5111, Validation rmse =  1.1132
Epoch 42: Train Loss = -10.5181, Validation rmse =  1.1438
Epoch 43: Train Loss = -10.5839, Validation rmse =  1.1226
Epoch 44: Train Loss = -10.5083, Validation rmse =  1.1181
Epoch 45: Train Loss = -10.4559, Validation rmse =  1.1243
Epoch 46: Train Loss = -10.7447, Validation rmse =  1.1028
