{'activation': 'ReLU',
 'batch_size': 512,
 'cuda': True,
 'depth': 3,
 'epochs': 50,
 'ffn_hidden_size': 300,
 'ffn_num_layers': 2,
 'hidden_size': 300,
 'init_lr': 0.0005,
 'kl_weight': 1,
 'num_workers': 1,
 'pretrain_data_cache_path': 'D:\\wcy\\dataset\\pubchem-1m-clean-cache',
 'pretrain_data_name': 'pubchem-1m-clean',
 'pretrain_data_path': 'dataset\\pubchem-1m-clean.csv',
 'regularization_scale': 0.0001,
 'save_dir': 'results\\pretrain',
 'task_names': [],
 'temperature': 0.1,
 'use_cosine_similarity': True,
 'use_pretrain_data_cache': True,
 'valid_size': 0.05,
 'warm_up': 10,
 'weight_decay': 1e-05}
Loading data...
Building model...
PretrainModel(
  (act_func): ReLU()
  (encoder): MPNEncoder(
    (act_func): ReLU()
    (W_i): ConcreteDropout(
      (layer): Linear(in_features=147, out_features=300, bias=False)
    )
    (W_h): ConcreteDropout(
      (layer): Linear(in_features=300, out_features=300, bias=False)
    )
    (W_o): ConcreteDropout(
      (layer): Linear(in_features=433, out_features=300, bias=True)
    )
  )
  (header_theta_c): Sequential(
    (0): ConcreteDropout(
      (layer): Linear(in_features=300, out_features=300, bias=False)
    )
    (1): ReLU()
    (2): ConcreteDropout(
      (layer): Linear(in_features=300, out_features=300, bias=False)
    )
  )
)
Number of parameters = 444,305
Moving model to cuda
Epoch 0: Train Loss = 3.2778653148132535
Epoch 1: Train Loss = 0.7948779065488121
Epoch 2: Train Loss = 0.354534423601548
Epoch 3: Train Loss = 0.20956332452072587
Epoch 4: Train Loss = 0.143507326917348
Epoch 5: Train Loss = 0.10911783966280166
Epoch 6: Train Loss = 0.09001610011503261
Epoch 7: Train Loss = 0.07884615606304565
Epoch 8: Train Loss = 0.07217592417171413
Epoch 9: Train Loss = 0.06886242285439495
Epoch 10: Train Loss = 0.06566515054479356
Epoch 11: Train Loss = 0.06405679732217767
Epoch 12: Train Loss = 0.0628964865415205
Epoch 13: Train Loss = 0.06203318336149759
Epoch 14: Train Loss = 0.06152491818367672
Epoch 15: Train Loss = 0.061202536076230996
Epoch 16: Train Loss = 0.06085695917262704
Epoch 17: Train Loss = 0.06054887022580847
Epoch 18: Train Loss = 0.060340548659967144
Epoch 19: Train Loss = 0.060157973023634105
Epoch 20: Train Loss = 0.06001173491798116
Epoch 21: Train Loss = 0.05991133522763047
Epoch 22: Train Loss = 0.05979765205430911
Epoch 23: Train Loss = 0.05971170454278886
Epoch 24: Train Loss = 0.059626150014106885
Epoch 25: Train Loss = 0.05952470243183149
Epoch 26: Train Loss = 0.05944578063088201
Epoch 27: Train Loss = 0.05933797011162401
Epoch 28: Train Loss = 0.059247436483533214
Epoch 29: Train Loss = 0.05915667909386826
Epoch 30: Train Loss = 0.05905395906458619
Epoch 31: Train Loss = 0.058952223198632366
Epoch 32: Train Loss = 0.058855008501778855
Epoch 33: Train Loss = 0.05874912696187153
Epoch 34: Train Loss = 0.05860709504849534
Epoch 35: Train Loss = 0.05852186448273144
Epoch 36: Train Loss = 0.058373810400107674
Epoch 37: Train Loss = 0.05824014571954578
Epoch 38: Train Loss = 0.05814081351465893
Epoch 39: Train Loss = 0.05803740839247391
Epoch 40: Train Loss = 0.05794893205928851
Epoch 41: Train Loss = 0.05786749135742905
Epoch 42: Train Loss = 0.05778938926149806
Epoch 43: Train Loss = 0.05772534608116103
Epoch 44: Train Loss = 0.05765188545087821
Epoch 45: Train Loss = 0.057595052795949134
Epoch 46: Train Loss = 0.05754265407766981
Epoch 47: Train Loss = 0.057496789533833755
Epoch 48: Train Loss = 0.05746188212359678
Epoch 49: Train Loss = 0.05744879713012082
