{'activation': 'ReLU',
 'batch_size': 50,
 'cuda': True,
 'data_path': 'dataset/delaney.csv',
 'depth': 3,
 'epochs': 200,
 'ffn_hidden_size': 300,
 'ffn_num_layers': 2,
 'final_lr': 0.0001,
 'hidden_size': 300,
 'init_lr': 0.0001,
 'kl_weight': 1.0,
 'max_lr': 0.001,
 'regularization_scale': 0.0001,
 'sampling_size': 20,
 'save_dir': 'results\\cd\\delaney_checkpoints\\seed_567',
 'save_smiles_splits': False,
 'seed': 567,
 'split_sizes': [0.5, 0.2, 0.3],
 'split_type': 'random',
 'task_names': 'delaney',
 'train_strategy': 'cd',
 'warmup_epochs': 2.0}
{'activation': 'ReLU',
 'batch_size': 50,
 'cuda': True,
 'data_path': 'dataset/delaney.csv',
 'depth': 3,
 'epochs': 200,
 'ffn_hidden_size': 300,
 'ffn_num_layers': 2,
 'final_lr': 0.0001,
 'hidden_size': 300,
 'init_lr': 0.0001,
 'kl_weight': 1.0,
 'max_lr': 0.001,
 'regularization_scale': 0.0001,
 'sampling_size': 20,
 'save_dir': 'results\\cd\\delaney_checkpoints\\seed_567',
 'save_smiles_splits': False,
 'seed': 567,
 'split_sizes': [0.5, 0.2, 0.3],
 'split_type': 'random',
 'task_names': 'delaney',
 'train_strategy': 'cd',
 'warmup_epochs': 2.0}
Loading data...
Loading data...
Splitting data with seed 567
Splitting data with seed 567
Finish Loading and Splitting... Total size = 1,128 | train size = 564 | val size = 225 | test size = 339
Finish Loading and Splitting... Total size = 1,128 | train size = 564 | val size = 225 | test size = 339
Fitting scaler
Fitting scaler
Building model...
Building model...
Number of parameters = 355,206
Number of parameters = 355,206
Moving model to cuda
Moving model to cuda
Epoch 0: Train Loss = -2.369064591147683, Validation RMSE = 2.133588669495799
Epoch 0: Train Loss = -2.369064591147683, Validation RMSE = 2.133588669495799
Epoch 1: Train Loss = -2.656246402046897, Validation RMSE = 1.90810818307861
Epoch 1: Train Loss = -2.656246402046897, Validation RMSE = 1.90810818307861
Epoch 2: Train Loss = -2.7789958607066763, Validation RMSE = 1.8035801527793356
Epoch 2: Train Loss = -2.7789958607066763, Validation RMSE = 1.8035801527793356
Epoch 3: Train Loss = -2.8313373869115654, Validation RMSE = 1.791400213466092
Epoch 3: Train Loss = -2.8313373869115654, Validation RMSE = 1.791400213466092
Epoch 4: Train Loss = -2.854169325395064, Validation RMSE = 1.6612094956361985
Epoch 4: Train Loss = -2.854169325395064, Validation RMSE = 1.6612094956361985
Epoch 5: Train Loss = -3.052686669609763, Validation RMSE = 1.63635431865176
Epoch 5: Train Loss = -3.052686669609763, Validation RMSE = 1.63635431865176
Epoch 6: Train Loss = -3.100621461868286, Validation RMSE = 1.4865957268725498
Epoch 6: Train Loss = -3.100621461868286, Validation RMSE = 1.4865957268725498
Epoch 7: Train Loss = -3.0745442672209307, Validation RMSE = 1.4790883978210734
Epoch 7: Train Loss = -3.0745442672209307, Validation RMSE = 1.4790883978210734
Epoch 8: Train Loss = -3.2294320409948174, Validation RMSE = 1.4388161501896684
Epoch 8: Train Loss = -3.2294320409948174, Validation RMSE = 1.4388161501896684
Epoch 9: Train Loss = -3.3014544140208852, Validation RMSE = 1.4919981699676963
Epoch 9: Train Loss = -3.3014544140208852, Validation RMSE = 1.4919981699676963
Epoch 10: Train Loss = -3.2505373738028784, Validation RMSE = 1.4054466830158023
Epoch 10: Train Loss = -3.2505373738028784, Validation RMSE = 1.4054466830158023
Epoch 11: Train Loss = -3.289150454781272, Validation RMSE = 1.3708360569345082
Epoch 11: Train Loss = -3.289150454781272, Validation RMSE = 1.3708360569345082
Epoch 12: Train Loss = -3.329028151252053, Validation RMSE = 1.3542480403055197
Epoch 12: Train Loss = -3.329028151252053, Validation RMSE = 1.3542480403055197
Epoch 13: Train Loss = -3.3142555843700063, Validation RMSE = 1.3300806755810501
Epoch 13: Train Loss = -3.3142555843700063, Validation RMSE = 1.3300806755810501
Epoch 14: Train Loss = -3.338135069066828, Validation RMSE = 1.341703300388895
Epoch 14: Train Loss = -3.338135069066828, Validation RMSE = 1.341703300388895
Epoch 15: Train Loss = -3.3802251382307573, Validation RMSE = 1.3107502051951019
Epoch 15: Train Loss = -3.3802251382307573, Validation RMSE = 1.3107502051951019
Epoch 16: Train Loss = -3.4922984296625312, Validation RMSE = 1.2410585285725524
Epoch 16: Train Loss = -3.4922984296625312, Validation RMSE = 1.2410585285725524
Epoch 17: Train Loss = -3.460909973491322, Validation RMSE = 1.2166539737676594
Epoch 17: Train Loss = -3.460909973491322, Validation RMSE = 1.2166539737676594
Epoch 18: Train Loss = -3.437898960980502, Validation RMSE = 1.279831539102473
Epoch 18: Train Loss = -3.437898960980502, Validation RMSE = 1.279831539102473
Epoch 19: Train Loss = -3.5069563605568628, Validation RMSE = 1.2553378029835869
Epoch 19: Train Loss = -3.5069563605568628, Validation RMSE = 1.2553378029835869
Epoch 20: Train Loss = -3.551825176585804, Validation RMSE = 1.2389637490262548
Epoch 20: Train Loss = -3.551825176585804, Validation RMSE = 1.2389637490262548
Epoch 21: Train Loss = -3.4522879990664395, Validation RMSE = 1.2198375980655993
Epoch 21: Train Loss = -3.4522879990664395, Validation RMSE = 1.2198375980655993
Epoch 22: Train Loss = -3.5862727381966333, Validation RMSE = 1.2076706924274536
Epoch 22: Train Loss = -3.5862727381966333, Validation RMSE = 1.2076706924274536
Epoch 23: Train Loss = -3.511586384339766, Validation RMSE = 1.2835068653266481
Epoch 23: Train Loss = -3.511586384339766, Validation RMSE = 1.2835068653266481
Epoch 24: Train Loss = -3.5263822295449, Validation RMSE = 1.1847497907967537
Epoch 24: Train Loss = -3.5263822295449, Validation RMSE = 1.1847497907967537
Epoch 25: Train Loss = -3.551491043784402, Validation RMSE = 1.2310422859311767
Epoch 25: Train Loss = -3.551491043784402, Validation RMSE = 1.2310422859311767
Epoch 26: Train Loss = -3.5275999416004526, Validation RMSE = 1.1717157652935084
Epoch 26: Train Loss = -3.5275999416004526, Validation RMSE = 1.1717157652935084
Epoch 27: Train Loss = -3.543538201938976, Validation RMSE = 1.3323806956071158
Epoch 27: Train Loss = -3.543538201938976, Validation RMSE = 1.3323806956071158
Epoch 28: Train Loss = -3.5635586218400435, Validation RMSE = 1.1995300476292217
Epoch 28: Train Loss = -3.5635586218400435, Validation RMSE = 1.1995300476292217
Epoch 29: Train Loss = -3.651665752584284, Validation RMSE = 1.1893793081885473
Epoch 29: Train Loss = -3.651665752584284, Validation RMSE = 1.1893793081885473
Epoch 30: Train Loss = -3.6479865420948374, Validation RMSE = 1.1743202061795994
Epoch 30: Train Loss = -3.6479865420948374, Validation RMSE = 1.1743202061795994
Epoch 31: Train Loss = -3.5078391378576104, Validation RMSE = 1.2961719637225404
Epoch 31: Train Loss = -3.5078391378576104, Validation RMSE = 1.2961719637225404
Epoch 32: Train Loss = -3.6235512386668813, Validation RMSE = 1.1785813676985804
Epoch 32: Train Loss = -3.6235512386668813, Validation RMSE = 1.1785813676985804
Epoch 33: Train Loss = -3.639555714347146, Validation RMSE = 1.1847171234306186
Epoch 33: Train Loss = -3.639555714347146, Validation RMSE = 1.1847171234306186
Epoch 34: Train Loss = -3.6065104657953437, Validation RMSE = 1.2253652281672802
Epoch 34: Train Loss = -3.6065104657953437, Validation RMSE = 1.2253652281672802
Epoch 35: Train Loss = -3.668779048052701, Validation RMSE = 1.115756769407173
Epoch 35: Train Loss = -3.668779048052701, Validation RMSE = 1.115756769407173
Epoch 36: Train Loss = -3.6967366608706387, Validation RMSE = 1.1523347750256492
Epoch 36: Train Loss = -3.6967366608706387, Validation RMSE = 1.1523347750256492
Epoch 37: Train Loss = -3.7586676207455723, Validation RMSE = 1.0983293878057352
Epoch 37: Train Loss = -3.7586676207455723, Validation RMSE = 1.0983293878057352
Epoch 38: Train Loss = -3.693429643457586, Validation RMSE = 1.1152133798339263
Epoch 38: Train Loss = -3.693429643457586, Validation RMSE = 1.1152133798339263
Epoch 39: Train Loss = -3.7362933375618677, Validation RMSE = 1.080953774122892
Epoch 39: Train Loss = -3.7362933375618677, Validation RMSE = 1.080953774122892
Epoch 40: Train Loss = -3.6866063204678623, Validation RMSE = 1.115649984211883
Epoch 40: Train Loss = -3.6866063204678623, Validation RMSE = 1.115649984211883
Epoch 41: Train Loss = -3.602025183764371, Validation RMSE = 1.1734706750387964
Epoch 41: Train Loss = -3.602025183764371, Validation RMSE = 1.1734706750387964
Epoch 42: Train Loss = -3.585522413253784, Validation RMSE = 1.2761306000400265
Epoch 42: Train Loss = -3.585522413253784, Validation RMSE = 1.2761306000400265
Epoch 43: Train Loss = -3.6259829781272193, Validation RMSE = 1.1828348498897439
Epoch 43: Train Loss = -3.6259829781272193, Validation RMSE = 1.1828348498897439
Epoch 44: Train Loss = -3.6527394381436435, Validation RMSE = 1.123721705236757
Epoch 44: Train Loss = -3.6527394381436435, Validation RMSE = 1.123721705236757
Epoch 45: Train Loss = -3.653281406922774, Validation RMSE = 1.119173586222531
Epoch 45: Train Loss = -3.653281406922774, Validation RMSE = 1.119173586222531
Epoch 46: Train Loss = -3.7471153952858667, Validation RMSE = 1.1222428233802277
Epoch 46: Train Loss = -3.7471153952858667, Validation RMSE = 1.1222428233802277
Epoch 47: Train Loss = -3.8314568129452793, Validation RMSE = 1.1024312820292186
Epoch 47: Train Loss = -3.8314568129452793, Validation RMSE = 1.1024312820292186
Epoch 48: Train Loss = -3.795361107045954, Validation RMSE = 1.1366308225773036
Epoch 48: Train Loss = -3.795361107045954, Validation RMSE = 1.1366308225773036
Epoch 49: Train Loss = -3.779513554139571, Validation RMSE = 1.129941298949429
Epoch 49: Train Loss = -3.779513554139571, Validation RMSE = 1.129941298949429
Epoch 50: Train Loss = -3.7069215991280298, Validation RMSE = 1.1454398329048188
Epoch 50: Train Loss = -3.7069215991280298, Validation RMSE = 1.1454398329048188
Epoch 51: Train Loss = -3.6881995417855005, Validation RMSE = 1.0665385330225643
Epoch 51: Train Loss = -3.6881995417855005, Validation RMSE = 1.0665385330225643
Epoch 52: Train Loss = -3.8201244094155054, Validation RMSE = 1.0661037793450068
Epoch 52: Train Loss = -3.8201244094155054, Validation RMSE = 1.0661037793450068
Epoch 53: Train Loss = -3.785445213317871, Validation RMSE = 1.113257956060535
Epoch 53: Train Loss = -3.785445213317871, Validation RMSE = 1.113257956060535
Epoch 54: Train Loss = -3.674482302232222, Validation RMSE = 1.2154859914486706
Epoch 54: Train Loss = -3.674482302232222, Validation RMSE = 1.2154859914486706
Epoch 55: Train Loss = -3.8219532533125444, Validation RMSE = 1.0533948279390997
Epoch 55: Train Loss = -3.8219532533125444, Validation RMSE = 1.0533948279390997
Epoch 56: Train Loss = -3.829016338695179, Validation RMSE = 1.081768296740763
Epoch 56: Train Loss = -3.829016338695179, Validation RMSE = 1.081768296740763
Epoch 57: Train Loss = -3.733314189043912, Validation RMSE = 1.0129254502969067
Epoch 57: Train Loss = -3.733314189043912, Validation RMSE = 1.0129254502969067
Epoch 58: Train Loss = -3.807751027020541, Validation RMSE = 1.083465674566683
Epoch 58: Train Loss = -3.807751027020541, Validation RMSE = 1.083465674566683
Epoch 59: Train Loss = -3.843884142962369, Validation RMSE = 1.0804024864796635
Epoch 59: Train Loss = -3.843884142962369, Validation RMSE = 1.0804024864796635
Epoch 60: Train Loss = -3.8272212635387075, Validation RMSE = 1.0614957607188842
Epoch 60: Train Loss = -3.8272212635387075, Validation RMSE = 1.0614957607188842
Epoch 61: Train Loss = -3.918336369774558, Validation RMSE = 0.9963511082383824
Epoch 61: Train Loss = -3.918336369774558, Validation RMSE = 0.9963511082383824
Epoch 62: Train Loss = -3.7117837342348965, Validation RMSE = 1.011812509003609
Epoch 62: Train Loss = -3.7117837342348965, Validation RMSE = 1.011812509003609
Epoch 63: Train Loss = -3.863005269657482, Validation RMSE = 0.9986496490874051
Epoch 63: Train Loss = -3.863005269657482, Validation RMSE = 0.9986496490874051
Epoch 64: Train Loss = -3.780067552219738, Validation RMSE = 1.0612914529319517
Epoch 64: Train Loss = -3.780067552219738, Validation RMSE = 1.0612914529319517
Epoch 65: Train Loss = -3.910833857276223, Validation RMSE = 1.0737360625622114
Epoch 65: Train Loss = -3.910833857276223, Validation RMSE = 1.0737360625622114
Epoch 66: Train Loss = -3.9309654886072334, Validation RMSE = 1.0089994823909259
Epoch 66: Train Loss = -3.9309654886072334, Validation RMSE = 1.0089994823909259
Epoch 67: Train Loss = -3.9635985547846015, Validation RMSE = 1.0384322475410892
Epoch 67: Train Loss = -3.9635985547846015, Validation RMSE = 1.0384322475410892
Epoch 68: Train Loss = -3.981363686648282, Validation RMSE = 1.0439261835338387
Epoch 68: Train Loss = -3.981363686648282, Validation RMSE = 1.0439261835338387
Epoch 69: Train Loss = -3.952564738013528, Validation RMSE = 1.0177938858896058
Epoch 69: Train Loss = -3.952564738013528, Validation RMSE = 1.0177938858896058
Epoch 70: Train Loss = -3.901237726211548, Validation RMSE = 1.0274366796723926
Epoch 70: Train Loss = -3.901237726211548, Validation RMSE = 1.0274366796723926
Epoch 71: Train Loss = -3.9508921666578813, Validation RMSE = 1.0031437275130264
Epoch 71: Train Loss = -3.9508921666578813, Validation RMSE = 1.0031437275130264
Epoch 72: Train Loss = -3.9467608711936255, Validation RMSE = 1.0025866882648051
Epoch 72: Train Loss = -3.9467608711936255, Validation RMSE = 1.0025866882648051
Epoch 73: Train Loss = -3.9466898441314697, Validation RMSE = 0.9730707478337688
Epoch 73: Train Loss = -3.9466898441314697, Validation RMSE = 0.9730707478337688
Epoch 74: Train Loss = -3.8403723456642846, Validation RMSE = 1.175499201110033
Epoch 74: Train Loss = -3.8403723456642846, Validation RMSE = 1.175499201110033
Epoch 75: Train Loss = -3.9671981768174605, Validation RMSE = 1.0248985104430295
Epoch 75: Train Loss = -3.9671981768174605, Validation RMSE = 1.0248985104430295
Epoch 76: Train Loss = -3.9821552363308994, Validation RMSE = 0.988405920168094
Epoch 76: Train Loss = -3.9821552363308994, Validation RMSE = 0.988405920168094
Epoch 77: Train Loss = -3.9828171079809014, Validation RMSE = 1.0047727736133114
Epoch 77: Train Loss = -3.9828171079809014, Validation RMSE = 1.0047727736133114
Epoch 78: Train Loss = -3.8889176628806372, Validation RMSE = 1.068231780210684
Epoch 78: Train Loss = -3.8889176628806372, Validation RMSE = 1.068231780210684
Epoch 79: Train Loss = -3.8650628436695444, Validation RMSE = 1.0752451761289998
Epoch 79: Train Loss = -3.8650628436695444, Validation RMSE = 1.0752451761289998
Epoch 80: Train Loss = -3.9777001684362236, Validation RMSE = 0.9793024700988086
Epoch 80: Train Loss = -3.9777001684362236, Validation RMSE = 0.9793024700988086
Epoch 81: Train Loss = -3.926368539983576, Validation RMSE = 1.0069314195253074
Epoch 81: Train Loss = -3.926368539983576, Validation RMSE = 1.0069314195253074
Epoch 82: Train Loss = -4.000675158067183, Validation RMSE = 0.956107943259084
Epoch 82: Train Loss = -4.000675158067183, Validation RMSE = 0.956107943259084
Epoch 83: Train Loss = -3.951797680421309, Validation RMSE = 0.982778115428545
Epoch 83: Train Loss = -3.951797680421309, Validation RMSE = 0.982778115428545
Epoch 84: Train Loss = -4.01067007671703, Validation RMSE = 1.0221147017804777
Epoch 84: Train Loss = -4.01067007671703, Validation RMSE = 1.0221147017804777
Epoch 85: Train Loss = -4.004404934969815, Validation RMSE = 0.9802437777752628
Epoch 85: Train Loss = -4.004404934969815, Validation RMSE = 0.9802437777752628
Epoch 86: Train Loss = -3.9977903799577192, Validation RMSE = 0.9761826863955125
Epoch 86: Train Loss = -3.9977903799577192, Validation RMSE = 0.9761826863955125
Epoch 87: Train Loss = -3.9304135495966133, Validation RMSE = 1.1188283536376284
Epoch 87: Train Loss = -3.9304135495966133, Validation RMSE = 1.1188283536376284
Epoch 88: Train Loss = -3.914855133403431, Validation RMSE = 0.9479922186734181
Epoch 88: Train Loss = -3.914855133403431, Validation RMSE = 0.9479922186734181
Epoch 89: Train Loss = -3.8998932404951616, Validation RMSE = 0.9630324038464978
Epoch 89: Train Loss = -3.8998932404951616, Validation RMSE = 0.9630324038464978
Epoch 90: Train Loss = -4.0552918477491895, Validation RMSE = 0.9719039993489037
Epoch 90: Train Loss = -4.0552918477491895, Validation RMSE = 0.9719039993489037
Epoch 91: Train Loss = -4.07796218178489, Validation RMSE = 0.9158585538826529
Epoch 91: Train Loss = -4.07796218178489, Validation RMSE = 0.9158585538826529
Epoch 92: Train Loss = -4.031357765197754, Validation RMSE = 0.9936787610992279
Epoch 92: Train Loss = -4.031357765197754, Validation RMSE = 0.9936787610992279
Epoch 93: Train Loss = -4.018239628184926, Validation RMSE = 1.0713793279966495
Epoch 93: Train Loss = -4.018239628184926, Validation RMSE = 1.0713793279966495
Epoch 94: Train Loss = -3.9587429003282026, Validation RMSE = 0.9501629271688198
Epoch 94: Train Loss = -3.9587429003282026, Validation RMSE = 0.9501629271688198
Epoch 95: Train Loss = -4.073788339441473, Validation RMSE = 0.9652799790311359
Epoch 95: Train Loss = -4.073788339441473, Validation RMSE = 0.9652799790311359
Epoch 96: Train Loss = -4.052964102138173, Validation RMSE = 0.9638128011545269
Epoch 96: Train Loss = -4.052964102138173, Validation RMSE = 0.9638128011545269
Epoch 97: Train Loss = -4.0682667168703945, Validation RMSE = 0.986448720297864
Epoch 97: Train Loss = -4.0682667168703945, Validation RMSE = 0.986448720297864
Epoch 98: Train Loss = -3.968751170418479, Validation RMSE = 1.0135975350277422
Epoch 98: Train Loss = -3.968751170418479, Validation RMSE = 1.0135975350277422
Epoch 99: Train Loss = -4.099978273565119, Validation RMSE = 0.9404232777268028
Epoch 99: Train Loss = -4.099978273565119, Validation RMSE = 0.9404232777268028
Epoch 100: Train Loss = -4.085140314969149, Validation RMSE = 0.9773999342047136
Epoch 100: Train Loss = -4.085140314969149, Validation RMSE = 0.9773999342047136
Epoch 101: Train Loss = -4.074151797728105, Validation RMSE = 0.9232087202963771
Epoch 101: Train Loss = -4.074151797728105, Validation RMSE = 0.9232087202963771
Epoch 102: Train Loss = -4.1638711799274795, Validation RMSE = 0.9312831477903862
Epoch 102: Train Loss = -4.1638711799274795, Validation RMSE = 0.9312831477903862
Epoch 103: Train Loss = -4.011230555447665, Validation RMSE = 0.9575064005296424
Epoch 103: Train Loss = -4.011230555447665, Validation RMSE = 0.9575064005296424
Epoch 104: Train Loss = -3.931141354820945, Validation RMSE = 0.9651695895212776
Epoch 104: Train Loss = -3.931141354820945, Validation RMSE = 0.9651695895212776
Epoch 105: Train Loss = -4.028179277073253, Validation RMSE = 0.9495319733219226
Epoch 105: Train Loss = -4.028179277073253, Validation RMSE = 0.9495319733219226
Epoch 106: Train Loss = -4.131498856977983, Validation RMSE = 0.9819566989562857
Epoch 106: Train Loss = -4.131498856977983, Validation RMSE = 0.9819566989562857
Epoch 107: Train Loss = -4.1457297585227275, Validation RMSE = 0.9366663425359599
Epoch 107: Train Loss = -4.1457297585227275, Validation RMSE = 0.9366663425359599
Epoch 108: Train Loss = -4.089238838715986, Validation RMSE = 0.924680603887066
Epoch 108: Train Loss = -4.089238838715986, Validation RMSE = 0.924680603887066
Epoch 109: Train Loss = -4.062729488719594, Validation RMSE = 0.9443344194351144
Epoch 109: Train Loss = -4.062729488719594, Validation RMSE = 0.9443344194351144
Epoch 110: Train Loss = -4.096912123940208, Validation RMSE = 0.9532837178279434
Epoch 110: Train Loss = -4.096912123940208, Validation RMSE = 0.9532837178279434
Epoch 111: Train Loss = -4.112920609387484, Validation RMSE = 0.9563293648205113
Epoch 111: Train Loss = -4.112920609387484, Validation RMSE = 0.9563293648205113
Epoch 112: Train Loss = -4.072700717232444, Validation RMSE = 0.9459793225784031
Epoch 112: Train Loss = -4.072700717232444, Validation RMSE = 0.9459793225784031
Epoch 113: Train Loss = -4.154000368985263, Validation RMSE = 0.9373525890384204
Epoch 113: Train Loss = -4.154000368985263, Validation RMSE = 0.9373525890384204
Epoch 114: Train Loss = -4.109036402268843, Validation RMSE = 0.9336830884808465
Epoch 114: Train Loss = -4.109036402268843, Validation RMSE = 0.9336830884808465
Epoch 115: Train Loss = -4.074531316757202, Validation RMSE = 0.91103499594737
Epoch 115: Train Loss = -4.074531316757202, Validation RMSE = 0.91103499594737
Epoch 116: Train Loss = -4.165182872252031, Validation RMSE = 0.9400903687575468
Epoch 116: Train Loss = -4.165182872252031, Validation RMSE = 0.9400903687575468
Epoch 117: Train Loss = -4.119294686750933, Validation RMSE = 0.9638636689875457
Epoch 117: Train Loss = -4.119294686750933, Validation RMSE = 0.9638636689875457
Epoch 118: Train Loss = -4.116668917916038, Validation RMSE = 0.9451816964172867
Epoch 118: Train Loss = -4.116668917916038, Validation RMSE = 0.9451816964172867
Epoch 119: Train Loss = -4.127265193245628, Validation RMSE = 0.9318980445981353
Epoch 119: Train Loss = -4.127265193245628, Validation RMSE = 0.9318980445981353
Epoch 120: Train Loss = -4.100388852032748, Validation RMSE = 0.8998847398093477
Epoch 120: Train Loss = -4.100388852032748, Validation RMSE = 0.8998847398093477
Epoch 121: Train Loss = -4.16582348129966, Validation RMSE = 0.9338373912497379
Epoch 121: Train Loss = -4.16582348129966, Validation RMSE = 0.9338373912497379
Epoch 122: Train Loss = -4.162065462632612, Validation RMSE = 0.9275930548687515
Epoch 122: Train Loss = -4.162065462632612, Validation RMSE = 0.9275930548687515
Epoch 123: Train Loss = -4.221737644889138, Validation RMSE = 0.9234050793719604
Epoch 123: Train Loss = -4.221737644889138, Validation RMSE = 0.9234050793719604
Epoch 124: Train Loss = -4.081850398670543, Validation RMSE = 0.9163261100708551
Epoch 124: Train Loss = -4.081850398670543, Validation RMSE = 0.9163261100708551
Epoch 125: Train Loss = -4.142120122909546, Validation RMSE = 0.901512982235641
Epoch 125: Train Loss = -4.142120122909546, Validation RMSE = 0.901512982235641
Epoch 126: Train Loss = -4.06465762311762, Validation RMSE = 0.9606995869152113
Epoch 126: Train Loss = -4.06465762311762, Validation RMSE = 0.9606995869152113
Epoch 127: Train Loss = -4.174950144507668, Validation RMSE = 0.9128895168962643
Epoch 127: Train Loss = -4.174950144507668, Validation RMSE = 0.9128895168962643
Epoch 128: Train Loss = -4.017251990058205, Validation RMSE = 0.9074276192543428
Epoch 128: Train Loss = -4.017251990058205, Validation RMSE = 0.9074276192543428
Epoch 129: Train Loss = -4.264723214236173, Validation RMSE = 0.9282557808591875
Epoch 129: Train Loss = -4.264723214236173, Validation RMSE = 0.9282557808591875
Epoch 130: Train Loss = -4.0671189698306, Validation RMSE = 0.8858160585644537
Epoch 130: Train Loss = -4.0671189698306, Validation RMSE = 0.8858160585644537
Epoch 131: Train Loss = -4.179624210704457, Validation RMSE = 0.9674999649147898
Epoch 131: Train Loss = -4.179624210704457, Validation RMSE = 0.9674999649147898
Epoch 132: Train Loss = -4.088535352186724, Validation RMSE = 0.9103111121858892
Epoch 132: Train Loss = -4.088535352186724, Validation RMSE = 0.9103111121858892
Epoch 133: Train Loss = -4.1259612603621045, Validation RMSE = 0.9026574548874862
Epoch 133: Train Loss = -4.1259612603621045, Validation RMSE = 0.9026574548874862
Epoch 134: Train Loss = -4.171048099344427, Validation RMSE = 0.9147167648220659
Epoch 134: Train Loss = -4.171048099344427, Validation RMSE = 0.9147167648220659
Epoch 135: Train Loss = -4.088452447544444, Validation RMSE = 0.8926166563736665
Epoch 135: Train Loss = -4.088452447544444, Validation RMSE = 0.8926166563736665
Epoch 136: Train Loss = -4.139595400203358, Validation RMSE = 0.9065786686289481
Epoch 136: Train Loss = -4.139595400203358, Validation RMSE = 0.9065786686289481
Epoch 137: Train Loss = -4.173062042756514, Validation RMSE = 1.016565742958054
Epoch 137: Train Loss = -4.173062042756514, Validation RMSE = 1.016565742958054
Epoch 138: Train Loss = -4.103921348398382, Validation RMSE = 0.9091510230994516
Epoch 138: Train Loss = -4.103921348398382, Validation RMSE = 0.9091510230994516
Epoch 139: Train Loss = -4.119408910924738, Validation RMSE = 0.9069462446039092
Epoch 139: Train Loss = -4.119408910924738, Validation RMSE = 0.9069462446039092
Epoch 140: Train Loss = -4.220906496047974, Validation RMSE = 0.9048224586497348
Epoch 140: Train Loss = -4.220906496047974, Validation RMSE = 0.9048224586497348
Epoch 141: Train Loss = -4.181545040824196, Validation RMSE = 0.9131475936077977
Epoch 141: Train Loss = -4.181545040824196, Validation RMSE = 0.9131475936077977
Epoch 142: Train Loss = -4.243408983403986, Validation RMSE = 0.9103391418521477
Epoch 142: Train Loss = -4.243408983403986, Validation RMSE = 0.9103391418521477
Epoch 143: Train Loss = -4.165532892400568, Validation RMSE = 0.9144060142078662
Epoch 143: Train Loss = -4.165532892400568, Validation RMSE = 0.9144060142078662
Epoch 144: Train Loss = -4.107377940958196, Validation RMSE = 0.896328654695538
Epoch 144: Train Loss = -4.107377940958196, Validation RMSE = 0.896328654695538
Epoch 145: Train Loss = -4.235163276845759, Validation RMSE = 0.9193173441504259
Epoch 145: Train Loss = -4.235163276845759, Validation RMSE = 0.9193173441504259
Epoch 146: Train Loss = -4.1992951956662266, Validation RMSE = 0.889037422736571
Epoch 146: Train Loss = -4.1992951956662266, Validation RMSE = 0.889037422736571
Epoch 147: Train Loss = -4.241364349018443, Validation RMSE = 0.9299883532327909
Epoch 147: Train Loss = -4.241364349018443, Validation RMSE = 0.9299883532327909
Epoch 148: Train Loss = -4.25426324931058, Validation RMSE = 0.9173237958036758
Epoch 148: Train Loss = -4.25426324931058, Validation RMSE = 0.9173237958036758
Epoch 149: Train Loss = -4.145619197325273, Validation RMSE = 0.9154386197478557
Epoch 149: Train Loss = -4.145619197325273, Validation RMSE = 0.9154386197478557
Epoch 150: Train Loss = -4.1990790583870625, Validation RMSE = 0.957583226582726
Epoch 150: Train Loss = -4.1990790583870625, Validation RMSE = 0.957583226582726
Epoch 151: Train Loss = -4.140139081261375, Validation RMSE = 0.8849595548289946
Epoch 151: Train Loss = -4.140139081261375, Validation RMSE = 0.8849595548289946
Epoch 152: Train Loss = -4.095487746325406, Validation RMSE = 0.8847582186612426
Epoch 152: Train Loss = -4.095487746325406, Validation RMSE = 0.8847582186612426
Epoch 153: Train Loss = -4.254669904708862, Validation RMSE = 0.8830651480559907
Epoch 153: Train Loss = -4.254669904708862, Validation RMSE = 0.8830651480559907
Epoch 154: Train Loss = -4.265613360838457, Validation RMSE = 0.8824357485120249
Epoch 154: Train Loss = -4.265613360838457, Validation RMSE = 0.8824357485120249
Epoch 155: Train Loss = -4.190902146426114, Validation RMSE = 0.867656481419747
Epoch 155: Train Loss = -4.190902146426114, Validation RMSE = 0.867656481419747
Epoch 156: Train Loss = -4.294707666743886, Validation RMSE = 0.8924946645392683
Epoch 156: Train Loss = -4.294707666743886, Validation RMSE = 0.8924946645392683
Epoch 157: Train Loss = -4.243157235058871, Validation RMSE = 0.9031622933619524
Epoch 157: Train Loss = -4.243157235058871, Validation RMSE = 0.9031622933619524
Epoch 158: Train Loss = -4.213082877072421, Validation RMSE = 0.8560509344538164
Epoch 158: Train Loss = -4.213082877072421, Validation RMSE = 0.8560509344538164
Epoch 159: Train Loss = -4.255211548371748, Validation RMSE = 0.8992019505024804
Epoch 159: Train Loss = -4.255211548371748, Validation RMSE = 0.8992019505024804
Epoch 160: Train Loss = -4.27595346624201, Validation RMSE = 0.868488933376535
Epoch 160: Train Loss = -4.27595346624201, Validation RMSE = 0.868488933376535
Epoch 161: Train Loss = -4.256816473874179, Validation RMSE = 0.8642828057615861
Epoch 161: Train Loss = -4.256816473874179, Validation RMSE = 0.8642828057615861
Epoch 162: Train Loss = -4.213827219876376, Validation RMSE = 0.9099496097282003
Epoch 162: Train Loss = -4.213827219876376, Validation RMSE = 0.9099496097282003
Epoch 163: Train Loss = -4.1606833284551445, Validation RMSE = 0.8973570672606223
Epoch 163: Train Loss = -4.1606833284551445, Validation RMSE = 0.8973570672606223
Epoch 164: Train Loss = -4.20646747675809, Validation RMSE = 0.9032549212442215
Epoch 164: Train Loss = -4.20646747675809, Validation RMSE = 0.9032549212442215
Epoch 165: Train Loss = -4.30385346846147, Validation RMSE = 0.8711143392358097
Epoch 165: Train Loss = -4.30385346846147, Validation RMSE = 0.8711143392358097
Epoch 166: Train Loss = -4.159847172823819, Validation RMSE = 0.9138256141344332
Epoch 166: Train Loss = -4.159847172823819, Validation RMSE = 0.9138256141344332
Epoch 167: Train Loss = -4.182783885435625, Validation RMSE = 0.8964297153815439
Epoch 167: Train Loss = -4.182783885435625, Validation RMSE = 0.8964297153815439
Epoch 168: Train Loss = -4.19858945499767, Validation RMSE = 0.8901811980130222
Epoch 168: Train Loss = -4.19858945499767, Validation RMSE = 0.8901811980130222
Epoch 169: Train Loss = -4.051302563060414, Validation RMSE = 0.9258625097763329
Epoch 169: Train Loss = -4.051302563060414, Validation RMSE = 0.9258625097763329
Epoch 170: Train Loss = -4.208453871987083, Validation RMSE = 0.8919697041540917
Epoch 170: Train Loss = -4.208453871987083, Validation RMSE = 0.8919697041540917
Epoch 171: Train Loss = -4.250896627252752, Validation RMSE = 0.9164076638221839
Epoch 171: Train Loss = -4.250896627252752, Validation RMSE = 0.9164076638221839
Epoch 172: Train Loss = -4.25532882863825, Validation RMSE = 0.8619750285844463
Epoch 172: Train Loss = -4.25532882863825, Validation RMSE = 0.8619750285844463
Epoch 173: Train Loss = -4.335097247903997, Validation RMSE = 0.8664550363966536
Epoch 173: Train Loss = -4.335097247903997, Validation RMSE = 0.8664550363966536
Epoch 174: Train Loss = -4.2142579122023145, Validation RMSE = 0.9036897735196727
Epoch 174: Train Loss = -4.2142579122023145, Validation RMSE = 0.9036897735196727
Epoch 175: Train Loss = -4.1359241008758545, Validation RMSE = 0.8596019879372512
Epoch 175: Train Loss = -4.1359241008758545, Validation RMSE = 0.8596019879372512
Epoch 176: Train Loss = -4.282834833318537, Validation RMSE = 0.8936881567954901
Epoch 176: Train Loss = -4.282834833318537, Validation RMSE = 0.8936881567954901
Epoch 177: Train Loss = -4.191062645478682, Validation RMSE = 0.9190294078291324
Epoch 177: Train Loss = -4.191062645478682, Validation RMSE = 0.9190294078291324
Epoch 178: Train Loss = -4.169951720671221, Validation RMSE = 0.8799711487966634
Epoch 178: Train Loss = -4.169951720671221, Validation RMSE = 0.8799711487966634
Epoch 179: Train Loss = -4.271173477172852, Validation RMSE = 0.8657406933241775
Epoch 179: Train Loss = -4.271173477172852, Validation RMSE = 0.8657406933241775
Epoch 180: Train Loss = -4.238914359699596, Validation RMSE = 0.894218545162299
Epoch 180: Train Loss = -4.238914359699596, Validation RMSE = 0.894218545162299
Epoch 181: Train Loss = -4.159836704080755, Validation RMSE = 0.9020775151639967
Epoch 181: Train Loss = -4.159836704080755, Validation RMSE = 0.9020775151639967
Epoch 182: Train Loss = -4.221931544217196, Validation RMSE = 0.885355704541804
Epoch 182: Train Loss = -4.221931544217196, Validation RMSE = 0.885355704541804
Epoch 183: Train Loss = -4.215908137234774, Validation RMSE = 0.8838741278096716
Epoch 183: Train Loss = -4.215908137234774, Validation RMSE = 0.8838741278096716
Epoch 184: Train Loss = -4.261554718017578, Validation RMSE = 0.8763768702533938
Epoch 184: Train Loss = -4.261554718017578, Validation RMSE = 0.8763768702533938
Epoch 185: Train Loss = -4.259823842482134, Validation RMSE = 0.902152945488898
Epoch 185: Train Loss = -4.259823842482134, Validation RMSE = 0.902152945488898
Epoch 186: Train Loss = -4.244237292896617, Validation RMSE = 0.912837886473348
Epoch 186: Train Loss = -4.244237292896617, Validation RMSE = 0.912837886473348
Epoch 187: Train Loss = -4.224423148415306, Validation RMSE = 0.8902444086270139
Epoch 187: Train Loss = -4.224423148415306, Validation RMSE = 0.8902444086270139
Epoch 188: Train Loss = -4.1713596257296475, Validation RMSE = 0.8786683301009713
Epoch 188: Train Loss = -4.1713596257296475, Validation RMSE = 0.8786683301009713
Epoch 189: Train Loss = -4.18927077813582, Validation RMSE = 0.877940095517874
Epoch 189: Train Loss = -4.18927077813582, Validation RMSE = 0.877940095517874
Epoch 190: Train Loss = -4.278962048617276, Validation RMSE = 0.8694170672615911
Epoch 190: Train Loss = -4.278962048617276, Validation RMSE = 0.8694170672615911
Epoch 191: Train Loss = -4.122300148010254, Validation RMSE = 0.8687622650659814
Epoch 191: Train Loss = -4.122300148010254, Validation RMSE = 0.8687622650659814
Epoch 192: Train Loss = -4.27433839711276, Validation RMSE = 0.8673721639812052
Epoch 192: Train Loss = -4.27433839711276, Validation RMSE = 0.8673721639812052
Epoch 193: Train Loss = -4.325215491381559, Validation RMSE = 0.8588515324128349
Epoch 193: Train Loss = -4.325215491381559, Validation RMSE = 0.8588515324128349
Epoch 194: Train Loss = -4.2709688706831495, Validation RMSE = 0.8794481288091035
Epoch 194: Train Loss = -4.2709688706831495, Validation RMSE = 0.8794481288091035
Epoch 195: Train Loss = -4.270016995343295, Validation RMSE = 0.8773737811899691
Epoch 195: Train Loss = -4.270016995343295, Validation RMSE = 0.8773737811899691
Epoch 196: Train Loss = -4.280812090093439, Validation RMSE = 0.8550495560234741
Epoch 196: Train Loss = -4.280812090093439, Validation RMSE = 0.8550495560234741
Epoch 197: Train Loss = -4.170803698626432, Validation RMSE = 0.862729642963986
Epoch 197: Train Loss = -4.170803698626432, Validation RMSE = 0.862729642963986
Epoch 198: Train Loss = -4.234091867100108, Validation RMSE = 0.886018875182868
Epoch 198: Train Loss = -4.234091867100108, Validation RMSE = 0.886018875182868
Epoch 199: Train Loss = -4.152464953335849, Validation RMSE = 0.8766998330960557
Epoch 199: Train Loss = -4.152464953335849, Validation RMSE = 0.8766998330960557
