{'activation': 'ReLU',
 'batch_size': 50,
 'cuda': True,
 'data_path': 'dataset/delaney.csv',
 'depth': 3,
 'epochs': 200,
 'ffn_hidden_size': 300,
 'ffn_num_layers': 2,
 'final_lr': 0.0001,
 'hidden_size': 300,
 'init_lr': 0.0001,
 'kl_weight': 5.0,
 'max_lr': 0.001,
 'pretrain_encoder_path': 'results\\cl\\pretrain\\pretrain_encoder.pt',
 'regularization_scale': 0.0001,
 'sampling_size': 20,
 'save_dir': 'results\\cl\\rec+5.0_kl\\delaney_checkpoints\\seed_345',
 'save_smiles_splits': False,
 'seed': 345,
 'split_sizes': [0.5, 0.2, 0.3],
 'split_type': 'random',
 'task_names': 'delaney',
 'train_strategy': 'cl',
 'warmup_epochs': 2.0}
{'activation': 'ReLU',
 'batch_size': 50,
 'cuda': True,
 'data_path': 'dataset/delaney.csv',
 'depth': 3,
 'epochs': 200,
 'ffn_hidden_size': 300,
 'ffn_num_layers': 2,
 'final_lr': 0.0001,
 'hidden_size': 300,
 'init_lr': 0.0001,
 'kl_weight': 5.0,
 'max_lr': 0.001,
 'pretrain_encoder_path': 'results\\cl\\pretrain\\pretrain_encoder.pt',
 'regularization_scale': 0.0001,
 'sampling_size': 20,
 'save_dir': 'results\\cl\\rec+5.0_kl\\delaney_checkpoints\\seed_345',
 'save_smiles_splits': False,
 'seed': 345,
 'split_sizes': [0.5, 0.2, 0.3],
 'split_type': 'random',
 'task_names': 'delaney',
 'train_strategy': 'cl',
 'warmup_epochs': 2.0}
Loading data...
Loading data...
Splitting data with seed 345
Splitting data with seed 345
Finish Loading and Splitting... Total size = 1,128 | train size = 564 | val size = 225 | test size = 339
Finish Loading and Splitting... Total size = 1,128 | train size = 564 | val size = 225 | test size = 339
Fitting scaler
Fitting scaler
Building model...
Building model...
Number of parameters = 355,206
Number of parameters = 355,206
Loading pretrain MPNN Model...
Loading pretrain MPNN Model...
Moving model to cuda
Moving model to cuda
Epoch 0: Train Loss = -9.498416033658115, Validation RMSE = 2.117663149085505
Epoch 0: Train Loss = -9.498416033658115, Validation RMSE = 2.117663149085505
Epoch 1: Train Loss = -9.657867778431285, Validation RMSE = 1.7886064562498643
Epoch 1: Train Loss = -9.657867778431285, Validation RMSE = 1.7886064562498643
Epoch 2: Train Loss = -9.89966123754328, Validation RMSE = 1.567747890658988
Epoch 2: Train Loss = -9.89966123754328, Validation RMSE = 1.567747890658988
Epoch 3: Train Loss = -10.164694612676447, Validation RMSE = 1.716238554467389
Epoch 3: Train Loss = -10.164694612676447, Validation RMSE = 1.716238554467389
Epoch 4: Train Loss = -10.189215313304555, Validation RMSE = 1.3995873712442926
Epoch 4: Train Loss = -10.189215313304555, Validation RMSE = 1.3995873712442926
Epoch 5: Train Loss = -10.392370917580344, Validation RMSE = 1.3809811385527884
Epoch 5: Train Loss = -10.392370917580344, Validation RMSE = 1.3809811385527884
Epoch 6: Train Loss = -10.408156828446822, Validation RMSE = 1.4516422581021702
Epoch 6: Train Loss = -10.408156828446822, Validation RMSE = 1.4516422581021702
Epoch 7: Train Loss = -10.423694263805043, Validation RMSE = 1.2869920054378192
Epoch 7: Train Loss = -10.423694263805043, Validation RMSE = 1.2869920054378192
Epoch 8: Train Loss = -10.646284623579545, Validation RMSE = 1.2318476500944908
Epoch 8: Train Loss = -10.646284623579545, Validation RMSE = 1.2318476500944908
Epoch 9: Train Loss = -10.749069820750844, Validation RMSE = 1.131657522871028
Epoch 9: Train Loss = -10.749069820750844, Validation RMSE = 1.131657522871028
Epoch 10: Train Loss = -10.87525766546076, Validation RMSE = 1.0703192096630403
Epoch 10: Train Loss = -10.87525766546076, Validation RMSE = 1.0703192096630403
Epoch 11: Train Loss = -11.036055564880371, Validation RMSE = 1.0273533255862524
Epoch 11: Train Loss = -11.036055564880371, Validation RMSE = 1.0273533255862524
Epoch 12: Train Loss = -11.029532779346813, Validation RMSE = 0.9615375261210815
Epoch 12: Train Loss = -11.029532779346813, Validation RMSE = 0.9615375261210815
Epoch 13: Train Loss = -11.186190951954234, Validation RMSE = 0.953145412519741
Epoch 13: Train Loss = -11.186190951954234, Validation RMSE = 0.953145412519741
Epoch 14: Train Loss = -11.255823222073642, Validation RMSE = 0.9679432127575772
Epoch 14: Train Loss = -11.255823222073642, Validation RMSE = 0.9679432127575772
Epoch 15: Train Loss = -11.103301481767135, Validation RMSE = 1.1932521904070126
Epoch 15: Train Loss = -11.103301481767135, Validation RMSE = 1.1932521904070126
Epoch 16: Train Loss = -11.243789499456232, Validation RMSE = 0.8557967954045868
Epoch 16: Train Loss = -11.243789499456232, Validation RMSE = 0.8557967954045868
Epoch 17: Train Loss = -11.506246566772461, Validation RMSE = 0.8576364966282402
Epoch 17: Train Loss = -11.506246566772461, Validation RMSE = 0.8576364966282402
Epoch 18: Train Loss = -11.385771838101475, Validation RMSE = 0.8866554389440925
Epoch 18: Train Loss = -11.385771838101475, Validation RMSE = 0.8866554389440925
Epoch 19: Train Loss = -11.535147753628818, Validation RMSE = 0.843557743315062
Epoch 19: Train Loss = -11.535147753628818, Validation RMSE = 0.843557743315062
Epoch 20: Train Loss = -11.697285392067649, Validation RMSE = 0.7526048526077074
Epoch 20: Train Loss = -11.697285392067649, Validation RMSE = 0.7526048526077074
Epoch 21: Train Loss = -11.60583764856512, Validation RMSE = 0.8725235839733634
Epoch 21: Train Loss = -11.60583764856512, Validation RMSE = 0.8725235839733634
Epoch 22: Train Loss = -11.72932616147128, Validation RMSE = 0.8434859618971585
Epoch 22: Train Loss = -11.72932616147128, Validation RMSE = 0.8434859618971585
Epoch 23: Train Loss = -11.791102496060459, Validation RMSE = 0.7585062398718011
Epoch 23: Train Loss = -11.791102496060459, Validation RMSE = 0.7585062398718011
Epoch 24: Train Loss = -11.754776521162553, Validation RMSE = 0.8298173573525145
Epoch 24: Train Loss = -11.754776521162553, Validation RMSE = 0.8298173573525145
Epoch 25: Train Loss = -11.744386499578303, Validation RMSE = 0.7876630424531897
Epoch 25: Train Loss = -11.744386499578303, Validation RMSE = 0.7876630424531897
Epoch 26: Train Loss = -11.769861221313477, Validation RMSE = 0.8189774394386665
Epoch 26: Train Loss = -11.769861221313477, Validation RMSE = 0.8189774394386665
Epoch 27: Train Loss = -11.808597738092596, Validation RMSE = 0.7293680806425102
Epoch 27: Train Loss = -11.808597738092596, Validation RMSE = 0.7293680806425102
Epoch 28: Train Loss = -12.023653637279164, Validation RMSE = 0.7395930776505985
Epoch 28: Train Loss = -12.023653637279164, Validation RMSE = 0.7395930776505985
Epoch 29: Train Loss = -11.89897632598877, Validation RMSE = 0.7593871074699462
Epoch 29: Train Loss = -11.89897632598877, Validation RMSE = 0.7593871074699462
Epoch 30: Train Loss = -12.109220678156072, Validation RMSE = 0.7180782906067935
Epoch 30: Train Loss = -12.109220678156072, Validation RMSE = 0.7180782906067935
Epoch 31: Train Loss = -11.883279713717373, Validation RMSE = 0.7988500833950111
Epoch 31: Train Loss = -11.883279713717373, Validation RMSE = 0.7988500833950111
Epoch 32: Train Loss = -11.975844903425736, Validation RMSE = 0.7304672229123067
Epoch 32: Train Loss = -11.975844903425736, Validation RMSE = 0.7304672229123067
Epoch 33: Train Loss = -12.059054721485484, Validation RMSE = 0.7379162542887178
Epoch 33: Train Loss = -12.059054721485484, Validation RMSE = 0.7379162542887178
Epoch 34: Train Loss = -12.022047302939676, Validation RMSE = 0.7275464655266203
Epoch 34: Train Loss = -12.022047302939676, Validation RMSE = 0.7275464655266203
Epoch 35: Train Loss = -12.033279505642978, Validation RMSE = 0.764834938754051
Epoch 35: Train Loss = -12.033279505642978, Validation RMSE = 0.764834938754051
Epoch 36: Train Loss = -12.064902825789018, Validation RMSE = 0.7607082910015246
Epoch 36: Train Loss = -12.064902825789018, Validation RMSE = 0.7607082910015246
Epoch 37: Train Loss = -12.130737217989834, Validation RMSE = 0.7191076291613452
Epoch 37: Train Loss = -12.130737217989834, Validation RMSE = 0.7191076291613452
Epoch 38: Train Loss = -12.20471477508545, Validation RMSE = 0.7011672693375834
Epoch 38: Train Loss = -12.20471477508545, Validation RMSE = 0.7011672693375834
Epoch 39: Train Loss = -12.164017850702459, Validation RMSE = 0.684328601757007
Epoch 39: Train Loss = -12.164017850702459, Validation RMSE = 0.684328601757007
Epoch 40: Train Loss = -12.28774443539706, Validation RMSE = 0.6964765059900209
Epoch 40: Train Loss = -12.28774443539706, Validation RMSE = 0.6964765059900209
Epoch 41: Train Loss = -12.252927866849033, Validation RMSE = 0.7070556998533076
Epoch 41: Train Loss = -12.252927866849033, Validation RMSE = 0.7070556998533076
Epoch 42: Train Loss = -12.344544670798562, Validation RMSE = 0.7281759003581774
Epoch 42: Train Loss = -12.344544670798562, Validation RMSE = 0.7281759003581774
Epoch 43: Train Loss = -12.113705981861461, Validation RMSE = 0.855506895512727
Epoch 43: Train Loss = -12.113705981861461, Validation RMSE = 0.855506895512727
Epoch 44: Train Loss = -12.104888569224965, Validation RMSE = 0.7134327773329118
Epoch 44: Train Loss = -12.104888569224965, Validation RMSE = 0.7134327773329118
Epoch 45: Train Loss = -12.358738812533291, Validation RMSE = 0.6720007975543568
Epoch 45: Train Loss = -12.358738812533291, Validation RMSE = 0.6720007975543568
Epoch 46: Train Loss = -12.372404878789728, Validation RMSE = 0.6942164033741124
Epoch 46: Train Loss = -12.372404878789728, Validation RMSE = 0.6942164033741124
Epoch 47: Train Loss = -12.342705379832875, Validation RMSE = 0.6599579349312182
Epoch 47: Train Loss = -12.342705379832875, Validation RMSE = 0.6599579349312182
Epoch 48: Train Loss = -12.39349720694802, Validation RMSE = 0.6830044340951397
Epoch 48: Train Loss = -12.39349720694802, Validation RMSE = 0.6830044340951397
Epoch 49: Train Loss = -12.275983637029475, Validation RMSE = 0.718300381964359
Epoch 49: Train Loss = -12.275983637029475, Validation RMSE = 0.718300381964359
Epoch 50: Train Loss = -12.393258875066584, Validation RMSE = 0.6683958418907489
Epoch 50: Train Loss = -12.393258875066584, Validation RMSE = 0.6683958418907489
Epoch 51: Train Loss = -12.496646534312855, Validation RMSE = 0.6795396376284002
Epoch 51: Train Loss = -12.496646534312855, Validation RMSE = 0.6795396376284002
Epoch 52: Train Loss = -12.57142127643932, Validation RMSE = 0.6845228381222639
Epoch 52: Train Loss = -12.57142127643932, Validation RMSE = 0.6845228381222639
Epoch 53: Train Loss = -12.50852446122603, Validation RMSE = 0.7021706923972861
Epoch 53: Train Loss = -12.50852446122603, Validation RMSE = 0.7021706923972861
Epoch 54: Train Loss = -12.508573792197488, Validation RMSE = 0.6760156654636384
Epoch 54: Train Loss = -12.508573792197488, Validation RMSE = 0.6760156654636384
Epoch 55: Train Loss = -12.575343045321377, Validation RMSE = 0.6682285627999074
Epoch 55: Train Loss = -12.575343045321377, Validation RMSE = 0.6682285627999074
Epoch 56: Train Loss = -12.647087183865635, Validation RMSE = 0.6723520324692761
Epoch 56: Train Loss = -12.647087183865635, Validation RMSE = 0.6723520324692761
Epoch 57: Train Loss = -12.730978272177957, Validation RMSE = 0.7244487193537983
Epoch 57: Train Loss = -12.730978272177957, Validation RMSE = 0.7244487193537983
Epoch 58: Train Loss = -12.39196690646085, Validation RMSE = 0.6690401086517526
Epoch 58: Train Loss = -12.39196690646085, Validation RMSE = 0.6690401086517526
Epoch 59: Train Loss = -12.53340634432706, Validation RMSE = 0.6464824137357781
Epoch 59: Train Loss = -12.53340634432706, Validation RMSE = 0.6464824137357781
Epoch 60: Train Loss = -12.66791872544722, Validation RMSE = 0.6628372006623372
Epoch 60: Train Loss = -12.66791872544722, Validation RMSE = 0.6628372006623372
Epoch 61: Train Loss = -12.598850943825461, Validation RMSE = 0.7021593635675604
Epoch 61: Train Loss = -12.598850943825461, Validation RMSE = 0.7021593635675604
Epoch 62: Train Loss = -12.65323508869518, Validation RMSE = 0.7169811128146907
Epoch 62: Train Loss = -12.65323508869518, Validation RMSE = 0.7169811128146907
Epoch 63: Train Loss = -12.615995927290482, Validation RMSE = 0.6600208101840829
Epoch 63: Train Loss = -12.615995927290482, Validation RMSE = 0.6600208101840829
Epoch 64: Train Loss = -12.73172629963268, Validation RMSE = 0.6782030039874682
Epoch 64: Train Loss = -12.73172629963268, Validation RMSE = 0.6782030039874682
Epoch 65: Train Loss = -12.58487250588157, Validation RMSE = 0.656160428704773
Epoch 65: Train Loss = -12.58487250588157, Validation RMSE = 0.656160428704773
Epoch 66: Train Loss = -12.790098277005283, Validation RMSE = 0.6436921811345927
Epoch 66: Train Loss = -12.790098277005283, Validation RMSE = 0.6436921811345927
Epoch 67: Train Loss = -12.796548409895463, Validation RMSE = 0.6738921663185181
Epoch 67: Train Loss = -12.796548409895463, Validation RMSE = 0.6738921663185181
Epoch 68: Train Loss = -12.810755556279963, Validation RMSE = 0.6735155569832805
Epoch 68: Train Loss = -12.810755556279963, Validation RMSE = 0.6735155569832805
Epoch 69: Train Loss = -12.860200361772018, Validation RMSE = 0.6612268659022691
Epoch 69: Train Loss = -12.860200361772018, Validation RMSE = 0.6612268659022691
Epoch 70: Train Loss = -12.85742170160467, Validation RMSE = 0.6608348065869012
Epoch 70: Train Loss = -12.85742170160467, Validation RMSE = 0.6608348065869012
Epoch 71: Train Loss = -12.866490884260697, Validation RMSE = 0.6564541852300352
Epoch 71: Train Loss = -12.866490884260697, Validation RMSE = 0.6564541852300352
Epoch 72: Train Loss = -12.850761413574219, Validation RMSE = 0.6533332134959611
Epoch 72: Train Loss = -12.850761413574219, Validation RMSE = 0.6533332134959611
Epoch 73: Train Loss = -12.905573931607334, Validation RMSE = 0.6590146415582373
Epoch 73: Train Loss = -12.905573931607334, Validation RMSE = 0.6590146415582373
Epoch 74: Train Loss = -12.917396632107822, Validation RMSE = 0.640100564091847
Epoch 74: Train Loss = -12.917396632107822, Validation RMSE = 0.640100564091847
Epoch 75: Train Loss = -12.918029351667924, Validation RMSE = 0.6596075439858741
Epoch 75: Train Loss = -12.918029351667924, Validation RMSE = 0.6596075439858741
Epoch 76: Train Loss = -12.877817067232998, Validation RMSE = 0.6581942085812954
Epoch 76: Train Loss = -12.877817067232998, Validation RMSE = 0.6581942085812954
Epoch 77: Train Loss = -12.985252727161754, Validation RMSE = 0.6706726548023281
Epoch 77: Train Loss = -12.985252727161754, Validation RMSE = 0.6706726548023281
Epoch 78: Train Loss = -13.0171537399292, Validation RMSE = 0.6605110864704204
Epoch 78: Train Loss = -13.0171537399292, Validation RMSE = 0.6605110864704204
Epoch 79: Train Loss = -12.96275806427002, Validation RMSE = 0.6937948976116153
Epoch 79: Train Loss = -12.96275806427002, Validation RMSE = 0.6937948976116153
Epoch 80: Train Loss = -12.975997231223367, Validation RMSE = 0.6896189967649031
Epoch 80: Train Loss = -12.975997231223367, Validation RMSE = 0.6896189967649031
Epoch 81: Train Loss = -12.876392884687943, Validation RMSE = 0.6514914058699544
Epoch 81: Train Loss = -12.876392884687943, Validation RMSE = 0.6514914058699544
Epoch 82: Train Loss = -12.934971549294211, Validation RMSE = 0.669325658921666
Epoch 82: Train Loss = -12.934971549294211, Validation RMSE = 0.669325658921666
Epoch 83: Train Loss = -12.87407198819247, Validation RMSE = 0.6774581775621799
Epoch 83: Train Loss = -12.87407198819247, Validation RMSE = 0.6774581775621799
Epoch 84: Train Loss = -12.955816008827902, Validation RMSE = 0.624826485211386
Epoch 84: Train Loss = -12.955816008827902, Validation RMSE = 0.624826485211386
Epoch 85: Train Loss = -13.067674203352494, Validation RMSE = 0.6682924382724981
Epoch 85: Train Loss = -13.067674203352494, Validation RMSE = 0.6682924382724981
Epoch 86: Train Loss = -13.019336006858133, Validation RMSE = 0.6520937452846425
Epoch 86: Train Loss = -13.019336006858133, Validation RMSE = 0.6520937452846425
Epoch 87: Train Loss = -13.019291877746582, Validation RMSE = 0.6759129774749518
Epoch 87: Train Loss = -13.019291877746582, Validation RMSE = 0.6759129774749518
Epoch 88: Train Loss = -12.969070434570312, Validation RMSE = 0.6855911499041727
Epoch 88: Train Loss = -12.969070434570312, Validation RMSE = 0.6855911499041727
Epoch 89: Train Loss = -13.061490318991922, Validation RMSE = 0.663297768606355
Epoch 89: Train Loss = -13.061490318991922, Validation RMSE = 0.663297768606355
Epoch 90: Train Loss = -13.046931180087002, Validation RMSE = 0.6656776620140962
Epoch 90: Train Loss = -13.046931180087002, Validation RMSE = 0.6656776620140962
Epoch 91: Train Loss = -13.171616901050914, Validation RMSE = 0.6480724580743163
Epoch 91: Train Loss = -13.171616901050914, Validation RMSE = 0.6480724580743163
Epoch 92: Train Loss = -13.169204711914062, Validation RMSE = 0.6519490689039321
Epoch 92: Train Loss = -13.169204711914062, Validation RMSE = 0.6519490689039321
Epoch 93: Train Loss = -13.139191194014115, Validation RMSE = 0.6341250916785177
Epoch 93: Train Loss = -13.139191194014115, Validation RMSE = 0.6341250916785177
Epoch 94: Train Loss = -13.20757076957009, Validation RMSE = 0.6300742614323027
Epoch 94: Train Loss = -13.20757076957009, Validation RMSE = 0.6300742614323027
Epoch 95: Train Loss = -13.144940636374734, Validation RMSE = 0.6550590811223569
Epoch 95: Train Loss = -13.144940636374734, Validation RMSE = 0.6550590811223569
Epoch 96: Train Loss = -13.112711733037775, Validation RMSE = 0.6498510429235067
Epoch 96: Train Loss = -13.112711733037775, Validation RMSE = 0.6498510429235067
Epoch 97: Train Loss = -13.237809181213379, Validation RMSE = 0.6530036031356391
Epoch 97: Train Loss = -13.237809181213379, Validation RMSE = 0.6530036031356391
Epoch 98: Train Loss = -13.014544660394842, Validation RMSE = 0.6591308348294358
Epoch 98: Train Loss = -13.014544660394842, Validation RMSE = 0.6591308348294358
Epoch 99: Train Loss = -13.116215532476252, Validation RMSE = 0.6671613134469525
Epoch 99: Train Loss = -13.116215532476252, Validation RMSE = 0.6671613134469525
Epoch 100: Train Loss = -13.094843430952592, Validation RMSE = 0.6533589358945537
Epoch 100: Train Loss = -13.094843430952592, Validation RMSE = 0.6533589358945537
Epoch 101: Train Loss = -13.140351468866522, Validation RMSE = 0.6624674146972214
Epoch 101: Train Loss = -13.140351468866522, Validation RMSE = 0.6624674146972214
Epoch 102: Train Loss = -13.152510903098367, Validation RMSE = 0.7239813143325333
Epoch 102: Train Loss = -13.152510903098367, Validation RMSE = 0.7239813143325333
Epoch 103: Train Loss = -13.023807785727762, Validation RMSE = 0.7130830177045392
Epoch 103: Train Loss = -13.023807785727762, Validation RMSE = 0.7130830177045392
Epoch 104: Train Loss = -13.135160446166992, Validation RMSE = 0.6628432517977922
Epoch 104: Train Loss = -13.135160446166992, Validation RMSE = 0.6628432517977922
Epoch 105: Train Loss = -13.144406665455211, Validation RMSE = 0.672786757423557
Epoch 105: Train Loss = -13.144406665455211, Validation RMSE = 0.672786757423557
Epoch 106: Train Loss = -13.168923984874379, Validation RMSE = 0.6680330324236704
Epoch 106: Train Loss = -13.168923984874379, Validation RMSE = 0.6680330324236704
Epoch 107: Train Loss = -13.16273039037531, Validation RMSE = 0.6578127299856638
Epoch 107: Train Loss = -13.16273039037531, Validation RMSE = 0.6578127299856638
Epoch 108: Train Loss = -13.279909654097123, Validation RMSE = 0.6496914186784389
Epoch 108: Train Loss = -13.279909654097123, Validation RMSE = 0.6496914186784389
Epoch 109: Train Loss = -13.191532915288752, Validation RMSE = 0.6500885537301969
Epoch 109: Train Loss = -13.191532915288752, Validation RMSE = 0.6500885537301969
Epoch 110: Train Loss = -13.270452672784979, Validation RMSE = 0.6409243563090564
Epoch 110: Train Loss = -13.270452672784979, Validation RMSE = 0.6409243563090564
Epoch 111: Train Loss = -13.330034255981445, Validation RMSE = 0.6594751238502414
Epoch 111: Train Loss = -13.330034255981445, Validation RMSE = 0.6594751238502414
Epoch 112: Train Loss = -13.269269423051314, Validation RMSE = 0.6198347549915834
Epoch 112: Train Loss = -13.269269423051314, Validation RMSE = 0.6198347549915834
Epoch 113: Train Loss = -13.31032978404652, Validation RMSE = 0.6397607218346479
Epoch 113: Train Loss = -13.31032978404652, Validation RMSE = 0.6397607218346479
Epoch 114: Train Loss = -13.343491380864924, Validation RMSE = 0.6482094019454938
Epoch 114: Train Loss = -13.343491380864924, Validation RMSE = 0.6482094019454938
Epoch 115: Train Loss = -13.259851715781473, Validation RMSE = 0.646368505820474
Epoch 115: Train Loss = -13.259851715781473, Validation RMSE = 0.646368505820474
Epoch 116: Train Loss = -13.254861744967373, Validation RMSE = 0.6556069647672326
Epoch 116: Train Loss = -13.254861744967373, Validation RMSE = 0.6556069647672326
Epoch 117: Train Loss = -13.240904808044434, Validation RMSE = 0.6455303725594469
Epoch 117: Train Loss = -13.240904808044434, Validation RMSE = 0.6455303725594469
Epoch 118: Train Loss = -13.303061225197531, Validation RMSE = 0.6339403607796831
Epoch 118: Train Loss = -13.303061225197531, Validation RMSE = 0.6339403607796831
Epoch 119: Train Loss = -13.316871816461736, Validation RMSE = 0.6368189264750079
Epoch 119: Train Loss = -13.316871816461736, Validation RMSE = 0.6368189264750079
Epoch 120: Train Loss = -13.285689267245205, Validation RMSE = 0.6762915747240019
Epoch 120: Train Loss = -13.285689267245205, Validation RMSE = 0.6762915747240019
Epoch 121: Train Loss = -13.224868167530406, Validation RMSE = 0.6287981630783771
Epoch 121: Train Loss = -13.224868167530406, Validation RMSE = 0.6287981630783771
Epoch 122: Train Loss = -13.37877316908403, Validation RMSE = 0.6444476648458336
Epoch 122: Train Loss = -13.37877316908403, Validation RMSE = 0.6444476648458336
Epoch 123: Train Loss = -13.409392096779563, Validation RMSE = 0.6530430882560081
Epoch 123: Train Loss = -13.409392096779563, Validation RMSE = 0.6530430882560081
Epoch 124: Train Loss = -13.266664938493209, Validation RMSE = 0.6501462302276714
Epoch 124: Train Loss = -13.266664938493209, Validation RMSE = 0.6501462302276714
Epoch 125: Train Loss = -13.220589897849344, Validation RMSE = 0.6670169591261754
Epoch 125: Train Loss = -13.220589897849344, Validation RMSE = 0.6670169591261754
Epoch 126: Train Loss = -13.296782753684305, Validation RMSE = 0.6425019396965714
Epoch 126: Train Loss = -13.296782753684305, Validation RMSE = 0.6425019396965714
Epoch 127: Train Loss = -13.330292181535201, Validation RMSE = 0.64697305495155
Epoch 127: Train Loss = -13.330292181535201, Validation RMSE = 0.64697305495155
Epoch 128: Train Loss = -13.296541820872914, Validation RMSE = 0.639028280362362
Epoch 128: Train Loss = -13.296541820872914, Validation RMSE = 0.639028280362362
Epoch 129: Train Loss = -13.38520249453458, Validation RMSE = 0.662191123437579
Epoch 129: Train Loss = -13.38520249453458, Validation RMSE = 0.662191123437579
Epoch 130: Train Loss = -13.432550083507191, Validation RMSE = 0.6566549736100586
Epoch 130: Train Loss = -13.432550083507191, Validation RMSE = 0.6566549736100586
Epoch 131: Train Loss = -13.492442911321467, Validation RMSE = 0.6293821853060209
Epoch 131: Train Loss = -13.492442911321467, Validation RMSE = 0.6293821853060209
Epoch 132: Train Loss = -13.343576951460404, Validation RMSE = 0.6398007428869726
Epoch 132: Train Loss = -13.343576951460404, Validation RMSE = 0.6398007428869726
Epoch 133: Train Loss = -13.454766446893865, Validation RMSE = 0.6352167190650341
Epoch 133: Train Loss = -13.454766446893865, Validation RMSE = 0.6352167190650341
Epoch 134: Train Loss = -13.376156373457475, Validation RMSE = 0.6537593582385948
Epoch 134: Train Loss = -13.376156373457475, Validation RMSE = 0.6537593582385948
Epoch 135: Train Loss = -13.398192145607688, Validation RMSE = 0.6404503881098197
Epoch 135: Train Loss = -13.398192145607688, Validation RMSE = 0.6404503881098197
Epoch 136: Train Loss = -13.354430372064764, Validation RMSE = 0.657429470644259
Epoch 136: Train Loss = -13.354430372064764, Validation RMSE = 0.657429470644259
Epoch 137: Train Loss = -13.381232435053045, Validation RMSE = 0.6430190189585399
Epoch 137: Train Loss = -13.381232435053045, Validation RMSE = 0.6430190189585399
Epoch 138: Train Loss = -13.278431979092685, Validation RMSE = 0.6601658960795951
Epoch 138: Train Loss = -13.278431979092685, Validation RMSE = 0.6601658960795951
Epoch 139: Train Loss = -13.457850629633123, Validation RMSE = 0.6722311899862754
Epoch 139: Train Loss = -13.457850629633123, Validation RMSE = 0.6722311899862754
Epoch 140: Train Loss = -13.341026219454678, Validation RMSE = 0.6553549134431923
Epoch 140: Train Loss = -13.341026219454678, Validation RMSE = 0.6553549134431923
Epoch 141: Train Loss = -13.315248229286887, Validation RMSE = 0.6447155541786125
Epoch 141: Train Loss = -13.315248229286887, Validation RMSE = 0.6447155541786125
Epoch 142: Train Loss = -13.445264729586514, Validation RMSE = 0.6435635857537897
Epoch 142: Train Loss = -13.445264729586514, Validation RMSE = 0.6435635857537897
Epoch 143: Train Loss = -13.323192596435547, Validation RMSE = 0.6387018398052509
Epoch 143: Train Loss = -13.323192596435547, Validation RMSE = 0.6387018398052509
Epoch 144: Train Loss = -13.491865851662375, Validation RMSE = 0.6518029231107398
Epoch 144: Train Loss = -13.491865851662375, Validation RMSE = 0.6518029231107398
Epoch 145: Train Loss = -13.361153949390758, Validation RMSE = 0.6311148968722428
Epoch 145: Train Loss = -13.361153949390758, Validation RMSE = 0.6311148968722428
Epoch 146: Train Loss = -13.504718693819912, Validation RMSE = 0.6374642550569357
Epoch 146: Train Loss = -13.504718693819912, Validation RMSE = 0.6374642550569357
Epoch 147: Train Loss = -13.521185874938965, Validation RMSE = 0.6490033956880149
Epoch 147: Train Loss = -13.521185874938965, Validation RMSE = 0.6490033956880149
Epoch 148: Train Loss = -13.489087018099697, Validation RMSE = 0.6597318014209463
Epoch 148: Train Loss = -13.489087018099697, Validation RMSE = 0.6597318014209463
Epoch 149: Train Loss = -13.540650454434482, Validation RMSE = 0.6313980350797415
Epoch 149: Train Loss = -13.540650454434482, Validation RMSE = 0.6313980350797415
Epoch 150: Train Loss = -13.47270428050648, Validation RMSE = 0.6332798515633827
Epoch 150: Train Loss = -13.47270428050648, Validation RMSE = 0.6332798515633827
Epoch 151: Train Loss = -13.498405976728959, Validation RMSE = 0.6462516683268431
Epoch 151: Train Loss = -13.498405976728959, Validation RMSE = 0.6462516683268431
Epoch 152: Train Loss = -13.475540854714133, Validation RMSE = 0.6419155353804364
Epoch 152: Train Loss = -13.475540854714133, Validation RMSE = 0.6419155353804364
Epoch 153: Train Loss = -13.638497959483754, Validation RMSE = 0.6366407812145329
Epoch 153: Train Loss = -13.638497959483754, Validation RMSE = 0.6366407812145329
Epoch 154: Train Loss = -13.526045452464711, Validation RMSE = 0.6494296001852726
Epoch 154: Train Loss = -13.526045452464711, Validation RMSE = 0.6494296001852726
Epoch 155: Train Loss = -13.469628767533736, Validation RMSE = 0.6380183761474082
Epoch 155: Train Loss = -13.469628767533736, Validation RMSE = 0.6380183761474082
Epoch 156: Train Loss = -13.583831960504705, Validation RMSE = 0.6717095559524814
Epoch 156: Train Loss = -13.583831960504705, Validation RMSE = 0.6717095559524814
Epoch 157: Train Loss = -13.576143784956498, Validation RMSE = 0.6528933687903473
Epoch 157: Train Loss = -13.576143784956498, Validation RMSE = 0.6528933687903473
Epoch 158: Train Loss = -13.537690942937678, Validation RMSE = 0.6534241934163939
Epoch 158: Train Loss = -13.537690942937678, Validation RMSE = 0.6534241934163939
Epoch 159: Train Loss = -13.560016545382412, Validation RMSE = 0.632846074879488
Epoch 159: Train Loss = -13.560016545382412, Validation RMSE = 0.632846074879488
Epoch 160: Train Loss = -13.450084772976963, Validation RMSE = 0.6542607359294343
Epoch 160: Train Loss = -13.450084772976963, Validation RMSE = 0.6542607359294343
Epoch 161: Train Loss = -13.37328104539351, Validation RMSE = 0.652005213110193
Epoch 161: Train Loss = -13.37328104539351, Validation RMSE = 0.652005213110193
Epoch 162: Train Loss = -13.552133300087668, Validation RMSE = 0.6407368551099248
Epoch 162: Train Loss = -13.552133300087668, Validation RMSE = 0.6407368551099248
Epoch 163: Train Loss = -13.517363895069469, Validation RMSE = 0.6499957914143627
Epoch 163: Train Loss = -13.517363895069469, Validation RMSE = 0.6499957914143627
Epoch 164: Train Loss = -13.678290280428799, Validation RMSE = 0.6406000455488859
Epoch 164: Train Loss = -13.678290280428799, Validation RMSE = 0.6406000455488859
Epoch 165: Train Loss = -13.585856697776101, Validation RMSE = 0.6344242754390736
Epoch 165: Train Loss = -13.585856697776101, Validation RMSE = 0.6344242754390736
Epoch 166: Train Loss = -13.601460283452814, Validation RMSE = 0.645351314820587
Epoch 166: Train Loss = -13.601460283452814, Validation RMSE = 0.645351314820587
Epoch 167: Train Loss = -13.6029052734375, Validation RMSE = 0.6403620166328906
Epoch 167: Train Loss = -13.6029052734375, Validation RMSE = 0.6403620166328906
Epoch 168: Train Loss = -13.51261719790372, Validation RMSE = 0.6355739695609353
Epoch 168: Train Loss = -13.51261719790372, Validation RMSE = 0.6355739695609353
Epoch 169: Train Loss = -13.581998218189586, Validation RMSE = 0.6397887228772225
Epoch 169: Train Loss = -13.581998218189586, Validation RMSE = 0.6397887228772225
Epoch 170: Train Loss = -13.566117720170455, Validation RMSE = 0.6412753591370495
Epoch 170: Train Loss = -13.566117720170455, Validation RMSE = 0.6412753591370495
Epoch 171: Train Loss = -13.591725089333274, Validation RMSE = 0.6467967112355011
Epoch 171: Train Loss = -13.591725089333274, Validation RMSE = 0.6467967112355011
Epoch 172: Train Loss = -13.593421589244496, Validation RMSE = 0.6468840683790765
Epoch 172: Train Loss = -13.593421589244496, Validation RMSE = 0.6468840683790765
Epoch 173: Train Loss = -13.48462590304288, Validation RMSE = 0.6462648854038966
Epoch 173: Train Loss = -13.48462590304288, Validation RMSE = 0.6462648854038966
Epoch 174: Train Loss = -13.49099384654652, Validation RMSE = 0.6356429922036713
Epoch 174: Train Loss = -13.49099384654652, Validation RMSE = 0.6356429922036713
Epoch 175: Train Loss = -13.651172724637119, Validation RMSE = 0.6462060099746926
Epoch 175: Train Loss = -13.651172724637119, Validation RMSE = 0.6462060099746926
Epoch 176: Train Loss = -13.679016720164906, Validation RMSE = 0.6308763763799962
Epoch 176: Train Loss = -13.679016720164906, Validation RMSE = 0.6308763763799962
Epoch 177: Train Loss = -13.619232611222701, Validation RMSE = 0.6367935978124115
Epoch 177: Train Loss = -13.619232611222701, Validation RMSE = 0.6367935978124115
Epoch 178: Train Loss = -13.660415042530406, Validation RMSE = 0.6411996850076225
Epoch 178: Train Loss = -13.660415042530406, Validation RMSE = 0.6411996850076225
Epoch 179: Train Loss = -13.59310514276678, Validation RMSE = 0.6475347810172625
Epoch 179: Train Loss = -13.59310514276678, Validation RMSE = 0.6475347810172625
Epoch 180: Train Loss = -13.630801807750355, Validation RMSE = 0.6389944847804582
Epoch 180: Train Loss = -13.630801807750355, Validation RMSE = 0.6389944847804582
Epoch 181: Train Loss = -13.636307369578969, Validation RMSE = 0.6336196249291313
Epoch 181: Train Loss = -13.636307369578969, Validation RMSE = 0.6336196249291313
Epoch 182: Train Loss = -13.551851966164328, Validation RMSE = 0.6286304645395433
Epoch 182: Train Loss = -13.551851966164328, Validation RMSE = 0.6286304645395433
Epoch 183: Train Loss = -13.536994934082031, Validation RMSE = 0.66023317904678
Epoch 183: Train Loss = -13.536994934082031, Validation RMSE = 0.66023317904678
Epoch 184: Train Loss = -13.564240282232111, Validation RMSE = 0.6483582776856497
Epoch 184: Train Loss = -13.564240282232111, Validation RMSE = 0.6483582776856497
Epoch 185: Train Loss = -13.515018289739436, Validation RMSE = 0.6431608175242671
Epoch 185: Train Loss = -13.515018289739436, Validation RMSE = 0.6431608175242671
Epoch 186: Train Loss = -13.555795322765004, Validation RMSE = 0.656317123580785
Epoch 186: Train Loss = -13.555795322765004, Validation RMSE = 0.656317123580785
Epoch 187: Train Loss = -13.586159185929732, Validation RMSE = 0.6436952148075118
Epoch 187: Train Loss = -13.586159185929732, Validation RMSE = 0.6436952148075118
Epoch 188: Train Loss = -13.685482198541814, Validation RMSE = 0.6355922493913145
Epoch 188: Train Loss = -13.685482198541814, Validation RMSE = 0.6355922493913145
Epoch 189: Train Loss = -13.569873809814453, Validation RMSE = 0.6389844538746753
Epoch 189: Train Loss = -13.569873809814453, Validation RMSE = 0.6389844538746753
Epoch 190: Train Loss = -13.653093684803356, Validation RMSE = 0.6299374706196216
Epoch 190: Train Loss = -13.653093684803356, Validation RMSE = 0.6299374706196216
Epoch 191: Train Loss = -13.681165261702104, Validation RMSE = 0.6363584370239175
Epoch 191: Train Loss = -13.681165261702104, Validation RMSE = 0.6363584370239175
Epoch 192: Train Loss = -13.710128870877353, Validation RMSE = 0.6310219566620803
Epoch 192: Train Loss = -13.710128870877353, Validation RMSE = 0.6310219566620803
Epoch 193: Train Loss = -13.655294505032627, Validation RMSE = 0.635674461892798
Epoch 193: Train Loss = -13.655294505032627, Validation RMSE = 0.635674461892798
Epoch 194: Train Loss = -13.513237172907049, Validation RMSE = 0.63298573149124
Epoch 194: Train Loss = -13.513237172907049, Validation RMSE = 0.63298573149124
Epoch 195: Train Loss = -13.592467134649103, Validation RMSE = 0.6454582523264442
Epoch 195: Train Loss = -13.592467134649103, Validation RMSE = 0.6454582523264442
Epoch 196: Train Loss = -13.64192971316251, Validation RMSE = 0.643927117590329
Epoch 196: Train Loss = -13.64192971316251, Validation RMSE = 0.643927117590329
Epoch 197: Train Loss = -13.801189769398082, Validation RMSE = 0.6335224041941376
Epoch 197: Train Loss = -13.801189769398082, Validation RMSE = 0.6335224041941376
Epoch 198: Train Loss = -13.633516571738504, Validation RMSE = 0.628545678224584
Epoch 198: Train Loss = -13.633516571738504, Validation RMSE = 0.628545678224584
Epoch 199: Train Loss = -13.670187690041281, Validation RMSE = 0.6346256792611339
Epoch 199: Train Loss = -13.670187690041281, Validation RMSE = 0.6346256792611339
