{'activation': 'ReLU',
 'batch_size': 50,
 'cuda': True,
 'data_path': 'dataset/delaney.csv',
 'depth': 3,
 'epochs': 200,
 'ffn_hidden_size': 300,
 'ffn_num_layers': 2,
 'final_lr': 0.0001,
 'hidden_size': 300,
 'init_lr': 0.0001,
 'kl_weight': 5.0,
 'max_lr': 0.001,
 'pretrain_encoder_path': 'results\\cl\\pretrain\\pretrain_encoder.pt',
 'regularization_scale': 0.0001,
 'sampling_size': 20,
 'save_dir': 'results\\cl\\rec+5.0_kl\\delaney_checkpoints\\seed_678',
 'save_smiles_splits': False,
 'seed': 678,
 'split_sizes': [0.5, 0.2, 0.3],
 'split_type': 'random',
 'task_names': 'delaney',
 'train_strategy': 'cl',
 'warmup_epochs': 2.0}
{'activation': 'ReLU',
 'batch_size': 50,
 'cuda': True,
 'data_path': 'dataset/delaney.csv',
 'depth': 3,
 'epochs': 200,
 'ffn_hidden_size': 300,
 'ffn_num_layers': 2,
 'final_lr': 0.0001,
 'hidden_size': 300,
 'init_lr': 0.0001,
 'kl_weight': 5.0,
 'max_lr': 0.001,
 'pretrain_encoder_path': 'results\\cl\\pretrain\\pretrain_encoder.pt',
 'regularization_scale': 0.0001,
 'sampling_size': 20,
 'save_dir': 'results\\cl\\rec+5.0_kl\\delaney_checkpoints\\seed_678',
 'save_smiles_splits': False,
 'seed': 678,
 'split_sizes': [0.5, 0.2, 0.3],
 'split_type': 'random',
 'task_names': 'delaney',
 'train_strategy': 'cl',
 'warmup_epochs': 2.0}
Loading data...
Loading data...
Splitting data with seed 678
Splitting data with seed 678
Finish Loading and Splitting... Total size = 1,128 | train size = 564 | val size = 225 | test size = 339
Finish Loading and Splitting... Total size = 1,128 | train size = 564 | val size = 225 | test size = 339
Fitting scaler
Fitting scaler
Building model...
Building model...
Number of parameters = 355,206
Number of parameters = 355,206
Loading pretrain MPNN Model...
Loading pretrain MPNN Model...
Moving model to cuda
Moving model to cuda
Epoch 0: Train Loss = -9.52147761258212, Validation RMSE = 2.0629022755602526
Epoch 0: Train Loss = -9.52147761258212, Validation RMSE = 2.0629022755602526
Epoch 1: Train Loss = -9.69539989124645, Validation RMSE = 1.8931399829246014
Epoch 1: Train Loss = -9.69539989124645, Validation RMSE = 1.8931399829246014
Epoch 2: Train Loss = -9.906743136319248, Validation RMSE = 1.7055162268593103
Epoch 2: Train Loss = -9.906743136319248, Validation RMSE = 1.7055162268593103
Epoch 3: Train Loss = -10.242699016224254, Validation RMSE = 1.4014686902766358
Epoch 3: Train Loss = -10.242699016224254, Validation RMSE = 1.4014686902766358
Epoch 4: Train Loss = -10.45698408647017, Validation RMSE = 1.3996308245947262
Epoch 4: Train Loss = -10.45698408647017, Validation RMSE = 1.3996308245947262
Epoch 5: Train Loss = -10.59204118902033, Validation RMSE = 1.2491954627950568
Epoch 5: Train Loss = -10.59204118902033, Validation RMSE = 1.2491954627950568
Epoch 6: Train Loss = -10.77003036845814, Validation RMSE = 1.172767632121155
Epoch 6: Train Loss = -10.77003036845814, Validation RMSE = 1.172767632121155
Epoch 7: Train Loss = -10.837774103338068, Validation RMSE = 1.1992863841941792
Epoch 7: Train Loss = -10.837774103338068, Validation RMSE = 1.1992863841941792
Epoch 8: Train Loss = -10.780473362315785, Validation RMSE = 1.1146037776685658
Epoch 8: Train Loss = -10.780473362315785, Validation RMSE = 1.1146037776685658
Epoch 9: Train Loss = -11.03435316952792, Validation RMSE = 1.032784599179633
Epoch 9: Train Loss = -11.03435316952792, Validation RMSE = 1.032784599179633
Epoch 10: Train Loss = -11.173527630892666, Validation RMSE = 1.0967634872122862
Epoch 10: Train Loss = -11.173527630892666, Validation RMSE = 1.0967634872122862
Epoch 11: Train Loss = -11.24340750954368, Validation RMSE = 1.0777456594128023
Epoch 11: Train Loss = -11.24340750954368, Validation RMSE = 1.0777456594128023
Epoch 12: Train Loss = -11.054742553017356, Validation RMSE = 1.14109335151759
Epoch 12: Train Loss = -11.054742553017356, Validation RMSE = 1.14109335151759
Epoch 13: Train Loss = -11.251460768959738, Validation RMSE = 1.0070126100790742
Epoch 13: Train Loss = -11.251460768959738, Validation RMSE = 1.0070126100790742
Epoch 14: Train Loss = -11.113557988947088, Validation RMSE = 1.111199422415499
Epoch 14: Train Loss = -11.113557988947088, Validation RMSE = 1.111199422415499
Epoch 15: Train Loss = -11.29958369515159, Validation RMSE = 0.9587273231712815
Epoch 15: Train Loss = -11.29958369515159, Validation RMSE = 0.9587273231712815
Epoch 16: Train Loss = -11.480015061118387, Validation RMSE = 0.915734899447385
Epoch 16: Train Loss = -11.480015061118387, Validation RMSE = 0.915734899447385
Epoch 17: Train Loss = -11.549508614973588, Validation RMSE = 0.8740006467635775
Epoch 17: Train Loss = -11.549508614973588, Validation RMSE = 0.8740006467635775
Epoch 18: Train Loss = -11.492583101445978, Validation RMSE = 0.9079314817132689
Epoch 18: Train Loss = -11.492583101445978, Validation RMSE = 0.9079314817132689
Epoch 19: Train Loss = -11.626323873346502, Validation RMSE = 0.8440855975883328
Epoch 19: Train Loss = -11.626323873346502, Validation RMSE = 0.8440855975883328
Epoch 20: Train Loss = -11.764144463972611, Validation RMSE = 0.8682555696812924
Epoch 20: Train Loss = -11.764144463972611, Validation RMSE = 0.8682555696812924
Epoch 21: Train Loss = -11.673609733581543, Validation RMSE = 0.8220722367408163
Epoch 21: Train Loss = -11.673609733581543, Validation RMSE = 0.8220722367408163
Epoch 22: Train Loss = -11.833447369662197, Validation RMSE = 0.8021730786353298
Epoch 22: Train Loss = -11.833447369662197, Validation RMSE = 0.8021730786353298
Epoch 23: Train Loss = -11.815413388338955, Validation RMSE = 0.7860672389811935
Epoch 23: Train Loss = -11.815413388338955, Validation RMSE = 0.7860672389811935
Epoch 24: Train Loss = -11.888521974736994, Validation RMSE = 0.8305228375280651
Epoch 24: Train Loss = -11.888521974736994, Validation RMSE = 0.8305228375280651
Epoch 25: Train Loss = -11.936458327553488, Validation RMSE = 0.8898582278097927
Epoch 25: Train Loss = -11.936458327553488, Validation RMSE = 0.8898582278097927
Epoch 26: Train Loss = -11.906863646073775, Validation RMSE = 0.8100254611704548
Epoch 26: Train Loss = -11.906863646073775, Validation RMSE = 0.8100254611704548
Epoch 27: Train Loss = -12.008871945467861, Validation RMSE = 0.7805476835088813
Epoch 27: Train Loss = -12.008871945467861, Validation RMSE = 0.7805476835088813
Epoch 28: Train Loss = -12.039012908935547, Validation RMSE = 0.80088884477701
Epoch 28: Train Loss = -12.039012908935547, Validation RMSE = 0.80088884477701
Epoch 29: Train Loss = -11.887895410711115, Validation RMSE = 0.8021339008151291
Epoch 29: Train Loss = -11.887895410711115, Validation RMSE = 0.8021339008151291
Epoch 30: Train Loss = -12.129673264243387, Validation RMSE = 0.8402761847655361
Epoch 30: Train Loss = -12.129673264243387, Validation RMSE = 0.8402761847655361
Epoch 31: Train Loss = -11.848956108093262, Validation RMSE = 0.8141686196154209
Epoch 31: Train Loss = -11.848956108093262, Validation RMSE = 0.8141686196154209
Epoch 32: Train Loss = -12.09886611591686, Validation RMSE = 0.751821588240035
Epoch 32: Train Loss = -12.09886611591686, Validation RMSE = 0.751821588240035
Epoch 33: Train Loss = -12.058055530894887, Validation RMSE = 0.8453875587940708
Epoch 33: Train Loss = -12.058055530894887, Validation RMSE = 0.8453875587940708
Epoch 34: Train Loss = -12.115787159312855, Validation RMSE = 0.7178933795272334
Epoch 34: Train Loss = -12.115787159312855, Validation RMSE = 0.7178933795272334
Epoch 35: Train Loss = -12.2575927214189, Validation RMSE = 0.7495787810091825
Epoch 35: Train Loss = -12.2575927214189, Validation RMSE = 0.7495787810091825
Epoch 36: Train Loss = -12.15002510764382, Validation RMSE = 0.7633511311723747
Epoch 36: Train Loss = -12.15002510764382, Validation RMSE = 0.7633511311723747
Epoch 37: Train Loss = -12.125360662286932, Validation RMSE = 0.738516601255699
Epoch 37: Train Loss = -12.125360662286932, Validation RMSE = 0.738516601255699
Epoch 38: Train Loss = -12.30224626714533, Validation RMSE = 0.757847932145814
Epoch 38: Train Loss = -12.30224626714533, Validation RMSE = 0.757847932145814
Epoch 39: Train Loss = -12.413758798079057, Validation RMSE = 0.791091286136832
Epoch 39: Train Loss = -12.413758798079057, Validation RMSE = 0.791091286136832
Epoch 40: Train Loss = -12.266485040838068, Validation RMSE = 0.7682500422098357
Epoch 40: Train Loss = -12.266485040838068, Validation RMSE = 0.7682500422098357
Epoch 41: Train Loss = -12.378103429620916, Validation RMSE = 0.7391493368206462
Epoch 41: Train Loss = -12.378103429620916, Validation RMSE = 0.7391493368206462
Epoch 42: Train Loss = -12.33045803416859, Validation RMSE = 0.7670854429226155
Epoch 42: Train Loss = -12.33045803416859, Validation RMSE = 0.7670854429226155
Epoch 43: Train Loss = -12.363429329612039, Validation RMSE = 0.7694483099012632
Epoch 43: Train Loss = -12.363429329612039, Validation RMSE = 0.7694483099012632
Epoch 44: Train Loss = -12.527978983792392, Validation RMSE = 0.8057339069593179
Epoch 44: Train Loss = -12.527978983792392, Validation RMSE = 0.8057339069593179
Epoch 45: Train Loss = -12.488404534079812, Validation RMSE = 0.7367486823564062
Epoch 45: Train Loss = -12.488404534079812, Validation RMSE = 0.7367486823564062
Epoch 46: Train Loss = -12.48775594884699, Validation RMSE = 0.7704958387017024
Epoch 46: Train Loss = -12.48775594884699, Validation RMSE = 0.7704958387017024
Epoch 47: Train Loss = -12.481773549860174, Validation RMSE = 0.7717847082334894
Epoch 47: Train Loss = -12.481773549860174, Validation RMSE = 0.7717847082334894
Epoch 48: Train Loss = -12.542205290360885, Validation RMSE = 0.757861121884299
Epoch 48: Train Loss = -12.542205290360885, Validation RMSE = 0.757861121884299
Epoch 49: Train Loss = -12.447083993391557, Validation RMSE = 0.7566371395436405
Epoch 49: Train Loss = -12.447083993391557, Validation RMSE = 0.7566371395436405
Epoch 50: Train Loss = -12.496162414550781, Validation RMSE = 0.741346216142349
Epoch 50: Train Loss = -12.496162414550781, Validation RMSE = 0.741346216142349
Epoch 51: Train Loss = -12.555633631619541, Validation RMSE = 0.7425209663924297
Epoch 51: Train Loss = -12.555633631619541, Validation RMSE = 0.7425209663924297
Epoch 52: Train Loss = -12.633079875599254, Validation RMSE = 0.7614001015515076
Epoch 52: Train Loss = -12.633079875599254, Validation RMSE = 0.7614001015515076
Epoch 53: Train Loss = -12.691703276200728, Validation RMSE = 0.7517633535105734
Epoch 53: Train Loss = -12.691703276200728, Validation RMSE = 0.7517633535105734
Epoch 54: Train Loss = -12.47447360645641, Validation RMSE = 0.7169756272023746
Epoch 54: Train Loss = -12.47447360645641, Validation RMSE = 0.7169756272023746
Epoch 55: Train Loss = -12.635342684659092, Validation RMSE = 0.7210584126392385
Epoch 55: Train Loss = -12.635342684659092, Validation RMSE = 0.7210584126392385
Epoch 56: Train Loss = -12.75145400654186, Validation RMSE = 0.7447240138504144
Epoch 56: Train Loss = -12.75145400654186, Validation RMSE = 0.7447240138504144
Epoch 57: Train Loss = -12.592022722417658, Validation RMSE = 0.7672711974167713
Epoch 57: Train Loss = -12.592022722417658, Validation RMSE = 0.7672711974167713
Epoch 58: Train Loss = -12.541309703480113, Validation RMSE = 0.7594061572587949
Epoch 58: Train Loss = -12.541309703480113, Validation RMSE = 0.7594061572587949
Epoch 59: Train Loss = -12.652186913923783, Validation RMSE = 0.7352884546657035
Epoch 59: Train Loss = -12.652186913923783, Validation RMSE = 0.7352884546657035
Epoch 60: Train Loss = -12.75642932545055, Validation RMSE = 0.7593660663186383
Epoch 60: Train Loss = -12.75642932545055, Validation RMSE = 0.7593660663186383
Epoch 61: Train Loss = -12.702446243979715, Validation RMSE = 0.7058185695394997
Epoch 61: Train Loss = -12.702446243979715, Validation RMSE = 0.7058185695394997
Epoch 62: Train Loss = -12.742645697160201, Validation RMSE = 0.7122570208240145
Epoch 62: Train Loss = -12.742645697160201, Validation RMSE = 0.7122570208240145
Epoch 63: Train Loss = -12.813531008633701, Validation RMSE = 0.7780667213364679
Epoch 63: Train Loss = -12.813531008633701, Validation RMSE = 0.7780667213364679
Epoch 64: Train Loss = -12.667485237121582, Validation RMSE = 0.7577981521502115
Epoch 64: Train Loss = -12.667485237121582, Validation RMSE = 0.7577981521502115
Epoch 65: Train Loss = -12.72524018721147, Validation RMSE = 0.7095129922789378
Epoch 65: Train Loss = -12.72524018721147, Validation RMSE = 0.7095129922789378
Epoch 66: Train Loss = -12.941249327226119, Validation RMSE = 0.708749991895424
Epoch 66: Train Loss = -12.941249327226119, Validation RMSE = 0.708749991895424
Epoch 67: Train Loss = -12.906160007823598, Validation RMSE = 0.7256488082632966
Epoch 67: Train Loss = -12.906160007823598, Validation RMSE = 0.7256488082632966
Epoch 68: Train Loss = -12.849258856339889, Validation RMSE = 0.7037474919151162
Epoch 68: Train Loss = -12.849258856339889, Validation RMSE = 0.7037474919151162
Epoch 69: Train Loss = -12.887117906050248, Validation RMSE = 0.7023239694045781
Epoch 69: Train Loss = -12.887117906050248, Validation RMSE = 0.7023239694045781
Epoch 70: Train Loss = -12.933632243763316, Validation RMSE = 0.7221649528158597
Epoch 70: Train Loss = -12.933632243763316, Validation RMSE = 0.7221649528158597
Epoch 71: Train Loss = -12.953177278692072, Validation RMSE = 0.7309842155920714
Epoch 71: Train Loss = -12.953177278692072, Validation RMSE = 0.7309842155920714
Epoch 72: Train Loss = -12.913961757313121, Validation RMSE = 0.7149361964965139
Epoch 72: Train Loss = -12.913961757313121, Validation RMSE = 0.7149361964965139
Epoch 73: Train Loss = -12.93176945773038, Validation RMSE = 0.6814693453194894
Epoch 73: Train Loss = -12.93176945773038, Validation RMSE = 0.6814693453194894
Epoch 74: Train Loss = -12.985402887517756, Validation RMSE = 0.740209866846372
Epoch 74: Train Loss = -12.985402887517756, Validation RMSE = 0.740209866846372
Epoch 75: Train Loss = -12.995818658308549, Validation RMSE = 0.708744063638189
Epoch 75: Train Loss = -12.995818658308549, Validation RMSE = 0.708744063638189
Epoch 76: Train Loss = -12.924144051291726, Validation RMSE = 0.7323251385442884
Epoch 76: Train Loss = -12.924144051291726, Validation RMSE = 0.7323251385442884
Epoch 77: Train Loss = -13.05002463947643, Validation RMSE = 0.6917659726353402
Epoch 77: Train Loss = -13.05002463947643, Validation RMSE = 0.6917659726353402
Epoch 78: Train Loss = -12.976486292752353, Validation RMSE = 0.7021024898670147
Epoch 78: Train Loss = -12.976486292752353, Validation RMSE = 0.7021024898670147
Epoch 79: Train Loss = -13.055592797019266, Validation RMSE = 0.710375864292976
Epoch 79: Train Loss = -13.055592797019266, Validation RMSE = 0.710375864292976
Epoch 80: Train Loss = -13.104727918451482, Validation RMSE = 0.7254349175247715
Epoch 80: Train Loss = -13.104727918451482, Validation RMSE = 0.7254349175247715
Epoch 81: Train Loss = -13.01533048803156, Validation RMSE = 0.6957718775582148
Epoch 81: Train Loss = -13.01533048803156, Validation RMSE = 0.6957718775582148
Epoch 82: Train Loss = -13.170913176103072, Validation RMSE = 0.7008847471341713
Epoch 82: Train Loss = -13.170913176103072, Validation RMSE = 0.7008847471341713
Epoch 83: Train Loss = -13.134261217984287, Validation RMSE = 0.7327789919879293
Epoch 83: Train Loss = -13.134261217984287, Validation RMSE = 0.7327789919879293
Epoch 84: Train Loss = -13.10709268396551, Validation RMSE = 0.7090157825045332
Epoch 84: Train Loss = -13.10709268396551, Validation RMSE = 0.7090157825045332
Epoch 85: Train Loss = -13.111976710232822, Validation RMSE = 0.7230002170704987
Epoch 85: Train Loss = -13.111976710232822, Validation RMSE = 0.7230002170704987
Epoch 86: Train Loss = -13.16116983240301, Validation RMSE = 0.6976352802428374
Epoch 86: Train Loss = -13.16116983240301, Validation RMSE = 0.6976352802428374
Epoch 87: Train Loss = -13.13751914284446, Validation RMSE = 0.6974766342851508
Epoch 87: Train Loss = -13.13751914284446, Validation RMSE = 0.6974766342851508
Epoch 88: Train Loss = -13.129563504999334, Validation RMSE = 0.6976147129198955
Epoch 88: Train Loss = -13.129563504999334, Validation RMSE = 0.6976147129198955
Epoch 89: Train Loss = -13.168603897094727, Validation RMSE = 0.7061032119800916
Epoch 89: Train Loss = -13.168603897094727, Validation RMSE = 0.7061032119800916
Epoch 90: Train Loss = -13.054084864529697, Validation RMSE = 0.7357867355944456
Epoch 90: Train Loss = -13.054084864529697, Validation RMSE = 0.7357867355944456
Epoch 91: Train Loss = -13.137872262434525, Validation RMSE = 0.7163665123062387
Epoch 91: Train Loss = -13.137872262434525, Validation RMSE = 0.7163665123062387
Epoch 92: Train Loss = -13.204045555808328, Validation RMSE = 0.6946000328428095
Epoch 92: Train Loss = -13.204045555808328, Validation RMSE = 0.6946000328428095
Epoch 93: Train Loss = -13.135038462552158, Validation RMSE = 0.7013304040011595
Epoch 93: Train Loss = -13.135038462552158, Validation RMSE = 0.7013304040011595
Epoch 94: Train Loss = -13.19520308754661, Validation RMSE = 0.6823071948950722
Epoch 94: Train Loss = -13.19520308754661, Validation RMSE = 0.6823071948950722
Epoch 95: Train Loss = -13.16898571361195, Validation RMSE = 0.7419083512488817
Epoch 95: Train Loss = -13.16898571361195, Validation RMSE = 0.7419083512488817
Epoch 96: Train Loss = -13.173046285455877, Validation RMSE = 0.6931797411563095
Epoch 96: Train Loss = -13.173046285455877, Validation RMSE = 0.6931797411563095
Epoch 97: Train Loss = -13.218355699018998, Validation RMSE = 0.6992475170385622
Epoch 97: Train Loss = -13.218355699018998, Validation RMSE = 0.6992475170385622
Epoch 98: Train Loss = -13.283037012273615, Validation RMSE = 0.6962961365324614
Epoch 98: Train Loss = -13.283037012273615, Validation RMSE = 0.6962961365324614
Epoch 99: Train Loss = -13.215074105696244, Validation RMSE = 0.6858361180691386
Epoch 99: Train Loss = -13.215074105696244, Validation RMSE = 0.6858361180691386
Epoch 100: Train Loss = -13.265171657909047, Validation RMSE = 0.697421761752713
Epoch 100: Train Loss = -13.265171657909047, Validation RMSE = 0.697421761752713
Epoch 101: Train Loss = -13.220319487831809, Validation RMSE = 0.7189710700476115
Epoch 101: Train Loss = -13.220319487831809, Validation RMSE = 0.7189710700476115
Epoch 102: Train Loss = -13.234102856029164, Validation RMSE = 0.6897658713677723
Epoch 102: Train Loss = -13.234102856029164, Validation RMSE = 0.6897658713677723
Epoch 103: Train Loss = -13.227859930558639, Validation RMSE = 0.6914456064340109
Epoch 103: Train Loss = -13.227859930558639, Validation RMSE = 0.6914456064340109
Epoch 104: Train Loss = -13.31778959794478, Validation RMSE = 0.6935330909834753
Epoch 104: Train Loss = -13.31778959794478, Validation RMSE = 0.6935330909834753
Epoch 105: Train Loss = -13.266516772183506, Validation RMSE = 0.6904743336383388
Epoch 105: Train Loss = -13.266516772183506, Validation RMSE = 0.6904743336383388
Epoch 106: Train Loss = -13.297211820429022, Validation RMSE = 0.7087256259450391
Epoch 106: Train Loss = -13.297211820429022, Validation RMSE = 0.7087256259450391
Epoch 107: Train Loss = -13.264907576821066, Validation RMSE = 0.6709365010220935
Epoch 107: Train Loss = -13.264907576821066, Validation RMSE = 0.6709365010220935
Epoch 108: Train Loss = -13.327114365317605, Validation RMSE = 0.6852390221405401
Epoch 108: Train Loss = -13.327114365317605, Validation RMSE = 0.6852390221405401
Epoch 109: Train Loss = -13.269449060613459, Validation RMSE = 0.687343246573811
Epoch 109: Train Loss = -13.269449060613459, Validation RMSE = 0.687343246573811
Epoch 110: Train Loss = -13.26766551624645, Validation RMSE = 0.6957623281296285
Epoch 110: Train Loss = -13.26766551624645, Validation RMSE = 0.6957623281296285
Epoch 111: Train Loss = -13.363117044622248, Validation RMSE = 0.682586319950357
Epoch 111: Train Loss = -13.363117044622248, Validation RMSE = 0.682586319950357
Epoch 112: Train Loss = -13.34251594543457, Validation RMSE = 0.6983406724224032
Epoch 112: Train Loss = -13.34251594543457, Validation RMSE = 0.6983406724224032
Epoch 113: Train Loss = -13.386156168850986, Validation RMSE = 0.6882770072135389
Epoch 113: Train Loss = -13.386156168850986, Validation RMSE = 0.6882770072135389
Epoch 114: Train Loss = -13.376884287053889, Validation RMSE = 0.6975483729451302
Epoch 114: Train Loss = -13.376884287053889, Validation RMSE = 0.6975483729451302
Epoch 115: Train Loss = -13.198249730196865, Validation RMSE = 0.7062388351132785
Epoch 115: Train Loss = -13.198249730196865, Validation RMSE = 0.7062388351132785
Epoch 116: Train Loss = -13.241368033669211, Validation RMSE = 0.6839640884582949
Epoch 116: Train Loss = -13.241368033669211, Validation RMSE = 0.6839640884582949
Epoch 117: Train Loss = -13.272831309925426, Validation RMSE = 0.6704344494791574
Epoch 117: Train Loss = -13.272831309925426, Validation RMSE = 0.6704344494791574
Epoch 118: Train Loss = -13.304708914323287, Validation RMSE = 0.6795813459458073
Epoch 118: Train Loss = -13.304708914323287, Validation RMSE = 0.6795813459458073
Epoch 119: Train Loss = -13.366964513605291, Validation RMSE = 0.7081532325477364
Epoch 119: Train Loss = -13.366964513605291, Validation RMSE = 0.7081532325477364
Epoch 120: Train Loss = -13.42415341463956, Validation RMSE = 0.6846097002650162
Epoch 120: Train Loss = -13.42415341463956, Validation RMSE = 0.6846097002650162
Epoch 121: Train Loss = -13.434746568853205, Validation RMSE = 0.7116921160555248
Epoch 121: Train Loss = -13.434746568853205, Validation RMSE = 0.7116921160555248
Epoch 122: Train Loss = -13.27596629749645, Validation RMSE = 0.6927994821371694
Epoch 122: Train Loss = -13.27596629749645, Validation RMSE = 0.6927994821371694
Epoch 123: Train Loss = -13.291291063482111, Validation RMSE = 0.6970736125179917
Epoch 123: Train Loss = -13.291291063482111, Validation RMSE = 0.6970736125179917
Epoch 124: Train Loss = -13.449750293384898, Validation RMSE = 0.6794790179976168
Epoch 124: Train Loss = -13.449750293384898, Validation RMSE = 0.6794790179976168
Epoch 125: Train Loss = -13.268393776633523, Validation RMSE = 0.6902537991190747
Epoch 125: Train Loss = -13.268393776633523, Validation RMSE = 0.6902537991190747
Epoch 126: Train Loss = -13.327856237238104, Validation RMSE = 0.7056986795137786
Epoch 126: Train Loss = -13.327856237238104, Validation RMSE = 0.7056986795137786
Epoch 127: Train Loss = -13.296293865550648, Validation RMSE = 0.6884410040764444
Epoch 127: Train Loss = -13.296293865550648, Validation RMSE = 0.6884410040764444
Epoch 128: Train Loss = -13.513219399885697, Validation RMSE = 0.7075567687706437
Epoch 128: Train Loss = -13.513219399885697, Validation RMSE = 0.7075567687706437
Epoch 129: Train Loss = -13.463178981434215, Validation RMSE = 0.707651344663504
Epoch 129: Train Loss = -13.463178981434215, Validation RMSE = 0.707651344663504
Epoch 130: Train Loss = -13.347758900035512, Validation RMSE = 0.719554459902192
Epoch 130: Train Loss = -13.347758900035512, Validation RMSE = 0.719554459902192
Epoch 131: Train Loss = -13.393631848421963, Validation RMSE = 0.6983832684219877
Epoch 131: Train Loss = -13.393631848421963, Validation RMSE = 0.6983832684219877
Epoch 132: Train Loss = -13.376738201488148, Validation RMSE = 0.6958789774818743
Epoch 132: Train Loss = -13.376738201488148, Validation RMSE = 0.6958789774818743
Epoch 133: Train Loss = -13.494778979908336, Validation RMSE = 0.686558536445024
Epoch 133: Train Loss = -13.494778979908336, Validation RMSE = 0.686558536445024
Epoch 134: Train Loss = -13.435530402443625, Validation RMSE = 0.6850671539235169
Epoch 134: Train Loss = -13.435530402443625, Validation RMSE = 0.6850671539235169
Epoch 135: Train Loss = -13.42803278836337, Validation RMSE = 0.6798021207806317
Epoch 135: Train Loss = -13.42803278836337, Validation RMSE = 0.6798021207806317
Epoch 136: Train Loss = -13.489436409690164, Validation RMSE = 0.6874017462785997
Epoch 136: Train Loss = -13.489436409690164, Validation RMSE = 0.6874017462785997
Epoch 137: Train Loss = -13.464336135170676, Validation RMSE = 0.6816561979734411
Epoch 137: Train Loss = -13.464336135170676, Validation RMSE = 0.6816561979734411
Epoch 138: Train Loss = -13.441414919766514, Validation RMSE = 0.6816344175157353
Epoch 138: Train Loss = -13.441414919766514, Validation RMSE = 0.6816344175157353
Epoch 139: Train Loss = -13.566484104503285, Validation RMSE = 0.6873629747903148
Epoch 139: Train Loss = -13.566484104503285, Validation RMSE = 0.6873629747903148
Epoch 140: Train Loss = -13.581273425709117, Validation RMSE = 0.6743960861927578
Epoch 140: Train Loss = -13.581273425709117, Validation RMSE = 0.6743960861927578
Epoch 141: Train Loss = -13.536834196610885, Validation RMSE = 0.6998765940480522
Epoch 141: Train Loss = -13.536834196610885, Validation RMSE = 0.6998765940480522
Epoch 142: Train Loss = -13.482352083379572, Validation RMSE = 0.6802162931651535
Epoch 142: Train Loss = -13.482352083379572, Validation RMSE = 0.6802162931651535
Epoch 143: Train Loss = -13.621524464000355, Validation RMSE = 0.6895419863090894
Epoch 143: Train Loss = -13.621524464000355, Validation RMSE = 0.6895419863090894
Epoch 144: Train Loss = -13.51401051607999, Validation RMSE = 0.6888695346232395
Epoch 144: Train Loss = -13.51401051607999, Validation RMSE = 0.6888695346232395
Epoch 145: Train Loss = -13.444871642372824, Validation RMSE = 0.7058273775618262
Epoch 145: Train Loss = -13.444871642372824, Validation RMSE = 0.7058273775618262
Epoch 146: Train Loss = -13.501608154990457, Validation RMSE = 0.6981088104547016
Epoch 146: Train Loss = -13.501608154990457, Validation RMSE = 0.6981088104547016
Epoch 147: Train Loss = -13.620209520513361, Validation RMSE = 0.6799142329167126
Epoch 147: Train Loss = -13.620209520513361, Validation RMSE = 0.6799142329167126
Epoch 148: Train Loss = -13.676229390231045, Validation RMSE = 0.6804754071062444
Epoch 148: Train Loss = -13.676229390231045, Validation RMSE = 0.6804754071062444
Epoch 149: Train Loss = -13.513073054226963, Validation RMSE = 0.6758837997929529
Epoch 149: Train Loss = -13.513073054226963, Validation RMSE = 0.6758837997929529
Epoch 150: Train Loss = -13.527412587946111, Validation RMSE = 0.6891042921424357
Epoch 150: Train Loss = -13.527412587946111, Validation RMSE = 0.6891042921424357
Epoch 151: Train Loss = -13.485709537159313, Validation RMSE = 0.6798351464671423
Epoch 151: Train Loss = -13.485709537159313, Validation RMSE = 0.6798351464671423
Epoch 152: Train Loss = -13.462838172912598, Validation RMSE = 0.6962965710321656
Epoch 152: Train Loss = -13.462838172912598, Validation RMSE = 0.6962965710321656
Epoch 153: Train Loss = -13.567376483570445, Validation RMSE = 0.6862775862301624
Epoch 153: Train Loss = -13.567376483570445, Validation RMSE = 0.6862775862301624
Epoch 154: Train Loss = -13.624371441927822, Validation RMSE = 0.6772891166349609
Epoch 154: Train Loss = -13.624371441927822, Validation RMSE = 0.6772891166349609
Epoch 155: Train Loss = -13.608064304698598, Validation RMSE = 0.6711781407070431
Epoch 155: Train Loss = -13.608064304698598, Validation RMSE = 0.6711781407070431
Epoch 156: Train Loss = -13.597063064575195, Validation RMSE = 0.6786907510380253
Epoch 156: Train Loss = -13.597063064575195, Validation RMSE = 0.6786907510380253
Epoch 157: Train Loss = -13.541772842407227, Validation RMSE = 0.6797073778419412
Epoch 157: Train Loss = -13.541772842407227, Validation RMSE = 0.6797073778419412
Epoch 158: Train Loss = -13.527618321505459, Validation RMSE = 0.6853480456548653
Epoch 158: Train Loss = -13.527618321505459, Validation RMSE = 0.6853480456548653
Epoch 159: Train Loss = -13.510581710121848, Validation RMSE = 0.6774680921909023
Epoch 159: Train Loss = -13.510581710121848, Validation RMSE = 0.6774680921909023
Epoch 160: Train Loss = -13.520051435990768, Validation RMSE = 0.6809521978232026
Epoch 160: Train Loss = -13.520051435990768, Validation RMSE = 0.6809521978232026
Epoch 161: Train Loss = -13.547552889043635, Validation RMSE = 0.6793490309522087
Epoch 161: Train Loss = -13.547552889043635, Validation RMSE = 0.6793490309522087
Epoch 162: Train Loss = -13.590621774846857, Validation RMSE = 0.6978097549096207
Epoch 162: Train Loss = -13.590621774846857, Validation RMSE = 0.6978097549096207
Epoch 163: Train Loss = -13.602780948985707, Validation RMSE = 0.6692911200581793
Epoch 163: Train Loss = -13.602780948985707, Validation RMSE = 0.6692911200581793
Epoch 164: Train Loss = -13.648764523592861, Validation RMSE = 0.6872120523742219
Epoch 164: Train Loss = -13.648764523592861, Validation RMSE = 0.6872120523742219
Epoch 165: Train Loss = -13.56237827647816, Validation RMSE = 0.6876776173779524
Epoch 165: Train Loss = -13.56237827647816, Validation RMSE = 0.6876776173779524
Epoch 166: Train Loss = -13.61726188659668, Validation RMSE = 0.6879225650911658
Epoch 166: Train Loss = -13.61726188659668, Validation RMSE = 0.6879225650911658
Epoch 167: Train Loss = -13.611197558316318, Validation RMSE = 0.693507797370234
Epoch 167: Train Loss = -13.611197558316318, Validation RMSE = 0.693507797370234
Epoch 168: Train Loss = -13.672804832458496, Validation RMSE = 0.7000440576554974
Epoch 168: Train Loss = -13.672804832458496, Validation RMSE = 0.7000440576554974
Epoch 169: Train Loss = -13.568986112421209, Validation RMSE = 0.6795684443448431
Epoch 169: Train Loss = -13.568986112421209, Validation RMSE = 0.6795684443448431
Epoch 170: Train Loss = -13.747207641601562, Validation RMSE = 0.6825026973778507
Epoch 170: Train Loss = -13.747207641601562, Validation RMSE = 0.6825026973778507
Epoch 171: Train Loss = -13.742969686334783, Validation RMSE = 0.6740486892194695
Epoch 171: Train Loss = -13.742969686334783, Validation RMSE = 0.6740486892194695
Epoch 172: Train Loss = -13.550183209505947, Validation RMSE = 0.6913103572392432
Epoch 172: Train Loss = -13.550183209505947, Validation RMSE = 0.6913103572392432
Epoch 173: Train Loss = -13.623481230302291, Validation RMSE = 0.6921188220014112
Epoch 173: Train Loss = -13.623481230302291, Validation RMSE = 0.6921188220014112
Epoch 174: Train Loss = -13.683259617198598, Validation RMSE = 0.6946332176402358
Epoch 174: Train Loss = -13.683259617198598, Validation RMSE = 0.6946332176402358
Epoch 175: Train Loss = -13.603862328962846, Validation RMSE = 0.6804125928292817
Epoch 175: Train Loss = -13.603862328962846, Validation RMSE = 0.6804125928292817
Epoch 176: Train Loss = -13.617854811928488, Validation RMSE = 0.6888118105521359
Epoch 176: Train Loss = -13.617854811928488, Validation RMSE = 0.6888118105521359
Epoch 177: Train Loss = -13.675418680364436, Validation RMSE = 0.6858041358090884
Epoch 177: Train Loss = -13.675418680364436, Validation RMSE = 0.6858041358090884
Epoch 178: Train Loss = -13.75196985764937, Validation RMSE = 0.6811194095231651
Epoch 178: Train Loss = -13.75196985764937, Validation RMSE = 0.6811194095231651
Epoch 179: Train Loss = -13.582984750921076, Validation RMSE = 0.7096207639141587
Epoch 179: Train Loss = -13.582984750921076, Validation RMSE = 0.7096207639141587
Epoch 180: Train Loss = -13.64250321821733, Validation RMSE = 0.68355190782867
Epoch 180: Train Loss = -13.64250321821733, Validation RMSE = 0.68355190782867
Epoch 181: Train Loss = -13.660242080688477, Validation RMSE = 0.6915441538551301
Epoch 181: Train Loss = -13.660242080688477, Validation RMSE = 0.6915441538551301
Epoch 182: Train Loss = -13.739339741793545, Validation RMSE = 0.7003408710503144
Epoch 182: Train Loss = -13.739339741793545, Validation RMSE = 0.7003408710503144
Epoch 183: Train Loss = -13.66181503642689, Validation RMSE = 0.6944027840506601
Epoch 183: Train Loss = -13.66181503642689, Validation RMSE = 0.6944027840506601
Epoch 184: Train Loss = -13.688367063348943, Validation RMSE = 0.7102359373339222
Epoch 184: Train Loss = -13.688367063348943, Validation RMSE = 0.7102359373339222
Epoch 185: Train Loss = -13.647016005082564, Validation RMSE = 0.6879347959719029
Epoch 185: Train Loss = -13.647016005082564, Validation RMSE = 0.6879347959719029
Epoch 186: Train Loss = -13.688916032964533, Validation RMSE = 0.6988335191237216
Epoch 186: Train Loss = -13.688916032964533, Validation RMSE = 0.6988335191237216
Epoch 187: Train Loss = -13.633676008744674, Validation RMSE = 0.6984767776963046
Epoch 187: Train Loss = -13.633676008744674, Validation RMSE = 0.6984767776963046
Epoch 188: Train Loss = -13.707881580699574, Validation RMSE = 0.6939315898526773
Epoch 188: Train Loss = -13.707881580699574, Validation RMSE = 0.6939315898526773
Epoch 189: Train Loss = -13.593647783452814, Validation RMSE = 0.674486014842447
Epoch 189: Train Loss = -13.593647783452814, Validation RMSE = 0.674486014842447
Epoch 190: Train Loss = -13.721626541831277, Validation RMSE = 0.6823488151987083
Epoch 190: Train Loss = -13.721626541831277, Validation RMSE = 0.6823488151987083
Epoch 191: Train Loss = -13.795853961597789, Validation RMSE = 0.6896018744922456
Epoch 191: Train Loss = -13.795853961597789, Validation RMSE = 0.6896018744922456
Epoch 192: Train Loss = -13.78283674066717, Validation RMSE = 0.6868481872778264
Epoch 192: Train Loss = -13.78283674066717, Validation RMSE = 0.6868481872778264
Epoch 193: Train Loss = -13.710232821377842, Validation RMSE = 0.67576958982943
Epoch 193: Train Loss = -13.710232821377842, Validation RMSE = 0.67576958982943
Epoch 194: Train Loss = -13.730156465010209, Validation RMSE = 0.6919186183131036
Epoch 194: Train Loss = -13.730156465010209, Validation RMSE = 0.6919186183131036
Epoch 195: Train Loss = -13.674331925132059, Validation RMSE = 0.6908356892047562
Epoch 195: Train Loss = -13.674331925132059, Validation RMSE = 0.6908356892047562
Epoch 196: Train Loss = -13.754745830189098, Validation RMSE = 0.6934312256184092
Epoch 196: Train Loss = -13.754745830189098, Validation RMSE = 0.6934312256184092
Epoch 197: Train Loss = -13.63067982413552, Validation RMSE = 0.6716198151616168
Epoch 197: Train Loss = -13.63067982413552, Validation RMSE = 0.6716198151616168
Epoch 198: Train Loss = -13.719226143576883, Validation RMSE = 0.695930918018519
Epoch 198: Train Loss = -13.719226143576883, Validation RMSE = 0.695930918018519
Epoch 199: Train Loss = -13.758954741738059, Validation RMSE = 0.6872083601755008
Epoch 199: Train Loss = -13.758954741738059, Validation RMSE = 0.6872083601755008
