{'activation': 'ReLU',
 'batch_size': 50,
 'cuda': True,
 'data_path': 'dataset/delaney.csv',
 'depth': 3,
 'epochs': 200,
 'ffn_hidden_size': 300,
 'ffn_num_layers': 2,
 'final_lr': 0.0001,
 'hidden_size': 300,
 'init_lr': 0.0001,
 'kl_weight': 1.0,
 'max_lr': 0.001,
 'regularization_scale': 0.0001,
 'sampling_size': 20,
 'save_dir': 'results\\cd\\delaney_checkpoints\\seed_123',
 'save_smiles_splits': False,
 'seed': 123,
 'split_sizes': [0.5, 0.2, 0.3],
 'split_type': 'random',
 'task_names': 'delaney',
 'train_strategy': 'cd',
 'warmup_epochs': 2.0}
{'activation': 'ReLU',
 'batch_size': 50,
 'cuda': True,
 'data_path': 'dataset/delaney.csv',
 'depth': 3,
 'epochs': 200,
 'ffn_hidden_size': 300,
 'ffn_num_layers': 2,
 'final_lr': 0.0001,
 'hidden_size': 300,
 'init_lr': 0.0001,
 'kl_weight': 1.0,
 'max_lr': 0.001,
 'regularization_scale': 0.0001,
 'sampling_size': 20,
 'save_dir': 'results\\cd\\delaney_checkpoints\\seed_123',
 'save_smiles_splits': False,
 'seed': 123,
 'split_sizes': [0.5, 0.2, 0.3],
 'split_type': 'random',
 'task_names': 'delaney',
 'train_strategy': 'cd',
 'warmup_epochs': 2.0}
Loading data...
Loading data...
Splitting data with seed 123
Splitting data with seed 123
Finish Loading and Splitting... Total size = 1,128 | train size = 564 | val size = 225 | test size = 339
Finish Loading and Splitting... Total size = 1,128 | train size = 564 | val size = 225 | test size = 339
Fitting scaler
Fitting scaler
Building model...
Building model...
Number of parameters = 355,206
Number of parameters = 355,206
Moving model to cuda
Moving model to cuda
Epoch 0: Train Loss = -2.386260520328175, Validation RMSE = 2.045970293212756
Epoch 0: Train Loss = -2.386260520328175, Validation RMSE = 2.045970293212756
Epoch 1: Train Loss = -2.7543971105055376, Validation RMSE = 1.97810536156689
Epoch 1: Train Loss = -2.7543971105055376, Validation RMSE = 1.97810536156689
Epoch 2: Train Loss = -2.7816919630224053, Validation RMSE = 1.8145265920341624
Epoch 2: Train Loss = -2.7816919630224053, Validation RMSE = 1.8145265920341624
Epoch 3: Train Loss = -2.8585438294844194, Validation RMSE = 1.8200919378383462
Epoch 3: Train Loss = -2.8585438294844194, Validation RMSE = 1.8200919378383462
Epoch 4: Train Loss = -2.803259025920521, Validation RMSE = 2.1005966767206234
Epoch 4: Train Loss = -2.803259025920521, Validation RMSE = 2.1005966767206234
Epoch 5: Train Loss = -2.8985567526383833, Validation RMSE = 1.717989753486902
Epoch 5: Train Loss = -2.8985567526383833, Validation RMSE = 1.717989753486902
Epoch 6: Train Loss = -3.0868881832469595, Validation RMSE = 1.5546590564925375
Epoch 6: Train Loss = -3.0868881832469595, Validation RMSE = 1.5546590564925375
Epoch 7: Train Loss = -3.083593108437278, Validation RMSE = 1.4624444401678804
Epoch 7: Train Loss = -3.083593108437278, Validation RMSE = 1.4624444401678804
Epoch 8: Train Loss = -3.1972247037020596, Validation RMSE = 1.4435559671746614
Epoch 8: Train Loss = -3.1972247037020596, Validation RMSE = 1.4435559671746614
Epoch 9: Train Loss = -3.249037114056674, Validation RMSE = 1.4879288874066559
Epoch 9: Train Loss = -3.249037114056674, Validation RMSE = 1.4879288874066559
Epoch 10: Train Loss = -3.3141031048514624, Validation RMSE = 1.3237082925252828
Epoch 10: Train Loss = -3.3141031048514624, Validation RMSE = 1.3237082925252828
Epoch 11: Train Loss = -3.286969553340565, Validation RMSE = 1.506891036672916
Epoch 11: Train Loss = -3.286969553340565, Validation RMSE = 1.506891036672916
Epoch 12: Train Loss = -3.235519365830855, Validation RMSE = 1.465661179530199
Epoch 12: Train Loss = -3.235519365830855, Validation RMSE = 1.465661179530199
Epoch 13: Train Loss = -3.301120562986894, Validation RMSE = 1.4850399399156722
Epoch 13: Train Loss = -3.301120562986894, Validation RMSE = 1.4850399399156722
Epoch 14: Train Loss = -3.306855158372359, Validation RMSE = 1.2998100686996603
Epoch 14: Train Loss = -3.306855158372359, Validation RMSE = 1.2998100686996603
Epoch 15: Train Loss = -3.3431652892719614, Validation RMSE = 1.2752073484130328
Epoch 15: Train Loss = -3.3431652892719614, Validation RMSE = 1.2752073484130328
Epoch 16: Train Loss = -3.30838359485973, Validation RMSE = 1.2685684409120852
Epoch 16: Train Loss = -3.30838359485973, Validation RMSE = 1.2685684409120852
Epoch 17: Train Loss = -3.462918910113248, Validation RMSE = 1.203692719141429
Epoch 17: Train Loss = -3.462918910113248, Validation RMSE = 1.203692719141429
Epoch 18: Train Loss = -3.4253165505149146, Validation RMSE = 1.224583525170956
Epoch 18: Train Loss = -3.4253165505149146, Validation RMSE = 1.224583525170956
Epoch 19: Train Loss = -3.4508756290782583, Validation RMSE = 1.4286029865857723
Epoch 19: Train Loss = -3.4508756290782583, Validation RMSE = 1.4286029865857723
Epoch 20: Train Loss = -3.4158478650179775, Validation RMSE = 1.2372561310567667
Epoch 20: Train Loss = -3.4158478650179775, Validation RMSE = 1.2372561310567667
Epoch 21: Train Loss = -3.4581488262523306, Validation RMSE = 1.1618381773918214
Epoch 21: Train Loss = -3.4581488262523306, Validation RMSE = 1.1618381773918214
Epoch 22: Train Loss = -3.4756731553511186, Validation RMSE = 1.3025810182390432
Epoch 22: Train Loss = -3.4756731553511186, Validation RMSE = 1.3025810182390432
Epoch 23: Train Loss = -3.462093396620317, Validation RMSE = 1.1271247249756773
Epoch 23: Train Loss = -3.462093396620317, Validation RMSE = 1.1271247249756773
Epoch 24: Train Loss = -3.4773744236339224, Validation RMSE = 1.1377633641071263
Epoch 24: Train Loss = -3.4773744236339224, Validation RMSE = 1.1377633641071263
Epoch 25: Train Loss = -3.4951720237731934, Validation RMSE = 1.184566045227953
Epoch 25: Train Loss = -3.4951720237731934, Validation RMSE = 1.184566045227953
Epoch 26: Train Loss = -3.498636332425204, Validation RMSE = 1.092032041813827
Epoch 26: Train Loss = -3.498636332425204, Validation RMSE = 1.092032041813827
Epoch 27: Train Loss = -3.6091013821688565, Validation RMSE = 1.085141208710771
Epoch 27: Train Loss = -3.6091013821688565, Validation RMSE = 1.085141208710771
Epoch 28: Train Loss = -3.6162905259565874, Validation RMSE = 1.054479631802828
Epoch 28: Train Loss = -3.6162905259565874, Validation RMSE = 1.054479631802828
Epoch 29: Train Loss = -3.552582784132524, Validation RMSE = 1.0566459001450321
Epoch 29: Train Loss = -3.552582784132524, Validation RMSE = 1.0566459001450321
Epoch 30: Train Loss = -3.5914589058269155, Validation RMSE = 1.0760734952533129
Epoch 30: Train Loss = -3.5914589058269155, Validation RMSE = 1.0760734952533129
Epoch 31: Train Loss = -3.626653888008811, Validation RMSE = 1.036947940466084
Epoch 31: Train Loss = -3.626653888008811, Validation RMSE = 1.036947940466084
Epoch 32: Train Loss = -3.5484785816886206, Validation RMSE = 1.0518414643825396
Epoch 32: Train Loss = -3.5484785816886206, Validation RMSE = 1.0518414643825396
Epoch 33: Train Loss = -3.5544602654196997, Validation RMSE = 1.1288707562118594
Epoch 33: Train Loss = -3.5544602654196997, Validation RMSE = 1.1288707562118594
Epoch 34: Train Loss = -3.6497231180017646, Validation RMSE = 1.0080503802561538
Epoch 34: Train Loss = -3.6497231180017646, Validation RMSE = 1.0080503802561538
Epoch 35: Train Loss = -3.6133873896165327, Validation RMSE = 1.1107375496793954
Epoch 35: Train Loss = -3.6133873896165327, Validation RMSE = 1.1107375496793954
Epoch 36: Train Loss = -3.6907694123008032, Validation RMSE = 1.0908270867667078
Epoch 36: Train Loss = -3.6907694123008032, Validation RMSE = 1.0908270867667078
Epoch 37: Train Loss = -3.6491459716450083, Validation RMSE = 1.0716871525597667
Epoch 37: Train Loss = -3.6491459716450083, Validation RMSE = 1.0716871525597667
Epoch 38: Train Loss = -3.69942324811762, Validation RMSE = 1.044983122872548
Epoch 38: Train Loss = -3.69942324811762, Validation RMSE = 1.044983122872548
Epoch 39: Train Loss = -3.741819229992953, Validation RMSE = 0.979825861343026
Epoch 39: Train Loss = -3.741819229992953, Validation RMSE = 0.979825861343026
Epoch 40: Train Loss = -3.7042701461098413, Validation RMSE = 1.1522535024136933
Epoch 40: Train Loss = -3.7042701461098413, Validation RMSE = 1.1522535024136933
Epoch 41: Train Loss = -3.5056288675828413, Validation RMSE = 1.1643268962081776
Epoch 41: Train Loss = -3.5056288675828413, Validation RMSE = 1.1643268962081776
Epoch 42: Train Loss = -3.5052426511591133, Validation RMSE = 1.0537133420225169
Epoch 42: Train Loss = -3.5052426511591133, Validation RMSE = 1.0537133420225169
Epoch 43: Train Loss = -3.7040065201846035, Validation RMSE = 0.9857054325331761
Epoch 43: Train Loss = -3.7040065201846035, Validation RMSE = 0.9857054325331761
Epoch 44: Train Loss = -3.6843572746623647, Validation RMSE = 1.0695724128234751
Epoch 44: Train Loss = -3.6843572746623647, Validation RMSE = 1.0695724128234751
Epoch 45: Train Loss = -3.6540350047024814, Validation RMSE = 0.9771949372481595
Epoch 45: Train Loss = -3.6540350047024814, Validation RMSE = 0.9771949372481595
Epoch 46: Train Loss = -3.777199159968983, Validation RMSE = 0.9728595630444111
Epoch 46: Train Loss = -3.777199159968983, Validation RMSE = 0.9728595630444111
Epoch 47: Train Loss = -3.6773506077853115, Validation RMSE = 0.9835835670238933
Epoch 47: Train Loss = -3.6773506077853115, Validation RMSE = 0.9835835670238933
Epoch 48: Train Loss = -3.7543423609300093, Validation RMSE = 0.9475598585103909
Epoch 48: Train Loss = -3.7543423609300093, Validation RMSE = 0.9475598585103909
Epoch 49: Train Loss = -3.7391813451593574, Validation RMSE = 0.9536541060300183
Epoch 49: Train Loss = -3.7391813451593574, Validation RMSE = 0.9536541060300183
Epoch 50: Train Loss = -3.740091995759444, Validation RMSE = 0.9433699404839706
Epoch 50: Train Loss = -3.740091995759444, Validation RMSE = 0.9433699404839706
Epoch 51: Train Loss = -3.8537472161379727, Validation RMSE = 0.9059809187491678
Epoch 51: Train Loss = -3.8537472161379727, Validation RMSE = 0.9059809187491678
Epoch 52: Train Loss = -3.8172143589366567, Validation RMSE = 0.9304520981467247
Epoch 52: Train Loss = -3.8172143589366567, Validation RMSE = 0.9304520981467247
Epoch 53: Train Loss = -3.7711075219241055, Validation RMSE = 0.9211919266074046
Epoch 53: Train Loss = -3.7711075219241055, Validation RMSE = 0.9211919266074046
Epoch 54: Train Loss = -3.857551011172208, Validation RMSE = 0.8929356519241954
Epoch 54: Train Loss = -3.857551011172208, Validation RMSE = 0.8929356519241954
Epoch 55: Train Loss = -3.8411048542369497, Validation RMSE = 0.899088894406361
Epoch 55: Train Loss = -3.8411048542369497, Validation RMSE = 0.899088894406361
Epoch 56: Train Loss = -3.919544740156694, Validation RMSE = 0.9141105671870637
Epoch 56: Train Loss = -3.919544740156694, Validation RMSE = 0.9141105671870637
Epoch 57: Train Loss = -3.833496787331321, Validation RMSE = 0.9117505796000528
Epoch 57: Train Loss = -3.833496787331321, Validation RMSE = 0.9117505796000528
Epoch 58: Train Loss = -3.883524938063188, Validation RMSE = 0.9393123028796051
Epoch 58: Train Loss = -3.883524938063188, Validation RMSE = 0.9393123028796051
Epoch 59: Train Loss = -3.892209681597623, Validation RMSE = 0.9356070546981575
Epoch 59: Train Loss = -3.892209681597623, Validation RMSE = 0.9356070546981575
Epoch 60: Train Loss = -3.768230004744096, Validation RMSE = 0.9046767605067277
Epoch 60: Train Loss = -3.768230004744096, Validation RMSE = 0.9046767605067277
Epoch 61: Train Loss = -3.8537657911127265, Validation RMSE = 0.9377662626288666
Epoch 61: Train Loss = -3.8537657911127265, Validation RMSE = 0.9377662626288666
Epoch 62: Train Loss = -3.8975413279099898, Validation RMSE = 0.8978127600530491
Epoch 62: Train Loss = -3.8975413279099898, Validation RMSE = 0.8978127600530491
Epoch 63: Train Loss = -3.925340760837902, Validation RMSE = 0.9108907903490338
Epoch 63: Train Loss = -3.925340760837902, Validation RMSE = 0.9108907903490338
Epoch 64: Train Loss = -3.92380614714189, Validation RMSE = 0.9153150297664493
Epoch 64: Train Loss = -3.92380614714189, Validation RMSE = 0.9153150297664493
Epoch 65: Train Loss = -3.870946667411111, Validation RMSE = 0.9153195296975685
Epoch 65: Train Loss = -3.870946667411111, Validation RMSE = 0.9153195296975685
Epoch 66: Train Loss = -3.9516486037861216, Validation RMSE = 0.8711144937723272
Epoch 66: Train Loss = -3.9516486037861216, Validation RMSE = 0.8711144937723272
Epoch 67: Train Loss = -3.917477477680553, Validation RMSE = 0.876871303418045
Epoch 67: Train Loss = -3.917477477680553, Validation RMSE = 0.876871303418045
Epoch 68: Train Loss = -3.962581591172652, Validation RMSE = 0.8923084022028014
Epoch 68: Train Loss = -3.962581591172652, Validation RMSE = 0.8923084022028014
Epoch 69: Train Loss = -3.8464731736616655, Validation RMSE = 0.939192185853774
Epoch 69: Train Loss = -3.8464731736616655, Validation RMSE = 0.939192185853774
Epoch 70: Train Loss = -3.832741607319225, Validation RMSE = 0.8761482084564342
Epoch 70: Train Loss = -3.832741607319225, Validation RMSE = 0.8761482084564342
Epoch 71: Train Loss = -3.899045293981379, Validation RMSE = 0.9433024251411454
Epoch 71: Train Loss = -3.899045293981379, Validation RMSE = 0.9433024251411454
Epoch 72: Train Loss = -3.997205300764604, Validation RMSE = 0.8950069510967394
Epoch 72: Train Loss = -3.997205300764604, Validation RMSE = 0.8950069510967394
Epoch 73: Train Loss = -3.8000384244051846, Validation RMSE = 1.0030440037340524
Epoch 73: Train Loss = -3.8000384244051846, Validation RMSE = 1.0030440037340524
Epoch 74: Train Loss = -3.8999161503531714, Validation RMSE = 0.9199081411865495
Epoch 74: Train Loss = -3.8999161503531714, Validation RMSE = 0.9199081411865495
Epoch 75: Train Loss = -3.923891240900213, Validation RMSE = 0.8711155276255189
Epoch 75: Train Loss = -3.923891240900213, Validation RMSE = 0.8711155276255189
Epoch 76: Train Loss = -3.9895126819610596, Validation RMSE = 0.8687127904440396
Epoch 76: Train Loss = -3.9895126819610596, Validation RMSE = 0.8687127904440396
Epoch 77: Train Loss = -3.9506598602641714, Validation RMSE = 0.8812367230808679
Epoch 77: Train Loss = -3.9506598602641714, Validation RMSE = 0.8812367230808679
Epoch 78: Train Loss = -4.034452698447487, Validation RMSE = 0.8598461215987602
Epoch 78: Train Loss = -4.034452698447487, Validation RMSE = 0.8598461215987602
Epoch 79: Train Loss = -3.974972529844804, Validation RMSE = 0.8383510870880744
Epoch 79: Train Loss = -3.974972529844804, Validation RMSE = 0.8383510870880744
Epoch 80: Train Loss = -3.9296834685585718, Validation RMSE = 0.9061346912333597
Epoch 80: Train Loss = -3.9296834685585718, Validation RMSE = 0.9061346912333597
Epoch 81: Train Loss = -3.9497763243588535, Validation RMSE = 0.8285145437716064
Epoch 81: Train Loss = -3.9497763243588535, Validation RMSE = 0.8285145437716064
Epoch 82: Train Loss = -3.916438948024403, Validation RMSE = 0.8739932751443423
Epoch 82: Train Loss = -3.916438948024403, Validation RMSE = 0.8739932751443423
Epoch 83: Train Loss = -3.9375360012054443, Validation RMSE = 0.9432617496153085
Epoch 83: Train Loss = -3.9375360012054443, Validation RMSE = 0.9432617496153085
Epoch 84: Train Loss = -3.9867336316542192, Validation RMSE = 0.8550153673931403
Epoch 84: Train Loss = -3.9867336316542192, Validation RMSE = 0.8550153673931403
Epoch 85: Train Loss = -4.032080086794767, Validation RMSE = 0.8654222649515124
Epoch 85: Train Loss = -4.032080086794767, Validation RMSE = 0.8654222649515124
Epoch 86: Train Loss = -4.10509712045843, Validation RMSE = 0.8719896129859797
Epoch 86: Train Loss = -4.10509712045843, Validation RMSE = 0.8719896129859797
Epoch 87: Train Loss = -4.058878031643954, Validation RMSE = 0.8597656331306059
Epoch 87: Train Loss = -4.058878031643954, Validation RMSE = 0.8597656331306059
Epoch 88: Train Loss = -3.9523574005473745, Validation RMSE = 0.8461638537060102
Epoch 88: Train Loss = -3.9523574005473745, Validation RMSE = 0.8461638537060102
Epoch 89: Train Loss = -4.076321233402599, Validation RMSE = 0.868359394863817
Epoch 89: Train Loss = -4.076321233402599, Validation RMSE = 0.868359394863817
Epoch 90: Train Loss = -4.126645304939964, Validation RMSE = 0.8547835068100615
Epoch 90: Train Loss = -4.126645304939964, Validation RMSE = 0.8547835068100615
Epoch 91: Train Loss = -3.9308135509490967, Validation RMSE = 0.9073608741157563
Epoch 91: Train Loss = -3.9308135509490967, Validation RMSE = 0.9073608741157563
Epoch 92: Train Loss = -3.869413289156827, Validation RMSE = 0.8993358218407485
Epoch 92: Train Loss = -3.869413289156827, Validation RMSE = 0.8993358218407485
Epoch 93: Train Loss = -3.9940713969143955, Validation RMSE = 0.9048175338109555
Epoch 93: Train Loss = -3.9940713969143955, Validation RMSE = 0.9048175338109555
Epoch 94: Train Loss = -4.077733169902455, Validation RMSE = 0.8984127548875339
Epoch 94: Train Loss = -4.077733169902455, Validation RMSE = 0.8984127548875339
Epoch 95: Train Loss = -4.042885628613559, Validation RMSE = 0.9560294767294237
Epoch 95: Train Loss = -4.042885628613559, Validation RMSE = 0.9560294767294237
Epoch 96: Train Loss = -4.018773490732366, Validation RMSE = 0.8554658033383709
Epoch 96: Train Loss = -4.018773490732366, Validation RMSE = 0.8554658033383709
Epoch 97: Train Loss = -4.051865686069835, Validation RMSE = 0.8196344271139908
Epoch 97: Train Loss = -4.051865686069835, Validation RMSE = 0.8196344271139908
Epoch 98: Train Loss = -4.049557555805553, Validation RMSE = 0.8259168626840533
Epoch 98: Train Loss = -4.049557555805553, Validation RMSE = 0.8259168626840533
Epoch 99: Train Loss = -4.022104545073076, Validation RMSE = 0.8482789074616531
Epoch 99: Train Loss = -4.022104545073076, Validation RMSE = 0.8482789074616531
Epoch 100: Train Loss = -4.102916587482799, Validation RMSE = 0.8660280902814752
Epoch 100: Train Loss = -4.102916587482799, Validation RMSE = 0.8660280902814752
Epoch 101: Train Loss = -4.0870654149488965, Validation RMSE = 0.835970763654261
Epoch 101: Train Loss = -4.0870654149488965, Validation RMSE = 0.835970763654261
Epoch 102: Train Loss = -3.9260581623424184, Validation RMSE = 0.9332857788162037
Epoch 102: Train Loss = -3.9260581623424184, Validation RMSE = 0.9332857788162037
Epoch 103: Train Loss = -4.0110437436537305, Validation RMSE = 0.8709632983722
Epoch 103: Train Loss = -4.0110437436537305, Validation RMSE = 0.8709632983722
Epoch 104: Train Loss = -4.14643814347007, Validation RMSE = 0.850218021391543
Epoch 104: Train Loss = -4.14643814347007, Validation RMSE = 0.850218021391543
Epoch 105: Train Loss = -4.172683477401733, Validation RMSE = 0.84150850286854
Epoch 105: Train Loss = -4.172683477401733, Validation RMSE = 0.84150850286854
Epoch 106: Train Loss = -4.079938520084728, Validation RMSE = 0.8588750108832117
Epoch 106: Train Loss = -4.079938520084728, Validation RMSE = 0.8588750108832117
Epoch 107: Train Loss = -4.140372037887573, Validation RMSE = 0.8391703042407538
Epoch 107: Train Loss = -4.140372037887573, Validation RMSE = 0.8391703042407538
Epoch 108: Train Loss = -4.107971559871327, Validation RMSE = 0.8560728977420202
Epoch 108: Train Loss = -4.107971559871327, Validation RMSE = 0.8560728977420202
Epoch 109: Train Loss = -4.153754992918535, Validation RMSE = 0.8224007064912876
Epoch 109: Train Loss = -4.153754992918535, Validation RMSE = 0.8224007064912876
Epoch 110: Train Loss = -4.153458833694458, Validation RMSE = 0.8287741277361075
Epoch 110: Train Loss = -4.153458833694458, Validation RMSE = 0.8287741277361075
Epoch 111: Train Loss = -4.1802144050598145, Validation RMSE = 0.8068136436751565
Epoch 111: Train Loss = -4.1802144050598145, Validation RMSE = 0.8068136436751565
Epoch 112: Train Loss = -4.25403356552124, Validation RMSE = 0.8123791082535583
Epoch 112: Train Loss = -4.25403356552124, Validation RMSE = 0.8123791082535583
Epoch 113: Train Loss = -4.221489971334284, Validation RMSE = 0.8223143136290955
Epoch 113: Train Loss = -4.221489971334284, Validation RMSE = 0.8223143136290955
Epoch 114: Train Loss = -4.079406023025513, Validation RMSE = 0.8202238432358063
Epoch 114: Train Loss = -4.079406023025513, Validation RMSE = 0.8202238432358063
Epoch 115: Train Loss = -4.154626933011142, Validation RMSE = 0.8361763297634451
Epoch 115: Train Loss = -4.154626933011142, Validation RMSE = 0.8361763297634451
Epoch 116: Train Loss = -4.166593508286909, Validation RMSE = 0.828768305926136
Epoch 116: Train Loss = -4.166593508286909, Validation RMSE = 0.828768305926136
Epoch 117: Train Loss = -4.1894352869554, Validation RMSE = 0.8396994149239764
Epoch 117: Train Loss = -4.1894352869554, Validation RMSE = 0.8396994149239764
Epoch 118: Train Loss = -4.159808483990756, Validation RMSE = 0.8114158635142591
Epoch 118: Train Loss = -4.159808483990756, Validation RMSE = 0.8114158635142591
Epoch 119: Train Loss = -4.009415344758467, Validation RMSE = 0.81323624095451
Epoch 119: Train Loss = -4.009415344758467, Validation RMSE = 0.81323624095451
Epoch 120: Train Loss = -4.199840220538053, Validation RMSE = 0.8621779812050586
Epoch 120: Train Loss = -4.199840220538053, Validation RMSE = 0.8621779812050586
Epoch 121: Train Loss = -4.138140678405762, Validation RMSE = 0.8216755826860828
Epoch 121: Train Loss = -4.138140678405762, Validation RMSE = 0.8216755826860828
Epoch 122: Train Loss = -4.246523532000455, Validation RMSE = 0.8182917784025349
Epoch 122: Train Loss = -4.246523532000455, Validation RMSE = 0.8182917784025349
Epoch 123: Train Loss = -4.182694890282371, Validation RMSE = 0.7943500243460189
Epoch 123: Train Loss = -4.182694890282371, Validation RMSE = 0.7943500243460189
Epoch 124: Train Loss = -4.1313324191353535, Validation RMSE = 0.8571589098020463
Epoch 124: Train Loss = -4.1313324191353535, Validation RMSE = 0.8571589098020463
Epoch 125: Train Loss = -4.206117781725797, Validation RMSE = 0.8543518643764558
Epoch 125: Train Loss = -4.206117781725797, Validation RMSE = 0.8543518643764558
Epoch 126: Train Loss = -4.152477286078713, Validation RMSE = 0.7991548653941537
Epoch 126: Train Loss = -4.152477286078713, Validation RMSE = 0.7991548653941537
Epoch 127: Train Loss = -4.109516338868574, Validation RMSE = 0.8148558918193417
Epoch 127: Train Loss = -4.109516338868574, Validation RMSE = 0.8148558918193417
Epoch 128: Train Loss = -4.17654334415089, Validation RMSE = 0.8498500729489726
Epoch 128: Train Loss = -4.17654334415089, Validation RMSE = 0.8498500729489726
Epoch 129: Train Loss = -4.1661108840595595, Validation RMSE = 0.8466351294294726
Epoch 129: Train Loss = -4.1661108840595595, Validation RMSE = 0.8466351294294726
Epoch 130: Train Loss = -4.19220402024009, Validation RMSE = 0.8294086065286161
Epoch 130: Train Loss = -4.19220402024009, Validation RMSE = 0.8294086065286161
Epoch 131: Train Loss = -4.199660778045654, Validation RMSE = 0.8092631072179569
Epoch 131: Train Loss = -4.199660778045654, Validation RMSE = 0.8092631072179569
Epoch 132: Train Loss = -4.210238066586581, Validation RMSE = 0.8218315297107687
Epoch 132: Train Loss = -4.210238066586581, Validation RMSE = 0.8218315297107687
Epoch 133: Train Loss = -4.170173081484708, Validation RMSE = 0.8600478588488406
Epoch 133: Train Loss = -4.170173081484708, Validation RMSE = 0.8600478588488406
Epoch 134: Train Loss = -4.21707255190069, Validation RMSE = 0.8043098465530103
Epoch 134: Train Loss = -4.21707255190069, Validation RMSE = 0.8043098465530103
Epoch 135: Train Loss = -4.185141086578369, Validation RMSE = 0.888112646261227
Epoch 135: Train Loss = -4.185141086578369, Validation RMSE = 0.888112646261227
Epoch 136: Train Loss = -4.142800461162221, Validation RMSE = 0.8002250448660756
Epoch 136: Train Loss = -4.142800461162221, Validation RMSE = 0.8002250448660756
Epoch 137: Train Loss = -4.258440191095525, Validation RMSE = 0.8139269217698145
Epoch 137: Train Loss = -4.258440191095525, Validation RMSE = 0.8139269217698145
Epoch 138: Train Loss = -4.257815686139193, Validation RMSE = 0.8250393681109326
Epoch 138: Train Loss = -4.257815686139193, Validation RMSE = 0.8250393681109326
Epoch 139: Train Loss = -4.215675288980657, Validation RMSE = 0.80748201474337
Epoch 139: Train Loss = -4.215675288980657, Validation RMSE = 0.80748201474337
Epoch 140: Train Loss = -4.235765153711492, Validation RMSE = 0.790814628316901
Epoch 140: Train Loss = -4.235765153711492, Validation RMSE = 0.790814628316901
Epoch 141: Train Loss = -4.075669288635254, Validation RMSE = 0.8189663270931903
Epoch 141: Train Loss = -4.075669288635254, Validation RMSE = 0.8189663270931903
Epoch 142: Train Loss = -4.276923353021795, Validation RMSE = 0.7897462848289866
Epoch 142: Train Loss = -4.276923353021795, Validation RMSE = 0.7897462848289866
Epoch 143: Train Loss = -4.251010006124323, Validation RMSE = 0.8440923218923514
Epoch 143: Train Loss = -4.251010006124323, Validation RMSE = 0.8440923218923514
Epoch 144: Train Loss = -4.237932920455933, Validation RMSE = 0.8210766660680873
Epoch 144: Train Loss = -4.237932920455933, Validation RMSE = 0.8210766660680873
Epoch 145: Train Loss = -4.2492452968250625, Validation RMSE = 0.8149301918357634
Epoch 145: Train Loss = -4.2492452968250625, Validation RMSE = 0.8149301918357634
Epoch 146: Train Loss = -4.243404193357988, Validation RMSE = 0.8118250853597649
Epoch 146: Train Loss = -4.243404193357988, Validation RMSE = 0.8118250853597649
Epoch 147: Train Loss = -4.228538469834761, Validation RMSE = 0.803633561011197
Epoch 147: Train Loss = -4.228538469834761, Validation RMSE = 0.803633561011197
Epoch 148: Train Loss = -4.159283898093483, Validation RMSE = 0.806975938437745
Epoch 148: Train Loss = -4.159283898093483, Validation RMSE = 0.806975938437745
Epoch 149: Train Loss = -4.199054522947832, Validation RMSE = 0.824493891574264
Epoch 149: Train Loss = -4.199054522947832, Validation RMSE = 0.824493891574264
Epoch 150: Train Loss = -4.334538069638339, Validation RMSE = 0.8169381056523833
Epoch 150: Train Loss = -4.334538069638339, Validation RMSE = 0.8169381056523833
Epoch 151: Train Loss = -4.211821144277399, Validation RMSE = 0.7804526540514765
Epoch 151: Train Loss = -4.211821144277399, Validation RMSE = 0.7804526540514765
Epoch 152: Train Loss = -4.270149404352361, Validation RMSE = 0.825842919238288
Epoch 152: Train Loss = -4.270149404352361, Validation RMSE = 0.825842919238288
Epoch 153: Train Loss = -4.254383130507036, Validation RMSE = 0.8191814854287088
Epoch 153: Train Loss = -4.254383130507036, Validation RMSE = 0.8191814854287088
Epoch 154: Train Loss = -4.1335483464327725, Validation RMSE = 0.8079742960190839
Epoch 154: Train Loss = -4.1335483464327725, Validation RMSE = 0.8079742960190839
Epoch 155: Train Loss = -4.265402923930775, Validation RMSE = 0.7936025430963758
Epoch 155: Train Loss = -4.265402923930775, Validation RMSE = 0.7936025430963758
Epoch 156: Train Loss = -4.234242634339766, Validation RMSE = 0.8417972237671578
Epoch 156: Train Loss = -4.234242634339766, Validation RMSE = 0.8417972237671578
Epoch 157: Train Loss = -4.243496613069014, Validation RMSE = 0.7985601084550048
Epoch 157: Train Loss = -4.243496613069014, Validation RMSE = 0.7985601084550048
Epoch 158: Train Loss = -4.29927362095226, Validation RMSE = 0.8285616140919071
Epoch 158: Train Loss = -4.29927362095226, Validation RMSE = 0.8285616140919071
Epoch 159: Train Loss = -4.191731669686058, Validation RMSE = 0.7954512896215592
Epoch 159: Train Loss = -4.191731669686058, Validation RMSE = 0.7954512896215592
Epoch 160: Train Loss = -4.131580764597112, Validation RMSE = 0.8093053546290103
Epoch 160: Train Loss = -4.131580764597112, Validation RMSE = 0.8093053546290103
Epoch 161: Train Loss = -4.245756235989657, Validation RMSE = 0.8202261341028932
Epoch 161: Train Loss = -4.245756235989657, Validation RMSE = 0.8202261341028932
Epoch 162: Train Loss = -4.254979848861694, Validation RMSE = 0.7922109046019002
Epoch 162: Train Loss = -4.254979848861694, Validation RMSE = 0.7922109046019002
Epoch 163: Train Loss = -4.134483207355846, Validation RMSE = 0.7841025018789414
Epoch 163: Train Loss = -4.134483207355846, Validation RMSE = 0.7841025018789414
Epoch 164: Train Loss = -4.227210283279419, Validation RMSE = 0.7766965384691477
Epoch 164: Train Loss = -4.227210283279419, Validation RMSE = 0.7766965384691477
Epoch 165: Train Loss = -4.271377043290571, Validation RMSE = 0.8003625205080004
Epoch 165: Train Loss = -4.271377043290571, Validation RMSE = 0.8003625205080004
Epoch 166: Train Loss = -4.290278651497581, Validation RMSE = 0.7968404188364524
Epoch 166: Train Loss = -4.290278651497581, Validation RMSE = 0.7968404188364524
Epoch 167: Train Loss = -4.28389013897289, Validation RMSE = 0.7780543574115975
Epoch 167: Train Loss = -4.28389013897289, Validation RMSE = 0.7780543574115975
Epoch 168: Train Loss = -4.303017464551059, Validation RMSE = 0.8015957930175506
Epoch 168: Train Loss = -4.303017464551059, Validation RMSE = 0.8015957930175506
Epoch 169: Train Loss = -4.276883342049339, Validation RMSE = 0.7995971388915883
Epoch 169: Train Loss = -4.276883342049339, Validation RMSE = 0.7995971388915883
Epoch 170: Train Loss = -4.303155638954856, Validation RMSE = 0.7594269735431174
Epoch 170: Train Loss = -4.303155638954856, Validation RMSE = 0.7594269735431174
Epoch 171: Train Loss = -4.136970650066029, Validation RMSE = 0.7715555148481226
Epoch 171: Train Loss = -4.136970650066029, Validation RMSE = 0.7715555148481226
Epoch 172: Train Loss = -4.3087379932403564, Validation RMSE = 0.7928272812697114
Epoch 172: Train Loss = -4.3087379932403564, Validation RMSE = 0.7928272812697114
Epoch 173: Train Loss = -4.277334083210338, Validation RMSE = 0.8040340509455312
Epoch 173: Train Loss = -4.277334083210338, Validation RMSE = 0.8040340509455312
Epoch 174: Train Loss = -4.394629695198753, Validation RMSE = 0.7966451994179633
Epoch 174: Train Loss = -4.394629695198753, Validation RMSE = 0.7966451994179633
Epoch 175: Train Loss = -4.260064125061035, Validation RMSE = 0.8034306922876501
Epoch 175: Train Loss = -4.260064125061035, Validation RMSE = 0.8034306922876501
Epoch 176: Train Loss = -4.346019658175382, Validation RMSE = 0.7988265861560511
Epoch 176: Train Loss = -4.346019658175382, Validation RMSE = 0.7988265861560511
Epoch 177: Train Loss = -4.381774858994917, Validation RMSE = 0.8051693433307511
Epoch 177: Train Loss = -4.381774858994917, Validation RMSE = 0.8051693433307511
Epoch 178: Train Loss = -4.341313969005238, Validation RMSE = 0.7896615741219811
Epoch 178: Train Loss = -4.341313969005238, Validation RMSE = 0.7896615741219811
Epoch 179: Train Loss = -4.370023727416992, Validation RMSE = 0.7969618611857244
Epoch 179: Train Loss = -4.370023727416992, Validation RMSE = 0.7969618611857244
Epoch 180: Train Loss = -4.372063420035622, Validation RMSE = 0.7898705570565079
Epoch 180: Train Loss = -4.372063420035622, Validation RMSE = 0.7898705570565079
Epoch 181: Train Loss = -4.236499504609541, Validation RMSE = 0.7807515971191197
Epoch 181: Train Loss = -4.236499504609541, Validation RMSE = 0.7807515971191197
Epoch 182: Train Loss = -4.306224736300382, Validation RMSE = 0.7901743367098705
Epoch 182: Train Loss = -4.306224736300382, Validation RMSE = 0.7901743367098705
Epoch 183: Train Loss = -4.262014258991588, Validation RMSE = 0.810719044611131
Epoch 183: Train Loss = -4.262014258991588, Validation RMSE = 0.810719044611131
Epoch 184: Train Loss = -4.281280474229292, Validation RMSE = 0.7933887293265214
Epoch 184: Train Loss = -4.281280474229292, Validation RMSE = 0.7933887293265214
Epoch 185: Train Loss = -4.374637777155096, Validation RMSE = 0.768857213541587
Epoch 185: Train Loss = -4.374637777155096, Validation RMSE = 0.768857213541587
Epoch 186: Train Loss = -4.302154996178367, Validation RMSE = 0.7863520012318218
Epoch 186: Train Loss = -4.302154996178367, Validation RMSE = 0.7863520012318218
Epoch 187: Train Loss = -4.404764088717374, Validation RMSE = 0.8000015221455049
Epoch 187: Train Loss = -4.404764088717374, Validation RMSE = 0.8000015221455049
Epoch 188: Train Loss = -4.272848259318959, Validation RMSE = 0.7866777358023699
Epoch 188: Train Loss = -4.272848259318959, Validation RMSE = 0.7866777358023699
Epoch 189: Train Loss = -4.247113119472157, Validation RMSE = 0.782782925098004
Epoch 189: Train Loss = -4.247113119472157, Validation RMSE = 0.782782925098004
Epoch 190: Train Loss = -4.361820394342596, Validation RMSE = 0.7776666265221167
Epoch 190: Train Loss = -4.361820394342596, Validation RMSE = 0.7776666265221167
Epoch 191: Train Loss = -4.278376362540505, Validation RMSE = 0.7823873581685646
Epoch 191: Train Loss = -4.278376362540505, Validation RMSE = 0.7823873581685646
Epoch 192: Train Loss = -4.270774711262096, Validation RMSE = 0.7916757587422396
Epoch 192: Train Loss = -4.270774711262096, Validation RMSE = 0.7916757587422396
Epoch 193: Train Loss = -4.366653789173473, Validation RMSE = 0.7955426067583806
Epoch 193: Train Loss = -4.366653789173473, Validation RMSE = 0.7955426067583806
Epoch 194: Train Loss = -4.2748097506436435, Validation RMSE = 0.7935238117795351
Epoch 194: Train Loss = -4.2748097506436435, Validation RMSE = 0.7935238117795351
Epoch 195: Train Loss = -4.3487091064453125, Validation RMSE = 0.8069719762722612
Epoch 195: Train Loss = -4.3487091064453125, Validation RMSE = 0.8069719762722612
Epoch 196: Train Loss = -4.2618817849592725, Validation RMSE = 0.8037286851081127
Epoch 196: Train Loss = -4.2618817849592725, Validation RMSE = 0.8037286851081127
Epoch 197: Train Loss = -4.279064048420299, Validation RMSE = 0.8077551629791331
Epoch 197: Train Loss = -4.279064048420299, Validation RMSE = 0.8077551629791331
Epoch 198: Train Loss = -4.2897351438348945, Validation RMSE = 0.776243403061054
Epoch 198: Train Loss = -4.2897351438348945, Validation RMSE = 0.776243403061054
Epoch 199: Train Loss = -4.355812029405073, Validation RMSE = 0.7811614810343483
Epoch 199: Train Loss = -4.355812029405073, Validation RMSE = 0.7811614810343483
