{'activation': 'ReLU',
 'batch_size': 512,
 'cuda': True,
 'depth': 3,
 'downstream_data_name': 'freesolv',
 'epochs': 50,
 'ffn_hidden_size': 300,
 'ffn_num_layers': 2,
 'hidden_size': 300,
 'init_lr': 0.0005,
 'kl_weight': 1,
 'num_workers': 1,
 'pretrain_data_cache_path': 'dataset\\pubchem-1m-clean-cache',
 'pretrain_data_name': 'pubchem-1m-clean',
 'pretrain_data_path': 'dataset\\pubchem-1m-clean.csv',
 'pretrain_strategy': 'cl',
 'regularization_scale': 0.0001,
 'save_dir': 'results\\cl\\pretrain',
 'task_names': [],
 'temperature': 0.1,
 'use_cosine_similarity': True,
 'use_pretrain_data_cache': True,
 'valid_size': 0.05,
 'warm_up': 10,
 'weight_decay': 1e-05}
Loading data...
Building model...
PretrainModel(
  (encoder): MPNEncoder(
    (act_func): ReLU()
    (W_i): ConcreteDropout(
      (layer): Linear(in_features=147, out_features=300, bias=False)
    )
    (W_h): ConcreteDropout(
      (layer): Linear(in_features=300, out_features=300, bias=False)
    )
    (W_o): ConcreteDropout(
      (layer): Linear(in_features=433, out_features=300, bias=True)
    )
  )
  (header_theta_c): Linear(in_features=300, out_features=300, bias=True)
)
Number of parameters = 354,603
Moving model to cuda
{'activation': 'ReLU',
 'batch_size': 512,
 'cuda': True,
 'depth': 3,
 'downstream_data_name': 'freesolv',
 'epochs': 50,
 'ffn_hidden_size': 300,
 'ffn_num_layers': 2,
 'hidden_size': 300,
 'init_lr': 0.0005,
 'kl_weight': 1,
 'num_workers': 1,
 'pretrain_data_cache_path': 'dataset\\pubchem-1m-clean-cache',
 'pretrain_data_name': 'pubchem-1m-clean',
 'pretrain_data_path': 'dataset\\pubchem-1m-clean.csv',
 'pretrain_strategy': 'cl',
 'regularization_scale': 0.0001,
 'save_dir': 'results\\cl\\pretrain',
 'task_names': [],
 'temperature': 0.1,
 'use_cosine_similarity': True,
 'use_pretrain_data_cache': True,
 'valid_size': 0.05,
 'warm_up': 10,
 'weight_decay': 1e-05}
Loading data...
Building model...
PretrainModel(
  (encoder): MPNEncoder(
    (act_func): ReLU()
    (W_i): ConcreteDropout(
      (layer): Linear(in_features=147, out_features=300, bias=False)
    )
    (W_h): ConcreteDropout(
      (layer): Linear(in_features=300, out_features=300, bias=False)
    )
    (W_o): ConcreteDropout(
      (layer): Linear(in_features=433, out_features=300, bias=True)
    )
  )
  (header_theta_c): Linear(in_features=300, out_features=300, bias=True)
)
Number of parameters = 354,603
Moving model to cuda
{'activation': 'ReLU',
 'batch_size': 512,
 'cuda': False,
 'depth': 3,
 'downstream_data_name': 'freesolv',
 'epochs': 50,
 'ffn_hidden_size': 300,
 'ffn_num_layers': 2,
 'hidden_size': 300,
 'init_lr': 0.0005,
 'kl_weight': 1,
 'num_workers': 1,
 'pretrain_data_cache_path': 'dataset\\pubchem-10m-clean-cache',
 'pretrain_data_name': 'pubchem-10m-clean',
 'pretrain_data_path': 'dataset\\pubchem-10m-clean.csv',
 'pretrain_strategy': 'cl',
 'regularization_scale': 0.0001,
 'save_dir': 'results\\cl\\pretrain',
 'task_names': [],
 'temperature': 0.1,
 'use_cosine_similarity': True,
 'use_pretrain_data_cache': True,
 'valid_size': 0.05,
 'warm_up': 10,
 'weight_decay': 1e-05}
Loading data...
Building model...
PretrainModel(
  (encoder): MPNEncoder(
    (act_func): ReLU()
    (W_i): ConcreteDropout(
      (layer): Linear(in_features=147, out_features=300, bias=False)
    )
    (W_h): ConcreteDropout(
      (layer): Linear(in_features=300, out_features=300, bias=False)
    )
    (W_o): ConcreteDropout(
      (layer): Linear(in_features=433, out_features=300, bias=True)
    )
  )
  (header_theta_c): Linear(in_features=300, out_features=300, bias=True)
)
Number of parameters = 354,603
Moving model to cuda
{'activation': 'ReLU',
 'batch_size': 512,
 'cuda': False,
 'depth': 3,
 'downstream_data_name': 'freesolv',
 'epochs': 50,
 'ffn_hidden_size': 300,
 'ffn_num_layers': 2,
 'hidden_size': 300,
 'init_lr': 0.0005,
 'kl_weight': 1,
 'num_workers': 1,
 'pretrain_data_cache_path': 'dataset\\pubchem-1m-clean-cache',
 'pretrain_data_name': 'pubchem-1m-clean',
 'pretrain_data_path': 'dataset\\pubchem-1m-clean.csv',
 'pretrain_strategy': 'cl',
 'regularization_scale': 0.0001,
 'save_dir': 'results\\cl\\pretrain',
 'task_names': [],
 'temperature': 0.1,
 'use_cosine_similarity': True,
 'use_pretrain_data_cache': True,
 'valid_size': 0.05,
 'warm_up': 10,
 'weight_decay': 1e-05}
Loading data...
Building model...
PretrainModel(
  (encoder): MPNEncoder(
    (act_func): ReLU()
    (W_i): ConcreteDropout(
      (layer): Linear(in_features=147, out_features=300, bias=False)
    )
    (W_h): ConcreteDropout(
      (layer): Linear(in_features=300, out_features=300, bias=False)
    )
    (W_o): ConcreteDropout(
      (layer): Linear(in_features=433, out_features=300, bias=True)
    )
  )
  (header_theta_c): Linear(in_features=300, out_features=300, bias=True)
)
Number of parameters = 354,603
Moving model to cuda
{'activation': 'ReLU',
 'batch_size': 512,
 'cuda': True,
 'depth': 3,
 'downstream_data_name': 'freesolv',
 'epochs': 50,
 'ffn_hidden_size': 300,
 'ffn_num_layers': 2,
 'hidden_size': 300,
 'init_lr': 0.0005,
 'kl_weight': 1,
 'num_workers': 1,
 'pretrain_data_cache_path': 'dataset\\pubchem-1m-clean-cache',
 'pretrain_data_name': 'pubchem-1m-clean',
 'pretrain_data_path': 'dataset\\pubchem-1m-clean.csv',
 'pretrain_strategy': 'cl',
 'regularization_scale': 0.0001,
 'save_dir': 'results\\cl\\pretrain',
 'task_names': [],
 'temperature': 0.1,
 'use_cosine_similarity': True,
 'use_pretrain_data_cache': True,
 'valid_size': 0.05,
 'warm_up': 10,
 'weight_decay': 1e-05}
Loading data...
Building model...
PretrainModel(
  (encoder): MPNEncoder(
    (act_func): ReLU()
    (W_i): ConcreteDropout(
      (layer): Linear(in_features=147, out_features=300, bias=False)
    )
    (W_h): ConcreteDropout(
      (layer): Linear(in_features=300, out_features=300, bias=False)
    )
    (W_o): ConcreteDropout(
      (layer): Linear(in_features=433, out_features=300, bias=True)
    )
  )
  (header_theta_c): Linear(in_features=300, out_features=300, bias=True)
)
Number of parameters = 354,603
Moving model to cuda
{'activation': 'ReLU',
 'batch_size': 512,
 'cuda': True,
 'depth': 3,
 'downstream_data_name': 'freesolv',
 'epochs': 50,
 'ffn_hidden_size': 300,
 'ffn_num_layers': 2,
 'hidden_size': 300,
 'init_lr': 0.0005,
 'kl_weight': 1,
 'num_workers': 1,
 'pretrain_data_cache_path': 'dataset\\pubchem-10m-clean-cache',
 'pretrain_data_name': 'pubchem-10m-clean',
 'pretrain_data_path': 'dataset\\pubchem-10m-clean.csv',
 'pretrain_strategy': 'cl',
 'regularization_scale': 0.0001,
 'save_dir': 'results\\cl\\pretrain',
 'task_names': [],
 'temperature': 0.1,
 'use_cosine_similarity': True,
 'use_pretrain_data_cache': True,
 'valid_size': 0.05,
 'warm_up': 10,
 'weight_decay': 1e-05}
Loading data...
Building model...
PretrainModel(
  (encoder): MPNEncoder(
    (act_func): ReLU()
    (W_i): ConcreteDropout(
      (layer): Linear(in_features=147, out_features=300, bias=False)
    )
    (W_h): ConcreteDropout(
      (layer): Linear(in_features=300, out_features=300, bias=False)
    )
    (W_o): ConcreteDropout(
      (layer): Linear(in_features=433, out_features=300, bias=True)
    )
  )
  (header_theta_c): Linear(in_features=300, out_features=300, bias=True)
)
Number of parameters = 354,603
Moving model to cuda
