{'activation': 'ReLU',
 'batch_size': 50,
 'cuda': True,
 'data_path': 'dataset/delaney.csv',
 'depth': 3,
 'epochs': 200,
 'ffn_hidden_size': 300,
 'ffn_num_layers': 2,
 'final_lr': 0.0001,
 'hidden_size': 300,
 'init_lr': 0.0001,
 'kl_weight': 5.0,
 'max_lr': 0.001,
 'pretrain_encoder_path': 'results\\cl\\pretrain\\pretrain_encoder.pt',
 'regularization_scale': 0.0001,
 'sampling_size': 20,
 'save_dir': 'results\\cl\\rec+5.0_kl\\delaney_checkpoints\\seed_234',
 'save_smiles_splits': False,
 'seed': 234,
 'split_sizes': [0.5, 0.2, 0.3],
 'split_type': 'random',
 'task_names': 'delaney',
 'train_strategy': 'cl',
 'warmup_epochs': 2.0}
{'activation': 'ReLU',
 'batch_size': 50,
 'cuda': True,
 'data_path': 'dataset/delaney.csv',
 'depth': 3,
 'epochs': 200,
 'ffn_hidden_size': 300,
 'ffn_num_layers': 2,
 'final_lr': 0.0001,
 'hidden_size': 300,
 'init_lr': 0.0001,
 'kl_weight': 5.0,
 'max_lr': 0.001,
 'pretrain_encoder_path': 'results\\cl\\pretrain\\pretrain_encoder.pt',
 'regularization_scale': 0.0001,
 'sampling_size': 20,
 'save_dir': 'results\\cl\\rec+5.0_kl\\delaney_checkpoints\\seed_234',
 'save_smiles_splits': False,
 'seed': 234,
 'split_sizes': [0.5, 0.2, 0.3],
 'split_type': 'random',
 'task_names': 'delaney',
 'train_strategy': 'cl',
 'warmup_epochs': 2.0}
Loading data...
Loading data...
Splitting data with seed 234
Splitting data with seed 234
Finish Loading and Splitting... Total size = 1,128 | train size = 564 | val size = 225 | test size = 339
Finish Loading and Splitting... Total size = 1,128 | train size = 564 | val size = 225 | test size = 339
Fitting scaler
Fitting scaler
Building model...
Building model...
Number of parameters = 355,206
Number of parameters = 355,206
Loading pretrain MPNN Model...
Loading pretrain MPNN Model...
Moving model to cuda
Moving model to cuda
Epoch 0: Train Loss = -9.498580672524191, Validation RMSE = 2.0381474920756015
Epoch 0: Train Loss = -9.498580672524191, Validation RMSE = 2.0381474920756015
Epoch 1: Train Loss = -9.660533384843307, Validation RMSE = 1.7411809754558787
Epoch 1: Train Loss = -9.660533384843307, Validation RMSE = 1.7411809754558787
Epoch 2: Train Loss = -9.987934719432484, Validation RMSE = 1.583855399631529
Epoch 2: Train Loss = -9.987934719432484, Validation RMSE = 1.583855399631529
Epoch 3: Train Loss = -10.217907211997293, Validation RMSE = 1.5318068206308955
Epoch 3: Train Loss = -10.217907211997293, Validation RMSE = 1.5318068206308955
Epoch 4: Train Loss = -10.102799849076705, Validation RMSE = 1.312739056156702
Epoch 4: Train Loss = -10.102799849076705, Validation RMSE = 1.312739056156702
Epoch 5: Train Loss = -10.44593958421187, Validation RMSE = 1.1873255935655223
Epoch 5: Train Loss = -10.44593958421187, Validation RMSE = 1.1873255935655223
Epoch 6: Train Loss = -10.64586405320601, Validation RMSE = 1.0134105852116715
Epoch 6: Train Loss = -10.64586405320601, Validation RMSE = 1.0134105852116715
Epoch 7: Train Loss = -10.688369317488236, Validation RMSE = 1.0948725108438364
Epoch 7: Train Loss = -10.688369317488236, Validation RMSE = 1.0948725108438364
Epoch 8: Train Loss = -10.85013805736195, Validation RMSE = 0.9476305969555965
Epoch 8: Train Loss = -10.85013805736195, Validation RMSE = 0.9476305969555965
Epoch 9: Train Loss = -10.955673044378107, Validation RMSE = 0.9809193466582047
Epoch 9: Train Loss = -10.955673044378107, Validation RMSE = 0.9809193466582047
Epoch 10: Train Loss = -10.920689062638717, Validation RMSE = 0.9323955302730151
Epoch 10: Train Loss = -10.920689062638717, Validation RMSE = 0.9323955302730151
Epoch 11: Train Loss = -11.05149052359841, Validation RMSE = 0.9193514476791612
Epoch 11: Train Loss = -11.05149052359841, Validation RMSE = 0.9193514476791612
Epoch 12: Train Loss = -11.2441294410012, Validation RMSE = 0.8152624801259046
Epoch 12: Train Loss = -11.2441294410012, Validation RMSE = 0.8152624801259046
Epoch 13: Train Loss = -11.268859776583584, Validation RMSE = 0.8624699098646343
Epoch 13: Train Loss = -11.268859776583584, Validation RMSE = 0.8624699098646343
Epoch 14: Train Loss = -11.315461505543102, Validation RMSE = 0.7758980154681421
Epoch 14: Train Loss = -11.315461505543102, Validation RMSE = 0.7758980154681421
Epoch 15: Train Loss = -11.353487708351828, Validation RMSE = 0.8479974351582626
Epoch 15: Train Loss = -11.353487708351828, Validation RMSE = 0.8479974351582626
Epoch 16: Train Loss = -11.176548524336381, Validation RMSE = 0.9044994752685565
Epoch 16: Train Loss = -11.176548524336381, Validation RMSE = 0.9044994752685565
Epoch 17: Train Loss = -11.066028941761363, Validation RMSE = 1.0417745031119419
Epoch 17: Train Loss = -11.066028941761363, Validation RMSE = 1.0417745031119419
Epoch 18: Train Loss = -11.24018651788885, Validation RMSE = 0.7722133222134473
Epoch 18: Train Loss = -11.24018651788885, Validation RMSE = 0.7722133222134473
Epoch 19: Train Loss = -11.453198779713023, Validation RMSE = 0.7535643302449498
Epoch 19: Train Loss = -11.453198779713023, Validation RMSE = 0.7535643302449498
Epoch 20: Train Loss = -11.595407225868918, Validation RMSE = 0.7290043627515684
Epoch 20: Train Loss = -11.595407225868918, Validation RMSE = 0.7290043627515684
Epoch 21: Train Loss = -11.617254083806818, Validation RMSE = 0.7102014824687495
Epoch 21: Train Loss = -11.617254083806818, Validation RMSE = 0.7102014824687495
Epoch 22: Train Loss = -11.690218145197088, Validation RMSE = 0.7219005856595877
Epoch 22: Train Loss = -11.690218145197088, Validation RMSE = 0.7219005856595877
Epoch 23: Train Loss = -11.802523092790084, Validation RMSE = 0.7012725099731818
Epoch 23: Train Loss = -11.802523092790084, Validation RMSE = 0.7012725099731818
Epoch 24: Train Loss = -11.777801166881215, Validation RMSE = 0.7357883417656862
Epoch 24: Train Loss = -11.777801166881215, Validation RMSE = 0.7357883417656862
Epoch 25: Train Loss = -11.835951891812412, Validation RMSE = 0.7949806716025679
Epoch 25: Train Loss = -11.835951891812412, Validation RMSE = 0.7949806716025679
Epoch 26: Train Loss = -11.693335793235086, Validation RMSE = 0.6857465660698296
Epoch 26: Train Loss = -11.693335793235086, Validation RMSE = 0.6857465660698296
Epoch 27: Train Loss = -11.785364844582297, Validation RMSE = 0.6549975506977536
Epoch 27: Train Loss = -11.785364844582297, Validation RMSE = 0.6549975506977536
Epoch 28: Train Loss = -11.82633131200617, Validation RMSE = 0.7115579220003506
Epoch 28: Train Loss = -11.82633131200617, Validation RMSE = 0.7115579220003506
Epoch 29: Train Loss = -11.823779713023793, Validation RMSE = 0.6996088046367236
Epoch 29: Train Loss = -11.823779713023793, Validation RMSE = 0.6996088046367236
Epoch 30: Train Loss = -12.01851393959739, Validation RMSE = 0.7486137884192667
Epoch 30: Train Loss = -12.01851393959739, Validation RMSE = 0.7486137884192667
Epoch 31: Train Loss = -11.918425646695225, Validation RMSE = 0.705610993676188
Epoch 31: Train Loss = -11.918425646695225, Validation RMSE = 0.705610993676188
Epoch 32: Train Loss = -12.007363406094639, Validation RMSE = 0.6396955793250856
Epoch 32: Train Loss = -12.007363406094639, Validation RMSE = 0.6396955793250856
Epoch 33: Train Loss = -12.054656028747559, Validation RMSE = 0.6660670942522956
Epoch 33: Train Loss = -12.054656028747559, Validation RMSE = 0.6660670942522956
Epoch 34: Train Loss = -12.135685747320002, Validation RMSE = 0.7055494040877187
Epoch 34: Train Loss = -12.135685747320002, Validation RMSE = 0.7055494040877187
Epoch 35: Train Loss = -11.918935082175516, Validation RMSE = 0.7503969844969062
Epoch 35: Train Loss = -11.918935082175516, Validation RMSE = 0.7503969844969062
Epoch 36: Train Loss = -11.939699346368963, Validation RMSE = 0.6561151397090617
Epoch 36: Train Loss = -11.939699346368963, Validation RMSE = 0.6561151397090617
Epoch 37: Train Loss = -12.137880932201039, Validation RMSE = 0.7967550134145667
Epoch 37: Train Loss = -12.137880932201039, Validation RMSE = 0.7967550134145667
Epoch 38: Train Loss = -12.08111910386519, Validation RMSE = 0.6220071971211495
Epoch 38: Train Loss = -12.08111910386519, Validation RMSE = 0.6220071971211495
Epoch 39: Train Loss = -12.19218973679976, Validation RMSE = 0.6384339513932132
Epoch 39: Train Loss = -12.19218973679976, Validation RMSE = 0.6384339513932132
Epoch 40: Train Loss = -12.155553817749023, Validation RMSE = 0.649005304624964
Epoch 40: Train Loss = -12.155553817749023, Validation RMSE = 0.649005304624964
Epoch 41: Train Loss = -12.212419769980691, Validation RMSE = 0.6264380946674396
Epoch 41: Train Loss = -12.212419769980691, Validation RMSE = 0.6264380946674396
Epoch 42: Train Loss = -12.392470359802246, Validation RMSE = 0.6090935574341283
Epoch 42: Train Loss = -12.392470359802246, Validation RMSE = 0.6090935574341283
Epoch 43: Train Loss = -12.415410822088068, Validation RMSE = 0.6337234132024758
Epoch 43: Train Loss = -12.415410822088068, Validation RMSE = 0.6337234132024758
Epoch 44: Train Loss = -12.237971912730824, Validation RMSE = 0.7150920452905887
Epoch 44: Train Loss = -12.237971912730824, Validation RMSE = 0.7150920452905887
Epoch 45: Train Loss = -12.191715760664506, Validation RMSE = 0.6736749954282455
Epoch 45: Train Loss = -12.191715760664506, Validation RMSE = 0.6736749954282455
Epoch 46: Train Loss = -12.293520320545543, Validation RMSE = 0.6261238696145871
Epoch 46: Train Loss = -12.293520320545543, Validation RMSE = 0.6261238696145871
Epoch 47: Train Loss = -12.373413692821156, Validation RMSE = 0.6246761879620951
Epoch 47: Train Loss = -12.373413692821156, Validation RMSE = 0.6246761879620951
Epoch 48: Train Loss = -12.469204382462935, Validation RMSE = 0.5865862566777433
Epoch 48: Train Loss = -12.469204382462935, Validation RMSE = 0.5865862566777433
Epoch 49: Train Loss = -12.450543577020818, Validation RMSE = 0.694741869200121
Epoch 49: Train Loss = -12.450543577020818, Validation RMSE = 0.694741869200121
Epoch 50: Train Loss = -12.364609544927424, Validation RMSE = 0.6513886647073398
Epoch 50: Train Loss = -12.364609544927424, Validation RMSE = 0.6513886647073398
Epoch 51: Train Loss = -12.33316421508789, Validation RMSE = 0.609445208821645
Epoch 51: Train Loss = -12.33316421508789, Validation RMSE = 0.609445208821645
Epoch 52: Train Loss = -12.387827959927646, Validation RMSE = 0.6013255521496267
Epoch 52: Train Loss = -12.387827959927646, Validation RMSE = 0.6013255521496267
Epoch 53: Train Loss = -12.555964730002664, Validation RMSE = 0.612498069759712
Epoch 53: Train Loss = -12.555964730002664, Validation RMSE = 0.612498069759712
Epoch 54: Train Loss = -12.438272389498623, Validation RMSE = 0.6519525509530787
Epoch 54: Train Loss = -12.438272389498623, Validation RMSE = 0.6519525509530787
Epoch 55: Train Loss = -12.428824598138982, Validation RMSE = 0.6140760369687972
Epoch 55: Train Loss = -12.428824598138982, Validation RMSE = 0.6140760369687972
Epoch 56: Train Loss = -12.407055334611373, Validation RMSE = 0.6305144595223813
Epoch 56: Train Loss = -12.407055334611373, Validation RMSE = 0.6305144595223813
Epoch 57: Train Loss = -12.547655712474477, Validation RMSE = 0.6776846780291114
Epoch 57: Train Loss = -12.547655712474477, Validation RMSE = 0.6776846780291114
Epoch 58: Train Loss = -12.601340900767934, Validation RMSE = 0.6215810962897068
Epoch 58: Train Loss = -12.601340900767934, Validation RMSE = 0.6215810962897068
Epoch 59: Train Loss = -12.676336288452148, Validation RMSE = 0.6111075618158622
Epoch 59: Train Loss = -12.676336288452148, Validation RMSE = 0.6111075618158622
Epoch 60: Train Loss = -12.558594010092996, Validation RMSE = 0.6267475324510217
Epoch 60: Train Loss = -12.558594010092996, Validation RMSE = 0.6267475324510217
Epoch 61: Train Loss = -12.597356189380992, Validation RMSE = 0.6366713303238114
Epoch 61: Train Loss = -12.597356189380992, Validation RMSE = 0.6366713303238114
Epoch 62: Train Loss = -12.578414136713201, Validation RMSE = 0.6331717838997434
Epoch 62: Train Loss = -12.578414136713201, Validation RMSE = 0.6331717838997434
Epoch 63: Train Loss = -12.59213941747492, Validation RMSE = 0.6209460700873607
Epoch 63: Train Loss = -12.59213941747492, Validation RMSE = 0.6209460700873607
Epoch 64: Train Loss = -12.673226789994674, Validation RMSE = 0.6034440084747927
Epoch 64: Train Loss = -12.673226789994674, Validation RMSE = 0.6034440084747927
Epoch 65: Train Loss = -12.751928676258434, Validation RMSE = 0.6835615980632226
Epoch 65: Train Loss = -12.751928676258434, Validation RMSE = 0.6835615980632226
Epoch 66: Train Loss = -12.713837016712535, Validation RMSE = 0.733117899945267
Epoch 66: Train Loss = -12.713837016712535, Validation RMSE = 0.733117899945267
Epoch 67: Train Loss = -12.67357149991122, Validation RMSE = 0.6216986414044456
Epoch 67: Train Loss = -12.67357149991122, Validation RMSE = 0.6216986414044456
Epoch 68: Train Loss = -12.657858588478781, Validation RMSE = 0.6237451958774202
Epoch 68: Train Loss = -12.657858588478781, Validation RMSE = 0.6237451958774202
Epoch 69: Train Loss = -12.70941482890736, Validation RMSE = 0.649104124158181
Epoch 69: Train Loss = -12.70941482890736, Validation RMSE = 0.649104124158181
Epoch 70: Train Loss = -12.706035267223012, Validation RMSE = 0.5999275030126238
Epoch 70: Train Loss = -12.706035267223012, Validation RMSE = 0.5999275030126238
Epoch 71: Train Loss = -12.782206361944025, Validation RMSE = 0.5834037151235778
Epoch 71: Train Loss = -12.782206361944025, Validation RMSE = 0.5834037151235778
Epoch 72: Train Loss = -12.786024873906916, Validation RMSE = 0.6287015555074479
Epoch 72: Train Loss = -12.786024873906916, Validation RMSE = 0.6287015555074479
Epoch 73: Train Loss = -12.725104245272549, Validation RMSE = 0.639522521378713
Epoch 73: Train Loss = -12.725104245272549, Validation RMSE = 0.639522521378713
Epoch 74: Train Loss = -12.779902718283914, Validation RMSE = 0.6516073187840465
Epoch 74: Train Loss = -12.779902718283914, Validation RMSE = 0.6516073187840465
Epoch 75: Train Loss = -12.803711544383656, Validation RMSE = 0.5803224566292183
Epoch 75: Train Loss = -12.803711544383656, Validation RMSE = 0.5803224566292183
Epoch 76: Train Loss = -12.714199326255105, Validation RMSE = 0.6057870676667342
Epoch 76: Train Loss = -12.714199326255105, Validation RMSE = 0.6057870676667342
Epoch 77: Train Loss = -12.864905790849166, Validation RMSE = 0.6140118742930535
Epoch 77: Train Loss = -12.864905790849166, Validation RMSE = 0.6140118742930535
Epoch 78: Train Loss = -12.783108364452016, Validation RMSE = 0.7000160469986598
Epoch 78: Train Loss = -12.783108364452016, Validation RMSE = 0.7000160469986598
Epoch 79: Train Loss = -12.826299060474742, Validation RMSE = 0.6195265794839337
Epoch 79: Train Loss = -12.826299060474742, Validation RMSE = 0.6195265794839337
Epoch 80: Train Loss = -12.85927711833607, Validation RMSE = 0.6245611809551589
Epoch 80: Train Loss = -12.85927711833607, Validation RMSE = 0.6245611809551589
Epoch 81: Train Loss = -12.829205252907492, Validation RMSE = 0.6348970064899465
Epoch 81: Train Loss = -12.829205252907492, Validation RMSE = 0.6348970064899465
Epoch 82: Train Loss = -12.943782979791814, Validation RMSE = 0.6110470555190021
Epoch 82: Train Loss = -12.943782979791814, Validation RMSE = 0.6110470555190021
Epoch 83: Train Loss = -12.781695799394088, Validation RMSE = 0.6041188551813964
Epoch 83: Train Loss = -12.781695799394088, Validation RMSE = 0.6041188551813964
Epoch 84: Train Loss = -12.921884883533824, Validation RMSE = 0.6191906663046095
Epoch 84: Train Loss = -12.921884883533824, Validation RMSE = 0.6191906663046095
Epoch 85: Train Loss = -13.004029360684482, Validation RMSE = 0.6124836664794857
Epoch 85: Train Loss = -13.004029360684482, Validation RMSE = 0.6124836664794857
Epoch 86: Train Loss = -12.932039954445578, Validation RMSE = 0.6128826652239995
Epoch 86: Train Loss = -12.932039954445578, Validation RMSE = 0.6128826652239995
Epoch 87: Train Loss = -12.921751022338867, Validation RMSE = 0.605339063121662
Epoch 87: Train Loss = -12.921751022338867, Validation RMSE = 0.605339063121662
Epoch 88: Train Loss = -12.880704879760742, Validation RMSE = 0.6720398575985019
Epoch 88: Train Loss = -12.880704879760742, Validation RMSE = 0.6720398575985019
Epoch 89: Train Loss = -13.019478277726607, Validation RMSE = 0.6152139188704021
Epoch 89: Train Loss = -13.019478277726607, Validation RMSE = 0.6152139188704021
Epoch 90: Train Loss = -13.106421557339756, Validation RMSE = 0.592295476602089
Epoch 90: Train Loss = -13.106421557339756, Validation RMSE = 0.592295476602089
Epoch 91: Train Loss = -12.964980905706232, Validation RMSE = 0.6071140784219375
Epoch 91: Train Loss = -12.964980905706232, Validation RMSE = 0.6071140784219375
Epoch 92: Train Loss = -12.910431515086781, Validation RMSE = 0.6127808946488046
Epoch 92: Train Loss = -12.910431515086781, Validation RMSE = 0.6127808946488046
Epoch 93: Train Loss = -13.048893755132502, Validation RMSE = 0.6156144844124278
Epoch 93: Train Loss = -13.048893755132502, Validation RMSE = 0.6156144844124278
Epoch 94: Train Loss = -12.937560081481934, Validation RMSE = 0.6133893650727892
Epoch 94: Train Loss = -12.937560081481934, Validation RMSE = 0.6133893650727892
Epoch 95: Train Loss = -13.055536096746271, Validation RMSE = 0.5847321952080119
Epoch 95: Train Loss = -13.055536096746271, Validation RMSE = 0.5847321952080119
Epoch 96: Train Loss = -13.04651910608465, Validation RMSE = 0.6071145382164795
Epoch 96: Train Loss = -13.04651910608465, Validation RMSE = 0.6071145382164795
Epoch 97: Train Loss = -13.144568529996006, Validation RMSE = 0.5998927787737852
Epoch 97: Train Loss = -13.144568529996006, Validation RMSE = 0.5998927787737852
Epoch 98: Train Loss = -13.085334170948375, Validation RMSE = 0.5887380743641606
Epoch 98: Train Loss = -13.085334170948375, Validation RMSE = 0.5887380743641606
Epoch 99: Train Loss = -13.078375469554555, Validation RMSE = 0.600260255303441
Epoch 99: Train Loss = -13.078375469554555, Validation RMSE = 0.600260255303441
Epoch 100: Train Loss = -13.052250948819248, Validation RMSE = 0.6099598393693083
Epoch 100: Train Loss = -13.052250948819248, Validation RMSE = 0.6099598393693083
Epoch 101: Train Loss = -13.18810003454035, Validation RMSE = 0.6209776013643622
Epoch 101: Train Loss = -13.18810003454035, Validation RMSE = 0.6209776013643622
Epoch 102: Train Loss = -13.143802902915262, Validation RMSE = 0.5959575507962663
Epoch 102: Train Loss = -13.143802902915262, Validation RMSE = 0.5959575507962663
Epoch 103: Train Loss = -13.040593320673162, Validation RMSE = 0.6004899685437787
Epoch 103: Train Loss = -13.040593320673162, Validation RMSE = 0.6004899685437787
Epoch 104: Train Loss = -13.08516805822199, Validation RMSE = 0.597719151496624
Epoch 104: Train Loss = -13.08516805822199, Validation RMSE = 0.597719151496624
Epoch 105: Train Loss = -13.206229469992898, Validation RMSE = 0.6061159206749195
Epoch 105: Train Loss = -13.206229469992898, Validation RMSE = 0.6061159206749195
Epoch 106: Train Loss = -13.086361104791814, Validation RMSE = 0.626350179654907
Epoch 106: Train Loss = -13.086361104791814, Validation RMSE = 0.626350179654907
Epoch 107: Train Loss = -13.168165813792836, Validation RMSE = 0.6233315241593077
Epoch 107: Train Loss = -13.168165813792836, Validation RMSE = 0.6233315241593077
Epoch 108: Train Loss = -13.137424729087137, Validation RMSE = 0.6441420041019515
Epoch 108: Train Loss = -13.137424729087137, Validation RMSE = 0.6441420041019515
Epoch 109: Train Loss = -13.082305734807795, Validation RMSE = 0.6887494956299118
Epoch 109: Train Loss = -13.082305734807795, Validation RMSE = 0.6887494956299118
Epoch 110: Train Loss = -13.23819619959051, Validation RMSE = 0.651023803518757
Epoch 110: Train Loss = -13.23819619959051, Validation RMSE = 0.651023803518757
Epoch 111: Train Loss = -13.007051727988504, Validation RMSE = 0.6465942487621059
Epoch 111: Train Loss = -13.007051727988504, Validation RMSE = 0.6465942487621059
Epoch 112: Train Loss = -12.941160722212357, Validation RMSE = 0.6824852081912552
Epoch 112: Train Loss = -12.941160722212357, Validation RMSE = 0.6824852081912552
Epoch 113: Train Loss = -13.104734507474033, Validation RMSE = 0.6364523264023617
Epoch 113: Train Loss = -13.104734507474033, Validation RMSE = 0.6364523264023617
Epoch 114: Train Loss = -13.125477183948863, Validation RMSE = 0.6120832983062979
Epoch 114: Train Loss = -13.125477183948863, Validation RMSE = 0.6120832983062979
Epoch 115: Train Loss = -13.198431968688965, Validation RMSE = 0.638674882102209
Epoch 115: Train Loss = -13.198431968688965, Validation RMSE = 0.638674882102209
Epoch 116: Train Loss = -13.268640951676803, Validation RMSE = 0.6136165738993513
Epoch 116: Train Loss = -13.268640951676803, Validation RMSE = 0.6136165738993513
Epoch 117: Train Loss = -13.176249504089355, Validation RMSE = 0.5986046395516839
Epoch 117: Train Loss = -13.176249504089355, Validation RMSE = 0.5986046395516839
Epoch 118: Train Loss = -13.213237328962846, Validation RMSE = 0.6158378290881565
Epoch 118: Train Loss = -13.213237328962846, Validation RMSE = 0.6158378290881565
Epoch 119: Train Loss = -13.173517487265848, Validation RMSE = 0.6005931574336705
Epoch 119: Train Loss = -13.173517487265848, Validation RMSE = 0.6005931574336705
Epoch 120: Train Loss = -13.130057074806906, Validation RMSE = 0.610088290856658
Epoch 120: Train Loss = -13.130057074806906, Validation RMSE = 0.610088290856658
Epoch 121: Train Loss = -13.287066026167436, Validation RMSE = 0.6079148292028154
Epoch 121: Train Loss = -13.287066026167436, Validation RMSE = 0.6079148292028154
Epoch 122: Train Loss = -13.319418820467861, Validation RMSE = 0.620942738416702
Epoch 122: Train Loss = -13.319418820467861, Validation RMSE = 0.620942738416702
Epoch 123: Train Loss = -13.148865006186746, Validation RMSE = 0.5976110339314084
Epoch 123: Train Loss = -13.148865006186746, Validation RMSE = 0.5976110339314084
Epoch 124: Train Loss = -13.152951674027877, Validation RMSE = 0.6045068337400721
Epoch 124: Train Loss = -13.152951674027877, Validation RMSE = 0.6045068337400721
Epoch 125: Train Loss = -13.320704980330033, Validation RMSE = 0.6036250897353524
Epoch 125: Train Loss = -13.320704980330033, Validation RMSE = 0.6036250897353524
Epoch 126: Train Loss = -13.318712494590066, Validation RMSE = 0.6023566780547077
Epoch 126: Train Loss = -13.318712494590066, Validation RMSE = 0.6023566780547077
Epoch 127: Train Loss = -13.249131202697754, Validation RMSE = 0.6048554892224798
Epoch 127: Train Loss = -13.249131202697754, Validation RMSE = 0.6048554892224798
Epoch 128: Train Loss = -13.274179198525168, Validation RMSE = 0.5942297159686992
Epoch 128: Train Loss = -13.274179198525168, Validation RMSE = 0.5942297159686992
Epoch 129: Train Loss = -13.434522888877176, Validation RMSE = 0.591372965126492
Epoch 129: Train Loss = -13.434522888877176, Validation RMSE = 0.591372965126492
Epoch 130: Train Loss = -13.356923016634854, Validation RMSE = 0.6142792044110496
Epoch 130: Train Loss = -13.356923016634854, Validation RMSE = 0.6142792044110496
Epoch 131: Train Loss = -13.259598471901633, Validation RMSE = 0.6202537200202629
Epoch 131: Train Loss = -13.259598471901633, Validation RMSE = 0.6202537200202629
Epoch 132: Train Loss = -13.308388016440652, Validation RMSE = 0.6202162960612536
Epoch 132: Train Loss = -13.308388016440652, Validation RMSE = 0.6202162960612536
Epoch 133: Train Loss = -13.271858388727361, Validation RMSE = 0.6106186666077354
Epoch 133: Train Loss = -13.271858388727361, Validation RMSE = 0.6106186666077354
Epoch 134: Train Loss = -13.115979888222434, Validation RMSE = 0.613662134732048
Epoch 134: Train Loss = -13.115979888222434, Validation RMSE = 0.613662134732048
Epoch 135: Train Loss = -13.318355386907404, Validation RMSE = 0.6380398582240705
Epoch 135: Train Loss = -13.318355386907404, Validation RMSE = 0.6380398582240705
Epoch 136: Train Loss = -13.318024461919611, Validation RMSE = 0.5995407521560691
Epoch 136: Train Loss = -13.318024461919611, Validation RMSE = 0.5995407521560691
Epoch 137: Train Loss = -13.421941063620828, Validation RMSE = 0.6102183874241992
Epoch 137: Train Loss = -13.421941063620828, Validation RMSE = 0.6102183874241992
Epoch 138: Train Loss = -13.236861142245205, Validation RMSE = 0.5734001007549298
Epoch 138: Train Loss = -13.236861142245205, Validation RMSE = 0.5734001007549298
Epoch 139: Train Loss = -13.321214762600986, Validation RMSE = 0.5921871537314785
Epoch 139: Train Loss = -13.321214762600986, Validation RMSE = 0.5921871537314785
Epoch 140: Train Loss = -13.312916842373935, Validation RMSE = 0.5878590745948993
Epoch 140: Train Loss = -13.312916842373935, Validation RMSE = 0.5878590745948993
Epoch 141: Train Loss = -13.21317213231867, Validation RMSE = 0.6010441737642085
Epoch 141: Train Loss = -13.21317213231867, Validation RMSE = 0.6010441737642085
Epoch 142: Train Loss = -13.392629970203746, Validation RMSE = 0.599770752453882
Epoch 142: Train Loss = -13.392629970203746, Validation RMSE = 0.599770752453882
Epoch 143: Train Loss = -13.471204844388096, Validation RMSE = 0.6090916855344457
Epoch 143: Train Loss = -13.471204844388096, Validation RMSE = 0.6090916855344457
Epoch 144: Train Loss = -13.32259516282515, Validation RMSE = 0.6118401049540984
Epoch 144: Train Loss = -13.32259516282515, Validation RMSE = 0.6118401049540984
Epoch 145: Train Loss = -13.301164106889205, Validation RMSE = 0.5945798433999023
Epoch 145: Train Loss = -13.301164106889205, Validation RMSE = 0.5945798433999023
Epoch 146: Train Loss = -13.350147420709783, Validation RMSE = 0.5877084156446583
Epoch 146: Train Loss = -13.350147420709783, Validation RMSE = 0.5877084156446583
Epoch 147: Train Loss = -13.268952022899281, Validation RMSE = 0.5956962066568154
Epoch 147: Train Loss = -13.268952022899281, Validation RMSE = 0.5956962066568154
Epoch 148: Train Loss = -13.44844575361772, Validation RMSE = 0.6036005555684479
Epoch 148: Train Loss = -13.44844575361772, Validation RMSE = 0.6036005555684479
Epoch 149: Train Loss = -13.42938535863703, Validation RMSE = 0.5994990170460389
Epoch 149: Train Loss = -13.42938535863703, Validation RMSE = 0.5994990170460389
Epoch 150: Train Loss = -13.315628658641469, Validation RMSE = 0.6049789829886841
Epoch 150: Train Loss = -13.315628658641469, Validation RMSE = 0.6049789829886841
Epoch 151: Train Loss = -13.324810374866832, Validation RMSE = 0.6024306347048441
Epoch 151: Train Loss = -13.324810374866832, Validation RMSE = 0.6024306347048441
Epoch 152: Train Loss = -13.303660132668234, Validation RMSE = 0.5927916512119779
Epoch 152: Train Loss = -13.303660132668234, Validation RMSE = 0.5927916512119779
Epoch 153: Train Loss = -13.323172395879572, Validation RMSE = 0.5964582019850474
Epoch 153: Train Loss = -13.323172395879572, Validation RMSE = 0.5964582019850474
Epoch 154: Train Loss = -13.353048064491965, Validation RMSE = 0.5911902853623945
Epoch 154: Train Loss = -13.353048064491965, Validation RMSE = 0.5911902853623945
Epoch 155: Train Loss = -13.457135373895818, Validation RMSE = 0.5951319993973991
Epoch 155: Train Loss = -13.457135373895818, Validation RMSE = 0.5951319993973991
Epoch 156: Train Loss = -13.369938937100498, Validation RMSE = 0.5879778013511544
Epoch 156: Train Loss = -13.369938937100498, Validation RMSE = 0.5879778013511544
Epoch 157: Train Loss = -13.519844401966441, Validation RMSE = 0.6041969836924493
Epoch 157: Train Loss = -13.519844401966441, Validation RMSE = 0.6041969836924493
Epoch 158: Train Loss = -13.348709366538309, Validation RMSE = 0.6128983930360051
Epoch 158: Train Loss = -13.348709366538309, Validation RMSE = 0.6128983930360051
Epoch 159: Train Loss = -13.477724595503373, Validation RMSE = 0.5955016472008889
Epoch 159: Train Loss = -13.477724595503373, Validation RMSE = 0.5955016472008889
Epoch 160: Train Loss = -13.463761589743875, Validation RMSE = 0.5998376675039355
Epoch 160: Train Loss = -13.463761589743875, Validation RMSE = 0.5998376675039355
Epoch 161: Train Loss = -13.4312162399292, Validation RMSE = 0.6016394641558216
Epoch 161: Train Loss = -13.4312162399292, Validation RMSE = 0.6016394641558216
Epoch 162: Train Loss = -13.415877342224121, Validation RMSE = 0.5856911327683646
Epoch 162: Train Loss = -13.415877342224121, Validation RMSE = 0.5856911327683646
Epoch 163: Train Loss = -13.452693419022994, Validation RMSE = 0.5818428394502437
Epoch 163: Train Loss = -13.452693419022994, Validation RMSE = 0.5818428394502437
Epoch 164: Train Loss = -13.387174432927912, Validation RMSE = 0.5993663317850912
Epoch 164: Train Loss = -13.387174432927912, Validation RMSE = 0.5993663317850912
Epoch 165: Train Loss = -13.374283010309393, Validation RMSE = 0.6015554092126448
Epoch 165: Train Loss = -13.374283010309393, Validation RMSE = 0.6015554092126448
Epoch 166: Train Loss = -13.431831793351607, Validation RMSE = 0.6161745705864228
Epoch 166: Train Loss = -13.431831793351607, Validation RMSE = 0.6161745705864228
Epoch 167: Train Loss = -13.444200602444736, Validation RMSE = 0.5977183364571333
Epoch 167: Train Loss = -13.444200602444736, Validation RMSE = 0.5977183364571333
Epoch 168: Train Loss = -13.495742190967906, Validation RMSE = 0.588850987945077
Epoch 168: Train Loss = -13.495742190967906, Validation RMSE = 0.588850987945077
Epoch 169: Train Loss = -13.371081872419877, Validation RMSE = 0.5904542403624572
Epoch 169: Train Loss = -13.371081872419877, Validation RMSE = 0.5904542403624572
Epoch 170: Train Loss = -13.412457726218484, Validation RMSE = 0.6339249587693421
Epoch 170: Train Loss = -13.412457726218484, Validation RMSE = 0.6339249587693421
Epoch 171: Train Loss = -13.436803297563033, Validation RMSE = 0.6148801345337996
Epoch 171: Train Loss = -13.436803297563033, Validation RMSE = 0.6148801345337996
Epoch 172: Train Loss = -13.54597975990989, Validation RMSE = 0.6098449895628565
Epoch 172: Train Loss = -13.54597975990989, Validation RMSE = 0.6098449895628565
Epoch 173: Train Loss = -13.494353814558549, Validation RMSE = 0.6261746474757767
Epoch 173: Train Loss = -13.494353814558549, Validation RMSE = 0.6261746474757767
Epoch 174: Train Loss = -13.470454909584738, Validation RMSE = 0.6181576471788761
Epoch 174: Train Loss = -13.470454909584738, Validation RMSE = 0.6181576471788761
Epoch 175: Train Loss = -13.533095706592906, Validation RMSE = 0.5947365659280319
Epoch 175: Train Loss = -13.533095706592906, Validation RMSE = 0.5947365659280319
Epoch 176: Train Loss = -13.495840506120162, Validation RMSE = 0.609913088317978
Epoch 176: Train Loss = -13.495840506120162, Validation RMSE = 0.609913088317978
Epoch 177: Train Loss = -13.486363757740367, Validation RMSE = 0.593726337162013
Epoch 177: Train Loss = -13.486363757740367, Validation RMSE = 0.593726337162013
Epoch 178: Train Loss = -13.564862684770064, Validation RMSE = 0.5965448932864558
Epoch 178: Train Loss = -13.564862684770064, Validation RMSE = 0.5965448932864558
Epoch 179: Train Loss = -13.499081958423961, Validation RMSE = 0.5955025943189324
Epoch 179: Train Loss = -13.499081958423961, Validation RMSE = 0.5955025943189324
Epoch 180: Train Loss = -13.534974705089223, Validation RMSE = 0.5949905198604126
Epoch 180: Train Loss = -13.534974705089223, Validation RMSE = 0.5949905198604126
Epoch 181: Train Loss = -13.535429694435813, Validation RMSE = 0.5956612870415626
Epoch 181: Train Loss = -13.535429694435813, Validation RMSE = 0.5956612870415626
Epoch 182: Train Loss = -13.55227062918923, Validation RMSE = 0.5913555302097955
Epoch 182: Train Loss = -13.55227062918923, Validation RMSE = 0.5913555302097955
Epoch 183: Train Loss = -13.523923613808371, Validation RMSE = 0.5942729789771756
Epoch 183: Train Loss = -13.523923613808371, Validation RMSE = 0.5942729789771756
Epoch 184: Train Loss = -13.573407866738059, Validation RMSE = 0.5918571264286676
Epoch 184: Train Loss = -13.573407866738059, Validation RMSE = 0.5918571264286676
Epoch 185: Train Loss = -13.436054489829324, Validation RMSE = 0.5952787164938258
Epoch 185: Train Loss = -13.436054489829324, Validation RMSE = 0.5952787164938258
Epoch 186: Train Loss = -13.483565590598367, Validation RMSE = 0.5877345981356211
Epoch 186: Train Loss = -13.483565590598367, Validation RMSE = 0.5877345981356211
Epoch 187: Train Loss = -13.485810193148525, Validation RMSE = 0.6095691298501661
Epoch 187: Train Loss = -13.485810193148525, Validation RMSE = 0.6095691298501661
Epoch 188: Train Loss = -13.460837624289773, Validation RMSE = 0.5862539650406755
Epoch 188: Train Loss = -13.460837624289773, Validation RMSE = 0.5862539650406755
Epoch 189: Train Loss = -13.574872623790394, Validation RMSE = 0.5872939487225572
Epoch 189: Train Loss = -13.574872623790394, Validation RMSE = 0.5872939487225572
Epoch 190: Train Loss = -13.578002669594504, Validation RMSE = 0.5949185068799433
Epoch 190: Train Loss = -13.578002669594504, Validation RMSE = 0.5949185068799433
Epoch 191: Train Loss = -13.588340759277344, Validation RMSE = 0.5874143402862884
Epoch 191: Train Loss = -13.588340759277344, Validation RMSE = 0.5874143402862884
Epoch 192: Train Loss = -13.631572029807351, Validation RMSE = 0.5851643195399856
Epoch 192: Train Loss = -13.631572029807351, Validation RMSE = 0.5851643195399856
Epoch 193: Train Loss = -13.568680589849299, Validation RMSE = 0.6065898934859152
Epoch 193: Train Loss = -13.568680589849299, Validation RMSE = 0.6065898934859152
Epoch 194: Train Loss = -13.563375993208451, Validation RMSE = 0.5921788076852179
Epoch 194: Train Loss = -13.563375993208451, Validation RMSE = 0.5921788076852179
Epoch 195: Train Loss = -13.398596330122514, Validation RMSE = 0.5978915953687409
Epoch 195: Train Loss = -13.398596330122514, Validation RMSE = 0.5978915953687409
Epoch 196: Train Loss = -13.547637679360129, Validation RMSE = 0.597698778142595
Epoch 196: Train Loss = -13.547637679360129, Validation RMSE = 0.597698778142595
Epoch 197: Train Loss = -13.537084752863104, Validation RMSE = 0.5979836222111254
Epoch 197: Train Loss = -13.537084752863104, Validation RMSE = 0.5979836222111254
Epoch 198: Train Loss = -13.47713851928711, Validation RMSE = 0.6039432963010184
Epoch 198: Train Loss = -13.47713851928711, Validation RMSE = 0.6039432963010184
Epoch 199: Train Loss = -13.580911636352539, Validation RMSE = 0.5810201717069802
Epoch 199: Train Loss = -13.580911636352539, Validation RMSE = 0.5810201717069802
