{'activation': 'ReLU',
 'batch_size': 50,
 'cuda': True,
 'data_path': 'dataset/delaney.csv',
 'depth': 3,
 'epochs': 200,
 'ffn_hidden_size': 300,
 'ffn_num_layers': 2,
 'final_lr': 0.0001,
 'hidden_size': 300,
 'init_lr': 0.0001,
 'kl_weight': 1.0,
 'max_lr': 0.001,
 'regularization_scale': 0.0001,
 'sampling_size': 20,
 'save_dir': 'results\\cd\\delaney_checkpoints\\seed_345',
 'save_smiles_splits': False,
 'seed': 345,
 'split_sizes': [0.5, 0.2, 0.3],
 'split_type': 'random',
 'task_names': 'delaney',
 'train_strategy': 'cd',
 'warmup_epochs': 2.0}
{'activation': 'ReLU',
 'batch_size': 50,
 'cuda': True,
 'data_path': 'dataset/delaney.csv',
 'depth': 3,
 'epochs': 200,
 'ffn_hidden_size': 300,
 'ffn_num_layers': 2,
 'final_lr': 0.0001,
 'hidden_size': 300,
 'init_lr': 0.0001,
 'kl_weight': 1.0,
 'max_lr': 0.001,
 'regularization_scale': 0.0001,
 'sampling_size': 20,
 'save_dir': 'results\\cd\\delaney_checkpoints\\seed_345',
 'save_smiles_splits': False,
 'seed': 345,
 'split_sizes': [0.5, 0.2, 0.3],
 'split_type': 'random',
 'task_names': 'delaney',
 'train_strategy': 'cd',
 'warmup_epochs': 2.0}
Loading data...
Loading data...
Splitting data with seed 345
Splitting data with seed 345
Finish Loading and Splitting... Total size = 1,128 | train size = 564 | val size = 225 | test size = 339
Finish Loading and Splitting... Total size = 1,128 | train size = 564 | val size = 225 | test size = 339
Fitting scaler
Fitting scaler
Building model...
Building model...
Number of parameters = 355,206
Number of parameters = 355,206
Moving model to cuda
Moving model to cuda
Epoch 0: Train Loss = -2.3168413639068604, Validation RMSE = 2.059489347805204
Epoch 0: Train Loss = -2.3168413639068604, Validation RMSE = 2.059489347805204
Epoch 1: Train Loss = -2.545223734595559, Validation RMSE = 1.9233671970922763
Epoch 1: Train Loss = -2.545223734595559, Validation RMSE = 1.9233671970922763
Epoch 2: Train Loss = -2.694888396696611, Validation RMSE = 1.8814401248032993
Epoch 2: Train Loss = -2.694888396696611, Validation RMSE = 1.8814401248032993
Epoch 3: Train Loss = -2.7623747912320225, Validation RMSE = 1.7511037062181718
Epoch 3: Train Loss = -2.7623747912320225, Validation RMSE = 1.7511037062181718
Epoch 4: Train Loss = -2.828556104139848, Validation RMSE = 1.7278976159633423
Epoch 4: Train Loss = -2.828556104139848, Validation RMSE = 1.7278976159633423
Epoch 5: Train Loss = -2.987528996034102, Validation RMSE = 1.6281622109932412
Epoch 5: Train Loss = -2.987528996034102, Validation RMSE = 1.6281622109932412
Epoch 6: Train Loss = -3.0765796574679287, Validation RMSE = 1.4839491262510196
Epoch 6: Train Loss = -3.0765796574679287, Validation RMSE = 1.4839491262510196
Epoch 7: Train Loss = -3.1732008240439673, Validation RMSE = 1.4743955881563016
Epoch 7: Train Loss = -3.1732008240439673, Validation RMSE = 1.4743955881563016
Epoch 8: Train Loss = -3.2604143619537354, Validation RMSE = 1.4868137503695928
Epoch 8: Train Loss = -3.2604143619537354, Validation RMSE = 1.4868137503695928
Epoch 9: Train Loss = -3.2622474540363657, Validation RMSE = 1.4222804819062504
Epoch 9: Train Loss = -3.2622474540363657, Validation RMSE = 1.4222804819062504
Epoch 10: Train Loss = -3.270307107405229, Validation RMSE = 1.5041509786458753
Epoch 10: Train Loss = -3.270307107405229, Validation RMSE = 1.5041509786458753
Epoch 11: Train Loss = -3.196889140389182, Validation RMSE = 1.4565832983718285
Epoch 11: Train Loss = -3.196889140389182, Validation RMSE = 1.4565832983718285
Epoch 12: Train Loss = -3.3275399641557173, Validation RMSE = 1.367401588661049
Epoch 12: Train Loss = -3.3275399641557173, Validation RMSE = 1.367401588661049
Epoch 13: Train Loss = -3.3678503686731514, Validation RMSE = 1.3863744119452786
Epoch 13: Train Loss = -3.3678503686731514, Validation RMSE = 1.3863744119452786
Epoch 14: Train Loss = -3.4235570430755615, Validation RMSE = 1.3258846742220525
Epoch 14: Train Loss = -3.4235570430755615, Validation RMSE = 1.3258846742220525
Epoch 15: Train Loss = -3.278038653460416, Validation RMSE = 1.5213098342645894
Epoch 15: Train Loss = -3.278038653460416, Validation RMSE = 1.5213098342645894
Epoch 16: Train Loss = -3.3355452580885454, Validation RMSE = 1.407847759522968
Epoch 16: Train Loss = -3.3355452580885454, Validation RMSE = 1.407847759522968
Epoch 17: Train Loss = -3.432565927505493, Validation RMSE = 1.3419919013207369
Epoch 17: Train Loss = -3.432565927505493, Validation RMSE = 1.3419919013207369
Epoch 18: Train Loss = -3.4946211251345547, Validation RMSE = 1.300120364304325
Epoch 18: Train Loss = -3.4946211251345547, Validation RMSE = 1.300120364304325
Epoch 19: Train Loss = -3.5298564434051514, Validation RMSE = 1.361933328611448
Epoch 19: Train Loss = -3.5298564434051514, Validation RMSE = 1.361933328611448
Epoch 20: Train Loss = -3.4957230524583296, Validation RMSE = 1.280993366459563
Epoch 20: Train Loss = -3.4957230524583296, Validation RMSE = 1.280993366459563
Epoch 21: Train Loss = -3.498915910720825, Validation RMSE = 1.3956116906356482
Epoch 21: Train Loss = -3.498915910720825, Validation RMSE = 1.3956116906356482
Epoch 22: Train Loss = -3.5043454603715376, Validation RMSE = 1.2664320572284042
Epoch 22: Train Loss = -3.5043454603715376, Validation RMSE = 1.2664320572284042
Epoch 23: Train Loss = -3.580555460669778, Validation RMSE = 1.3060137859439491
Epoch 23: Train Loss = -3.580555460669778, Validation RMSE = 1.3060137859439491
Epoch 24: Train Loss = -3.470576459711248, Validation RMSE = 1.3151547632842673
Epoch 24: Train Loss = -3.470576459711248, Validation RMSE = 1.3151547632842673
Epoch 25: Train Loss = -3.5112657763741235, Validation RMSE = 1.2404424111958752
Epoch 25: Train Loss = -3.5112657763741235, Validation RMSE = 1.2404424111958752
Epoch 26: Train Loss = -3.62127347425981, Validation RMSE = 1.2607663376482596
Epoch 26: Train Loss = -3.62127347425981, Validation RMSE = 1.2607663376482596
Epoch 27: Train Loss = -3.5965140732851895, Validation RMSE = 1.2656044674648919
Epoch 27: Train Loss = -3.5965140732851895, Validation RMSE = 1.2656044674648919
Epoch 28: Train Loss = -3.5527372143485327, Validation RMSE = 1.3384236358920976
Epoch 28: Train Loss = -3.5527372143485327, Validation RMSE = 1.3384236358920976
Epoch 29: Train Loss = -3.5247910022735596, Validation RMSE = 1.2614132960915938
Epoch 29: Train Loss = -3.5247910022735596, Validation RMSE = 1.2614132960915938
Epoch 30: Train Loss = -3.6173721877011387, Validation RMSE = 1.1910342324692218
Epoch 30: Train Loss = -3.6173721877011387, Validation RMSE = 1.1910342324692218
Epoch 31: Train Loss = -3.643950028852983, Validation RMSE = 1.204752665312503
Epoch 31: Train Loss = -3.643950028852983, Validation RMSE = 1.204752665312503
Epoch 32: Train Loss = -3.717640833421187, Validation RMSE = 1.1847314111973628
Epoch 32: Train Loss = -3.717640833421187, Validation RMSE = 1.1847314111973628
Epoch 33: Train Loss = -3.596240368756381, Validation RMSE = 1.2199949322795793
Epoch 33: Train Loss = -3.596240368756381, Validation RMSE = 1.2199949322795793
Epoch 34: Train Loss = -3.7027519182725386, Validation RMSE = 1.1499098957641827
Epoch 34: Train Loss = -3.7027519182725386, Validation RMSE = 1.1499098957641827
Epoch 35: Train Loss = -3.76624887639826, Validation RMSE = 1.2014428854123946
Epoch 35: Train Loss = -3.76624887639826, Validation RMSE = 1.2014428854123946
Epoch 36: Train Loss = -3.686733527617021, Validation RMSE = 1.1805037976277855
Epoch 36: Train Loss = -3.686733527617021, Validation RMSE = 1.1805037976277855
Epoch 37: Train Loss = -3.7045388221740723, Validation RMSE = 1.1805634422217408
Epoch 37: Train Loss = -3.7045388221740723, Validation RMSE = 1.1805634422217408
Epoch 38: Train Loss = -3.5191698507829146, Validation RMSE = 1.2774137567374013
Epoch 38: Train Loss = -3.5191698507829146, Validation RMSE = 1.2774137567374013
Epoch 39: Train Loss = -3.5869068665937944, Validation RMSE = 1.229463517099445
Epoch 39: Train Loss = -3.5869068665937944, Validation RMSE = 1.229463517099445
Epoch 40: Train Loss = -3.610508745366877, Validation RMSE = 1.1949921936632188
Epoch 40: Train Loss = -3.610508745366877, Validation RMSE = 1.1949921936632188
Epoch 41: Train Loss = -3.7282105792652476, Validation RMSE = 1.1591989215472553
Epoch 41: Train Loss = -3.7282105792652476, Validation RMSE = 1.1591989215472553
Epoch 42: Train Loss = -3.708598483692516, Validation RMSE = 1.1938550691625196
Epoch 42: Train Loss = -3.708598483692516, Validation RMSE = 1.1938550691625196
Epoch 43: Train Loss = -3.8044345378875732, Validation RMSE = 1.1090572583462381
Epoch 43: Train Loss = -3.8044345378875732, Validation RMSE = 1.1090572583462381
Epoch 44: Train Loss = -3.7612207369370894, Validation RMSE = 1.1307543723164406
Epoch 44: Train Loss = -3.7612207369370894, Validation RMSE = 1.1307543723164406
Epoch 45: Train Loss = -3.778632640838623, Validation RMSE = 1.1591575427117933
Epoch 45: Train Loss = -3.778632640838623, Validation RMSE = 1.1591575427117933
Epoch 46: Train Loss = -3.7423309846357866, Validation RMSE = 1.159899302992713
Epoch 46: Train Loss = -3.7423309846357866, Validation RMSE = 1.159899302992713
Epoch 47: Train Loss = -3.8269404498013584, Validation RMSE = 1.0843051450392267
Epoch 47: Train Loss = -3.8269404498013584, Validation RMSE = 1.0843051450392267
Epoch 48: Train Loss = -3.765730706128207, Validation RMSE = 1.1126254921564114
Epoch 48: Train Loss = -3.765730706128207, Validation RMSE = 1.1126254921564114
Epoch 49: Train Loss = -3.8456686193292793, Validation RMSE = 1.1097631648685542
Epoch 49: Train Loss = -3.8456686193292793, Validation RMSE = 1.1097631648685542
Epoch 50: Train Loss = -3.843624245036732, Validation RMSE = 1.150768264801823
Epoch 50: Train Loss = -3.843624245036732, Validation RMSE = 1.150768264801823
Epoch 51: Train Loss = -3.8071356253190474, Validation RMSE = 1.131888982627851
Epoch 51: Train Loss = -3.8071356253190474, Validation RMSE = 1.131888982627851
Epoch 52: Train Loss = -3.8615049448880283, Validation RMSE = 1.11978428173874
Epoch 52: Train Loss = -3.8615049448880283, Validation RMSE = 1.11978428173874
Epoch 53: Train Loss = -3.790137767791748, Validation RMSE = 1.093799469489211
Epoch 53: Train Loss = -3.790137767791748, Validation RMSE = 1.093799469489211
Epoch 54: Train Loss = -3.9280853271484375, Validation RMSE = 1.0583167219283611
Epoch 54: Train Loss = -3.9280853271484375, Validation RMSE = 1.0583167219283611
Epoch 55: Train Loss = -3.909739125858654, Validation RMSE = 1.092775300807163
Epoch 55: Train Loss = -3.909739125858654, Validation RMSE = 1.092775300807163
Epoch 56: Train Loss = -3.8514602834528144, Validation RMSE = 1.114129136860924
Epoch 56: Train Loss = -3.8514602834528144, Validation RMSE = 1.114129136860924
Epoch 57: Train Loss = -3.7599843632091177, Validation RMSE = 1.0666074801421608
Epoch 57: Train Loss = -3.7599843632091177, Validation RMSE = 1.0666074801421608
Epoch 58: Train Loss = -3.8614273288033227, Validation RMSE = 1.0736735853397492
Epoch 58: Train Loss = -3.8614273288033227, Validation RMSE = 1.0736735853397492
Epoch 59: Train Loss = -3.889347488229925, Validation RMSE = 1.066246768009207
Epoch 59: Train Loss = -3.889347488229925, Validation RMSE = 1.066246768009207
Epoch 60: Train Loss = -3.8272146961905738, Validation RMSE = 1.085820996811626
Epoch 60: Train Loss = -3.8272146961905738, Validation RMSE = 1.085820996811626
Epoch 61: Train Loss = -3.874420014294711, Validation RMSE = 1.1087049570773113
Epoch 61: Train Loss = -3.874420014294711, Validation RMSE = 1.1087049570773113
Epoch 62: Train Loss = -3.834516828710383, Validation RMSE = 1.0221681590753298
Epoch 62: Train Loss = -3.834516828710383, Validation RMSE = 1.0221681590753298
Epoch 63: Train Loss = -3.9403222040696577, Validation RMSE = 1.031053599095016
Epoch 63: Train Loss = -3.9403222040696577, Validation RMSE = 1.031053599095016
Epoch 64: Train Loss = -3.899993744763461, Validation RMSE = 1.0562712465658768
Epoch 64: Train Loss = -3.899993744763461, Validation RMSE = 1.0562712465658768
Epoch 65: Train Loss = -3.9157126383347944, Validation RMSE = 1.061454491119884
Epoch 65: Train Loss = -3.9157126383347944, Validation RMSE = 1.061454491119884
Epoch 66: Train Loss = -3.9256908893585205, Validation RMSE = 1.0165674965594607
Epoch 66: Train Loss = -3.9256908893585205, Validation RMSE = 1.0165674965594607
Epoch 67: Train Loss = -4.018788619474932, Validation RMSE = 1.0628212745581576
Epoch 67: Train Loss = -4.018788619474932, Validation RMSE = 1.0628212745581576
Epoch 68: Train Loss = -3.833483197472312, Validation RMSE = 1.0703290236658143
Epoch 68: Train Loss = -3.833483197472312, Validation RMSE = 1.0703290236658143
Epoch 69: Train Loss = -3.9406104304573755, Validation RMSE = 1.0406310821831373
Epoch 69: Train Loss = -3.9406104304573755, Validation RMSE = 1.0406310821831373
Epoch 70: Train Loss = -3.910961476239291, Validation RMSE = 1.0822636301535806
Epoch 70: Train Loss = -3.910961476239291, Validation RMSE = 1.0822636301535806
Epoch 71: Train Loss = -3.8453880006616767, Validation RMSE = 1.0396830354785978
Epoch 71: Train Loss = -3.8453880006616767, Validation RMSE = 1.0396830354785978
Epoch 72: Train Loss = -3.924775383689187, Validation RMSE = 1.043653426463217
Epoch 72: Train Loss = -3.924775383689187, Validation RMSE = 1.043653426463217
Epoch 73: Train Loss = -4.03385032307018, Validation RMSE = 1.0148077206018924
Epoch 73: Train Loss = -4.03385032307018, Validation RMSE = 1.0148077206018924
Epoch 74: Train Loss = -3.9761698029258032, Validation RMSE = 1.02036940898829
Epoch 74: Train Loss = -3.9761698029258032, Validation RMSE = 1.02036940898829
Epoch 75: Train Loss = -4.014006788080389, Validation RMSE = 0.9809502725711806
Epoch 75: Train Loss = -4.014006788080389, Validation RMSE = 0.9809502725711806
Epoch 76: Train Loss = -4.10403992912986, Validation RMSE = 1.0201531540544295
Epoch 76: Train Loss = -4.10403992912986, Validation RMSE = 1.0201531540544295
Epoch 77: Train Loss = -3.8883626027540727, Validation RMSE = 1.111173908496838
Epoch 77: Train Loss = -3.8883626027540727, Validation RMSE = 1.111173908496838
Epoch 78: Train Loss = -3.9075895872983066, Validation RMSE = 1.0318104563914388
Epoch 78: Train Loss = -3.9075895872983066, Validation RMSE = 1.0318104563914388
Epoch 79: Train Loss = -3.8863183801824395, Validation RMSE = 1.051252253860507
Epoch 79: Train Loss = -3.8863183801824395, Validation RMSE = 1.051252253860507
Epoch 80: Train Loss = -3.921026815067638, Validation RMSE = 1.036100937948178
Epoch 80: Train Loss = -3.921026815067638, Validation RMSE = 1.036100937948178
Epoch 81: Train Loss = -3.999826431274414, Validation RMSE = 1.0233955847674978
Epoch 81: Train Loss = -3.999826431274414, Validation RMSE = 1.0233955847674978
Epoch 82: Train Loss = -3.9402396462180396, Validation RMSE = 0.9995490796844114
Epoch 82: Train Loss = -3.9402396462180396, Validation RMSE = 0.9995490796844114
Epoch 83: Train Loss = -4.0439837845889, Validation RMSE = 1.0343224729720197
Epoch 83: Train Loss = -4.0439837845889, Validation RMSE = 1.0343224729720197
Epoch 84: Train Loss = -4.069755814292214, Validation RMSE = 0.9757366470692874
Epoch 84: Train Loss = -4.069755814292214, Validation RMSE = 0.9757366470692874
Epoch 85: Train Loss = -3.9235664280978115, Validation RMSE = 0.9837745312249134
Epoch 85: Train Loss = -3.9235664280978115, Validation RMSE = 0.9837745312249134
Epoch 86: Train Loss = -3.951244440945712, Validation RMSE = 0.9811942935823543
Epoch 86: Train Loss = -3.951244440945712, Validation RMSE = 0.9811942935823543
Epoch 87: Train Loss = -4.06843131238764, Validation RMSE = 0.9843537925602124
Epoch 87: Train Loss = -4.06843131238764, Validation RMSE = 0.9843537925602124
Epoch 88: Train Loss = -3.9760527177290483, Validation RMSE = 1.0582615482461302
Epoch 88: Train Loss = -3.9760527177290483, Validation RMSE = 1.0582615482461302
Epoch 89: Train Loss = -4.000655781139027, Validation RMSE = 1.0202082209176033
Epoch 89: Train Loss = -4.000655781139027, Validation RMSE = 1.0202082209176033
Epoch 90: Train Loss = -3.8739658919247715, Validation RMSE = 1.0077442105300343
Epoch 90: Train Loss = -3.8739658919247715, Validation RMSE = 1.0077442105300343
Epoch 91: Train Loss = -4.069155432961204, Validation RMSE = 1.0397153794521714
Epoch 91: Train Loss = -4.069155432961204, Validation RMSE = 1.0397153794521714
Epoch 92: Train Loss = -4.004442084919322, Validation RMSE = 0.9786739581362521
Epoch 92: Train Loss = -4.004442084919322, Validation RMSE = 0.9786739581362521
Epoch 93: Train Loss = -4.0129384777762676, Validation RMSE = 0.9873849265226479
Epoch 93: Train Loss = -4.0129384777762676, Validation RMSE = 0.9873849265226479
Epoch 94: Train Loss = -4.081581310792402, Validation RMSE = 0.9643163884197743
Epoch 94: Train Loss = -4.081581310792402, Validation RMSE = 0.9643163884197743
Epoch 95: Train Loss = -3.9715314344926314, Validation RMSE = 0.9855420164324933
Epoch 95: Train Loss = -3.9715314344926314, Validation RMSE = 0.9855420164324933
Epoch 96: Train Loss = -4.065088228745894, Validation RMSE = 0.9725768536898075
Epoch 96: Train Loss = -4.065088228745894, Validation RMSE = 0.9725768536898075
Epoch 97: Train Loss = -4.176120172847401, Validation RMSE = 0.9365203663771995
Epoch 97: Train Loss = -4.176120172847401, Validation RMSE = 0.9365203663771995
Epoch 98: Train Loss = -3.992637265812267, Validation RMSE = 0.9973918329956388
Epoch 98: Train Loss = -3.992637265812267, Validation RMSE = 0.9973918329956388
Epoch 99: Train Loss = -4.0743186907334765, Validation RMSE = 0.956597139466646
Epoch 99: Train Loss = -4.0743186907334765, Validation RMSE = 0.956597139466646
Epoch 100: Train Loss = -4.127622626044533, Validation RMSE = 0.9642151491591652
Epoch 100: Train Loss = -4.127622626044533, Validation RMSE = 0.9642151491591652
Epoch 101: Train Loss = -4.018501563505693, Validation RMSE = 1.0128756306975013
Epoch 101: Train Loss = -4.018501563505693, Validation RMSE = 1.0128756306975013
Epoch 102: Train Loss = -4.049202940680764, Validation RMSE = 0.9884004394472572
Epoch 102: Train Loss = -4.049202940680764, Validation RMSE = 0.9884004394472572
Epoch 103: Train Loss = -4.012456785548817, Validation RMSE = 1.004172985149582
Epoch 103: Train Loss = -4.012456785548817, Validation RMSE = 1.004172985149582
Epoch 104: Train Loss = -4.007177808068016, Validation RMSE = 0.9781586175478367
Epoch 104: Train Loss = -4.007177808068016, Validation RMSE = 0.9781586175478367
Epoch 105: Train Loss = -4.045176007530906, Validation RMSE = 1.0039985144501438
Epoch 105: Train Loss = -4.045176007530906, Validation RMSE = 1.0039985144501438
Epoch 106: Train Loss = -4.054500037973577, Validation RMSE = 0.9452433670918976
Epoch 106: Train Loss = -4.054500037973577, Validation RMSE = 0.9452433670918976
Epoch 107: Train Loss = -4.137013803828847, Validation RMSE = 0.9670633087681589
Epoch 107: Train Loss = -4.137013803828847, Validation RMSE = 0.9670633087681589
Epoch 108: Train Loss = -4.181167775934393, Validation RMSE = 0.9819721383306003
Epoch 108: Train Loss = -4.181167775934393, Validation RMSE = 0.9819721383306003
Epoch 109: Train Loss = -4.08744460886175, Validation RMSE = 0.9828546470752353
Epoch 109: Train Loss = -4.08744460886175, Validation RMSE = 0.9828546470752353
Epoch 110: Train Loss = -4.139369054274126, Validation RMSE = 0.9512229526770842
Epoch 110: Train Loss = -4.139369054274126, Validation RMSE = 0.9512229526770842
Epoch 111: Train Loss = -4.029279058629816, Validation RMSE = 0.9766835237207627
Epoch 111: Train Loss = -4.029279058629816, Validation RMSE = 0.9766835237207627
Epoch 112: Train Loss = -4.111468661915172, Validation RMSE = 0.9535171941510084
Epoch 112: Train Loss = -4.111468661915172, Validation RMSE = 0.9535171941510084
Epoch 113: Train Loss = -4.158756277777932, Validation RMSE = 0.9490571937148665
Epoch 113: Train Loss = -4.158756277777932, Validation RMSE = 0.9490571937148665
Epoch 114: Train Loss = -4.021178895776922, Validation RMSE = 0.9643688816824433
Epoch 114: Train Loss = -4.021178895776922, Validation RMSE = 0.9643688816824433
Epoch 115: Train Loss = -4.126067638397217, Validation RMSE = 0.9544263264008985
Epoch 115: Train Loss = -4.126067638397217, Validation RMSE = 0.9544263264008985
Epoch 116: Train Loss = -4.06189099225131, Validation RMSE = 0.9670594880281954
Epoch 116: Train Loss = -4.06189099225131, Validation RMSE = 0.9670594880281954
Epoch 117: Train Loss = -4.165771376002919, Validation RMSE = 0.9503085578842261
Epoch 117: Train Loss = -4.165771376002919, Validation RMSE = 0.9503085578842261
Epoch 118: Train Loss = -4.146134159781716, Validation RMSE = 0.9471935216761445
Epoch 118: Train Loss = -4.146134159781716, Validation RMSE = 0.9471935216761445
Epoch 119: Train Loss = -4.134211085059426, Validation RMSE = 0.9646132517955279
Epoch 119: Train Loss = -4.134211085059426, Validation RMSE = 0.9646132517955279
Epoch 120: Train Loss = -4.1133271780881016, Validation RMSE = 0.9607735740805432
Epoch 120: Train Loss = -4.1133271780881016, Validation RMSE = 0.9607735740805432
Epoch 121: Train Loss = -4.245425050908869, Validation RMSE = 0.9157785022375865
Epoch 121: Train Loss = -4.245425050908869, Validation RMSE = 0.9157785022375865
Epoch 122: Train Loss = -4.171282789923928, Validation RMSE = 0.9320469024095065
Epoch 122: Train Loss = -4.171282789923928, Validation RMSE = 0.9320469024095065
Epoch 123: Train Loss = -4.206435506994074, Validation RMSE = 0.9061398797239079
Epoch 123: Train Loss = -4.206435506994074, Validation RMSE = 0.9061398797239079
Epoch 124: Train Loss = -4.14007416638461, Validation RMSE = 0.9479521405485187
Epoch 124: Train Loss = -4.14007416638461, Validation RMSE = 0.9479521405485187
Epoch 125: Train Loss = -4.128732594576749, Validation RMSE = 0.9327683459712911
Epoch 125: Train Loss = -4.128732594576749, Validation RMSE = 0.9327683459712911
Epoch 126: Train Loss = -4.122690677642822, Validation RMSE = 0.9397102914839335
Epoch 126: Train Loss = -4.122690677642822, Validation RMSE = 0.9397102914839335
Epoch 127: Train Loss = -4.205139897086403, Validation RMSE = 0.9604535008819096
Epoch 127: Train Loss = -4.205139897086403, Validation RMSE = 0.9604535008819096
Epoch 128: Train Loss = -4.1027115475047715, Validation RMSE = 0.9453220795502935
Epoch 128: Train Loss = -4.1027115475047715, Validation RMSE = 0.9453220795502935
Epoch 129: Train Loss = -4.17811207337813, Validation RMSE = 0.951786014654277
Epoch 129: Train Loss = -4.17811207337813, Validation RMSE = 0.951786014654277
Epoch 130: Train Loss = -4.252355467189442, Validation RMSE = 0.9349587696274058
Epoch 130: Train Loss = -4.252355467189442, Validation RMSE = 0.9349587696274058
Epoch 131: Train Loss = -4.0623885284770616, Validation RMSE = 0.963621909022237
Epoch 131: Train Loss = -4.0623885284770616, Validation RMSE = 0.963621909022237
Epoch 132: Train Loss = -4.111992640928789, Validation RMSE = 0.9132581404256793
Epoch 132: Train Loss = -4.111992640928789, Validation RMSE = 0.9132581404256793
Epoch 133: Train Loss = -4.0756854577498, Validation RMSE = 0.9275286782761069
Epoch 133: Train Loss = -4.0756854577498, Validation RMSE = 0.9275286782761069
Epoch 134: Train Loss = -4.178821086883545, Validation RMSE = 0.9324134922565533
Epoch 134: Train Loss = -4.178821086883545, Validation RMSE = 0.9324134922565533
Epoch 135: Train Loss = -4.133769230409102, Validation RMSE = 0.9352039630260313
Epoch 135: Train Loss = -4.133769230409102, Validation RMSE = 0.9352039630260313
Epoch 136: Train Loss = -4.1413602178747, Validation RMSE = 0.9326311733166003
Epoch 136: Train Loss = -4.1413602178747, Validation RMSE = 0.9326311733166003
Epoch 137: Train Loss = -4.228318192742088, Validation RMSE = 0.9110897802763807
Epoch 137: Train Loss = -4.228318192742088, Validation RMSE = 0.9110897802763807
Epoch 138: Train Loss = -4.172475901517001, Validation RMSE = 0.9197984002996663
Epoch 138: Train Loss = -4.172475901517001, Validation RMSE = 0.9197984002996663
Epoch 139: Train Loss = -4.163011312484741, Validation RMSE = 0.9443652809030382
Epoch 139: Train Loss = -4.163011312484741, Validation RMSE = 0.9443652809030382
Epoch 140: Train Loss = -4.119134469465776, Validation RMSE = 0.9094821506005539
Epoch 140: Train Loss = -4.119134469465776, Validation RMSE = 0.9094821506005539
Epoch 141: Train Loss = -4.188411929390647, Validation RMSE = 0.8960580680001426
Epoch 141: Train Loss = -4.188411929390647, Validation RMSE = 0.8960580680001426
Epoch 142: Train Loss = -4.2224531173706055, Validation RMSE = 0.9345649562407042
Epoch 142: Train Loss = -4.2224531173706055, Validation RMSE = 0.9345649562407042
Epoch 143: Train Loss = -4.104958924380216, Validation RMSE = 0.9099682581680162
Epoch 143: Train Loss = -4.104958924380216, Validation RMSE = 0.9099682581680162
Epoch 144: Train Loss = -4.197863882238215, Validation RMSE = 0.9052617825396335
Epoch 144: Train Loss = -4.197863882238215, Validation RMSE = 0.9052617825396335
Epoch 145: Train Loss = -4.140246087854559, Validation RMSE = 0.9109410530800285
Epoch 145: Train Loss = -4.140246087854559, Validation RMSE = 0.9109410530800285
Epoch 146: Train Loss = -4.273529291152954, Validation RMSE = 0.9089546670825146
Epoch 146: Train Loss = -4.273529291152954, Validation RMSE = 0.9089546670825146
Epoch 147: Train Loss = -4.2859485582871875, Validation RMSE = 0.8936380720275753
Epoch 147: Train Loss = -4.2859485582871875, Validation RMSE = 0.8936380720275753
Epoch 148: Train Loss = -4.320019808682528, Validation RMSE = 0.8854185597176749
Epoch 148: Train Loss = -4.320019808682528, Validation RMSE = 0.8854185597176749
Epoch 149: Train Loss = -4.265883380716497, Validation RMSE = 0.8886212258677374
Epoch 149: Train Loss = -4.265883380716497, Validation RMSE = 0.8886212258677374
Epoch 150: Train Loss = -4.253950725902211, Validation RMSE = 0.9151410238118862
Epoch 150: Train Loss = -4.253950725902211, Validation RMSE = 0.9151410238118862
Epoch 151: Train Loss = -4.201559760353782, Validation RMSE = 0.8875833432315542
Epoch 151: Train Loss = -4.201559760353782, Validation RMSE = 0.8875833432315542
Epoch 152: Train Loss = -4.174439191818237, Validation RMSE = 0.8815138301926764
Epoch 152: Train Loss = -4.174439191818237, Validation RMSE = 0.8815138301926764
Epoch 153: Train Loss = -4.229680234735662, Validation RMSE = 0.9011743558021347
Epoch 153: Train Loss = -4.229680234735662, Validation RMSE = 0.9011743558021347
Epoch 154: Train Loss = -4.124069105495106, Validation RMSE = 0.8816964816747321
Epoch 154: Train Loss = -4.124069105495106, Validation RMSE = 0.8816964816747321
Epoch 155: Train Loss = -4.200673558495262, Validation RMSE = 0.9228780850458757
Epoch 155: Train Loss = -4.200673558495262, Validation RMSE = 0.9228780850458757
Epoch 156: Train Loss = -4.194179946726019, Validation RMSE = 0.8988712023546805
Epoch 156: Train Loss = -4.194179946726019, Validation RMSE = 0.8988712023546805
Epoch 157: Train Loss = -4.183566418561068, Validation RMSE = 0.9068557910964575
Epoch 157: Train Loss = -4.183566418561068, Validation RMSE = 0.9068557910964575
Epoch 158: Train Loss = -4.188006617806175, Validation RMSE = 0.8974770523111529
Epoch 158: Train Loss = -4.188006617806175, Validation RMSE = 0.8974770523111529
Epoch 159: Train Loss = -4.357819427143443, Validation RMSE = 0.8841142657722049
Epoch 159: Train Loss = -4.357819427143443, Validation RMSE = 0.8841142657722049
Epoch 160: Train Loss = -4.158166625282981, Validation RMSE = 0.8782448426043324
Epoch 160: Train Loss = -4.158166625282981, Validation RMSE = 0.8782448426043324
Epoch 161: Train Loss = -4.211374607953158, Validation RMSE = 0.8849345741210991
Epoch 161: Train Loss = -4.211374607953158, Validation RMSE = 0.8849345741210991
Epoch 162: Train Loss = -4.267382881858132, Validation RMSE = 0.8737655626501278
Epoch 162: Train Loss = -4.267382881858132, Validation RMSE = 0.8737655626501278
Epoch 163: Train Loss = -4.201299038800326, Validation RMSE = 0.8887434350284609
Epoch 163: Train Loss = -4.201299038800326, Validation RMSE = 0.8887434350284609
Epoch 164: Train Loss = -4.262723966078325, Validation RMSE = 0.8873076448467943
Epoch 164: Train Loss = -4.262723966078325, Validation RMSE = 0.8873076448467943
Epoch 165: Train Loss = -4.2037106860767715, Validation RMSE = 0.8986291091518821
Epoch 165: Train Loss = -4.2037106860767715, Validation RMSE = 0.8986291091518821
Epoch 166: Train Loss = -4.260951172221791, Validation RMSE = 0.9294123423134342
Epoch 166: Train Loss = -4.260951172221791, Validation RMSE = 0.9294123423134342
Epoch 167: Train Loss = -4.189917239275846, Validation RMSE = 0.9241140044431047
Epoch 167: Train Loss = -4.189917239275846, Validation RMSE = 0.9241140044431047
Epoch 168: Train Loss = -4.227266398343173, Validation RMSE = 0.8677484550057365
Epoch 168: Train Loss = -4.227266398343173, Validation RMSE = 0.8677484550057365
Epoch 169: Train Loss = -4.2307562828063965, Validation RMSE = 0.8762110513768789
Epoch 169: Train Loss = -4.2307562828063965, Validation RMSE = 0.8762110513768789
Epoch 170: Train Loss = -4.188078186728737, Validation RMSE = 0.870975522505445
Epoch 170: Train Loss = -4.188078186728737, Validation RMSE = 0.870975522505445
Epoch 171: Train Loss = -4.282184990969571, Validation RMSE = 0.8730467346595467
Epoch 171: Train Loss = -4.282184990969571, Validation RMSE = 0.8730467346595467
Epoch 172: Train Loss = -4.14988754012368, Validation RMSE = 0.9193277048627833
Epoch 172: Train Loss = -4.14988754012368, Validation RMSE = 0.9193277048627833
Epoch 173: Train Loss = -4.198217868804932, Validation RMSE = 0.9083912484396416
Epoch 173: Train Loss = -4.198217868804932, Validation RMSE = 0.9083912484396416
Epoch 174: Train Loss = -4.210527788509022, Validation RMSE = 0.907018917522288
Epoch 174: Train Loss = -4.210527788509022, Validation RMSE = 0.907018917522288
Epoch 175: Train Loss = -4.176486102017489, Validation RMSE = 0.8842072057114613
Epoch 175: Train Loss = -4.176486102017489, Validation RMSE = 0.8842072057114613
Epoch 176: Train Loss = -4.271677190607244, Validation RMSE = 0.8630115798326384
Epoch 176: Train Loss = -4.271677190607244, Validation RMSE = 0.8630115798326384
Epoch 177: Train Loss = -4.201384674419057, Validation RMSE = 0.8958103594194542
Epoch 177: Train Loss = -4.201384674419057, Validation RMSE = 0.8958103594194542
Epoch 178: Train Loss = -4.29835878718983, Validation RMSE = 0.8950780561986486
Epoch 178: Train Loss = -4.29835878718983, Validation RMSE = 0.8950780561986486
Epoch 179: Train Loss = -4.300824382088401, Validation RMSE = 0.8778465073475692
Epoch 179: Train Loss = -4.300824382088401, Validation RMSE = 0.8778465073475692
Epoch 180: Train Loss = -4.1790735071355645, Validation RMSE = 0.8699975929857553
Epoch 180: Train Loss = -4.1790735071355645, Validation RMSE = 0.8699975929857553
Epoch 181: Train Loss = -4.284383492036299, Validation RMSE = 0.8768803063064534
Epoch 181: Train Loss = -4.284383492036299, Validation RMSE = 0.8768803063064534
Epoch 182: Train Loss = -4.258678783069957, Validation RMSE = 0.8553507020863735
Epoch 182: Train Loss = -4.258678783069957, Validation RMSE = 0.8553507020863735
Epoch 183: Train Loss = -4.299806464802135, Validation RMSE = 0.8792385720783443
Epoch 183: Train Loss = -4.299806464802135, Validation RMSE = 0.8792385720783443
Epoch 184: Train Loss = -4.267265276475386, Validation RMSE = 0.837047045343752
Epoch 184: Train Loss = -4.267265276475386, Validation RMSE = 0.837047045343752
Epoch 185: Train Loss = -4.24041992967779, Validation RMSE = 0.8621962893404267
Epoch 185: Train Loss = -4.24041992967779, Validation RMSE = 0.8621962893404267
Epoch 186: Train Loss = -4.207681959325617, Validation RMSE = 0.8569265913110209
Epoch 186: Train Loss = -4.207681959325617, Validation RMSE = 0.8569265913110209
Epoch 187: Train Loss = -4.235279365019365, Validation RMSE = 0.8628340675788515
Epoch 187: Train Loss = -4.235279365019365, Validation RMSE = 0.8628340675788515
Epoch 188: Train Loss = -4.3736020434986465, Validation RMSE = 0.8742446627962077
Epoch 188: Train Loss = -4.3736020434986465, Validation RMSE = 0.8742446627962077
Epoch 189: Train Loss = -4.313282619823109, Validation RMSE = 0.8685309276695872
Epoch 189: Train Loss = -4.313282619823109, Validation RMSE = 0.8685309276695872
Epoch 190: Train Loss = -4.248931429602883, Validation RMSE = 0.8588567197801658
Epoch 190: Train Loss = -4.248931429602883, Validation RMSE = 0.8588567197801658
Epoch 191: Train Loss = -4.232469038529829, Validation RMSE = 0.8637077360607212
Epoch 191: Train Loss = -4.232469038529829, Validation RMSE = 0.8637077360607212
Epoch 192: Train Loss = -4.373953342437744, Validation RMSE = 0.8588745985131746
Epoch 192: Train Loss = -4.373953342437744, Validation RMSE = 0.8588745985131746
Epoch 193: Train Loss = -4.257893757386641, Validation RMSE = 0.8477945302786063
Epoch 193: Train Loss = -4.257893757386641, Validation RMSE = 0.8477945302786063
Epoch 194: Train Loss = -4.3028879382393574, Validation RMSE = 0.8648046202946715
Epoch 194: Train Loss = -4.3028879382393574, Validation RMSE = 0.8648046202946715
Epoch 195: Train Loss = -4.262911514802412, Validation RMSE = 0.856257760350433
Epoch 195: Train Loss = -4.262911514802412, Validation RMSE = 0.856257760350433
Epoch 196: Train Loss = -4.294627493078059, Validation RMSE = 0.8424174611732331
Epoch 196: Train Loss = -4.294627493078059, Validation RMSE = 0.8424174611732331
Epoch 197: Train Loss = -4.219522346149791, Validation RMSE = 0.8425240695697089
Epoch 197: Train Loss = -4.219522346149791, Validation RMSE = 0.8425240695697089
Epoch 198: Train Loss = -4.236121806231412, Validation RMSE = 0.8573801820682486
Epoch 198: Train Loss = -4.236121806231412, Validation RMSE = 0.8573801820682486
Epoch 199: Train Loss = -4.274699731306597, Validation RMSE = 0.8484518723941198
Epoch 199: Train Loss = -4.274699731306597, Validation RMSE = 0.8484518723941198
