{'activation': 'ReLU',
 'batch_size': 50,
 'cuda': True,
 'data_path': 'dataset/delaney.csv',
 'depth': 3,
 'epochs': 200,
 'ffn_hidden_size': 300,
 'ffn_num_layers': 2,
 'final_lr': 0.0001,
 'hidden_size': 300,
 'init_lr': 0.0001,
 'kl_weight': 1.0,
 'max_lr': 0.001,
 'regularization_scale': 0.0001,
 'sampling_size': 20,
 'save_dir': 'results\\cd\\delaney_checkpoints\\seed_678',
 'save_smiles_splits': False,
 'seed': 678,
 'split_sizes': [0.5, 0.2, 0.3],
 'split_type': 'random',
 'task_names': 'delaney',
 'train_strategy': 'cd',
 'warmup_epochs': 2.0}
{'activation': 'ReLU',
 'batch_size': 50,
 'cuda': True,
 'data_path': 'dataset/delaney.csv',
 'depth': 3,
 'epochs': 200,
 'ffn_hidden_size': 300,
 'ffn_num_layers': 2,
 'final_lr': 0.0001,
 'hidden_size': 300,
 'init_lr': 0.0001,
 'kl_weight': 1.0,
 'max_lr': 0.001,
 'regularization_scale': 0.0001,
 'sampling_size': 20,
 'save_dir': 'results\\cd\\delaney_checkpoints\\seed_678',
 'save_smiles_splits': False,
 'seed': 678,
 'split_sizes': [0.5, 0.2, 0.3],
 'split_type': 'random',
 'task_names': 'delaney',
 'train_strategy': 'cd',
 'warmup_epochs': 2.0}
Loading data...
Loading data...
Splitting data with seed 678
Splitting data with seed 678
Finish Loading and Splitting... Total size = 1,128 | train size = 564 | val size = 225 | test size = 339
Finish Loading and Splitting... Total size = 1,128 | train size = 564 | val size = 225 | test size = 339
Fitting scaler
Fitting scaler
Building model...
Building model...
Number of parameters = 355,206
Number of parameters = 355,206
Moving model to cuda
Moving model to cuda
Epoch 0: Train Loss = -2.428483247756958, Validation RMSE = 2.045419440219556
Epoch 0: Train Loss = -2.428483247756958, Validation RMSE = 2.045419440219556
Epoch 1: Train Loss = -2.665368578650735, Validation RMSE = 1.9073576082882786
Epoch 1: Train Loss = -2.665368578650735, Validation RMSE = 1.9073576082882786
Epoch 2: Train Loss = -2.7837131456895308, Validation RMSE = 1.8293534671527103
Epoch 2: Train Loss = -2.7837131456895308, Validation RMSE = 1.8293534671527103
Epoch 3: Train Loss = -2.867209802974354, Validation RMSE = 1.7377018993420836
Epoch 3: Train Loss = -2.867209802974354, Validation RMSE = 1.7377018993420836
Epoch 4: Train Loss = -3.021172198382291, Validation RMSE = 1.7388865195114682
Epoch 4: Train Loss = -3.021172198382291, Validation RMSE = 1.7388865195114682
Epoch 5: Train Loss = -2.999410174109719, Validation RMSE = 1.6702539047815252
Epoch 5: Train Loss = -2.999410174109719, Validation RMSE = 1.6702539047815252
Epoch 6: Train Loss = -3.0798473358154297, Validation RMSE = 1.5637009984773813
Epoch 6: Train Loss = -3.0798473358154297, Validation RMSE = 1.5637009984773813
Epoch 7: Train Loss = -3.1241211891174316, Validation RMSE = 1.6121253223906948
Epoch 7: Train Loss = -3.1241211891174316, Validation RMSE = 1.6121253223906948
Epoch 8: Train Loss = -3.2107595963911577, Validation RMSE = 1.5290012362272118
Epoch 8: Train Loss = -3.2107595963911577, Validation RMSE = 1.5290012362272118
Epoch 9: Train Loss = -3.226860349828547, Validation RMSE = 1.5403303834936237
Epoch 9: Train Loss = -3.226860349828547, Validation RMSE = 1.5403303834936237
Epoch 10: Train Loss = -3.3591582775115967, Validation RMSE = 1.395092844112776
Epoch 10: Train Loss = -3.3591582775115967, Validation RMSE = 1.395092844112776
Epoch 11: Train Loss = -3.379234400662509, Validation RMSE = 1.43520296254548
Epoch 11: Train Loss = -3.379234400662509, Validation RMSE = 1.43520296254548
Epoch 12: Train Loss = -3.1183514378287573, Validation RMSE = 1.6350849459236254
Epoch 12: Train Loss = -3.1183514378287573, Validation RMSE = 1.6350849459236254
Epoch 13: Train Loss = -3.2446356036446313, Validation RMSE = 1.4742924539444286
Epoch 13: Train Loss = -3.2446356036446313, Validation RMSE = 1.4742924539444286
Epoch 14: Train Loss = -3.3276355266571045, Validation RMSE = 1.4036730241043718
Epoch 14: Train Loss = -3.3276355266571045, Validation RMSE = 1.4036730241043718
Epoch 15: Train Loss = -3.457696026021784, Validation RMSE = 1.383773097115482
Epoch 15: Train Loss = -3.457696026021784, Validation RMSE = 1.383773097115482
Epoch 16: Train Loss = -3.469144170934504, Validation RMSE = 1.4118000221088334
Epoch 16: Train Loss = -3.469144170934504, Validation RMSE = 1.4118000221088334
Epoch 17: Train Loss = -3.4151863618330522, Validation RMSE = 1.3117805974836307
Epoch 17: Train Loss = -3.4151863618330522, Validation RMSE = 1.3117805974836307
Epoch 18: Train Loss = -3.4466391043229536, Validation RMSE = 1.3460875728525685
Epoch 18: Train Loss = -3.4466391043229536, Validation RMSE = 1.3460875728525685
Epoch 19: Train Loss = -3.54184534332969, Validation RMSE = 1.2858292896541956
Epoch 19: Train Loss = -3.54184534332969, Validation RMSE = 1.2858292896541956
Epoch 20: Train Loss = -3.4427481347864326, Validation RMSE = 1.3547494068408135
Epoch 20: Train Loss = -3.4427481347864326, Validation RMSE = 1.3547494068408135
Epoch 21: Train Loss = -3.4964581402865322, Validation RMSE = 1.3169034812537428
Epoch 21: Train Loss = -3.4964581402865322, Validation RMSE = 1.3169034812537428
Epoch 22: Train Loss = -3.532707777890292, Validation RMSE = 1.2790861996795444
Epoch 22: Train Loss = -3.532707777890292, Validation RMSE = 1.2790861996795444
Epoch 23: Train Loss = -3.522458791732788, Validation RMSE = 1.3049231196068565
Epoch 23: Train Loss = -3.522458791732788, Validation RMSE = 1.3049231196068565
Epoch 24: Train Loss = -3.5188032280315054, Validation RMSE = 1.2746529876430157
Epoch 24: Train Loss = -3.5188032280315054, Validation RMSE = 1.2746529876430157
Epoch 25: Train Loss = -3.5668733553452925, Validation RMSE = 1.2432199730720117
Epoch 25: Train Loss = -3.5668733553452925, Validation RMSE = 1.2432199730720117
Epoch 26: Train Loss = -3.635322007265958, Validation RMSE = 1.2255911248603688
Epoch 26: Train Loss = -3.635322007265958, Validation RMSE = 1.2255911248603688
Epoch 27: Train Loss = -3.481875788081776, Validation RMSE = 1.2207277856820624
Epoch 27: Train Loss = -3.481875788081776, Validation RMSE = 1.2207277856820624
Epoch 28: Train Loss = -3.5843955386768687, Validation RMSE = 1.2434407646656975
Epoch 28: Train Loss = -3.5843955386768687, Validation RMSE = 1.2434407646656975
Epoch 29: Train Loss = -3.5790150382302026, Validation RMSE = 1.2277205267010536
Epoch 29: Train Loss = -3.5790150382302026, Validation RMSE = 1.2277205267010536
Epoch 30: Train Loss = -3.495652372186834, Validation RMSE = 1.3758416101092994
Epoch 30: Train Loss = -3.495652372186834, Validation RMSE = 1.3758416101092994
Epoch 31: Train Loss = -3.6269571781158447, Validation RMSE = 1.2509966892544069
Epoch 31: Train Loss = -3.6269571781158447, Validation RMSE = 1.2509966892544069
Epoch 32: Train Loss = -3.607878186485984, Validation RMSE = 1.2226770679507868
Epoch 32: Train Loss = -3.607878186485984, Validation RMSE = 1.2226770679507868
Epoch 33: Train Loss = -3.6775781458074395, Validation RMSE = 1.208976828595011
Epoch 33: Train Loss = -3.6775781458074395, Validation RMSE = 1.208976828595011
Epoch 34: Train Loss = -3.7485323385758833, Validation RMSE = 1.1452885402429012
Epoch 34: Train Loss = -3.7485323385758833, Validation RMSE = 1.1452885402429012
Epoch 35: Train Loss = -3.6987088810313833, Validation RMSE = 1.1807364825244526
Epoch 35: Train Loss = -3.6987088810313833, Validation RMSE = 1.1807364825244526
Epoch 36: Train Loss = -3.6838666309009898, Validation RMSE = 1.1741808055299208
Epoch 36: Train Loss = -3.6838666309009898, Validation RMSE = 1.1741808055299208
Epoch 37: Train Loss = -3.676948395642367, Validation RMSE = 1.1448868045396228
Epoch 37: Train Loss = -3.676948395642367, Validation RMSE = 1.1448868045396228
Epoch 38: Train Loss = -3.7152128653092817, Validation RMSE = 1.1863964863280108
Epoch 38: Train Loss = -3.7152128653092817, Validation RMSE = 1.1863964863280108
Epoch 39: Train Loss = -3.705657720565796, Validation RMSE = 1.1417120144542772
Epoch 39: Train Loss = -3.705657720565796, Validation RMSE = 1.1417120144542772
Epoch 40: Train Loss = -3.717922232367776, Validation RMSE = 1.2507560229169004
Epoch 40: Train Loss = -3.717922232367776, Validation RMSE = 1.2507560229169004
Epoch 41: Train Loss = -3.637285752729936, Validation RMSE = 1.161345978979846
Epoch 41: Train Loss = -3.637285752729936, Validation RMSE = 1.161345978979846
Epoch 42: Train Loss = -3.732724276455966, Validation RMSE = 1.1302541363642624
Epoch 42: Train Loss = -3.732724276455966, Validation RMSE = 1.1302541363642624
Epoch 43: Train Loss = -3.80450177192688, Validation RMSE = 1.1634696707128276
Epoch 43: Train Loss = -3.80450177192688, Validation RMSE = 1.1634696707128276
Epoch 44: Train Loss = -3.648208488117565, Validation RMSE = 1.0864750417009084
Epoch 44: Train Loss = -3.648208488117565, Validation RMSE = 1.0864750417009084
Epoch 45: Train Loss = -3.764831131154841, Validation RMSE = 1.1037990190114129
Epoch 45: Train Loss = -3.764831131154841, Validation RMSE = 1.1037990190114129
Epoch 46: Train Loss = -3.792459661310369, Validation RMSE = 1.1034773241948233
Epoch 46: Train Loss = -3.792459661310369, Validation RMSE = 1.1034773241948233
Epoch 47: Train Loss = -3.819731755690141, Validation RMSE = 1.1030974862712617
Epoch 47: Train Loss = -3.819731755690141, Validation RMSE = 1.1030974862712617
Epoch 48: Train Loss = -3.7746071165258233, Validation RMSE = 1.1826099229880116
Epoch 48: Train Loss = -3.7746071165258233, Validation RMSE = 1.1826099229880116
Epoch 49: Train Loss = -3.8291009989651767, Validation RMSE = 1.0900463412619825
Epoch 49: Train Loss = -3.8291009989651767, Validation RMSE = 1.0900463412619825
Epoch 50: Train Loss = -3.8327299031344326, Validation RMSE = 1.0658901443442557
Epoch 50: Train Loss = -3.8327299031344326, Validation RMSE = 1.0658901443442557
Epoch 51: Train Loss = -3.806020043113015, Validation RMSE = 1.0541090116896794
Epoch 51: Train Loss = -3.806020043113015, Validation RMSE = 1.0541090116896794
Epoch 52: Train Loss = -3.832059795206243, Validation RMSE = 1.1294007949020703
Epoch 52: Train Loss = -3.832059795206243, Validation RMSE = 1.1294007949020703
Epoch 53: Train Loss = -3.773115179755471, Validation RMSE = 1.0732972593851158
Epoch 53: Train Loss = -3.773115179755471, Validation RMSE = 1.0732972593851158
Epoch 54: Train Loss = -3.8131090727719394, Validation RMSE = 1.0864842352113875
Epoch 54: Train Loss = -3.8131090727719394, Validation RMSE = 1.0864842352113875
Epoch 55: Train Loss = -3.7685707048936323, Validation RMSE = 1.0498650338856037
Epoch 55: Train Loss = -3.7685707048936323, Validation RMSE = 1.0498650338856037
Epoch 56: Train Loss = -3.8781782497059214, Validation RMSE = 1.0368892673894345
Epoch 56: Train Loss = -3.8781782497059214, Validation RMSE = 1.0368892673894345
Epoch 57: Train Loss = -3.822416522286155, Validation RMSE = 1.1014161610187378
Epoch 57: Train Loss = -3.822416522286155, Validation RMSE = 1.1014161610187378
Epoch 58: Train Loss = -3.792167468504472, Validation RMSE = 1.172936617000891
Epoch 58: Train Loss = -3.792167468504472, Validation RMSE = 1.172936617000891
Epoch 59: Train Loss = -3.696870803833008, Validation RMSE = 1.0749226714459215
Epoch 59: Train Loss = -3.696870803833008, Validation RMSE = 1.0749226714459215
Epoch 60: Train Loss = -3.894225662404841, Validation RMSE = 1.079497221090846
Epoch 60: Train Loss = -3.894225662404841, Validation RMSE = 1.079497221090846
Epoch 61: Train Loss = -3.825242129239169, Validation RMSE = 1.1170486076531014
Epoch 61: Train Loss = -3.825242129239169, Validation RMSE = 1.1170486076531014
Epoch 62: Train Loss = -3.8071452270854604, Validation RMSE = 1.1868506908300516
Epoch 62: Train Loss = -3.8071452270854604, Validation RMSE = 1.1868506908300516
Epoch 63: Train Loss = -3.7362831072373823, Validation RMSE = 1.1396365937281647
Epoch 63: Train Loss = -3.7362831072373823, Validation RMSE = 1.1396365937281647
Epoch 64: Train Loss = -3.861032182520086, Validation RMSE = 1.0769468343699216
Epoch 64: Train Loss = -3.861032182520086, Validation RMSE = 1.0769468343699216
Epoch 65: Train Loss = -3.824999224055897, Validation RMSE = 1.1021077865983315
Epoch 65: Train Loss = -3.824999224055897, Validation RMSE = 1.1021077865983315
Epoch 66: Train Loss = -3.8531273278323086, Validation RMSE = 1.044811879832797
Epoch 66: Train Loss = -3.8531273278323086, Validation RMSE = 1.044811879832797
Epoch 67: Train Loss = -4.016624494032427, Validation RMSE = 1.008318062466326
Epoch 67: Train Loss = -4.016624494032427, Validation RMSE = 1.008318062466326
Epoch 68: Train Loss = -3.9189882928674873, Validation RMSE = 1.0892901439070757
Epoch 68: Train Loss = -3.9189882928674873, Validation RMSE = 1.0892901439070757
Epoch 69: Train Loss = -3.91115082393993, Validation RMSE = 1.0024864269356168
Epoch 69: Train Loss = -3.91115082393993, Validation RMSE = 1.0024864269356168
Epoch 70: Train Loss = -3.972070022062822, Validation RMSE = 1.0115575270180166
Epoch 70: Train Loss = -3.972070022062822, Validation RMSE = 1.0115575270180166
Epoch 71: Train Loss = -3.927272905002941, Validation RMSE = 0.9512100923401834
Epoch 71: Train Loss = -3.927272905002941, Validation RMSE = 0.9512100923401834
Epoch 72: Train Loss = -3.910422910343517, Validation RMSE = 0.9840626097927477
Epoch 72: Train Loss = -3.910422910343517, Validation RMSE = 0.9840626097927477
Epoch 73: Train Loss = -3.985113815827803, Validation RMSE = 0.9973368737801581
Epoch 73: Train Loss = -3.985113815827803, Validation RMSE = 0.9973368737801581
Epoch 74: Train Loss = -4.000565897334706, Validation RMSE = 0.9993859963057998
Epoch 74: Train Loss = -4.000565897334706, Validation RMSE = 0.9993859963057998
Epoch 75: Train Loss = -4.018946474248713, Validation RMSE = 0.9524041591093143
Epoch 75: Train Loss = -4.018946474248713, Validation RMSE = 0.9524041591093143
Epoch 76: Train Loss = -4.037599151784724, Validation RMSE = 1.0181435009490214
Epoch 76: Train Loss = -4.037599151784724, Validation RMSE = 1.0181435009490214
Epoch 77: Train Loss = -3.995696631344882, Validation RMSE = 0.9812953720582486
Epoch 77: Train Loss = -3.995696631344882, Validation RMSE = 0.9812953720582486
Epoch 78: Train Loss = -4.018595933914185, Validation RMSE = 0.9501425163502414
Epoch 78: Train Loss = -4.018595933914185, Validation RMSE = 0.9501425163502414
Epoch 79: Train Loss = -3.984782435677268, Validation RMSE = 0.973006385845158
Epoch 79: Train Loss = -3.984782435677268, Validation RMSE = 0.973006385845158
Epoch 80: Train Loss = -4.071053526618264, Validation RMSE = 0.9882453106767229
Epoch 80: Train Loss = -4.071053526618264, Validation RMSE = 0.9882453106767229
Epoch 81: Train Loss = -3.8999918590892446, Validation RMSE = 0.9636155804614276
Epoch 81: Train Loss = -3.8999918590892446, Validation RMSE = 0.9636155804614276
Epoch 82: Train Loss = -4.052026336843317, Validation RMSE = 0.9927665702178601
Epoch 82: Train Loss = -4.052026336843317, Validation RMSE = 0.9927665702178601
Epoch 83: Train Loss = -4.077154202894731, Validation RMSE = 1.0036638702152936
Epoch 83: Train Loss = -4.077154202894731, Validation RMSE = 1.0036638702152936
Epoch 84: Train Loss = -4.057811325246638, Validation RMSE = 0.9232316142163971
Epoch 84: Train Loss = -4.057811325246638, Validation RMSE = 0.9232316142163971
Epoch 85: Train Loss = -4.115711363879117, Validation RMSE = 0.9594496260152252
Epoch 85: Train Loss = -4.115711363879117, Validation RMSE = 0.9594496260152252
Epoch 86: Train Loss = -4.068709243427623, Validation RMSE = 0.9993554934268094
Epoch 86: Train Loss = -4.068709243427623, Validation RMSE = 0.9993554934268094
Epoch 87: Train Loss = -3.944221106442538, Validation RMSE = 1.0140053967034255
Epoch 87: Train Loss = -3.944221106442538, Validation RMSE = 1.0140053967034255
Epoch 88: Train Loss = -4.010258869691328, Validation RMSE = 0.9511058350074055
Epoch 88: Train Loss = -4.010258869691328, Validation RMSE = 0.9511058350074055
Epoch 89: Train Loss = -4.12073243748058, Validation RMSE = 0.9293683804591484
Epoch 89: Train Loss = -4.12073243748058, Validation RMSE = 0.9293683804591484
Epoch 90: Train Loss = -4.041511123830622, Validation RMSE = 0.9514418197551158
Epoch 90: Train Loss = -4.041511123830622, Validation RMSE = 0.9514418197551158
Epoch 91: Train Loss = -3.9920723871751265, Validation RMSE = 1.0080867328154344
Epoch 91: Train Loss = -3.9920723871751265, Validation RMSE = 1.0080867328154344
Epoch 92: Train Loss = -4.017070185054433, Validation RMSE = 0.9482544125217112
Epoch 92: Train Loss = -4.017070185054433, Validation RMSE = 0.9482544125217112
Epoch 93: Train Loss = -4.105391545729204, Validation RMSE = 1.0037091616441651
Epoch 93: Train Loss = -4.105391545729204, Validation RMSE = 1.0037091616441651
Epoch 94: Train Loss = -4.0248400514776055, Validation RMSE = 0.9442680617711122
Epoch 94: Train Loss = -4.0248400514776055, Validation RMSE = 0.9442680617711122
Epoch 95: Train Loss = -4.096362439068881, Validation RMSE = 0.9864330735983474
Epoch 95: Train Loss = -4.096362439068881, Validation RMSE = 0.9864330735983474
Epoch 96: Train Loss = -4.089526935057207, Validation RMSE = 1.0074965649219563
Epoch 96: Train Loss = -4.089526935057207, Validation RMSE = 1.0074965649219563
Epoch 97: Train Loss = -4.126452987844294, Validation RMSE = 0.9320219645206338
Epoch 97: Train Loss = -4.126452987844294, Validation RMSE = 0.9320219645206338
Epoch 98: Train Loss = -4.133913712068037, Validation RMSE = 0.955848300178508
Epoch 98: Train Loss = -4.133913712068037, Validation RMSE = 0.955848300178508
Epoch 99: Train Loss = -4.12434965913946, Validation RMSE = 0.9250785938327922
Epoch 99: Train Loss = -4.12434965913946, Validation RMSE = 0.9250785938327922
Epoch 100: Train Loss = -4.103149782527577, Validation RMSE = 0.9598141324895418
Epoch 100: Train Loss = -4.103149782527577, Validation RMSE = 0.9598141324895418
Epoch 101: Train Loss = -4.122535662217573, Validation RMSE = 0.930798035291907
Epoch 101: Train Loss = -4.122535662217573, Validation RMSE = 0.930798035291907
Epoch 102: Train Loss = -3.9922388683665884, Validation RMSE = 0.9336678360668964
Epoch 102: Train Loss = -3.9922388683665884, Validation RMSE = 0.9336678360668964
Epoch 103: Train Loss = -4.125932520086115, Validation RMSE = 0.9399813800202131
Epoch 103: Train Loss = -4.125932520086115, Validation RMSE = 0.9399813800202131
Epoch 104: Train Loss = -4.2655792019583965, Validation RMSE = 0.9541449048068902
Epoch 104: Train Loss = -4.2655792019583965, Validation RMSE = 0.9541449048068902
Epoch 105: Train Loss = -4.128455638885498, Validation RMSE = 0.9245844251454692
Epoch 105: Train Loss = -4.128455638885498, Validation RMSE = 0.9245844251454692
Epoch 106: Train Loss = -4.112067526037043, Validation RMSE = 0.9088001503257943
Epoch 106: Train Loss = -4.112067526037043, Validation RMSE = 0.9088001503257943
Epoch 107: Train Loss = -4.135737462477251, Validation RMSE = 0.924566999054577
Epoch 107: Train Loss = -4.135737462477251, Validation RMSE = 0.924566999054577
Epoch 108: Train Loss = -4.185094573281028, Validation RMSE = 0.926383933691521
Epoch 108: Train Loss = -4.185094573281028, Validation RMSE = 0.926383933691521
Epoch 109: Train Loss = -4.160779584537853, Validation RMSE = 0.9302841714079043
Epoch 109: Train Loss = -4.160779584537853, Validation RMSE = 0.9302841714079043
Epoch 110: Train Loss = -4.261339859528975, Validation RMSE = 0.9184681141735797
Epoch 110: Train Loss = -4.261339859528975, Validation RMSE = 0.9184681141735797
Epoch 111: Train Loss = -4.135636004534635, Validation RMSE = 0.9151484885518443
Epoch 111: Train Loss = -4.135636004534635, Validation RMSE = 0.9151484885518443
Epoch 112: Train Loss = -4.145659923553467, Validation RMSE = 0.9482386743665954
Epoch 112: Train Loss = -4.145659923553467, Validation RMSE = 0.9482386743665954
Epoch 113: Train Loss = -4.14947002584284, Validation RMSE = 0.9760126662792847
Epoch 113: Train Loss = -4.14947002584284, Validation RMSE = 0.9760126662792847
Epoch 114: Train Loss = -4.113945809277621, Validation RMSE = 0.8796959867225492
Epoch 114: Train Loss = -4.113945809277621, Validation RMSE = 0.8796959867225492
Epoch 115: Train Loss = -4.071015119552612, Validation RMSE = 0.9316507777114095
Epoch 115: Train Loss = -4.071015119552612, Validation RMSE = 0.9316507777114095
Epoch 116: Train Loss = -4.156862605701793, Validation RMSE = 0.8949472527805631
Epoch 116: Train Loss = -4.156862605701793, Validation RMSE = 0.8949472527805631
Epoch 117: Train Loss = -4.188156691464511, Validation RMSE = 0.9085924186990582
Epoch 117: Train Loss = -4.188156691464511, Validation RMSE = 0.9085924186990582
Epoch 118: Train Loss = -4.243672826073387, Validation RMSE = 0.9267878709172782
Epoch 118: Train Loss = -4.243672826073387, Validation RMSE = 0.9267878709172782
Epoch 119: Train Loss = -4.216748562726107, Validation RMSE = 0.89844091977227
Epoch 119: Train Loss = -4.216748562726107, Validation RMSE = 0.89844091977227
Epoch 120: Train Loss = -4.192660245028409, Validation RMSE = 0.8865976041494854
Epoch 120: Train Loss = -4.192660245028409, Validation RMSE = 0.8865976041494854
Epoch 121: Train Loss = -4.1746861067685215, Validation RMSE = 0.9258751352634709
Epoch 121: Train Loss = -4.1746861067685215, Validation RMSE = 0.9258751352634709
Epoch 122: Train Loss = -4.123757384040139, Validation RMSE = 0.9635815865482893
Epoch 122: Train Loss = -4.123757384040139, Validation RMSE = 0.9635815865482893
Epoch 123: Train Loss = -4.200807874852961, Validation RMSE = 0.9024943408932316
Epoch 123: Train Loss = -4.200807874852961, Validation RMSE = 0.9024943408932316
Epoch 124: Train Loss = -4.239187110554088, Validation RMSE = 0.8910985420992164
Epoch 124: Train Loss = -4.239187110554088, Validation RMSE = 0.8910985420992164
Epoch 125: Train Loss = -4.1426920023831455, Validation RMSE = 0.8907661800819792
Epoch 125: Train Loss = -4.1426920023831455, Validation RMSE = 0.8907661800819792
Epoch 126: Train Loss = -4.220131267200816, Validation RMSE = 0.899597124885219
Epoch 126: Train Loss = -4.220131267200816, Validation RMSE = 0.899597124885219
Epoch 127: Train Loss = -4.262223330411044, Validation RMSE = 0.8817042047135336
Epoch 127: Train Loss = -4.262223330411044, Validation RMSE = 0.8817042047135336
Epoch 128: Train Loss = -4.239043842662465, Validation RMSE = 0.9081000087019937
Epoch 128: Train Loss = -4.239043842662465, Validation RMSE = 0.9081000087019937
Epoch 129: Train Loss = -4.220836899497292, Validation RMSE = 0.8965774091773656
Epoch 129: Train Loss = -4.220836899497292, Validation RMSE = 0.8965774091773656
Epoch 130: Train Loss = -4.170694177800959, Validation RMSE = 0.9405913346821033
Epoch 130: Train Loss = -4.170694177800959, Validation RMSE = 0.9405913346821033
Epoch 131: Train Loss = -4.2232958620244805, Validation RMSE = 0.8977686371303727
Epoch 131: Train Loss = -4.2232958620244805, Validation RMSE = 0.8977686371303727
Epoch 132: Train Loss = -4.243546485900879, Validation RMSE = 0.9155933007027354
Epoch 132: Train Loss = -4.243546485900879, Validation RMSE = 0.9155933007027354
Epoch 133: Train Loss = -4.13417666608637, Validation RMSE = 0.9387990364151585
Epoch 133: Train Loss = -4.13417666608637, Validation RMSE = 0.9387990364151585
Epoch 134: Train Loss = -4.136502374302257, Validation RMSE = 0.8945694243979406
Epoch 134: Train Loss = -4.136502374302257, Validation RMSE = 0.8945694243979406
Epoch 135: Train Loss = -4.229029698805376, Validation RMSE = 0.8788781711678547
Epoch 135: Train Loss = -4.229029698805376, Validation RMSE = 0.8788781711678547
Epoch 136: Train Loss = -4.281014355746183, Validation RMSE = 0.8982345505558789
Epoch 136: Train Loss = -4.281014355746183, Validation RMSE = 0.8982345505558789
Epoch 137: Train Loss = -4.258162845264781, Validation RMSE = 0.9009644360404372
Epoch 137: Train Loss = -4.258162845264781, Validation RMSE = 0.9009644360404372
Epoch 138: Train Loss = -4.275511329824274, Validation RMSE = 0.899931167032843
Epoch 138: Train Loss = -4.275511329824274, Validation RMSE = 0.899931167032843
Epoch 139: Train Loss = -4.361497012051669, Validation RMSE = 0.8964206189124224
Epoch 139: Train Loss = -4.361497012051669, Validation RMSE = 0.8964206189124224
Epoch 140: Train Loss = -4.122166698629206, Validation RMSE = 0.9049874041645806
Epoch 140: Train Loss = -4.122166698629206, Validation RMSE = 0.9049874041645806
Epoch 141: Train Loss = -4.238936944441362, Validation RMSE = 0.8699790868202407
Epoch 141: Train Loss = -4.238936944441362, Validation RMSE = 0.8699790868202407
Epoch 142: Train Loss = -4.281967834992842, Validation RMSE = 0.8612756796113566
Epoch 142: Train Loss = -4.281967834992842, Validation RMSE = 0.8612756796113566
Epoch 143: Train Loss = -4.167478669773448, Validation RMSE = 0.9066395075900909
Epoch 143: Train Loss = -4.167478669773448, Validation RMSE = 0.9066395075900909
Epoch 144: Train Loss = -4.35120701789856, Validation RMSE = 0.9074289578916612
Epoch 144: Train Loss = -4.35120701789856, Validation RMSE = 0.9074289578916612
Epoch 145: Train Loss = -4.153557582335039, Validation RMSE = 0.916043019772638
Epoch 145: Train Loss = -4.153557582335039, Validation RMSE = 0.916043019772638
Epoch 146: Train Loss = -4.232939113270152, Validation RMSE = 0.8751258192052778
Epoch 146: Train Loss = -4.232939113270152, Validation RMSE = 0.8751258192052778
Epoch 147: Train Loss = -4.205369732596657, Validation RMSE = 0.8799328120831882
Epoch 147: Train Loss = -4.205369732596657, Validation RMSE = 0.8799328120831882
Epoch 148: Train Loss = -4.281745693900368, Validation RMSE = 0.8660325322410211
Epoch 148: Train Loss = -4.281745693900368, Validation RMSE = 0.8660325322410211
Epoch 149: Train Loss = -4.254591508345171, Validation RMSE = 0.8646182610828788
Epoch 149: Train Loss = -4.254591508345171, Validation RMSE = 0.8646182610828788
Epoch 150: Train Loss = -4.206460952758789, Validation RMSE = 0.869128728698527
Epoch 150: Train Loss = -4.206460952758789, Validation RMSE = 0.869128728698527
Epoch 151: Train Loss = -4.275904178619385, Validation RMSE = 0.8911668968497525
Epoch 151: Train Loss = -4.275904178619385, Validation RMSE = 0.8911668968497525
Epoch 152: Train Loss = -4.2956671064550225, Validation RMSE = 0.8602295056179607
Epoch 152: Train Loss = -4.2956671064550225, Validation RMSE = 0.8602295056179607
Epoch 153: Train Loss = -4.315950653769753, Validation RMSE = 0.8981754095704084
Epoch 153: Train Loss = -4.315950653769753, Validation RMSE = 0.8981754095704084
Epoch 154: Train Loss = -4.319807009263472, Validation RMSE = 0.8806109832178802
Epoch 154: Train Loss = -4.319807009263472, Validation RMSE = 0.8806109832178802
Epoch 155: Train Loss = -4.219156048514626, Validation RMSE = 0.8422227179472934
Epoch 155: Train Loss = -4.219156048514626, Validation RMSE = 0.8422227179472934
Epoch 156: Train Loss = -4.357135989449241, Validation RMSE = 0.8580670461501635
Epoch 156: Train Loss = -4.357135989449241, Validation RMSE = 0.8580670461501635
Epoch 157: Train Loss = -4.315957156094638, Validation RMSE = 0.8608203310382964
Epoch 157: Train Loss = -4.315957156094638, Validation RMSE = 0.8608203310382964
Epoch 158: Train Loss = -4.280856197530573, Validation RMSE = 0.8879312510228988
Epoch 158: Train Loss = -4.280856197530573, Validation RMSE = 0.8879312510228988
Epoch 159: Train Loss = -4.2705960056998515, Validation RMSE = 0.8671815457927632
Epoch 159: Train Loss = -4.2705960056998515, Validation RMSE = 0.8671815457927632
Epoch 160: Train Loss = -4.249658151106401, Validation RMSE = 0.8721583694651769
Epoch 160: Train Loss = -4.249658151106401, Validation RMSE = 0.8721583694651769
Epoch 161: Train Loss = -4.198221921920776, Validation RMSE = 0.8517549058252942
Epoch 161: Train Loss = -4.198221921920776, Validation RMSE = 0.8517549058252942
Epoch 162: Train Loss = -4.234638864343816, Validation RMSE = 0.8817537135218886
Epoch 162: Train Loss = -4.234638864343816, Validation RMSE = 0.8817537135218886
Epoch 163: Train Loss = -4.215282678604126, Validation RMSE = 0.888630938698233
Epoch 163: Train Loss = -4.215282678604126, Validation RMSE = 0.888630938698233
Epoch 164: Train Loss = -4.31291016665372, Validation RMSE = 0.8683716066523229
Epoch 164: Train Loss = -4.31291016665372, Validation RMSE = 0.8683716066523229
Epoch 165: Train Loss = -4.261002974076704, Validation RMSE = 0.8450666945465177
Epoch 165: Train Loss = -4.261002974076704, Validation RMSE = 0.8450666945465177
Epoch 166: Train Loss = -4.336976744911888, Validation RMSE = 0.876980601928882
Epoch 166: Train Loss = -4.336976744911888, Validation RMSE = 0.876980601928882
Epoch 167: Train Loss = -4.28701394254511, Validation RMSE = 0.8893834286321197
Epoch 167: Train Loss = -4.28701394254511, Validation RMSE = 0.8893834286321197
Epoch 168: Train Loss = -4.2662342244928535, Validation RMSE = 0.8592766950418425
Epoch 168: Train Loss = -4.2662342244928535, Validation RMSE = 0.8592766950418425
Epoch 169: Train Loss = -4.3076442805203525, Validation RMSE = 0.8517524199357146
Epoch 169: Train Loss = -4.3076442805203525, Validation RMSE = 0.8517524199357146
Epoch 170: Train Loss = -4.209710272875699, Validation RMSE = 0.87259187733278
Epoch 170: Train Loss = -4.209710272875699, Validation RMSE = 0.87259187733278
Epoch 171: Train Loss = -4.286444729024714, Validation RMSE = 0.869808520193496
Epoch 171: Train Loss = -4.286444729024714, Validation RMSE = 0.869808520193496
Epoch 172: Train Loss = -4.309271985834295, Validation RMSE = 0.899541995455226
Epoch 172: Train Loss = -4.309271985834295, Validation RMSE = 0.899541995455226
Epoch 173: Train Loss = -4.332539861852473, Validation RMSE = 0.8564392995784817
Epoch 173: Train Loss = -4.332539861852473, Validation RMSE = 0.8564392995784817
Epoch 174: Train Loss = -4.329326109452681, Validation RMSE = 0.8543839987073404
Epoch 174: Train Loss = -4.329326109452681, Validation RMSE = 0.8543839987073404
Epoch 175: Train Loss = -4.305671019987627, Validation RMSE = 0.8618523754006672
Epoch 175: Train Loss = -4.305671019987627, Validation RMSE = 0.8618523754006672
Epoch 176: Train Loss = -4.406480138952082, Validation RMSE = 0.867388037808662
Epoch 176: Train Loss = -4.406480138952082, Validation RMSE = 0.867388037808662
Epoch 177: Train Loss = -4.291377566077492, Validation RMSE = 0.8400208355142504
Epoch 177: Train Loss = -4.291377566077492, Validation RMSE = 0.8400208355142504
Epoch 178: Train Loss = -4.278176307678223, Validation RMSE = 0.8739387872133474
Epoch 178: Train Loss = -4.278176307678223, Validation RMSE = 0.8739387872133474
Epoch 179: Train Loss = -4.213584986600009, Validation RMSE = 0.8578409283596652
Epoch 179: Train Loss = -4.213584986600009, Validation RMSE = 0.8578409283596652
Epoch 180: Train Loss = -4.371992934833873, Validation RMSE = 0.8477869723089291
Epoch 180: Train Loss = -4.371992934833873, Validation RMSE = 0.8477869723089291
Epoch 181: Train Loss = -4.350136041641235, Validation RMSE = 0.8696093661544954
Epoch 181: Train Loss = -4.350136041641235, Validation RMSE = 0.8696093661544954
Epoch 182: Train Loss = -4.412977912209251, Validation RMSE = 0.8755501962429308
Epoch 182: Train Loss = -4.412977912209251, Validation RMSE = 0.8755501962429308
Epoch 183: Train Loss = -4.280247753316706, Validation RMSE = 0.8676331737271665
Epoch 183: Train Loss = -4.280247753316706, Validation RMSE = 0.8676331737271665
Epoch 184: Train Loss = -4.349187114021995, Validation RMSE = 0.8728769919611616
Epoch 184: Train Loss = -4.349187114021995, Validation RMSE = 0.8728769919611616
Epoch 185: Train Loss = -4.413578987121582, Validation RMSE = 0.8654263172094553
Epoch 185: Train Loss = -4.413578987121582, Validation RMSE = 0.8654263172094553
Epoch 186: Train Loss = -4.36518307165666, Validation RMSE = 0.9055698957508564
Epoch 186: Train Loss = -4.36518307165666, Validation RMSE = 0.9055698957508564
Epoch 187: Train Loss = -4.379113435745239, Validation RMSE = 0.8603210855081229
Epoch 187: Train Loss = -4.379113435745239, Validation RMSE = 0.8603210855081229
Epoch 188: Train Loss = -4.373129519549283, Validation RMSE = 0.8608744621658658
Epoch 188: Train Loss = -4.373129519549283, Validation RMSE = 0.8608744621658658
Epoch 189: Train Loss = -4.3435305682095615, Validation RMSE = 0.8623577892762463
Epoch 189: Train Loss = -4.3435305682095615, Validation RMSE = 0.8623577892762463
Epoch 190: Train Loss = -4.414173126220703, Validation RMSE = 0.8495622624504887
Epoch 190: Train Loss = -4.414173126220703, Validation RMSE = 0.8495622624504887
Epoch 191: Train Loss = -4.325986992229115, Validation RMSE = 0.848879091930734
Epoch 191: Train Loss = -4.325986992229115, Validation RMSE = 0.848879091930734
Epoch 192: Train Loss = -4.428876876831055, Validation RMSE = 0.8444413009910587
Epoch 192: Train Loss = -4.428876876831055, Validation RMSE = 0.8444413009910587
Epoch 193: Train Loss = -4.21776684847745, Validation RMSE = 0.8642199303386756
Epoch 193: Train Loss = -4.21776684847745, Validation RMSE = 0.8642199303386756
Epoch 194: Train Loss = -4.311333526264537, Validation RMSE = 0.8732818371378451
Epoch 194: Train Loss = -4.311333526264537, Validation RMSE = 0.8732818371378451
Epoch 195: Train Loss = -4.3153931444341485, Validation RMSE = 0.8306107082196164
Epoch 195: Train Loss = -4.3153931444341485, Validation RMSE = 0.8306107082196164
Epoch 196: Train Loss = -4.359563198956576, Validation RMSE = 0.8339770639735588
Epoch 196: Train Loss = -4.359563198956576, Validation RMSE = 0.8339770639735588
Epoch 197: Train Loss = -4.375200379978526, Validation RMSE = 0.8567878388452346
Epoch 197: Train Loss = -4.375200379978526, Validation RMSE = 0.8567878388452346
Epoch 198: Train Loss = -4.332170096310702, Validation RMSE = 0.8684537508842091
Epoch 198: Train Loss = -4.332170096310702, Validation RMSE = 0.8684537508842091
Epoch 199: Train Loss = -4.341493671590632, Validation RMSE = 0.8582991888881317
Epoch 199: Train Loss = -4.341493671590632, Validation RMSE = 0.8582991888881317
