{'activation': 'ReLU',
 'batch_size': 50,
 'cuda': True,
 'data_path': 'dataset/delaney.csv',
 'depth': 3,
 'epochs': 200,
 'ffn_hidden_size': 300,
 'ffn_num_layers': 2,
 'final_lr': 0.0001,
 'hidden_size': 300,
 'init_lr': 0.0001,
 'kl_weight': 1.0,
 'max_lr': 0.001,
 'regularization_scale': 0.0001,
 'sampling_size': 20,
 'save_dir': 'results\\cd\\delaney_checkpoints\\seed_234',
 'save_smiles_splits': False,
 'seed': 234,
 'split_sizes': [0.5, 0.2, 0.3],
 'split_type': 'random',
 'task_names': 'delaney',
 'train_strategy': 'cd',
 'warmup_epochs': 2.0}
{'activation': 'ReLU',
 'batch_size': 50,
 'cuda': True,
 'data_path': 'dataset/delaney.csv',
 'depth': 3,
 'epochs': 200,
 'ffn_hidden_size': 300,
 'ffn_num_layers': 2,
 'final_lr': 0.0001,
 'hidden_size': 300,
 'init_lr': 0.0001,
 'kl_weight': 1.0,
 'max_lr': 0.001,
 'regularization_scale': 0.0001,
 'sampling_size': 20,
 'save_dir': 'results\\cd\\delaney_checkpoints\\seed_234',
 'save_smiles_splits': False,
 'seed': 234,
 'split_sizes': [0.5, 0.2, 0.3],
 'split_type': 'random',
 'task_names': 'delaney',
 'train_strategy': 'cd',
 'warmup_epochs': 2.0}
Loading data...
Loading data...
Splitting data with seed 234
Splitting data with seed 234
Finish Loading and Splitting... Total size = 1,128 | train size = 564 | val size = 225 | test size = 339
Finish Loading and Splitting... Total size = 1,128 | train size = 564 | val size = 225 | test size = 339
Fitting scaler
Fitting scaler
Building model...
Building model...
Number of parameters = 355,206
Number of parameters = 355,206
Moving model to cuda
Moving model to cuda
Epoch 0: Train Loss = -2.5123710849068384, Validation RMSE = 1.9340282990764517
Epoch 0: Train Loss = -2.5123710849068384, Validation RMSE = 1.9340282990764517
Epoch 1: Train Loss = -2.6108932386745107, Validation RMSE = 1.8493803849978372
Epoch 1: Train Loss = -2.6108932386745107, Validation RMSE = 1.8493803849978372
Epoch 2: Train Loss = -2.7924524437297475, Validation RMSE = 1.7821452697447895
Epoch 2: Train Loss = -2.7924524437297475, Validation RMSE = 1.7821452697447895
Epoch 3: Train Loss = -2.856195796619762, Validation RMSE = 1.6602798710288926
Epoch 3: Train Loss = -2.856195796619762, Validation RMSE = 1.6602798710288926
Epoch 4: Train Loss = -2.813897869803689, Validation RMSE = 1.639438276744933
Epoch 4: Train Loss = -2.813897869803689, Validation RMSE = 1.639438276744933
Epoch 5: Train Loss = -2.939174630425193, Validation RMSE = 1.5360542362563585
Epoch 5: Train Loss = -2.939174630425193, Validation RMSE = 1.5360542362563585
Epoch 6: Train Loss = -3.0814859650351782, Validation RMSE = 1.4463564718090751
Epoch 6: Train Loss = -3.0814859650351782, Validation RMSE = 1.4463564718090751
Epoch 7: Train Loss = -3.0885682972994717, Validation RMSE = 1.3273546152351894
Epoch 7: Train Loss = -3.0885682972994717, Validation RMSE = 1.3273546152351894
Epoch 8: Train Loss = -3.210224238308993, Validation RMSE = 1.2931188987181683
Epoch 8: Train Loss = -3.210224238308993, Validation RMSE = 1.2931188987181683
Epoch 9: Train Loss = -3.2689055746251885, Validation RMSE = 1.2625310471719955
Epoch 9: Train Loss = -3.2689055746251885, Validation RMSE = 1.2625310471719955
Epoch 10: Train Loss = -3.282633824781938, Validation RMSE = 1.2389256988992254
Epoch 10: Train Loss = -3.282633824781938, Validation RMSE = 1.2389256988992254
Epoch 11: Train Loss = -3.262692451477051, Validation RMSE = 1.2305925959765414
Epoch 11: Train Loss = -3.262692451477051, Validation RMSE = 1.2305925959765414
Epoch 12: Train Loss = -3.377967661077326, Validation RMSE = 1.1966714103662643
Epoch 12: Train Loss = -3.377967661077326, Validation RMSE = 1.1966714103662643
Epoch 13: Train Loss = -3.3497085788033227, Validation RMSE = 1.2395518195943651
Epoch 13: Train Loss = -3.3497085788033227, Validation RMSE = 1.2395518195943651
Epoch 14: Train Loss = -3.407484921542081, Validation RMSE = 1.152309460783647
Epoch 14: Train Loss = -3.407484921542081, Validation RMSE = 1.152309460783647
Epoch 15: Train Loss = -3.463852947408503, Validation RMSE = 1.1347424208820598
Epoch 15: Train Loss = -3.463852947408503, Validation RMSE = 1.1347424208820598
Epoch 16: Train Loss = -3.4866949861699883, Validation RMSE = 1.1497054669333193
Epoch 16: Train Loss = -3.4866949861699883, Validation RMSE = 1.1497054669333193
Epoch 17: Train Loss = -3.479186318137429, Validation RMSE = 1.3126014016217975
Epoch 17: Train Loss = -3.479186318137429, Validation RMSE = 1.3126014016217975
Epoch 18: Train Loss = -3.2995483008298008, Validation RMSE = 1.2429263254326652
Epoch 18: Train Loss = -3.2995483008298008, Validation RMSE = 1.2429263254326652
Epoch 19: Train Loss = -3.4634731899608266, Validation RMSE = 1.105479597698912
Epoch 19: Train Loss = -3.4634731899608266, Validation RMSE = 1.105479597698912
Epoch 20: Train Loss = -3.561564900658347, Validation RMSE = 1.0516104728586315
Epoch 20: Train Loss = -3.561564900658347, Validation RMSE = 1.0516104728586315
Epoch 21: Train Loss = -3.5157907009124756, Validation RMSE = 1.3073811911863933
Epoch 21: Train Loss = -3.5157907009124756, Validation RMSE = 1.3073811911863933
Epoch 22: Train Loss = -3.4251772490414707, Validation RMSE = 1.2183994948976329
Epoch 22: Train Loss = -3.4251772490414707, Validation RMSE = 1.2183994948976329
Epoch 23: Train Loss = -3.4759656949476763, Validation RMSE = 1.1981483443943572
Epoch 23: Train Loss = -3.4759656949476763, Validation RMSE = 1.1981483443943572
Epoch 24: Train Loss = -3.5008793744173916, Validation RMSE = 1.3021286797875813
Epoch 24: Train Loss = -3.5008793744173916, Validation RMSE = 1.3021286797875813
Epoch 25: Train Loss = -3.5276441140608354, Validation RMSE = 1.0904567451381393
Epoch 25: Train Loss = -3.5276441140608354, Validation RMSE = 1.0904567451381393
Epoch 26: Train Loss = -3.5727433291348545, Validation RMSE = 1.1111789585035805
Epoch 26: Train Loss = -3.5727433291348545, Validation RMSE = 1.1111789585035805
Epoch 27: Train Loss = -3.5452363274314185, Validation RMSE = 1.0590736216431123
Epoch 27: Train Loss = -3.5452363274314185, Validation RMSE = 1.0590736216431123
Epoch 28: Train Loss = -3.65248424356634, Validation RMSE = 1.081942682293374
Epoch 28: Train Loss = -3.65248424356634, Validation RMSE = 1.081942682293374
Epoch 29: Train Loss = -3.6365876631303267, Validation RMSE = 1.05144974815238
Epoch 29: Train Loss = -3.6365876631303267, Validation RMSE = 1.05144974815238
Epoch 30: Train Loss = -3.629822947762229, Validation RMSE = 1.088911106223533
Epoch 30: Train Loss = -3.629822947762229, Validation RMSE = 1.088911106223533
Epoch 31: Train Loss = -3.6526988636363638, Validation RMSE = 1.0315178736823378
Epoch 31: Train Loss = -3.6526988636363638, Validation RMSE = 1.0315178736823378
Epoch 32: Train Loss = -3.6392580595883457, Validation RMSE = 1.0501418727365308
Epoch 32: Train Loss = -3.6392580595883457, Validation RMSE = 1.0501418727365308
Epoch 33: Train Loss = -3.661591334776445, Validation RMSE = 1.0498685353127573
Epoch 33: Train Loss = -3.661591334776445, Validation RMSE = 1.0498685353127573
Epoch 34: Train Loss = -3.6895075928081167, Validation RMSE = 1.0568875182173822
Epoch 34: Train Loss = -3.6895075928081167, Validation RMSE = 1.0568875182173822
Epoch 35: Train Loss = -3.6633786938407202, Validation RMSE = 1.0889271845691957
Epoch 35: Train Loss = -3.6633786938407202, Validation RMSE = 1.0889271845691957
Epoch 36: Train Loss = -3.698494932868264, Validation RMSE = 1.0420868460789954
Epoch 36: Train Loss = -3.698494932868264, Validation RMSE = 1.0420868460789954
Epoch 37: Train Loss = -3.6451630158857866, Validation RMSE = 1.070883007362697
Epoch 37: Train Loss = -3.6451630158857866, Validation RMSE = 1.070883007362697
Epoch 38: Train Loss = -3.6764160936528985, Validation RMSE = 1.0354154647909948
Epoch 38: Train Loss = -3.6764160936528985, Validation RMSE = 1.0354154647909948
Epoch 39: Train Loss = -3.753113616596569, Validation RMSE = 0.9994876095525776
Epoch 39: Train Loss = -3.753113616596569, Validation RMSE = 0.9994876095525776
Epoch 40: Train Loss = -3.670556566931985, Validation RMSE = 1.0794756061061401
Epoch 40: Train Loss = -3.670556566931985, Validation RMSE = 1.0794756061061401
Epoch 41: Train Loss = -3.7594519528475674, Validation RMSE = 1.0379543038212544
Epoch 41: Train Loss = -3.7594519528475674, Validation RMSE = 1.0379543038212544
Epoch 42: Train Loss = -3.7366104776209053, Validation RMSE = 1.0914672513936545
Epoch 42: Train Loss = -3.7366104776209053, Validation RMSE = 1.0914672513936545
Epoch 43: Train Loss = -3.703323559327559, Validation RMSE = 1.0083238398052252
Epoch 43: Train Loss = -3.703323559327559, Validation RMSE = 1.0083238398052252
Epoch 44: Train Loss = -3.781148607080633, Validation RMSE = 1.0476588436251868
Epoch 44: Train Loss = -3.781148607080633, Validation RMSE = 1.0476588436251868
Epoch 45: Train Loss = -3.754385297948664, Validation RMSE = 0.9822632786573781
Epoch 45: Train Loss = -3.754385297948664, Validation RMSE = 0.9822632786573781
Epoch 46: Train Loss = -3.7907081950794566, Validation RMSE = 1.0054694928328247
Epoch 46: Train Loss = -3.7907081950794566, Validation RMSE = 1.0054694928328247
Epoch 47: Train Loss = -3.863231897354126, Validation RMSE = 0.9925866057469004
Epoch 47: Train Loss = -3.863231897354126, Validation RMSE = 0.9925866057469004
Epoch 48: Train Loss = -3.851870211687955, Validation RMSE = 1.0005431150128452
Epoch 48: Train Loss = -3.851870211687955, Validation RMSE = 1.0005431150128452
Epoch 49: Train Loss = -3.729317144914107, Validation RMSE = 0.9567687971449541
Epoch 49: Train Loss = -3.729317144914107, Validation RMSE = 0.9567687971449541
Epoch 50: Train Loss = -3.8184637373143975, Validation RMSE = 0.9670565188829038
Epoch 50: Train Loss = -3.8184637373143975, Validation RMSE = 0.9670565188829038
Epoch 51: Train Loss = -3.8179391514171255, Validation RMSE = 0.952109162283259
Epoch 51: Train Loss = -3.8179391514171255, Validation RMSE = 0.952109162283259
Epoch 52: Train Loss = -3.791081276806918, Validation RMSE = 0.9991488490331952
Epoch 52: Train Loss = -3.791081276806918, Validation RMSE = 0.9991488490331952
Epoch 53: Train Loss = -3.7856838269667192, Validation RMSE = 1.1129505204191918
Epoch 53: Train Loss = -3.7856838269667192, Validation RMSE = 1.1129505204191918
Epoch 54: Train Loss = -3.794526468623768, Validation RMSE = 0.9725136233819144
Epoch 54: Train Loss = -3.794526468623768, Validation RMSE = 0.9725136233819144
Epoch 55: Train Loss = -3.856212009083141, Validation RMSE = 0.9977194396722193
Epoch 55: Train Loss = -3.856212009083141, Validation RMSE = 0.9977194396722193
Epoch 56: Train Loss = -3.820003487847068, Validation RMSE = 0.9923745941414793
Epoch 56: Train Loss = -3.820003487847068, Validation RMSE = 0.9923745941414793
Epoch 57: Train Loss = -3.8216319517655806, Validation RMSE = 0.9564887161537777
Epoch 57: Train Loss = -3.8216319517655806, Validation RMSE = 0.9564887161537777
Epoch 58: Train Loss = -3.9238110889088023, Validation RMSE = 0.8948977521397936
Epoch 58: Train Loss = -3.9238110889088023, Validation RMSE = 0.8948977521397936
Epoch 59: Train Loss = -3.918367689306086, Validation RMSE = 0.923431141182852
Epoch 59: Train Loss = -3.918367689306086, Validation RMSE = 0.923431141182852
Epoch 60: Train Loss = -3.9400611357255415, Validation RMSE = 0.8865508521087639
Epoch 60: Train Loss = -3.9400611357255415, Validation RMSE = 0.8865508521087639
Epoch 61: Train Loss = -3.827543713829734, Validation RMSE = 0.95778810569472
Epoch 61: Train Loss = -3.827543713829734, Validation RMSE = 0.95778810569472
Epoch 62: Train Loss = -3.9126652804288, Validation RMSE = 0.9212964255785807
Epoch 62: Train Loss = -3.9126652804288, Validation RMSE = 0.9212964255785807
Epoch 63: Train Loss = -3.873758402737704, Validation RMSE = 0.9362170445291856
Epoch 63: Train Loss = -3.873758402737704, Validation RMSE = 0.9362170445291856
Epoch 64: Train Loss = -4.01083475893194, Validation RMSE = 0.8797496277220315
Epoch 64: Train Loss = -4.01083475893194, Validation RMSE = 0.8797496277220315
Epoch 65: Train Loss = -3.8730110471898858, Validation RMSE = 0.9025159057935253
Epoch 65: Train Loss = -3.8730110471898858, Validation RMSE = 0.9025159057935253
Epoch 66: Train Loss = -3.8857298764315518, Validation RMSE = 0.9490375469816333
Epoch 66: Train Loss = -3.8857298764315518, Validation RMSE = 0.9490375469816333
Epoch 67: Train Loss = -3.9543533758683638, Validation RMSE = 0.9375140108232994
Epoch 67: Train Loss = -3.9543533758683638, Validation RMSE = 0.9375140108232994
Epoch 68: Train Loss = -3.8788717009804468, Validation RMSE = 0.9292727808512056
Epoch 68: Train Loss = -3.8788717009804468, Validation RMSE = 0.9292727808512056
Epoch 69: Train Loss = -3.9786625775423916, Validation RMSE = 0.8766561782130967
Epoch 69: Train Loss = -3.9786625775423916, Validation RMSE = 0.8766561782130967
Epoch 70: Train Loss = -3.9887240799990566, Validation RMSE = 0.9587954913265528
Epoch 70: Train Loss = -3.9887240799990566, Validation RMSE = 0.9587954913265528
Epoch 71: Train Loss = -3.859788114374334, Validation RMSE = 0.9327851444594055
Epoch 71: Train Loss = -3.859788114374334, Validation RMSE = 0.9327851444594055
Epoch 72: Train Loss = -3.911714337088845, Validation RMSE = 0.9532464299730781
Epoch 72: Train Loss = -3.911714337088845, Validation RMSE = 0.9532464299730781
Epoch 73: Train Loss = -3.8945293643257837, Validation RMSE = 0.9748039003349561
Epoch 73: Train Loss = -3.8945293643257837, Validation RMSE = 0.9748039003349561
Epoch 74: Train Loss = -3.880853522907604, Validation RMSE = 0.8996900967138236
Epoch 74: Train Loss = -3.880853522907604, Validation RMSE = 0.8996900967138236
Epoch 75: Train Loss = -3.9859497980637983, Validation RMSE = 0.8849215327238401
Epoch 75: Train Loss = -3.9859497980637983, Validation RMSE = 0.8849215327238401
Epoch 76: Train Loss = -4.01216383413835, Validation RMSE = 0.8650791061881057
Epoch 76: Train Loss = -4.01216383413835, Validation RMSE = 0.8650791061881057
Epoch 77: Train Loss = -4.016878734935414, Validation RMSE = 0.8674758948790475
Epoch 77: Train Loss = -4.016878734935414, Validation RMSE = 0.8674758948790475
Epoch 78: Train Loss = -4.050065755844116, Validation RMSE = 0.8891921042196732
Epoch 78: Train Loss = -4.050065755844116, Validation RMSE = 0.8891921042196732
Epoch 79: Train Loss = -3.9171395735307173, Validation RMSE = 0.9255528932287509
Epoch 79: Train Loss = -3.9171395735307173, Validation RMSE = 0.9255528932287509
Epoch 80: Train Loss = -3.9981626814061944, Validation RMSE = 0.9517620116241484
Epoch 80: Train Loss = -3.9981626814061944, Validation RMSE = 0.9517620116241484
Epoch 81: Train Loss = -3.897523814981634, Validation RMSE = 0.970311747376228
Epoch 81: Train Loss = -3.897523814981634, Validation RMSE = 0.970311747376228
Epoch 82: Train Loss = -4.001841805197976, Validation RMSE = 0.8869808810919073
Epoch 82: Train Loss = -4.001841805197976, Validation RMSE = 0.8869808810919073
Epoch 83: Train Loss = -4.012033332477916, Validation RMSE = 0.9420588881343491
Epoch 83: Train Loss = -4.012033332477916, Validation RMSE = 0.9420588881343491
Epoch 84: Train Loss = -3.924246809699319, Validation RMSE = 0.9180813084881941
Epoch 84: Train Loss = -3.924246809699319, Validation RMSE = 0.9180813084881941
Epoch 85: Train Loss = -3.906492515043779, Validation RMSE = 0.9254176412904622
Epoch 85: Train Loss = -3.906492515043779, Validation RMSE = 0.9254176412904622
Epoch 86: Train Loss = -3.875064893202348, Validation RMSE = 0.9437643581892573
Epoch 86: Train Loss = -3.875064893202348, Validation RMSE = 0.9437643581892573
Epoch 87: Train Loss = -3.9580116271972656, Validation RMSE = 0.8970936734913849
Epoch 87: Train Loss = -3.9580116271972656, Validation RMSE = 0.8970936734913849
Epoch 88: Train Loss = -4.05544207312844, Validation RMSE = 0.901413950805379
Epoch 88: Train Loss = -4.05544207312844, Validation RMSE = 0.901413950805379
Epoch 89: Train Loss = -3.947729067368941, Validation RMSE = 0.8696363644421061
Epoch 89: Train Loss = -3.947729067368941, Validation RMSE = 0.8696363644421061
Epoch 90: Train Loss = -4.0407468622381035, Validation RMSE = 0.8952198966308514
Epoch 90: Train Loss = -4.0407468622381035, Validation RMSE = 0.8952198966308514
Epoch 91: Train Loss = -4.057671481912786, Validation RMSE = 0.8863905969498014
Epoch 91: Train Loss = -4.057671481912786, Validation RMSE = 0.8863905969498014
Epoch 92: Train Loss = -4.131611368872902, Validation RMSE = 0.8607242228295702
Epoch 92: Train Loss = -4.131611368872902, Validation RMSE = 0.8607242228295702
Epoch 93: Train Loss = -3.999413403597745, Validation RMSE = 0.8762554035214755
Epoch 93: Train Loss = -3.999413403597745, Validation RMSE = 0.8762554035214755
Epoch 94: Train Loss = -4.098709323189476, Validation RMSE = 0.8347040338843026
Epoch 94: Train Loss = -4.098709323189476, Validation RMSE = 0.8347040338843026
Epoch 95: Train Loss = -3.993304274298928, Validation RMSE = 0.8258155690128554
Epoch 95: Train Loss = -3.993304274298928, Validation RMSE = 0.8258155690128554
Epoch 96: Train Loss = -4.126488273794001, Validation RMSE = 0.8303072289084149
Epoch 96: Train Loss = -4.126488273794001, Validation RMSE = 0.8303072289084149
Epoch 97: Train Loss = -4.072047558697787, Validation RMSE = 0.8045800426241546
Epoch 97: Train Loss = -4.072047558697787, Validation RMSE = 0.8045800426241546
Epoch 98: Train Loss = -4.101383165879683, Validation RMSE = 0.8263210520439217
Epoch 98: Train Loss = -4.101383165879683, Validation RMSE = 0.8263210520439217
Epoch 99: Train Loss = -4.005994580008767, Validation RMSE = 0.8382113569933695
Epoch 99: Train Loss = -4.005994580008767, Validation RMSE = 0.8382113569933695
Epoch 100: Train Loss = -4.0989473733035, Validation RMSE = 0.8337826950416775
Epoch 100: Train Loss = -4.0989473733035, Validation RMSE = 0.8337826950416775
Epoch 101: Train Loss = -4.098831588571722, Validation RMSE = 0.823121939708534
Epoch 101: Train Loss = -4.098831588571722, Validation RMSE = 0.823121939708534
Epoch 102: Train Loss = -4.06242544000799, Validation RMSE = 0.8633861941965549
Epoch 102: Train Loss = -4.06242544000799, Validation RMSE = 0.8633861941965549
Epoch 103: Train Loss = -4.101229797710072, Validation RMSE = 0.829326272547058
Epoch 103: Train Loss = -4.101229797710072, Validation RMSE = 0.829326272547058
Epoch 104: Train Loss = -4.1170455542477695, Validation RMSE = 0.839444557419728
Epoch 104: Train Loss = -4.1170455542477695, Validation RMSE = 0.839444557419728
Epoch 105: Train Loss = -3.988588809967041, Validation RMSE = 0.8026352910338332
Epoch 105: Train Loss = -3.988588809967041, Validation RMSE = 0.8026352910338332
Epoch 106: Train Loss = -4.065415382385254, Validation RMSE = 0.8457716964182016
Epoch 106: Train Loss = -4.065415382385254, Validation RMSE = 0.8457716964182016
Epoch 107: Train Loss = -4.098878708752719, Validation RMSE = 0.8065273423508658
Epoch 107: Train Loss = -4.098878708752719, Validation RMSE = 0.8065273423508658
Epoch 108: Train Loss = -4.093287858096036, Validation RMSE = 0.8479583767589951
Epoch 108: Train Loss = -4.093287858096036, Validation RMSE = 0.8479583767589951
Epoch 109: Train Loss = -3.9701176339929756, Validation RMSE = 0.8136185953931581
Epoch 109: Train Loss = -3.9701176339929756, Validation RMSE = 0.8136185953931581
Epoch 110: Train Loss = -4.1206112124703145, Validation RMSE = 0.8648138109747605
Epoch 110: Train Loss = -4.1206112124703145, Validation RMSE = 0.8648138109747605
Epoch 111: Train Loss = -4.097597338936546, Validation RMSE = 0.813278393521333
Epoch 111: Train Loss = -4.097597338936546, Validation RMSE = 0.813278393521333
Epoch 112: Train Loss = -4.067720499905673, Validation RMSE = 0.8274997885179942
Epoch 112: Train Loss = -4.067720499905673, Validation RMSE = 0.8274997885179942
Epoch 113: Train Loss = -4.0927066586234355, Validation RMSE = 0.7958565317581219
Epoch 113: Train Loss = -4.0927066586234355, Validation RMSE = 0.7958565317581219
Epoch 114: Train Loss = -4.076762784611095, Validation RMSE = 0.8121374217445145
Epoch 114: Train Loss = -4.076762784611095, Validation RMSE = 0.8121374217445145
Epoch 115: Train Loss = -4.1092681884765625, Validation RMSE = 0.8029366176744177
Epoch 115: Train Loss = -4.1092681884765625, Validation RMSE = 0.8029366176744177
Epoch 116: Train Loss = -4.170977289026434, Validation RMSE = 0.8187126099172439
Epoch 116: Train Loss = -4.170977289026434, Validation RMSE = 0.8187126099172439
Epoch 117: Train Loss = -4.121722113002431, Validation RMSE = 0.8324029066607165
Epoch 117: Train Loss = -4.121722113002431, Validation RMSE = 0.8324029066607165
Epoch 118: Train Loss = -4.128305045041171, Validation RMSE = 0.9331131983568125
Epoch 118: Train Loss = -4.128305045041171, Validation RMSE = 0.9331131983568125
Epoch 119: Train Loss = -4.080801660364324, Validation RMSE = 0.8324288910959625
Epoch 119: Train Loss = -4.080801660364324, Validation RMSE = 0.8324288910959625
Epoch 120: Train Loss = -4.188045393336903, Validation RMSE = 0.7886460725252021
Epoch 120: Train Loss = -4.188045393336903, Validation RMSE = 0.7886460725252021
Epoch 121: Train Loss = -4.170255270871249, Validation RMSE = 0.799677377778425
Epoch 121: Train Loss = -4.170255270871249, Validation RMSE = 0.799677377778425
Epoch 122: Train Loss = -4.251495903188532, Validation RMSE = 0.7958918623280444
Epoch 122: Train Loss = -4.251495903188532, Validation RMSE = 0.7958918623280444
Epoch 123: Train Loss = -4.066811951723966, Validation RMSE = 0.8234815374543689
Epoch 123: Train Loss = -4.066811951723966, Validation RMSE = 0.8234815374543689
Epoch 124: Train Loss = -4.1224470355293965, Validation RMSE = 0.8209649391997685
Epoch 124: Train Loss = -4.1224470355293965, Validation RMSE = 0.8209649391997685
Epoch 125: Train Loss = -4.131583799015392, Validation RMSE = 0.7979258394029187
Epoch 125: Train Loss = -4.131583799015392, Validation RMSE = 0.7979258394029187
Epoch 126: Train Loss = -4.16142895004966, Validation RMSE = 0.7878537089522387
Epoch 126: Train Loss = -4.16142895004966, Validation RMSE = 0.7878537089522387
Epoch 127: Train Loss = -4.0870512615550645, Validation RMSE = 0.9005775664954735
Epoch 127: Train Loss = -4.0870512615550645, Validation RMSE = 0.9005775664954735
Epoch 128: Train Loss = -4.042211099104448, Validation RMSE = 0.8137795807747785
Epoch 128: Train Loss = -4.042211099104448, Validation RMSE = 0.8137795807747785
Epoch 129: Train Loss = -4.063483606685292, Validation RMSE = 0.8630757878569757
Epoch 129: Train Loss = -4.063483606685292, Validation RMSE = 0.8630757878569757
Epoch 130: Train Loss = -4.269648335196755, Validation RMSE = 0.7759223466066478
Epoch 130: Train Loss = -4.269648335196755, Validation RMSE = 0.7759223466066478
Epoch 131: Train Loss = -4.180549643256447, Validation RMSE = 0.8012252484410698
Epoch 131: Train Loss = -4.180549643256447, Validation RMSE = 0.8012252484410698
Epoch 132: Train Loss = -4.1457578268918125, Validation RMSE = 0.8114655867275473
Epoch 132: Train Loss = -4.1457578268918125, Validation RMSE = 0.8114655867275473
Epoch 133: Train Loss = -4.303401860323819, Validation RMSE = 0.8365756058600408
Epoch 133: Train Loss = -4.303401860323819, Validation RMSE = 0.8365756058600408
Epoch 134: Train Loss = -4.130297790874135, Validation RMSE = 0.7808912198738701
Epoch 134: Train Loss = -4.130297790874135, Validation RMSE = 0.7808912198738701
Epoch 135: Train Loss = -4.1061319221149795, Validation RMSE = 0.7853818461514034
Epoch 135: Train Loss = -4.1061319221149795, Validation RMSE = 0.7853818461514034
Epoch 136: Train Loss = -4.228492780165239, Validation RMSE = 0.7916021041963317
Epoch 136: Train Loss = -4.228492780165239, Validation RMSE = 0.7916021041963317
Epoch 137: Train Loss = -4.186865243044767, Validation RMSE = 0.7966115072904684
Epoch 137: Train Loss = -4.186865243044767, Validation RMSE = 0.7966115072904684
Epoch 138: Train Loss = -4.07944013855674, Validation RMSE = 0.7956664291002684
Epoch 138: Train Loss = -4.07944013855674, Validation RMSE = 0.7956664291002684
Epoch 139: Train Loss = -4.1314309510317715, Validation RMSE = 0.8192319917166664
Epoch 139: Train Loss = -4.1314309510317715, Validation RMSE = 0.8192319917166664
Epoch 140: Train Loss = -4.167997446927157, Validation RMSE = 0.7873766456552197
Epoch 140: Train Loss = -4.167997446927157, Validation RMSE = 0.7873766456552197
Epoch 141: Train Loss = -4.1918935992501, Validation RMSE = 0.766580267619308
Epoch 141: Train Loss = -4.1918935992501, Validation RMSE = 0.766580267619308
Epoch 142: Train Loss = -4.155230868946422, Validation RMSE = 0.7778070075440613
Epoch 142: Train Loss = -4.155230868946422, Validation RMSE = 0.7778070075440613
Epoch 143: Train Loss = -4.176796978170222, Validation RMSE = 0.7733046906079605
Epoch 143: Train Loss = -4.176796978170222, Validation RMSE = 0.7733046906079605
Epoch 144: Train Loss = -4.2290355292233555, Validation RMSE = 0.7602452900255376
Epoch 144: Train Loss = -4.2290355292233555, Validation RMSE = 0.7602452900255376
Epoch 145: Train Loss = -4.141600890593096, Validation RMSE = 0.765156993411976
Epoch 145: Train Loss = -4.141600890593096, Validation RMSE = 0.765156993411976
Epoch 146: Train Loss = -4.164541179483587, Validation RMSE = 0.7663495000048887
Epoch 146: Train Loss = -4.164541179483587, Validation RMSE = 0.7663495000048887
Epoch 147: Train Loss = -4.211935606869784, Validation RMSE = 0.7993388085510579
Epoch 147: Train Loss = -4.211935606869784, Validation RMSE = 0.7993388085510579
Epoch 148: Train Loss = -4.219774202866987, Validation RMSE = 0.7737387914189765
Epoch 148: Train Loss = -4.219774202866987, Validation RMSE = 0.7737387914189765
Epoch 149: Train Loss = -4.210164308547974, Validation RMSE = 0.7561549719028217
Epoch 149: Train Loss = -4.210164308547974, Validation RMSE = 0.7561549719028217
Epoch 150: Train Loss = -4.224637725136497, Validation RMSE = 0.758130384816833
Epoch 150: Train Loss = -4.224637725136497, Validation RMSE = 0.758130384816833
Epoch 151: Train Loss = -4.217227003791115, Validation RMSE = 0.7726328171548695
Epoch 151: Train Loss = -4.217227003791115, Validation RMSE = 0.7726328171548695
Epoch 152: Train Loss = -4.263692899183794, Validation RMSE = 0.7518274770676566
Epoch 152: Train Loss = -4.263692899183794, Validation RMSE = 0.7518274770676566
Epoch 153: Train Loss = -4.132739955728704, Validation RMSE = 0.7455539177920809
Epoch 153: Train Loss = -4.132739955728704, Validation RMSE = 0.7455539177920809
Epoch 154: Train Loss = -4.2293993776494805, Validation RMSE = 0.7644693254437558
Epoch 154: Train Loss = -4.2293993776494805, Validation RMSE = 0.7644693254437558
Epoch 155: Train Loss = -4.1267265840010205, Validation RMSE = 0.7791866788597415
Epoch 155: Train Loss = -4.1267265840010205, Validation RMSE = 0.7791866788597415
Epoch 156: Train Loss = -4.204896471717141, Validation RMSE = 0.7856100060801438
Epoch 156: Train Loss = -4.204896471717141, Validation RMSE = 0.7856100060801438
Epoch 157: Train Loss = -4.177954695441506, Validation RMSE = 0.781317819633801
Epoch 157: Train Loss = -4.177954695441506, Validation RMSE = 0.781317819633801
Epoch 158: Train Loss = -4.225779208269986, Validation RMSE = 0.766016309264038
Epoch 158: Train Loss = -4.225779208269986, Validation RMSE = 0.766016309264038
Epoch 159: Train Loss = -4.253875342282382, Validation RMSE = 0.7651610426543596
Epoch 159: Train Loss = -4.253875342282382, Validation RMSE = 0.7651610426543596
Epoch 160: Train Loss = -4.231649225408381, Validation RMSE = 0.7451494643639623
Epoch 160: Train Loss = -4.231649225408381, Validation RMSE = 0.7451494643639623
Epoch 161: Train Loss = -4.232576673681086, Validation RMSE = 0.7592388648696626
Epoch 161: Train Loss = -4.232576673681086, Validation RMSE = 0.7592388648696626
Epoch 162: Train Loss = -4.186516393314708, Validation RMSE = 0.7493838686094336
Epoch 162: Train Loss = -4.186516393314708, Validation RMSE = 0.7493838686094336
Epoch 163: Train Loss = -4.271524104205045, Validation RMSE = 0.7708939516734277
Epoch 163: Train Loss = -4.271524104205045, Validation RMSE = 0.7708939516734277
Epoch 164: Train Loss = -4.331292282451283, Validation RMSE = 0.8055539753815368
Epoch 164: Train Loss = -4.331292282451283, Validation RMSE = 0.8055539753815368
Epoch 165: Train Loss = -4.232507792386142, Validation RMSE = 0.7812736404213007
Epoch 165: Train Loss = -4.232507792386142, Validation RMSE = 0.7812736404213007
Epoch 166: Train Loss = -4.270558877424761, Validation RMSE = 0.7484865573156955
Epoch 166: Train Loss = -4.270558877424761, Validation RMSE = 0.7484865573156955
Epoch 167: Train Loss = -4.286349773406982, Validation RMSE = 0.754886734749842
Epoch 167: Train Loss = -4.286349773406982, Validation RMSE = 0.754886734749842
Epoch 168: Train Loss = -4.2116483558308, Validation RMSE = 0.759809201862482
Epoch 168: Train Loss = -4.2116483558308, Validation RMSE = 0.759809201862482
Epoch 169: Train Loss = -4.112603035840121, Validation RMSE = 0.790823722143931
Epoch 169: Train Loss = -4.112603035840121, Validation RMSE = 0.790823722143931
Epoch 170: Train Loss = -4.18645698373968, Validation RMSE = 0.7594250622675609
Epoch 170: Train Loss = -4.18645698373968, Validation RMSE = 0.7594250622675609
Epoch 171: Train Loss = -4.26091818376021, Validation RMSE = 0.7467005413472054
Epoch 171: Train Loss = -4.26091818376021, Validation RMSE = 0.7467005413472054
Epoch 172: Train Loss = -4.1646671728654345, Validation RMSE = 0.7773992529158787
Epoch 172: Train Loss = -4.1646671728654345, Validation RMSE = 0.7773992529158787
Epoch 173: Train Loss = -4.3358870853077285, Validation RMSE = 0.7465459849620889
Epoch 173: Train Loss = -4.3358870853077285, Validation RMSE = 0.7465459849620889
Epoch 174: Train Loss = -4.306113199754194, Validation RMSE = 0.7458406950434686
Epoch 174: Train Loss = -4.306113199754194, Validation RMSE = 0.7458406950434686
Epoch 175: Train Loss = -4.146953647786921, Validation RMSE = 0.7354524970133451
Epoch 175: Train Loss = -4.146953647786921, Validation RMSE = 0.7354524970133451
Epoch 176: Train Loss = -4.226353840394453, Validation RMSE = 0.7613597425410029
Epoch 176: Train Loss = -4.226353840394453, Validation RMSE = 0.7613597425410029
Epoch 177: Train Loss = -4.201805266467008, Validation RMSE = 0.739388513329728
Epoch 177: Train Loss = -4.201805266467008, Validation RMSE = 0.739388513329728
Epoch 178: Train Loss = -4.263955289667303, Validation RMSE = 0.7417623736394199
Epoch 178: Train Loss = -4.263955289667303, Validation RMSE = 0.7417623736394199
Epoch 179: Train Loss = -4.190363797274503, Validation RMSE = 0.7664946222130609
Epoch 179: Train Loss = -4.190363797274503, Validation RMSE = 0.7664946222130609
Epoch 180: Train Loss = -4.3001533855091445, Validation RMSE = 0.7525355575624947
Epoch 180: Train Loss = -4.3001533855091445, Validation RMSE = 0.7525355575624947
Epoch 181: Train Loss = -4.339334097775546, Validation RMSE = 0.7465226723150086
Epoch 181: Train Loss = -4.339334097775546, Validation RMSE = 0.7465226723150086
Epoch 182: Train Loss = -4.143237764185125, Validation RMSE = 0.7388475988573622
Epoch 182: Train Loss = -4.143237764185125, Validation RMSE = 0.7388475988573622
Epoch 183: Train Loss = -4.329164158214223, Validation RMSE = 0.7324121185202429
Epoch 183: Train Loss = -4.329164158214223, Validation RMSE = 0.7324121185202429
Epoch 184: Train Loss = -4.219171177257191, Validation RMSE = 0.7543133766967093
Epoch 184: Train Loss = -4.219171177257191, Validation RMSE = 0.7543133766967093
Epoch 185: Train Loss = -4.111023426055908, Validation RMSE = 0.7522655060528904
Epoch 185: Train Loss = -4.111023426055908, Validation RMSE = 0.7522655060528904
Epoch 186: Train Loss = -4.180042765357277, Validation RMSE = 0.7816063183446437
Epoch 186: Train Loss = -4.180042765357277, Validation RMSE = 0.7816063183446437
Epoch 187: Train Loss = -4.272911808707497, Validation RMSE = 0.7421962080318635
Epoch 187: Train Loss = -4.272911808707497, Validation RMSE = 0.7421962080318635
Epoch 188: Train Loss = -4.242423165928233, Validation RMSE = 0.7310285176566853
Epoch 188: Train Loss = -4.242423165928233, Validation RMSE = 0.7310285176566853
Epoch 189: Train Loss = -4.3160106919028545, Validation RMSE = 0.7264169244512492
Epoch 189: Train Loss = -4.3160106919028545, Validation RMSE = 0.7264169244512492
Epoch 190: Train Loss = -4.266103614460338, Validation RMSE = 0.7456513856633015
Epoch 190: Train Loss = -4.266103614460338, Validation RMSE = 0.7456513856633015
Epoch 191: Train Loss = -4.286497614600441, Validation RMSE = 0.763572326906082
Epoch 191: Train Loss = -4.286497614600441, Validation RMSE = 0.763572326906082
Epoch 192: Train Loss = -4.229065743359652, Validation RMSE = 0.7348607675229577
Epoch 192: Train Loss = -4.229065743359652, Validation RMSE = 0.7348607675229577
Epoch 193: Train Loss = -4.26866178079085, Validation RMSE = 0.7545451567425088
Epoch 193: Train Loss = -4.26866178079085, Validation RMSE = 0.7545451567425088
Epoch 194: Train Loss = -4.321443015878851, Validation RMSE = 0.7291616036955497
Epoch 194: Train Loss = -4.321443015878851, Validation RMSE = 0.7291616036955497
Epoch 195: Train Loss = -4.271412307565862, Validation RMSE = 0.7425778178680988
Epoch 195: Train Loss = -4.271412307565862, Validation RMSE = 0.7425778178680988
Epoch 196: Train Loss = -4.362677075646141, Validation RMSE = 0.7263733944630063
Epoch 196: Train Loss = -4.362677075646141, Validation RMSE = 0.7263733944630063
Epoch 197: Train Loss = -4.239798610860651, Validation RMSE = 0.7408713987415759
Epoch 197: Train Loss = -4.239798610860651, Validation RMSE = 0.7408713987415759
Epoch 198: Train Loss = -4.234494599429044, Validation RMSE = 0.7272964921967863
Epoch 198: Train Loss = -4.234494599429044, Validation RMSE = 0.7272964921967863
Epoch 199: Train Loss = -4.283705971457741, Validation RMSE = 0.7330317154133995
Epoch 199: Train Loss = -4.283705971457741, Validation RMSE = 0.7330317154133995
