{'activation': 'ReLU',
 'batch_size': 50,
 'cuda': True,
 'data_path': 'dataset/delaney.csv',
 'depth': 3,
 'epochs': 200,
 'ffn_hidden_size': 300,
 'ffn_num_layers': 2,
 'final_lr': 0.0001,
 'hidden_size': 300,
 'init_lr': 0.0001,
 'kl_weight': 5.0,
 'max_lr': 0.001,
 'pretrain_encoder_path': 'results\\cl\\pretrain\\pretrain_encoder.pt',
 'regularization_scale': 0.0001,
 'sampling_size': 20,
 'save_dir': 'results\\cl\\rec+5.0_kl\\delaney_checkpoints\\seed_567',
 'save_smiles_splits': False,
 'seed': 567,
 'split_sizes': [0.5, 0.2, 0.3],
 'split_type': 'random',
 'task_names': 'delaney',
 'train_strategy': 'cl',
 'warmup_epochs': 2.0}
{'activation': 'ReLU',
 'batch_size': 50,
 'cuda': True,
 'data_path': 'dataset/delaney.csv',
 'depth': 3,
 'epochs': 200,
 'ffn_hidden_size': 300,
 'ffn_num_layers': 2,
 'final_lr': 0.0001,
 'hidden_size': 300,
 'init_lr': 0.0001,
 'kl_weight': 5.0,
 'max_lr': 0.001,
 'pretrain_encoder_path': 'results\\cl\\pretrain\\pretrain_encoder.pt',
 'regularization_scale': 0.0001,
 'sampling_size': 20,
 'save_dir': 'results\\cl\\rec+5.0_kl\\delaney_checkpoints\\seed_567',
 'save_smiles_splits': False,
 'seed': 567,
 'split_sizes': [0.5, 0.2, 0.3],
 'split_type': 'random',
 'task_names': 'delaney',
 'train_strategy': 'cl',
 'warmup_epochs': 2.0}
Loading data...
Loading data...
Splitting data with seed 567
Splitting data with seed 567
Finish Loading and Splitting... Total size = 1,128 | train size = 564 | val size = 225 | test size = 339
Finish Loading and Splitting... Total size = 1,128 | train size = 564 | val size = 225 | test size = 339
Fitting scaler
Fitting scaler
Building model...
Building model...
Number of parameters = 355,206
Number of parameters = 355,206
Loading pretrain MPNN Model...
Loading pretrain MPNN Model...
Moving model to cuda
Moving model to cuda
Epoch 0: Train Loss = -9.50323841788552, Validation RMSE = 2.130785677776257
Epoch 0: Train Loss = -9.50323841788552, Validation RMSE = 2.130785677776257
Epoch 1: Train Loss = -9.61625151200728, Validation RMSE = 1.8801781681670606
Epoch 1: Train Loss = -9.61625151200728, Validation RMSE = 1.8801781681670606
Epoch 2: Train Loss = -9.887275262312455, Validation RMSE = 1.708278017061029
Epoch 2: Train Loss = -9.887275262312455, Validation RMSE = 1.708278017061029
Epoch 3: Train Loss = -10.065786188299006, Validation RMSE = 1.5477154172127738
Epoch 3: Train Loss = -10.065786188299006, Validation RMSE = 1.5477154172127738
Epoch 4: Train Loss = -10.153167204423385, Validation RMSE = 1.3702685124450174
Epoch 4: Train Loss = -10.153167204423385, Validation RMSE = 1.3702685124450174
Epoch 5: Train Loss = -10.492399215698242, Validation RMSE = 1.246272897363412
Epoch 5: Train Loss = -10.492399215698242, Validation RMSE = 1.246272897363412
Epoch 6: Train Loss = -10.571728099476207, Validation RMSE = 1.3146942629072145
Epoch 6: Train Loss = -10.571728099476207, Validation RMSE = 1.3146942629072145
Epoch 7: Train Loss = -10.725624604658647, Validation RMSE = 1.2316191414686686
Epoch 7: Train Loss = -10.725624604658647, Validation RMSE = 1.2316191414686686
Epoch 8: Train Loss = -10.788069291548295, Validation RMSE = 1.1473875871636683
Epoch 8: Train Loss = -10.788069291548295, Validation RMSE = 1.1473875871636683
Epoch 9: Train Loss = -10.813226353038441, Validation RMSE = 1.046820946497014
Epoch 9: Train Loss = -10.813226353038441, Validation RMSE = 1.046820946497014
Epoch 10: Train Loss = -10.99092943018133, Validation RMSE = 1.0278482017967605
Epoch 10: Train Loss = -10.99092943018133, Validation RMSE = 1.0278482017967605
Epoch 11: Train Loss = -11.137538389726119, Validation RMSE = 0.9829123162504823
Epoch 11: Train Loss = -11.137538389726119, Validation RMSE = 0.9829123162504823
Epoch 12: Train Loss = -11.209866176952016, Validation RMSE = 1.0632690519825057
Epoch 12: Train Loss = -11.209866176952016, Validation RMSE = 1.0632690519825057
Epoch 13: Train Loss = -11.322061365300959, Validation RMSE = 0.9783582655140749
Epoch 13: Train Loss = -11.322061365300959, Validation RMSE = 0.9783582655140749
Epoch 14: Train Loss = -11.241110021417791, Validation RMSE = 0.9635434884974731
Epoch 14: Train Loss = -11.241110021417791, Validation RMSE = 0.9635434884974731
Epoch 15: Train Loss = -11.340527534484863, Validation RMSE = 0.8857393866859005
Epoch 15: Train Loss = -11.340527534484863, Validation RMSE = 0.8857393866859005
Epoch 16: Train Loss = -11.365509206598455, Validation RMSE = 0.9017626232478649
Epoch 16: Train Loss = -11.365509206598455, Validation RMSE = 0.9017626232478649
Epoch 17: Train Loss = -11.576488668268377, Validation RMSE = 0.8816781887132289
Epoch 17: Train Loss = -11.576488668268377, Validation RMSE = 0.8816781887132289
Epoch 18: Train Loss = -11.320325417952104, Validation RMSE = 0.9367822267141344
Epoch 18: Train Loss = -11.320325417952104, Validation RMSE = 0.9367822267141344
Epoch 19: Train Loss = -11.543768796053799, Validation RMSE = 0.8356931246693357
Epoch 19: Train Loss = -11.543768796053799, Validation RMSE = 0.8356931246693357
Epoch 20: Train Loss = -11.71012072129683, Validation RMSE = 0.8696287733525329
Epoch 20: Train Loss = -11.71012072129683, Validation RMSE = 0.8696287733525329
Epoch 21: Train Loss = -11.701752922751687, Validation RMSE = 0.8398070845076455
Epoch 21: Train Loss = -11.701752922751687, Validation RMSE = 0.8398070845076455
Epoch 22: Train Loss = -11.804779486222701, Validation RMSE = 0.8063041220629612
Epoch 22: Train Loss = -11.804779486222701, Validation RMSE = 0.8063041220629612
Epoch 23: Train Loss = -11.705368302085184, Validation RMSE = 0.8462025001676671
Epoch 23: Train Loss = -11.705368302085184, Validation RMSE = 0.8462025001676671
Epoch 24: Train Loss = -11.793061603199352, Validation RMSE = 0.812566689357962
Epoch 24: Train Loss = -11.793061603199352, Validation RMSE = 0.812566689357962
Epoch 25: Train Loss = -11.877473571083762, Validation RMSE = 0.8089889725575242
Epoch 25: Train Loss = -11.877473571083762, Validation RMSE = 0.8089889725575242
Epoch 26: Train Loss = -11.811519362709738, Validation RMSE = 0.9293656848638532
Epoch 26: Train Loss = -11.811519362709738, Validation RMSE = 0.9293656848638532
Epoch 27: Train Loss = -11.819243951277299, Validation RMSE = 0.8381120509827377
Epoch 27: Train Loss = -11.819243951277299, Validation RMSE = 0.8381120509827377
Epoch 28: Train Loss = -11.860970150340687, Validation RMSE = 0.7762631864148537
Epoch 28: Train Loss = -11.860970150340687, Validation RMSE = 0.7762631864148537
Epoch 29: Train Loss = -11.92142711986195, Validation RMSE = 0.796094020339316
Epoch 29: Train Loss = -11.92142711986195, Validation RMSE = 0.796094020339316
Epoch 30: Train Loss = -12.054421164772727, Validation RMSE = 0.7745365714806992
Epoch 30: Train Loss = -12.054421164772727, Validation RMSE = 0.7745365714806992
Epoch 31: Train Loss = -12.031614130193537, Validation RMSE = 0.8668251979571675
Epoch 31: Train Loss = -12.031614130193537, Validation RMSE = 0.8668251979571675
Epoch 32: Train Loss = -12.115752046758478, Validation RMSE = 0.7407413450510357
Epoch 32: Train Loss = -12.115752046758478, Validation RMSE = 0.7407413450510357
Epoch 33: Train Loss = -12.107623880559748, Validation RMSE = 0.7476215144695464
Epoch 33: Train Loss = -12.107623880559748, Validation RMSE = 0.7476215144695464
Epoch 34: Train Loss = -12.127294887195934, Validation RMSE = 0.7959439365573587
Epoch 34: Train Loss = -12.127294887195934, Validation RMSE = 0.7959439365573587
Epoch 35: Train Loss = -12.156560637734152, Validation RMSE = 0.8092881025671156
Epoch 35: Train Loss = -12.156560637734152, Validation RMSE = 0.8092881025671156
Epoch 36: Train Loss = -12.16374752738259, Validation RMSE = 0.7727965720646038
Epoch 36: Train Loss = -12.16374752738259, Validation RMSE = 0.7727965720646038
Epoch 37: Train Loss = -12.172578031366522, Validation RMSE = 0.7397577704419522
Epoch 37: Train Loss = -12.172578031366522, Validation RMSE = 0.7397577704419522
Epoch 38: Train Loss = -12.288924303921787, Validation RMSE = 0.7186585596844448
Epoch 38: Train Loss = -12.288924303921787, Validation RMSE = 0.7186585596844448
Epoch 39: Train Loss = -12.205225597728383, Validation RMSE = 0.7498841865723492
Epoch 39: Train Loss = -12.205225597728383, Validation RMSE = 0.7498841865723492
Epoch 40: Train Loss = -12.223205653103916, Validation RMSE = 0.7466547838779589
Epoch 40: Train Loss = -12.223205653103916, Validation RMSE = 0.7466547838779589
Epoch 41: Train Loss = -12.299974701621316, Validation RMSE = 0.7413344810430652
Epoch 41: Train Loss = -12.299974701621316, Validation RMSE = 0.7413344810430652
Epoch 42: Train Loss = -12.356477824124424, Validation RMSE = 0.776468822738079
Epoch 42: Train Loss = -12.356477824124424, Validation RMSE = 0.776468822738079
Epoch 43: Train Loss = -12.128070137717508, Validation RMSE = 0.7996788539821005
Epoch 43: Train Loss = -12.128070137717508, Validation RMSE = 0.7996788539821005
Epoch 44: Train Loss = -12.150196422230113, Validation RMSE = 0.7181184227436326
Epoch 44: Train Loss = -12.150196422230113, Validation RMSE = 0.7181184227436326
Epoch 45: Train Loss = -12.33363862471147, Validation RMSE = 0.744886911322724
Epoch 45: Train Loss = -12.33363862471147, Validation RMSE = 0.744886911322724
Epoch 46: Train Loss = -12.290431369434703, Validation RMSE = 0.8806917676844885
Epoch 46: Train Loss = -12.290431369434703, Validation RMSE = 0.8806917676844885
Epoch 47: Train Loss = -12.233230677517978, Validation RMSE = 0.772885140740349
Epoch 47: Train Loss = -12.233230677517978, Validation RMSE = 0.772885140740349
Epoch 48: Train Loss = -12.363058870488947, Validation RMSE = 0.7452688771722867
Epoch 48: Train Loss = -12.363058870488947, Validation RMSE = 0.7452688771722867
Epoch 49: Train Loss = -12.284044699235396, Validation RMSE = 0.7744011254948434
Epoch 49: Train Loss = -12.284044699235396, Validation RMSE = 0.7744011254948434
Epoch 50: Train Loss = -12.42484508861195, Validation RMSE = 0.7288582381397363
Epoch 50: Train Loss = -12.42484508861195, Validation RMSE = 0.7288582381397363
Epoch 51: Train Loss = -12.496234893798828, Validation RMSE = 0.7335315748696618
Epoch 51: Train Loss = -12.496234893798828, Validation RMSE = 0.7335315748696618
Epoch 52: Train Loss = -12.442594528198242, Validation RMSE = 0.7164467000257095
Epoch 52: Train Loss = -12.442594528198242, Validation RMSE = 0.7164467000257095
Epoch 53: Train Loss = -12.508838740262119, Validation RMSE = 0.7099676025558557
Epoch 53: Train Loss = -12.508838740262119, Validation RMSE = 0.7099676025558557
Epoch 54: Train Loss = -12.522066809914328, Validation RMSE = 0.7354433827444635
Epoch 54: Train Loss = -12.522066809914328, Validation RMSE = 0.7354433827444635
Epoch 55: Train Loss = -12.383543361317027, Validation RMSE = 0.6959486796958734
Epoch 55: Train Loss = -12.383543361317027, Validation RMSE = 0.6959486796958734
Epoch 56: Train Loss = -12.60594350641424, Validation RMSE = 0.7139704044311982
Epoch 56: Train Loss = -12.60594350641424, Validation RMSE = 0.7139704044311982
Epoch 57: Train Loss = -12.622691067782315, Validation RMSE = 0.7145227839870228
Epoch 57: Train Loss = -12.622691067782315, Validation RMSE = 0.7145227839870228
Epoch 58: Train Loss = -12.58528995513916, Validation RMSE = 0.7058773772828828
Epoch 58: Train Loss = -12.58528995513916, Validation RMSE = 0.7058773772828828
Epoch 59: Train Loss = -12.691971605474299, Validation RMSE = 0.6986679361623028
Epoch 59: Train Loss = -12.691971605474299, Validation RMSE = 0.6986679361623028
Epoch 60: Train Loss = -12.736967780373313, Validation RMSE = 0.720102822844249
Epoch 60: Train Loss = -12.736967780373313, Validation RMSE = 0.720102822844249
Epoch 61: Train Loss = -12.654925866560502, Validation RMSE = 0.7148815360947881
Epoch 61: Train Loss = -12.654925866560502, Validation RMSE = 0.7148815360947881
Epoch 62: Train Loss = -12.695214531638406, Validation RMSE = 0.7228136414519442
Epoch 62: Train Loss = -12.695214531638406, Validation RMSE = 0.7228136414519442
Epoch 63: Train Loss = -12.644170240922408, Validation RMSE = 0.6963685074336613
Epoch 63: Train Loss = -12.644170240922408, Validation RMSE = 0.6963685074336613
Epoch 64: Train Loss = -12.87279007651589, Validation RMSE = 0.7101600421317621
Epoch 64: Train Loss = -12.87279007651589, Validation RMSE = 0.7101600421317621
Epoch 65: Train Loss = -12.768558502197266, Validation RMSE = 0.7536238624346833
Epoch 65: Train Loss = -12.768558502197266, Validation RMSE = 0.7536238624346833
Epoch 66: Train Loss = -12.634690978310324, Validation RMSE = 0.7085719525629443
Epoch 66: Train Loss = -12.634690978310324, Validation RMSE = 0.7085719525629443
Epoch 67: Train Loss = -12.701895453713156, Validation RMSE = 0.6924738165801635
Epoch 67: Train Loss = -12.701895453713156, Validation RMSE = 0.6924738165801635
Epoch 68: Train Loss = -12.793812665072354, Validation RMSE = 0.7028503326281396
Epoch 68: Train Loss = -12.793812665072354, Validation RMSE = 0.7028503326281396
Epoch 69: Train Loss = -12.757956764914773, Validation RMSE = 0.6972825822441743
Epoch 69: Train Loss = -12.757956764914773, Validation RMSE = 0.6972825822441743
Epoch 70: Train Loss = -12.80765368721702, Validation RMSE = 0.6983925561114537
Epoch 70: Train Loss = -12.80765368721702, Validation RMSE = 0.6983925561114537
Epoch 71: Train Loss = -12.834013505415482, Validation RMSE = 0.7041513937140147
Epoch 71: Train Loss = -12.834013505415482, Validation RMSE = 0.7041513937140147
Epoch 72: Train Loss = -12.691760930148037, Validation RMSE = 0.6722406964608783
Epoch 72: Train Loss = -12.691760930148037, Validation RMSE = 0.6722406964608783
Epoch 73: Train Loss = -12.872948559847744, Validation RMSE = 0.6905398453347523
Epoch 73: Train Loss = -12.872948559847744, Validation RMSE = 0.6905398453347523
Epoch 74: Train Loss = -12.835430838844992, Validation RMSE = 0.7273195053462962
Epoch 74: Train Loss = -12.835430838844992, Validation RMSE = 0.7273195053462962
Epoch 75: Train Loss = -12.863645293495871, Validation RMSE = 0.7393581092676282
Epoch 75: Train Loss = -12.863645293495871, Validation RMSE = 0.7393581092676282
Epoch 76: Train Loss = -12.861705953424627, Validation RMSE = 0.6841237830868585
Epoch 76: Train Loss = -12.861705953424627, Validation RMSE = 0.6841237830868585
Epoch 77: Train Loss = -13.006933905861594, Validation RMSE = 0.6736468701231383
Epoch 77: Train Loss = -13.006933905861594, Validation RMSE = 0.6736468701231383
Epoch 78: Train Loss = -12.923774979331277, Validation RMSE = 0.6803624846571523
Epoch 78: Train Loss = -12.923774979331277, Validation RMSE = 0.6803624846571523
Epoch 79: Train Loss = -12.90326248515736, Validation RMSE = 0.6695684439293714
Epoch 79: Train Loss = -12.90326248515736, Validation RMSE = 0.6695684439293714
Epoch 80: Train Loss = -12.891181945800781, Validation RMSE = 0.6721876923295427
Epoch 80: Train Loss = -12.891181945800781, Validation RMSE = 0.6721876923295427
Epoch 81: Train Loss = -13.071925596757369, Validation RMSE = 0.6957213558567141
Epoch 81: Train Loss = -13.071925596757369, Validation RMSE = 0.6957213558567141
Epoch 82: Train Loss = -12.94562851298939, Validation RMSE = 0.6553924539262953
Epoch 82: Train Loss = -12.94562851298939, Validation RMSE = 0.6553924539262953
Epoch 83: Train Loss = -12.900581186467951, Validation RMSE = 0.7097733509800168
Epoch 83: Train Loss = -12.900581186467951, Validation RMSE = 0.7097733509800168
Epoch 84: Train Loss = -12.909389582547275, Validation RMSE = 0.6803255357733932
Epoch 84: Train Loss = -12.909389582547275, Validation RMSE = 0.6803255357733932
Epoch 85: Train Loss = -12.971708297729492, Validation RMSE = 0.6849205577887725
Epoch 85: Train Loss = -12.971708297729492, Validation RMSE = 0.6849205577887725
Epoch 86: Train Loss = -13.117225993763316, Validation RMSE = 0.7280536937278123
Epoch 86: Train Loss = -13.117225993763316, Validation RMSE = 0.7280536937278123
Epoch 87: Train Loss = -12.970475196838379, Validation RMSE = 0.6710738099345237
Epoch 87: Train Loss = -12.970475196838379, Validation RMSE = 0.6710738099345237
Epoch 88: Train Loss = -13.014623035084117, Validation RMSE = 0.6895036147803385
Epoch 88: Train Loss = -13.014623035084117, Validation RMSE = 0.6895036147803385
Epoch 89: Train Loss = -13.026901852000844, Validation RMSE = 0.6773879557586612
Epoch 89: Train Loss = -13.026901852000844, Validation RMSE = 0.6773879557586612
Epoch 90: Train Loss = -13.013271245089443, Validation RMSE = 0.6765228301553722
Epoch 90: Train Loss = -13.013271245089443, Validation RMSE = 0.6765228301553722
Epoch 91: Train Loss = -12.965057893232865, Validation RMSE = 0.6711456026939746
Epoch 91: Train Loss = -12.965057893232865, Validation RMSE = 0.6711456026939746
Epoch 92: Train Loss = -13.08006798137318, Validation RMSE = 0.6897509531921918
Epoch 92: Train Loss = -13.08006798137318, Validation RMSE = 0.6897509531921918
Epoch 93: Train Loss = -13.110699220137162, Validation RMSE = 0.6688980576014708
Epoch 93: Train Loss = -13.110699220137162, Validation RMSE = 0.6688980576014708
Epoch 94: Train Loss = -13.1263164173473, Validation RMSE = 0.6898324869901422
Epoch 94: Train Loss = -13.1263164173473, Validation RMSE = 0.6898324869901422
Epoch 95: Train Loss = -13.02950044111772, Validation RMSE = 0.6524843141988003
Epoch 95: Train Loss = -13.02950044111772, Validation RMSE = 0.6524843141988003
Epoch 96: Train Loss = -13.027435909618031, Validation RMSE = 0.7061720472594322
Epoch 96: Train Loss = -13.027435909618031, Validation RMSE = 0.7061720472594322
Epoch 97: Train Loss = -13.105255473743785, Validation RMSE = 0.652060522334405
Epoch 97: Train Loss = -13.105255473743785, Validation RMSE = 0.652060522334405
Epoch 98: Train Loss = -13.055711832913486, Validation RMSE = 0.6748481577377089
Epoch 98: Train Loss = -13.055711832913486, Validation RMSE = 0.6748481577377089
Epoch 99: Train Loss = -13.149404959245162, Validation RMSE = 0.680455524821806
Epoch 99: Train Loss = -13.149404959245162, Validation RMSE = 0.680455524821806
Epoch 100: Train Loss = -13.086808464743875, Validation RMSE = 0.6777817330664379
Epoch 100: Train Loss = -13.086808464743875, Validation RMSE = 0.6777817330664379
Epoch 101: Train Loss = -13.066296750848943, Validation RMSE = 0.683308789873305
Epoch 101: Train Loss = -13.066296750848943, Validation RMSE = 0.683308789873305
Epoch 102: Train Loss = -13.041277712041682, Validation RMSE = 0.7054325944314059
Epoch 102: Train Loss = -13.041277712041682, Validation RMSE = 0.7054325944314059
Epoch 103: Train Loss = -13.162731083956631, Validation RMSE = 0.7025597398815207
Epoch 103: Train Loss = -13.162731083956631, Validation RMSE = 0.7025597398815207
Epoch 104: Train Loss = -13.103046330538662, Validation RMSE = 0.6824358251972922
Epoch 104: Train Loss = -13.103046330538662, Validation RMSE = 0.6824358251972922
Epoch 105: Train Loss = -13.151347680525346, Validation RMSE = 0.6777998714252079
Epoch 105: Train Loss = -13.151347680525346, Validation RMSE = 0.6777998714252079
Epoch 106: Train Loss = -13.24573447487571, Validation RMSE = 0.678738680782842
Epoch 106: Train Loss = -13.24573447487571, Validation RMSE = 0.678738680782842
Epoch 107: Train Loss = -13.09459772976962, Validation RMSE = 0.6867419744200245
Epoch 107: Train Loss = -13.09459772976962, Validation RMSE = 0.6867419744200245
Epoch 108: Train Loss = -13.132408315485174, Validation RMSE = 0.6892892900206413
Epoch 108: Train Loss = -13.132408315485174, Validation RMSE = 0.6892892900206413
Epoch 109: Train Loss = -13.220629171891646, Validation RMSE = 0.6959747842958363
Epoch 109: Train Loss = -13.220629171891646, Validation RMSE = 0.6959747842958363
Epoch 110: Train Loss = -13.215494155883789, Validation RMSE = 0.6571719464364472
Epoch 110: Train Loss = -13.215494155883789, Validation RMSE = 0.6571719464364472
Epoch 111: Train Loss = -13.234265067360617, Validation RMSE = 0.6814627074793446
Epoch 111: Train Loss = -13.234265067360617, Validation RMSE = 0.6814627074793446
Epoch 112: Train Loss = -13.229827013882725, Validation RMSE = 0.6873483227288011
Epoch 112: Train Loss = -13.229827013882725, Validation RMSE = 0.6873483227288011
Epoch 113: Train Loss = -13.252382278442383, Validation RMSE = 0.700742783370753
Epoch 113: Train Loss = -13.252382278442383, Validation RMSE = 0.700742783370753
Epoch 114: Train Loss = -13.276701840487393, Validation RMSE = 0.6792889142287972
Epoch 114: Train Loss = -13.276701840487393, Validation RMSE = 0.6792889142287972
Epoch 115: Train Loss = -13.21680935946378, Validation RMSE = 0.6937153911174744
Epoch 115: Train Loss = -13.21680935946378, Validation RMSE = 0.6937153911174744
Epoch 116: Train Loss = -13.203284350308506, Validation RMSE = 0.6894658779049289
Epoch 116: Train Loss = -13.203284350308506, Validation RMSE = 0.6894658779049289
Epoch 117: Train Loss = -13.066343827681107, Validation RMSE = 0.6742510410085126
Epoch 117: Train Loss = -13.066343827681107, Validation RMSE = 0.6742510410085126
Epoch 118: Train Loss = -13.229302493008701, Validation RMSE = 0.6924611760980951
Epoch 118: Train Loss = -13.229302493008701, Validation RMSE = 0.6924611760980951
Epoch 119: Train Loss = -13.293843269348145, Validation RMSE = 0.669752958335369
Epoch 119: Train Loss = -13.293843269348145, Validation RMSE = 0.669752958335369
Epoch 120: Train Loss = -13.182056513699619, Validation RMSE = 0.703435404184618
Epoch 120: Train Loss = -13.182056513699619, Validation RMSE = 0.703435404184618
Epoch 121: Train Loss = -13.20247780192982, Validation RMSE = 0.7221156719173264
Epoch 121: Train Loss = -13.20247780192982, Validation RMSE = 0.7221156719173264
Epoch 122: Train Loss = -13.232299544594504, Validation RMSE = 0.6843555505298948
Epoch 122: Train Loss = -13.232299544594504, Validation RMSE = 0.6843555505298948
Epoch 123: Train Loss = -13.330079338767312, Validation RMSE = 0.6539893398727363
Epoch 123: Train Loss = -13.330079338767312, Validation RMSE = 0.6539893398727363
Epoch 124: Train Loss = -13.391709847883744, Validation RMSE = 0.7098341381602093
Epoch 124: Train Loss = -13.391709847883744, Validation RMSE = 0.7098341381602093
Epoch 125: Train Loss = -13.234173341230912, Validation RMSE = 0.6696655439435942
Epoch 125: Train Loss = -13.234173341230912, Validation RMSE = 0.6696655439435942
Epoch 126: Train Loss = -13.3316762230613, Validation RMSE = 0.6864801657994339
Epoch 126: Train Loss = -13.3316762230613, Validation RMSE = 0.6864801657994339
Epoch 127: Train Loss = -13.263760219920766, Validation RMSE = 0.6713896089692013
Epoch 127: Train Loss = -13.263760219920766, Validation RMSE = 0.6713896089692013
Epoch 128: Train Loss = -13.403481396761807, Validation RMSE = 0.6765219950832412
Epoch 128: Train Loss = -13.403481396761807, Validation RMSE = 0.6765219950832412
Epoch 129: Train Loss = -13.40557523207231, Validation RMSE = 0.6748754303881415
Epoch 129: Train Loss = -13.40557523207231, Validation RMSE = 0.6748754303881415
Epoch 130: Train Loss = -13.205062172629617, Validation RMSE = 0.6948288732433019
Epoch 130: Train Loss = -13.205062172629617, Validation RMSE = 0.6948288732433019
Epoch 131: Train Loss = -13.32668486508456, Validation RMSE = 0.6618084543235457
Epoch 131: Train Loss = -13.32668486508456, Validation RMSE = 0.6618084543235457
Epoch 132: Train Loss = -13.338228399103338, Validation RMSE = 0.672774744870307
Epoch 132: Train Loss = -13.338228399103338, Validation RMSE = 0.672774744870307
Epoch 133: Train Loss = -13.474621252580123, Validation RMSE = 0.6811031370195385
Epoch 133: Train Loss = -13.474621252580123, Validation RMSE = 0.6811031370195385
Epoch 134: Train Loss = -13.409837809475986, Validation RMSE = 0.6936978525155819
Epoch 134: Train Loss = -13.409837809475986, Validation RMSE = 0.6936978525155819
Epoch 135: Train Loss = -13.469162074002353, Validation RMSE = 0.6725288813093642
Epoch 135: Train Loss = -13.469162074002353, Validation RMSE = 0.6725288813093642
Epoch 136: Train Loss = -13.380943991921164, Validation RMSE = 0.6712192204851865
Epoch 136: Train Loss = -13.380943991921164, Validation RMSE = 0.6712192204851865
Epoch 137: Train Loss = -13.311207337812943, Validation RMSE = 0.674820352552769
Epoch 137: Train Loss = -13.311207337812943, Validation RMSE = 0.674820352552769
Epoch 138: Train Loss = -13.394633986733176, Validation RMSE = 0.668356914739022
Epoch 138: Train Loss = -13.394633986733176, Validation RMSE = 0.668356914739022
Epoch 139: Train Loss = -13.377281882546164, Validation RMSE = 0.6621682977380441
Epoch 139: Train Loss = -13.377281882546164, Validation RMSE = 0.6621682977380441
Epoch 140: Train Loss = -13.367146231911399, Validation RMSE = 0.6753198121171756
Epoch 140: Train Loss = -13.367146231911399, Validation RMSE = 0.6753198121171756
Epoch 141: Train Loss = -13.364373207092285, Validation RMSE = 0.6881331509210691
Epoch 141: Train Loss = -13.364373207092285, Validation RMSE = 0.6881331509210691
Epoch 142: Train Loss = -13.438919067382812, Validation RMSE = 0.6503805684799462
Epoch 142: Train Loss = -13.438919067382812, Validation RMSE = 0.6503805684799462
Epoch 143: Train Loss = -13.367670319297098, Validation RMSE = 0.6898689254851258
Epoch 143: Train Loss = -13.367670319297098, Validation RMSE = 0.6898689254851258
Epoch 144: Train Loss = -13.44812349839644, Validation RMSE = 0.6696331977704348
Epoch 144: Train Loss = -13.44812349839644, Validation RMSE = 0.6696331977704348
Epoch 145: Train Loss = -13.352093349803578, Validation RMSE = 0.6568993248427895
Epoch 145: Train Loss = -13.352093349803578, Validation RMSE = 0.6568993248427895
Epoch 146: Train Loss = -13.449936346574264, Validation RMSE = 0.6661652949016853
Epoch 146: Train Loss = -13.449936346574264, Validation RMSE = 0.6661652949016853
Epoch 147: Train Loss = -13.426365505565297, Validation RMSE = 0.6643544183550109
Epoch 147: Train Loss = -13.426365505565297, Validation RMSE = 0.6643544183550109
Epoch 148: Train Loss = -13.477205016396262, Validation RMSE = 0.6853509120541553
Epoch 148: Train Loss = -13.477205016396262, Validation RMSE = 0.6853509120541553
Epoch 149: Train Loss = -13.412236126986416, Validation RMSE = 0.647900041295822
Epoch 149: Train Loss = -13.412236126986416, Validation RMSE = 0.647900041295822
Epoch 150: Train Loss = -13.448470289056951, Validation RMSE = 0.6767323366011773
Epoch 150: Train Loss = -13.448470289056951, Validation RMSE = 0.6767323366011773
Epoch 151: Train Loss = -13.4119761206887, Validation RMSE = 0.6825109785677129
Epoch 151: Train Loss = -13.4119761206887, Validation RMSE = 0.6825109785677129
Epoch 152: Train Loss = -13.440432115034623, Validation RMSE = 0.6594168620683902
Epoch 152: Train Loss = -13.440432115034623, Validation RMSE = 0.6594168620683902
Epoch 153: Train Loss = -13.498617779124867, Validation RMSE = 0.6664433495564138
Epoch 153: Train Loss = -13.498617779124867, Validation RMSE = 0.6664433495564138
Epoch 154: Train Loss = -13.509847034107555, Validation RMSE = 0.658873112687904
Epoch 154: Train Loss = -13.509847034107555, Validation RMSE = 0.658873112687904
Epoch 155: Train Loss = -13.46886157989502, Validation RMSE = 0.6491309297837583
Epoch 155: Train Loss = -13.46886157989502, Validation RMSE = 0.6491309297837583
Epoch 156: Train Loss = -13.546934301202947, Validation RMSE = 0.6743849215017962
Epoch 156: Train Loss = -13.546934301202947, Validation RMSE = 0.6743849215017962
Epoch 157: Train Loss = -13.488217267123135, Validation RMSE = 0.6702385654610523
Epoch 157: Train Loss = -13.488217267123135, Validation RMSE = 0.6702385654610523
Epoch 158: Train Loss = -13.404868125915527, Validation RMSE = 0.6696752649967675
Epoch 158: Train Loss = -13.404868125915527, Validation RMSE = 0.6696752649967675
Epoch 159: Train Loss = -13.47018744728782, Validation RMSE = 0.6481879876320191
Epoch 159: Train Loss = -13.47018744728782, Validation RMSE = 0.6481879876320191
Epoch 160: Train Loss = -13.528898325833408, Validation RMSE = 0.6759829190351669
Epoch 160: Train Loss = -13.528898325833408, Validation RMSE = 0.6759829190351669
Epoch 161: Train Loss = -13.511659795587713, Validation RMSE = 0.6550581908474032
Epoch 161: Train Loss = -13.511659795587713, Validation RMSE = 0.6550581908474032
Epoch 162: Train Loss = -13.569500663063742, Validation RMSE = 0.6863580808145601
Epoch 162: Train Loss = -13.569500663063742, Validation RMSE = 0.6863580808145601
Epoch 163: Train Loss = -13.538161277770996, Validation RMSE = 0.6660695057706685
Epoch 163: Train Loss = -13.538161277770996, Validation RMSE = 0.6660695057706685
Epoch 164: Train Loss = -13.40983044017445, Validation RMSE = 0.6675811736354736
Epoch 164: Train Loss = -13.40983044017445, Validation RMSE = 0.6675811736354736
Epoch 165: Train Loss = -13.508492296392268, Validation RMSE = 0.6698201277775632
Epoch 165: Train Loss = -13.508492296392268, Validation RMSE = 0.6698201277775632
Epoch 166: Train Loss = -13.494484294544566, Validation RMSE = 0.672469430697879
Epoch 166: Train Loss = -13.494484294544566, Validation RMSE = 0.672469430697879
Epoch 167: Train Loss = -13.549918521534313, Validation RMSE = 0.6649457048074053
Epoch 167: Train Loss = -13.549918521534313, Validation RMSE = 0.6649457048074053
Epoch 168: Train Loss = -13.634636098688299, Validation RMSE = 0.6547597763615222
Epoch 168: Train Loss = -13.634636098688299, Validation RMSE = 0.6547597763615222
Epoch 169: Train Loss = -13.536765011874111, Validation RMSE = 0.660101047488903
Epoch 169: Train Loss = -13.536765011874111, Validation RMSE = 0.660101047488903
Epoch 170: Train Loss = -13.561972791498357, Validation RMSE = 0.6670706741126189
Epoch 170: Train Loss = -13.561972791498357, Validation RMSE = 0.6670706741126189
Epoch 171: Train Loss = -13.540673169222744, Validation RMSE = 0.6533014528457948
Epoch 171: Train Loss = -13.540673169222744, Validation RMSE = 0.6533014528457948
Epoch 172: Train Loss = -13.560201731595127, Validation RMSE = 0.667051609103431
Epoch 172: Train Loss = -13.560201731595127, Validation RMSE = 0.667051609103431
Epoch 173: Train Loss = -13.652180324901234, Validation RMSE = 0.6682491270569673
Epoch 173: Train Loss = -13.652180324901234, Validation RMSE = 0.6682491270569673
Epoch 174: Train Loss = -13.465829589150168, Validation RMSE = 0.6558714196120128
Epoch 174: Train Loss = -13.465829589150168, Validation RMSE = 0.6558714196120128
Epoch 175: Train Loss = -13.5579120462591, Validation RMSE = 0.6644173352863436
Epoch 175: Train Loss = -13.5579120462591, Validation RMSE = 0.6644173352863436
Epoch 176: Train Loss = -13.560005361383611, Validation RMSE = 0.6534033926872573
Epoch 176: Train Loss = -13.560005361383611, Validation RMSE = 0.6534033926872573
Epoch 177: Train Loss = -13.687762954018332, Validation RMSE = 0.6676342845190268
Epoch 177: Train Loss = -13.687762954018332, Validation RMSE = 0.6676342845190268
Epoch 178: Train Loss = -13.503969799388539, Validation RMSE = 0.6694596990005964
Epoch 178: Train Loss = -13.503969799388539, Validation RMSE = 0.6694596990005964
Epoch 179: Train Loss = -13.613069274208762, Validation RMSE = 0.6552573956009602
Epoch 179: Train Loss = -13.613069274208762, Validation RMSE = 0.6552573956009602
Epoch 180: Train Loss = -13.663123217496006, Validation RMSE = 0.6518382759442006
Epoch 180: Train Loss = -13.663123217496006, Validation RMSE = 0.6518382759442006
Epoch 181: Train Loss = -13.614653500643643, Validation RMSE = 0.6640379786461293
Epoch 181: Train Loss = -13.614653500643643, Validation RMSE = 0.6640379786461293
Epoch 182: Train Loss = -13.46369084444913, Validation RMSE = 0.6524055953603208
Epoch 182: Train Loss = -13.46369084444913, Validation RMSE = 0.6524055953603208
Epoch 183: Train Loss = -13.639262806285512, Validation RMSE = 0.6842888087893185
Epoch 183: Train Loss = -13.639262806285512, Validation RMSE = 0.6842888087893185
Epoch 184: Train Loss = -13.49991564317183, Validation RMSE = 0.6696292528677522
Epoch 184: Train Loss = -13.49991564317183, Validation RMSE = 0.6696292528677522
Epoch 185: Train Loss = -13.560932159423828, Validation RMSE = 0.6590878859218919
Epoch 185: Train Loss = -13.560932159423828, Validation RMSE = 0.6590878859218919
Epoch 186: Train Loss = -13.60488224029541, Validation RMSE = 0.6663146631346553
Epoch 186: Train Loss = -13.60488224029541, Validation RMSE = 0.6663146631346553
Epoch 187: Train Loss = -13.558155233209783, Validation RMSE = 0.6617097405847139
Epoch 187: Train Loss = -13.558155233209783, Validation RMSE = 0.6617097405847139
Epoch 188: Train Loss = -13.630367105657404, Validation RMSE = 0.6556437524280295
Epoch 188: Train Loss = -13.630367105657404, Validation RMSE = 0.6556437524280295
Epoch 189: Train Loss = -13.64842683618719, Validation RMSE = 0.6496518801530344
Epoch 189: Train Loss = -13.64842683618719, Validation RMSE = 0.6496518801530344
Epoch 190: Train Loss = -13.614619341763584, Validation RMSE = 0.6843796544542803
Epoch 190: Train Loss = -13.614619341763584, Validation RMSE = 0.6843796544542803
Epoch 191: Train Loss = -13.596214988014914, Validation RMSE = 0.6469517889506238
Epoch 191: Train Loss = -13.596214988014914, Validation RMSE = 0.6469517889506238
Epoch 192: Train Loss = -13.592473376880992, Validation RMSE = 0.6514654554367845
Epoch 192: Train Loss = -13.592473376880992, Validation RMSE = 0.6514654554367845
Epoch 193: Train Loss = -13.596909002824264, Validation RMSE = 0.6549105588323058
Epoch 193: Train Loss = -13.596909002824264, Validation RMSE = 0.6549105588323058
Epoch 194: Train Loss = -13.585330096158115, Validation RMSE = 0.6453872474034756
Epoch 194: Train Loss = -13.585330096158115, Validation RMSE = 0.6453872474034756
Epoch 195: Train Loss = -13.688990939747203, Validation RMSE = 0.6671920793214354
Epoch 195: Train Loss = -13.688990939747203, Validation RMSE = 0.6671920793214354
Epoch 196: Train Loss = -13.68389857899059, Validation RMSE = 0.6522717892444052
Epoch 196: Train Loss = -13.68389857899059, Validation RMSE = 0.6522717892444052
Epoch 197: Train Loss = -13.622746727683328, Validation RMSE = 0.6606215050041173
Epoch 197: Train Loss = -13.622746727683328, Validation RMSE = 0.6606215050041173
Epoch 198: Train Loss = -13.48222810571844, Validation RMSE = 0.6401743948753799
Epoch 198: Train Loss = -13.48222810571844, Validation RMSE = 0.6401743948753799
Epoch 199: Train Loss = -13.603548136624424, Validation RMSE = 0.6595295877381064
Epoch 199: Train Loss = -13.603548136624424, Validation RMSE = 0.6595295877381064
