{'activation': 'ReLU',
 'batch_size': 50,
 'cuda': True,
 'data_path': 'dataset/delaney.csv',
 'depth': 3,
 'epochs': 200,
 'ffn_hidden_size': 300,
 'ffn_num_layers': 2,
 'final_lr': 0.0001,
 'hidden_size': 300,
 'init_lr': 0.0001,
 'kl_weight': 5.0,
 'max_lr': 0.001,
 'pretrain_encoder_path': 'results\\cl\\pretrain\\pretrain_encoder.pt',
 'regularization_scale': 0.0001,
 'sampling_size': 20,
 'save_dir': 'results\\cl\\rec+5.0_kl\\delaney_checkpoints\\seed_789',
 'save_smiles_splits': False,
 'seed': 789,
 'split_sizes': [0.5, 0.2, 0.3],
 'split_type': 'random',
 'task_names': 'delaney',
 'train_strategy': 'cl',
 'warmup_epochs': 2.0}
{'activation': 'ReLU',
 'batch_size': 50,
 'cuda': True,
 'data_path': 'dataset/delaney.csv',
 'depth': 3,
 'epochs': 200,
 'ffn_hidden_size': 300,
 'ffn_num_layers': 2,
 'final_lr': 0.0001,
 'hidden_size': 300,
 'init_lr': 0.0001,
 'kl_weight': 5.0,
 'max_lr': 0.001,
 'pretrain_encoder_path': 'results\\cl\\pretrain\\pretrain_encoder.pt',
 'regularization_scale': 0.0001,
 'sampling_size': 20,
 'save_dir': 'results\\cl\\rec+5.0_kl\\delaney_checkpoints\\seed_789',
 'save_smiles_splits': False,
 'seed': 789,
 'split_sizes': [0.5, 0.2, 0.3],
 'split_type': 'random',
 'task_names': 'delaney',
 'train_strategy': 'cl',
 'warmup_epochs': 2.0}
Loading data...
Loading data...
Splitting data with seed 789
Splitting data with seed 789
Finish Loading and Splitting... Total size = 1,128 | train size = 564 | val size = 225 | test size = 339
Finish Loading and Splitting... Total size = 1,128 | train size = 564 | val size = 225 | test size = 339
Fitting scaler
Fitting scaler
Building model...
Building model...
Number of parameters = 355,206
Number of parameters = 355,206
Loading pretrain MPNN Model...
Loading pretrain MPNN Model...
Moving model to cuda
Moving model to cuda
Epoch 0: Train Loss = -9.487511374733664, Validation RMSE = 1.9109465770853908
Epoch 0: Train Loss = -9.487511374733664, Validation RMSE = 1.9109465770853908
Epoch 1: Train Loss = -9.665575634349477, Validation RMSE = 1.6495474943154476
Epoch 1: Train Loss = -9.665575634349477, Validation RMSE = 1.6495474943154476
Epoch 2: Train Loss = -9.881444150751287, Validation RMSE = 1.5520617111059798
Epoch 2: Train Loss = -9.881444150751287, Validation RMSE = 1.5520617111059798
Epoch 3: Train Loss = -10.063217943364924, Validation RMSE = 1.4276365784596425
Epoch 3: Train Loss = -10.063217943364924, Validation RMSE = 1.4276365784596425
Epoch 4: Train Loss = -10.280502666126598, Validation RMSE = 1.4026308126294165
Epoch 4: Train Loss = -10.280502666126598, Validation RMSE = 1.4026308126294165
Epoch 5: Train Loss = -10.388003002513539, Validation RMSE = 1.1971657237113227
Epoch 5: Train Loss = -10.388003002513539, Validation RMSE = 1.1971657237113227
Epoch 6: Train Loss = -10.522843274203213, Validation RMSE = 1.362164983374741
Epoch 6: Train Loss = -10.522843274203213, Validation RMSE = 1.362164983374741
Epoch 7: Train Loss = -10.756216742775656, Validation RMSE = 1.061530429637191
Epoch 7: Train Loss = -10.756216742775656, Validation RMSE = 1.061530429637191
Epoch 8: Train Loss = -10.921989440917969, Validation RMSE = 1.0626176792951756
Epoch 8: Train Loss = -10.921989440917969, Validation RMSE = 1.0626176792951756
Epoch 9: Train Loss = -10.85901927947998, Validation RMSE = 0.9134466188096879
Epoch 9: Train Loss = -10.85901927947998, Validation RMSE = 0.9134466188096879
Epoch 10: Train Loss = -11.100919290022416, Validation RMSE = 1.1510304924704646
Epoch 10: Train Loss = -11.100919290022416, Validation RMSE = 1.1510304924704646
Epoch 11: Train Loss = -11.177766799926758, Validation RMSE = 0.985715673439263
Epoch 11: Train Loss = -11.177766799926758, Validation RMSE = 0.985715673439263
Epoch 12: Train Loss = -11.192909760908647, Validation RMSE = 0.9528321413352661
Epoch 12: Train Loss = -11.192909760908647, Validation RMSE = 0.9528321413352661
Epoch 13: Train Loss = -11.15735218741677, Validation RMSE = 0.8759290360402856
Epoch 13: Train Loss = -11.15735218741677, Validation RMSE = 0.8759290360402856
Epoch 14: Train Loss = -11.413278146223588, Validation RMSE = 0.7914350756568196
Epoch 14: Train Loss = -11.413278146223588, Validation RMSE = 0.7914350756568196
Epoch 15: Train Loss = -11.486994830044834, Validation RMSE = 0.8259572893602951
Epoch 15: Train Loss = -11.486994830044834, Validation RMSE = 0.8259572893602951
Epoch 16: Train Loss = -11.513761780478738, Validation RMSE = 0.8566917347239396
Epoch 16: Train Loss = -11.513761780478738, Validation RMSE = 0.8566917347239396
Epoch 17: Train Loss = -11.533992507240988, Validation RMSE = 0.7761040070815681
Epoch 17: Train Loss = -11.533992507240988, Validation RMSE = 0.7761040070815681
Epoch 18: Train Loss = -11.619253592057662, Validation RMSE = 0.7552990152384894
Epoch 18: Train Loss = -11.619253592057662, Validation RMSE = 0.7552990152384894
Epoch 19: Train Loss = -11.745133399963379, Validation RMSE = 0.7457924645228592
Epoch 19: Train Loss = -11.745133399963379, Validation RMSE = 0.7457924645228592
Epoch 20: Train Loss = -11.7228290384466, Validation RMSE = 0.811876853149301
Epoch 20: Train Loss = -11.7228290384466, Validation RMSE = 0.811876853149301
Epoch 21: Train Loss = -11.719149156050248, Validation RMSE = 0.8261898857357959
Epoch 21: Train Loss = -11.719149156050248, Validation RMSE = 0.8261898857357959
Epoch 22: Train Loss = -11.931804396889426, Validation RMSE = 0.8295498669623342
Epoch 22: Train Loss = -11.931804396889426, Validation RMSE = 0.8295498669623342
Epoch 23: Train Loss = -11.799480611627752, Validation RMSE = 0.7971971076929711
Epoch 23: Train Loss = -11.799480611627752, Validation RMSE = 0.7971971076929711
Epoch 24: Train Loss = -11.888714096762918, Validation RMSE = 0.7227001073763414
Epoch 24: Train Loss = -11.888714096762918, Validation RMSE = 0.7227001073763414
Epoch 25: Train Loss = -11.918046431107955, Validation RMSE = 0.8214834608524867
Epoch 25: Train Loss = -11.918046431107955, Validation RMSE = 0.8214834608524867
Epoch 26: Train Loss = -11.929553465409713, Validation RMSE = 0.761318838862428
Epoch 26: Train Loss = -11.929553465409713, Validation RMSE = 0.761318838862428
Epoch 27: Train Loss = -12.065563201904297, Validation RMSE = 0.7625787188104558
Epoch 27: Train Loss = -12.065563201904297, Validation RMSE = 0.7625787188104558
Epoch 28: Train Loss = -11.978147680109197, Validation RMSE = 0.8566983126427011
Epoch 28: Train Loss = -11.978147680109197, Validation RMSE = 0.8566983126427011
Epoch 29: Train Loss = -12.006937287070535, Validation RMSE = 0.76153136917902
Epoch 29: Train Loss = -12.006937287070535, Validation RMSE = 0.76153136917902
Epoch 30: Train Loss = -11.900896072387695, Validation RMSE = 0.7658405191037381
Epoch 30: Train Loss = -11.900896072387695, Validation RMSE = 0.7658405191037381
Epoch 31: Train Loss = -12.0325308713046, Validation RMSE = 0.786187808139284
Epoch 31: Train Loss = -12.0325308713046, Validation RMSE = 0.786187808139284
Epoch 32: Train Loss = -12.068635160272772, Validation RMSE = 0.7798986738959248
Epoch 32: Train Loss = -12.068635160272772, Validation RMSE = 0.7798986738959248
Epoch 33: Train Loss = -12.15671409260143, Validation RMSE = 0.723407993661361
Epoch 33: Train Loss = -12.15671409260143, Validation RMSE = 0.723407993661361
Epoch 34: Train Loss = -12.23840314691717, Validation RMSE = 0.7297299317988044
Epoch 34: Train Loss = -12.23840314691717, Validation RMSE = 0.7297299317988044
Epoch 35: Train Loss = -12.160893700339578, Validation RMSE = 0.835610198188373
Epoch 35: Train Loss = -12.160893700339578, Validation RMSE = 0.835610198188373
Epoch 36: Train Loss = -12.071169246326793, Validation RMSE = 0.8204306795919918
Epoch 36: Train Loss = -12.071169246326793, Validation RMSE = 0.8204306795919918
Epoch 37: Train Loss = -12.13089726187966, Validation RMSE = 0.7737869059804354
Epoch 37: Train Loss = -12.13089726187966, Validation RMSE = 0.7737869059804354
Epoch 38: Train Loss = -12.06114422191273, Validation RMSE = 0.7959453941560816
Epoch 38: Train Loss = -12.06114422191273, Validation RMSE = 0.7959453941560816
Epoch 39: Train Loss = -12.254915064031428, Validation RMSE = 0.7100245962678943
Epoch 39: Train Loss = -12.254915064031428, Validation RMSE = 0.7100245962678943
Epoch 40: Train Loss = -12.297704696655273, Validation RMSE = 0.7964096903614507
Epoch 40: Train Loss = -12.297704696655273, Validation RMSE = 0.7964096903614507
Epoch 41: Train Loss = -12.358268911188299, Validation RMSE = 0.72492628128312
Epoch 41: Train Loss = -12.358268911188299, Validation RMSE = 0.72492628128312
Epoch 42: Train Loss = -12.44813312183727, Validation RMSE = 0.7086043133246385
Epoch 42: Train Loss = -12.44813312183727, Validation RMSE = 0.7086043133246385
Epoch 43: Train Loss = -12.39475831118497, Validation RMSE = 0.7663440525258733
Epoch 43: Train Loss = -12.39475831118497, Validation RMSE = 0.7663440525258733
Epoch 44: Train Loss = -12.431657964533025, Validation RMSE = 0.7105071411446264
Epoch 44: Train Loss = -12.431657964533025, Validation RMSE = 0.7105071411446264
Epoch 45: Train Loss = -12.53539987043901, Validation RMSE = 0.7787160984258418
Epoch 45: Train Loss = -12.53539987043901, Validation RMSE = 0.7787160984258418
Epoch 46: Train Loss = -12.184816793961959, Validation RMSE = 0.7227803029743137
Epoch 46: Train Loss = -12.184816793961959, Validation RMSE = 0.7227803029743137
Epoch 47: Train Loss = -12.39002444527366, Validation RMSE = 0.7088515889374006
Epoch 47: Train Loss = -12.39002444527366, Validation RMSE = 0.7088515889374006
Epoch 48: Train Loss = -12.556233579462225, Validation RMSE = 0.7883917153115818
Epoch 48: Train Loss = -12.556233579462225, Validation RMSE = 0.7883917153115818
Epoch 49: Train Loss = -12.421040448275479, Validation RMSE = 0.7765176909730115
Epoch 49: Train Loss = -12.421040448275479, Validation RMSE = 0.7765176909730115
Epoch 50: Train Loss = -12.499110568653453, Validation RMSE = 0.7201235950662106
Epoch 50: Train Loss = -12.499110568653453, Validation RMSE = 0.7201235950662106
Epoch 51: Train Loss = -12.620099501176314, Validation RMSE = 0.7025766776274011
Epoch 51: Train Loss = -12.620099501176314, Validation RMSE = 0.7025766776274011
Epoch 52: Train Loss = -12.496302951465953, Validation RMSE = 0.7402417232758033
Epoch 52: Train Loss = -12.496302951465953, Validation RMSE = 0.7402417232758033
Epoch 53: Train Loss = -12.590961629694158, Validation RMSE = 0.7199635184095656
Epoch 53: Train Loss = -12.590961629694158, Validation RMSE = 0.7199635184095656
Epoch 54: Train Loss = -12.630278847434305, Validation RMSE = 0.6786961176032302
Epoch 54: Train Loss = -12.630278847434305, Validation RMSE = 0.6786961176032302
Epoch 55: Train Loss = -12.770728544755416, Validation RMSE = 0.6938844189733752
Epoch 55: Train Loss = -12.770728544755416, Validation RMSE = 0.6938844189733752
Epoch 56: Train Loss = -12.74592148173939, Validation RMSE = 0.6925832143919196
Epoch 56: Train Loss = -12.74592148173939, Validation RMSE = 0.6925832143919196
Epoch 57: Train Loss = -12.629375804554332, Validation RMSE = 0.7879203472584659
Epoch 57: Train Loss = -12.629375804554332, Validation RMSE = 0.7879203472584659
Epoch 58: Train Loss = -12.67137674851851, Validation RMSE = 0.7051202576349408
Epoch 58: Train Loss = -12.67137674851851, Validation RMSE = 0.7051202576349408
Epoch 59: Train Loss = -12.793940023942428, Validation RMSE = 0.6995768535870867
Epoch 59: Train Loss = -12.793940023942428, Validation RMSE = 0.6995768535870867
Epoch 60: Train Loss = -12.8230092308738, Validation RMSE = 0.7261875453138605
Epoch 60: Train Loss = -12.8230092308738, Validation RMSE = 0.7261875453138605
Epoch 61: Train Loss = -12.675738421353428, Validation RMSE = 0.718990634883294
Epoch 61: Train Loss = -12.675738421353428, Validation RMSE = 0.718990634883294
Epoch 62: Train Loss = -12.774031812494451, Validation RMSE = 0.694583466655487
Epoch 62: Train Loss = -12.774031812494451, Validation RMSE = 0.694583466655487
Epoch 63: Train Loss = -12.822640765797008, Validation RMSE = 0.6875721387473606
Epoch 63: Train Loss = -12.822640765797008, Validation RMSE = 0.6875721387473606
Epoch 64: Train Loss = -12.834555105729537, Validation RMSE = 0.6821162268328875
Epoch 64: Train Loss = -12.834555105729537, Validation RMSE = 0.6821162268328875
Epoch 65: Train Loss = -12.785634474320846, Validation RMSE = 0.6791778656030949
Epoch 65: Train Loss = -12.785634474320846, Validation RMSE = 0.6791778656030949
Epoch 66: Train Loss = -12.840362115339799, Validation RMSE = 0.6914319159984096
Epoch 66: Train Loss = -12.840362115339799, Validation RMSE = 0.6914319159984096
Epoch 67: Train Loss = -12.788612712513316, Validation RMSE = 0.7021287330539536
Epoch 67: Train Loss = -12.788612712513316, Validation RMSE = 0.7021287330539536
Epoch 68: Train Loss = -12.793322216380727, Validation RMSE = 0.6980029842951265
Epoch 68: Train Loss = -12.793322216380727, Validation RMSE = 0.6980029842951265
Epoch 69: Train Loss = -12.866837414828213, Validation RMSE = 0.6893454488569462
Epoch 69: Train Loss = -12.866837414828213, Validation RMSE = 0.6893454488569462
Epoch 70: Train Loss = -12.839533805847168, Validation RMSE = 0.6652907099531941
Epoch 70: Train Loss = -12.839533805847168, Validation RMSE = 0.6652907099531941
Epoch 71: Train Loss = -12.925880432128906, Validation RMSE = 0.6896304662200888
Epoch 71: Train Loss = -12.925880432128906, Validation RMSE = 0.6896304662200888
Epoch 72: Train Loss = -12.929248809814453, Validation RMSE = 0.7218286963765741
Epoch 72: Train Loss = -12.929248809814453, Validation RMSE = 0.7218286963765741
Epoch 73: Train Loss = -12.892216595736416, Validation RMSE = 0.6889523024002163
Epoch 73: Train Loss = -12.892216595736416, Validation RMSE = 0.6889523024002163
Epoch 74: Train Loss = -12.932313312183727, Validation RMSE = 0.6825190325883006
Epoch 74: Train Loss = -12.932313312183727, Validation RMSE = 0.6825190325883006
Epoch 75: Train Loss = -12.762844692577016, Validation RMSE = 0.677153723678541
Epoch 75: Train Loss = -12.762844692577016, Validation RMSE = 0.677153723678541
Epoch 76: Train Loss = -12.899123018438166, Validation RMSE = 0.6821809174892998
Epoch 76: Train Loss = -12.899123018438166, Validation RMSE = 0.6821809174892998
Epoch 77: Train Loss = -12.913792089982467, Validation RMSE = 0.6870973448308184
Epoch 77: Train Loss = -12.913792089982467, Validation RMSE = 0.6870973448308184
Epoch 78: Train Loss = -13.037593494762074, Validation RMSE = 0.7253230372795098
Epoch 78: Train Loss = -13.037593494762074, Validation RMSE = 0.7253230372795098
Epoch 79: Train Loss = -12.997657255692916, Validation RMSE = 0.7656837821629138
Epoch 79: Train Loss = -12.997657255692916, Validation RMSE = 0.7656837821629138
Epoch 80: Train Loss = -12.900590203025125, Validation RMSE = 0.687839773024892
Epoch 80: Train Loss = -12.900590203025125, Validation RMSE = 0.687839773024892
Epoch 81: Train Loss = -13.055613257668234, Validation RMSE = 0.7111873578705835
Epoch 81: Train Loss = -13.055613257668234, Validation RMSE = 0.7111873578705835
Epoch 82: Train Loss = -13.141592806035822, Validation RMSE = 0.6816685771343192
Epoch 82: Train Loss = -13.141592806035822, Validation RMSE = 0.6816685771343192
Epoch 83: Train Loss = -13.107898712158203, Validation RMSE = 0.6785623904552844
Epoch 83: Train Loss = -13.107898712158203, Validation RMSE = 0.6785623904552844
Epoch 84: Train Loss = -13.010430162603205, Validation RMSE = 0.6835804415315881
Epoch 84: Train Loss = -13.010430162603205, Validation RMSE = 0.6835804415315881
Epoch 85: Train Loss = -13.064809452403676, Validation RMSE = 0.6813269983947066
Epoch 85: Train Loss = -13.064809452403676, Validation RMSE = 0.6813269983947066
Epoch 86: Train Loss = -13.110195593400435, Validation RMSE = 0.7063950478133314
Epoch 86: Train Loss = -13.110195593400435, Validation RMSE = 0.7063950478133314
Epoch 87: Train Loss = -13.135462240739303, Validation RMSE = 0.7059237796090844
Epoch 87: Train Loss = -13.135462240739303, Validation RMSE = 0.7059237796090844
Epoch 88: Train Loss = -13.133671240373092, Validation RMSE = 0.692730092707087
Epoch 88: Train Loss = -13.133671240373092, Validation RMSE = 0.692730092707087
Epoch 89: Train Loss = -13.005160678516734, Validation RMSE = 0.6826283719140942
Epoch 89: Train Loss = -13.005160678516734, Validation RMSE = 0.6826283719140942
Epoch 90: Train Loss = -13.125116348266602, Validation RMSE = 0.6719404154051761
Epoch 90: Train Loss = -13.125116348266602, Validation RMSE = 0.6719404154051761
Epoch 91: Train Loss = -13.137961474331943, Validation RMSE = 0.6645253490524908
Epoch 91: Train Loss = -13.137961474331943, Validation RMSE = 0.6645253490524908
Epoch 92: Train Loss = -13.030694528059525, Validation RMSE = 0.6782979571790239
Epoch 92: Train Loss = -13.030694528059525, Validation RMSE = 0.6782979571790239
Epoch 93: Train Loss = -12.992388811978428, Validation RMSE = 0.661958812240743
Epoch 93: Train Loss = -12.992388811978428, Validation RMSE = 0.661958812240743
Epoch 94: Train Loss = -13.118162155151367, Validation RMSE = 0.6808413302952401
Epoch 94: Train Loss = -13.118162155151367, Validation RMSE = 0.6808413302952401
Epoch 95: Train Loss = -13.157205148176713, Validation RMSE = 0.6642474543417213
Epoch 95: Train Loss = -13.157205148176713, Validation RMSE = 0.6642474543417213
Epoch 96: Train Loss = -13.113434358076615, Validation RMSE = 0.6935198776123764
Epoch 96: Train Loss = -13.113434358076615, Validation RMSE = 0.6935198776123764
Epoch 97: Train Loss = -13.280613465742631, Validation RMSE = 0.6888587589224018
Epoch 97: Train Loss = -13.280613465742631, Validation RMSE = 0.6888587589224018
Epoch 98: Train Loss = -13.23427945917303, Validation RMSE = 0.6768303203330136
Epoch 98: Train Loss = -13.23427945917303, Validation RMSE = 0.6768303203330136
Epoch 99: Train Loss = -13.258655288002707, Validation RMSE = 0.662064943818178
Epoch 99: Train Loss = -13.258655288002707, Validation RMSE = 0.662064943818178
Epoch 100: Train Loss = -13.223135861483486, Validation RMSE = 0.7021269935030795
Epoch 100: Train Loss = -13.223135861483486, Validation RMSE = 0.7021269935030795
Epoch 101: Train Loss = -13.215008648959072, Validation RMSE = 0.6900221384228112
Epoch 101: Train Loss = -13.215008648959072, Validation RMSE = 0.6900221384228112
Epoch 102: Train Loss = -13.235791206359863, Validation RMSE = 0.6951203079043631
Epoch 102: Train Loss = -13.235791206359863, Validation RMSE = 0.6951203079043631
Epoch 103: Train Loss = -13.188496502962979, Validation RMSE = 0.6884833015888214
Epoch 103: Train Loss = -13.188496502962979, Validation RMSE = 0.6884833015888214
Epoch 104: Train Loss = -13.346230246803977, Validation RMSE = 0.6831249505845773
Epoch 104: Train Loss = -13.346230246803977, Validation RMSE = 0.6831249505845773
Epoch 105: Train Loss = -13.292211272499777, Validation RMSE = 0.6773355702151659
Epoch 105: Train Loss = -13.292211272499777, Validation RMSE = 0.6773355702151659
Epoch 106: Train Loss = -13.233938563953746, Validation RMSE = 0.670299060381262
Epoch 106: Train Loss = -13.233938563953746, Validation RMSE = 0.670299060381262
Epoch 107: Train Loss = -13.299301580949264, Validation RMSE = 0.6659075978491298
Epoch 107: Train Loss = -13.299301580949264, Validation RMSE = 0.6659075978491298
Epoch 108: Train Loss = -13.280806194652211, Validation RMSE = 0.6944127942807355
Epoch 108: Train Loss = -13.280806194652211, Validation RMSE = 0.6944127942807355
Epoch 109: Train Loss = -13.337498404762961, Validation RMSE = 0.6905618663592838
Epoch 109: Train Loss = -13.337498404762961, Validation RMSE = 0.6905618663592838
Epoch 110: Train Loss = -13.250355980613016, Validation RMSE = 0.6799255651858508
Epoch 110: Train Loss = -13.250355980613016, Validation RMSE = 0.6799255651858508
Epoch 111: Train Loss = -13.222356102683328, Validation RMSE = 0.6870011764550925
Epoch 111: Train Loss = -13.222356102683328, Validation RMSE = 0.6870011764550925
Epoch 112: Train Loss = -13.268467989834873, Validation RMSE = 0.6763436956516553
Epoch 112: Train Loss = -13.268467989834873, Validation RMSE = 0.6763436956516553
Epoch 113: Train Loss = -13.305325161327016, Validation RMSE = 0.6935037720131894
Epoch 113: Train Loss = -13.305325161327016, Validation RMSE = 0.6935037720131894
Epoch 114: Train Loss = -13.33758492903276, Validation RMSE = 0.6787293576366142
Epoch 114: Train Loss = -13.33758492903276, Validation RMSE = 0.6787293576366142
Epoch 115: Train Loss = -13.374520995400168, Validation RMSE = 0.6661055053662912
Epoch 115: Train Loss = -13.374520995400168, Validation RMSE = 0.6661055053662912
Epoch 116: Train Loss = -13.165816046974875, Validation RMSE = 0.6859342093949671
Epoch 116: Train Loss = -13.165816046974875, Validation RMSE = 0.6859342093949671
Epoch 117: Train Loss = -13.340896606445312, Validation RMSE = 0.6939447649278703
Epoch 117: Train Loss = -13.340896606445312, Validation RMSE = 0.6939447649278703
Epoch 118: Train Loss = -13.395316470753063, Validation RMSE = 0.6777347381393154
Epoch 118: Train Loss = -13.395316470753063, Validation RMSE = 0.6777347381393154
Epoch 119: Train Loss = -13.356681563637473, Validation RMSE = 0.6855628708747828
Epoch 119: Train Loss = -13.356681563637473, Validation RMSE = 0.6855628708747828
Epoch 120: Train Loss = -13.372108806263316, Validation RMSE = 0.6832348237827764
Epoch 120: Train Loss = -13.372108806263316, Validation RMSE = 0.6832348237827764
Epoch 121: Train Loss = -13.42430591583252, Validation RMSE = 0.6879842411711261
Epoch 121: Train Loss = -13.42430591583252, Validation RMSE = 0.6879842411711261
Epoch 122: Train Loss = -13.405869310552424, Validation RMSE = 0.6772300795909155
Epoch 122: Train Loss = -13.405869310552424, Validation RMSE = 0.6772300795909155
Epoch 123: Train Loss = -13.491666533730246, Validation RMSE = 0.6641788372821367
Epoch 123: Train Loss = -13.491666533730246, Validation RMSE = 0.6641788372821367
Epoch 124: Train Loss = -13.355677431279963, Validation RMSE = 0.6697498132623133
Epoch 124: Train Loss = -13.355677431279963, Validation RMSE = 0.6697498132623133
Epoch 125: Train Loss = -13.248566367409445, Validation RMSE = 0.6901792782970226
Epoch 125: Train Loss = -13.248566367409445, Validation RMSE = 0.6901792782970226
Epoch 126: Train Loss = -13.400750160217285, Validation RMSE = 0.6856062274054466
Epoch 126: Train Loss = -13.400750160217285, Validation RMSE = 0.6856062274054466
Epoch 127: Train Loss = -13.52256965637207, Validation RMSE = 0.6625854034201397
Epoch 127: Train Loss = -13.52256965637207, Validation RMSE = 0.6625854034201397
Epoch 128: Train Loss = -13.423477779735219, Validation RMSE = 0.659242821164041
Epoch 128: Train Loss = -13.423477779735219, Validation RMSE = 0.659242821164041
Epoch 129: Train Loss = -13.420332648537375, Validation RMSE = 0.6703481062924703
Epoch 129: Train Loss = -13.420332648537375, Validation RMSE = 0.6703481062924703
Epoch 130: Train Loss = -13.482063206759365, Validation RMSE = 0.6729563385299576
Epoch 130: Train Loss = -13.482063206759365, Validation RMSE = 0.6729563385299576
Epoch 131: Train Loss = -13.427820292386142, Validation RMSE = 0.6783647513941906
Epoch 131: Train Loss = -13.427820292386142, Validation RMSE = 0.6783647513941906
Epoch 132: Train Loss = -13.465914726257324, Validation RMSE = 0.683420932582164
Epoch 132: Train Loss = -13.465914726257324, Validation RMSE = 0.683420932582164
Epoch 133: Train Loss = -13.44644815271551, Validation RMSE = 0.6717531070443172
Epoch 133: Train Loss = -13.44644815271551, Validation RMSE = 0.6717531070443172
Epoch 134: Train Loss = -13.40718564120206, Validation RMSE = 0.6759763718091423
Epoch 134: Train Loss = -13.40718564120206, Validation RMSE = 0.6759763718091423
Epoch 135: Train Loss = -13.436857830394398, Validation RMSE = 0.6710570194655996
Epoch 135: Train Loss = -13.436857830394398, Validation RMSE = 0.6710570194655996
Epoch 136: Train Loss = -13.449349143288352, Validation RMSE = 0.6961823123471016
Epoch 136: Train Loss = -13.449349143288352, Validation RMSE = 0.6961823123471016
Epoch 137: Train Loss = -13.54882847179066, Validation RMSE = 0.6846561079701166
Epoch 137: Train Loss = -13.54882847179066, Validation RMSE = 0.6846561079701166
Epoch 138: Train Loss = -13.50690676949241, Validation RMSE = 0.6766633263014683
Epoch 138: Train Loss = -13.50690676949241, Validation RMSE = 0.6766633263014683
Epoch 139: Train Loss = -13.497632200067693, Validation RMSE = 0.6816918684931191
Epoch 139: Train Loss = -13.497632200067693, Validation RMSE = 0.6816918684931191
Epoch 140: Train Loss = -13.367657488042658, Validation RMSE = 0.6796624099213336
Epoch 140: Train Loss = -13.367657488042658, Validation RMSE = 0.6796624099213336
Epoch 141: Train Loss = -13.464859095486728, Validation RMSE = 0.6672686907292604
Epoch 141: Train Loss = -13.464859095486728, Validation RMSE = 0.6672686907292604
Epoch 142: Train Loss = -13.553852081298828, Validation RMSE = 0.6808025517647824
Epoch 142: Train Loss = -13.553852081298828, Validation RMSE = 0.6808025517647824
Epoch 143: Train Loss = -13.512968843633478, Validation RMSE = 0.6609887161755498
Epoch 143: Train Loss = -13.512968843633478, Validation RMSE = 0.6609887161755498
Epoch 144: Train Loss = -13.491445021195846, Validation RMSE = 0.6657864797969111
Epoch 144: Train Loss = -13.491445021195846, Validation RMSE = 0.6657864797969111
Epoch 145: Train Loss = -13.404589999805797, Validation RMSE = 0.6605793984089123
Epoch 145: Train Loss = -13.404589999805797, Validation RMSE = 0.6605793984089123
Epoch 146: Train Loss = -13.428678859363902, Validation RMSE = 0.6784800586052617
Epoch 146: Train Loss = -13.428678859363902, Validation RMSE = 0.6784800586052617
Epoch 147: Train Loss = -13.493653817610307, Validation RMSE = 0.6584635311547621
Epoch 147: Train Loss = -13.493653817610307, Validation RMSE = 0.6584635311547621
Epoch 148: Train Loss = -13.442162947221236, Validation RMSE = 0.6843805798431414
Epoch 148: Train Loss = -13.442162947221236, Validation RMSE = 0.6843805798431414
Epoch 149: Train Loss = -13.35178279876709, Validation RMSE = 0.6739993690550322
Epoch 149: Train Loss = -13.35178279876709, Validation RMSE = 0.6739993690550322
Epoch 150: Train Loss = -13.412518241188742, Validation RMSE = 0.6748616123119787
Epoch 150: Train Loss = -13.412518241188742, Validation RMSE = 0.6748616123119787
Epoch 151: Train Loss = -13.506744991649281, Validation RMSE = 0.6730464421905635
Epoch 151: Train Loss = -13.506744991649281, Validation RMSE = 0.6730464421905635
Epoch 152: Train Loss = -13.506528334184127, Validation RMSE = 0.6719092063570675
Epoch 152: Train Loss = -13.506528334184127, Validation RMSE = 0.6719092063570675
Epoch 153: Train Loss = -13.522774262861772, Validation RMSE = 0.6667945883595372
Epoch 153: Train Loss = -13.522774262861772, Validation RMSE = 0.6667945883595372
Epoch 154: Train Loss = -13.466205163435502, Validation RMSE = 0.6820501753591227
Epoch 154: Train Loss = -13.466205163435502, Validation RMSE = 0.6820501753591227
Epoch 155: Train Loss = -13.608847618103027, Validation RMSE = 0.675785253384532
Epoch 155: Train Loss = -13.608847618103027, Validation RMSE = 0.675785253384532
Epoch 156: Train Loss = -13.576611518859863, Validation RMSE = 0.676285950449258
Epoch 156: Train Loss = -13.576611518859863, Validation RMSE = 0.676285950449258
Epoch 157: Train Loss = -13.44047043540261, Validation RMSE = 0.6660871859469203
Epoch 157: Train Loss = -13.44047043540261, Validation RMSE = 0.6660871859469203
Epoch 158: Train Loss = -13.478283101862127, Validation RMSE = 0.6630144158036785
Epoch 158: Train Loss = -13.478283101862127, Validation RMSE = 0.6630144158036785
Epoch 159: Train Loss = -13.53872281854803, Validation RMSE = 0.6616544439657897
Epoch 159: Train Loss = -13.53872281854803, Validation RMSE = 0.6616544439657897
Epoch 160: Train Loss = -13.577319838783957, Validation RMSE = 0.6828036606430705
Epoch 160: Train Loss = -13.577319838783957, Validation RMSE = 0.6828036606430705
Epoch 161: Train Loss = -13.654995571483266, Validation RMSE = 0.6607371463132526
Epoch 161: Train Loss = -13.654995571483266, Validation RMSE = 0.6607371463132526
Epoch 162: Train Loss = -13.694215254350143, Validation RMSE = 0.6669949113852188
Epoch 162: Train Loss = -13.694215254350143, Validation RMSE = 0.6669949113852188
Epoch 163: Train Loss = -13.610210765491832, Validation RMSE = 0.6673970052538164
Epoch 163: Train Loss = -13.610210765491832, Validation RMSE = 0.6673970052538164
Epoch 164: Train Loss = -13.635775306008078, Validation RMSE = 0.6710728078936894
Epoch 164: Train Loss = -13.635775306008078, Validation RMSE = 0.6710728078936894
Epoch 165: Train Loss = -13.51364820653742, Validation RMSE = 0.6651280186805602
Epoch 165: Train Loss = -13.51364820653742, Validation RMSE = 0.6651280186805602
Epoch 166: Train Loss = -13.494833079251377, Validation RMSE = 0.6716696488575299
Epoch 166: Train Loss = -13.494833079251377, Validation RMSE = 0.6716696488575299
Epoch 167: Train Loss = -13.574483958157627, Validation RMSE = 0.6634803283934807
Epoch 167: Train Loss = -13.574483958157627, Validation RMSE = 0.6634803283934807
Epoch 168: Train Loss = -13.496696385470303, Validation RMSE = 0.6762910551279884
Epoch 168: Train Loss = -13.496696385470303, Validation RMSE = 0.6762910551279884
Epoch 169: Train Loss = -13.586537968028676, Validation RMSE = 0.6738668177164493
Epoch 169: Train Loss = -13.586537968028676, Validation RMSE = 0.6738668177164493
Epoch 170: Train Loss = -13.677815610712225, Validation RMSE = 0.6702111328670084
Epoch 170: Train Loss = -13.677815610712225, Validation RMSE = 0.6702111328670084
Epoch 171: Train Loss = -13.63411825353449, Validation RMSE = 0.6714211428518809
Epoch 171: Train Loss = -13.63411825353449, Validation RMSE = 0.6714211428518809
Epoch 172: Train Loss = -13.633935408158736, Validation RMSE = 0.6754928783248089
Epoch 172: Train Loss = -13.633935408158736, Validation RMSE = 0.6754928783248089
Epoch 173: Train Loss = -13.551825263283469, Validation RMSE = 0.678254497666662
Epoch 173: Train Loss = -13.551825263283469, Validation RMSE = 0.678254497666662
Epoch 174: Train Loss = -13.544339353388006, Validation RMSE = 0.6728109590348507
Epoch 174: Train Loss = -13.544339353388006, Validation RMSE = 0.6728109590348507
Epoch 175: Train Loss = -13.586959231983531, Validation RMSE = 0.6764915458064449
Epoch 175: Train Loss = -13.586959231983531, Validation RMSE = 0.6764915458064449
Epoch 176: Train Loss = -13.615146030079234, Validation RMSE = 0.6795018258092561
Epoch 176: Train Loss = -13.615146030079234, Validation RMSE = 0.6795018258092561
Epoch 177: Train Loss = -13.64710539037531, Validation RMSE = 0.6611174276657411
Epoch 177: Train Loss = -13.64710539037531, Validation RMSE = 0.6611174276657411
Epoch 178: Train Loss = -13.654974070462314, Validation RMSE = 0.6562241245966309
Epoch 178: Train Loss = -13.654974070462314, Validation RMSE = 0.6562241245966309
Epoch 179: Train Loss = -13.640991124239834, Validation RMSE = 0.6554052604205122
Epoch 179: Train Loss = -13.640991124239834, Validation RMSE = 0.6554052604205122
Epoch 180: Train Loss = -13.582011049444025, Validation RMSE = 0.6562943267825545
Epoch 180: Train Loss = -13.582011049444025, Validation RMSE = 0.6562943267825545
Epoch 181: Train Loss = -13.705103614113547, Validation RMSE = 0.6888117907464494
Epoch 181: Train Loss = -13.705103614113547, Validation RMSE = 0.6888117907464494
Epoch 182: Train Loss = -13.596533688631924, Validation RMSE = 0.6679407725293984
Epoch 182: Train Loss = -13.596533688631924, Validation RMSE = 0.6679407725293984
Epoch 183: Train Loss = -13.677775556390936, Validation RMSE = 0.6727383521707557
Epoch 183: Train Loss = -13.677775556390936, Validation RMSE = 0.6727383521707557
Epoch 184: Train Loss = -13.73721911690452, Validation RMSE = 0.6619607548880139
Epoch 184: Train Loss = -13.73721911690452, Validation RMSE = 0.6619607548880139
Epoch 185: Train Loss = -13.691509333523838, Validation RMSE = 0.6637868323643765
Epoch 185: Train Loss = -13.691509333523838, Validation RMSE = 0.6637868323643765
Epoch 186: Train Loss = -13.633526802062988, Validation RMSE = 0.6711994938417875
Epoch 186: Train Loss = -13.633526802062988, Validation RMSE = 0.6711994938417875
Epoch 187: Train Loss = -13.706388906999068, Validation RMSE = 0.6639494433934198
Epoch 187: Train Loss = -13.706388906999068, Validation RMSE = 0.6639494433934198
Epoch 188: Train Loss = -13.73239465193315, Validation RMSE = 0.6599665756686802
Epoch 188: Train Loss = -13.73239465193315, Validation RMSE = 0.6599665756686802
Epoch 189: Train Loss = -13.665642911737615, Validation RMSE = 0.6780523326425061
Epoch 189: Train Loss = -13.665642911737615, Validation RMSE = 0.6780523326425061
Epoch 190: Train Loss = -13.669790961525656, Validation RMSE = 0.6691531739480967
Epoch 190: Train Loss = -13.669790961525656, Validation RMSE = 0.6691531739480967
Epoch 191: Train Loss = -13.679546356201172, Validation RMSE = 0.6749147157453508
Epoch 191: Train Loss = -13.679546356201172, Validation RMSE = 0.6749147157453508
Epoch 192: Train Loss = -13.491483514959162, Validation RMSE = 0.6844867053748755
Epoch 192: Train Loss = -13.491483514959162, Validation RMSE = 0.6844867053748755
Epoch 193: Train Loss = -13.539451078935103, Validation RMSE = 0.6801474502482862
Epoch 193: Train Loss = -13.539451078935103, Validation RMSE = 0.6801474502482862
Epoch 194: Train Loss = -13.694524938409979, Validation RMSE = 0.6703688959561954
Epoch 194: Train Loss = -13.694524938409979, Validation RMSE = 0.6703688959561954
Epoch 195: Train Loss = -13.641496831720525, Validation RMSE = 0.6625624216554842
Epoch 195: Train Loss = -13.641496831720525, Validation RMSE = 0.6625624216554842
Epoch 196: Train Loss = -13.57576795057817, Validation RMSE = 0.6621379847372307
Epoch 196: Train Loss = -13.57576795057817, Validation RMSE = 0.6621379847372307
Epoch 197: Train Loss = -13.6187575080178, Validation RMSE = 0.6656148221995883
Epoch 197: Train Loss = -13.6187575080178, Validation RMSE = 0.6656148221995883
Epoch 198: Train Loss = -13.660994876514781, Validation RMSE = 0.6604446320822176
Epoch 198: Train Loss = -13.660994876514781, Validation RMSE = 0.6604446320822176
Epoch 199: Train Loss = -13.650663549249822, Validation RMSE = 0.6816878944476127
Epoch 199: Train Loss = -13.650663549249822, Validation RMSE = 0.6816878944476127
