{'activation': 'ReLU',
 'batch_size': 50,
 'cuda': True,
 'data_path': 'dataset/delaney.csv',
 'depth': 3,
 'epochs': 200,
 'ffn_hidden_size': 300,
 'ffn_num_layers': 2,
 'final_lr': 0.0001,
 'hidden_size': 300,
 'init_lr': 0.0001,
 'kl_weight': 5.0,
 'max_lr': 0.001,
 'pretrain_encoder_path': 'results\\cl\\pretrain\\pretrain_encoder.pt',
 'regularization_scale': 0.0001,
 'sampling_size': 20,
 'save_dir': 'results\\cl\\rec+5.0_kl\\delaney_checkpoints\\seed_456',
 'save_smiles_splits': False,
 'seed': 456,
 'split_sizes': [0.5, 0.2, 0.3],
 'split_type': 'random',
 'task_names': 'delaney',
 'train_strategy': 'cl',
 'warmup_epochs': 2.0}
{'activation': 'ReLU',
 'batch_size': 50,
 'cuda': True,
 'data_path': 'dataset/delaney.csv',
 'depth': 3,
 'epochs': 200,
 'ffn_hidden_size': 300,
 'ffn_num_layers': 2,
 'final_lr': 0.0001,
 'hidden_size': 300,
 'init_lr': 0.0001,
 'kl_weight': 5.0,
 'max_lr': 0.001,
 'pretrain_encoder_path': 'results\\cl\\pretrain\\pretrain_encoder.pt',
 'regularization_scale': 0.0001,
 'sampling_size': 20,
 'save_dir': 'results\\cl\\rec+5.0_kl\\delaney_checkpoints\\seed_456',
 'save_smiles_splits': False,
 'seed': 456,
 'split_sizes': [0.5, 0.2, 0.3],
 'split_type': 'random',
 'task_names': 'delaney',
 'train_strategy': 'cl',
 'warmup_epochs': 2.0}
Loading data...
Loading data...
Splitting data with seed 456
Splitting data with seed 456
Finish Loading and Splitting... Total size = 1,128 | train size = 564 | val size = 225 | test size = 339
Finish Loading and Splitting... Total size = 1,128 | train size = 564 | val size = 225 | test size = 339
Fitting scaler
Fitting scaler
Building model...
Building model...
Number of parameters = 355,206
Number of parameters = 355,206
Loading pretrain MPNN Model...
Loading pretrain MPNN Model...
Moving model to cuda
Moving model to cuda
Epoch 0: Train Loss = -9.526472438465465, Validation RMSE = 2.173458622628024
Epoch 0: Train Loss = -9.526472438465465, Validation RMSE = 2.173458622628024
Epoch 1: Train Loss = -9.704990907148881, Validation RMSE = 1.926088452192474
Epoch 1: Train Loss = -9.704990907148881, Validation RMSE = 1.926088452192474
Epoch 2: Train Loss = -9.932013338262385, Validation RMSE = 1.7248992870750013
Epoch 2: Train Loss = -9.932013338262385, Validation RMSE = 1.7248992870750013
Epoch 3: Train Loss = -10.15641247142445, Validation RMSE = 1.599634341689102
Epoch 3: Train Loss = -10.15641247142445, Validation RMSE = 1.599634341689102
Epoch 4: Train Loss = -10.360963821411133, Validation RMSE = 1.4589886836426298
Epoch 4: Train Loss = -10.360963821411133, Validation RMSE = 1.4589886836426298
Epoch 5: Train Loss = -10.517009475014426, Validation RMSE = 1.378653843422145
Epoch 5: Train Loss = -10.517009475014426, Validation RMSE = 1.378653843422145
Epoch 6: Train Loss = -10.693051078102805, Validation RMSE = 1.3892207210477197
Epoch 6: Train Loss = -10.693051078102805, Validation RMSE = 1.3892207210477197
Epoch 7: Train Loss = -10.852325526150791, Validation RMSE = 1.198706130517407
Epoch 7: Train Loss = -10.852325526150791, Validation RMSE = 1.198706130517407
Epoch 8: Train Loss = -10.999110915444113, Validation RMSE = 1.148858988715812
Epoch 8: Train Loss = -10.999110915444113, Validation RMSE = 1.148858988715812
Epoch 9: Train Loss = -11.012203129855068, Validation RMSE = 1.213498971720417
Epoch 9: Train Loss = -11.012203129855068, Validation RMSE = 1.213498971720417
Epoch 10: Train Loss = -11.061490058898926, Validation RMSE = 1.0915381348668836
Epoch 10: Train Loss = -11.061490058898926, Validation RMSE = 1.0915381348668836
Epoch 11: Train Loss = -11.194529620083896, Validation RMSE = 1.0334317713744585
Epoch 11: Train Loss = -11.194529620083896, Validation RMSE = 1.0334317713744585
Epoch 12: Train Loss = -11.348610011014072, Validation RMSE = 1.0732444082201633
Epoch 12: Train Loss = -11.348610011014072, Validation RMSE = 1.0732444082201633
Epoch 13: Train Loss = -11.437192916870117, Validation RMSE = 1.007460592311369
Epoch 13: Train Loss = -11.437192916870117, Validation RMSE = 1.007460592311369
Epoch 14: Train Loss = -11.166934446855025, Validation RMSE = 1.4581954559394894
Epoch 14: Train Loss = -11.166934446855025, Validation RMSE = 1.4581954559394894
Epoch 15: Train Loss = -10.957428238608621, Validation RMSE = 1.1142552956624547
Epoch 15: Train Loss = -10.957428238608621, Validation RMSE = 1.1142552956624547
Epoch 16: Train Loss = -11.179379203102805, Validation RMSE = 0.9875163041251214
Epoch 16: Train Loss = -11.179379203102805, Validation RMSE = 0.9875163041251214
Epoch 17: Train Loss = -11.48924532803622, Validation RMSE = 1.0037106674681673
Epoch 17: Train Loss = -11.48924532803622, Validation RMSE = 1.0037106674681673
Epoch 18: Train Loss = -11.552960135719992, Validation RMSE = 1.0745481043109142
Epoch 18: Train Loss = -11.552960135719992, Validation RMSE = 1.0745481043109142
Epoch 19: Train Loss = -11.655377301302822, Validation RMSE = 0.9342279002423363
Epoch 19: Train Loss = -11.655377301302822, Validation RMSE = 0.9342279002423363
Epoch 20: Train Loss = -11.720072052695535, Validation RMSE = 0.9706827859103146
Epoch 20: Train Loss = -11.720072052695535, Validation RMSE = 0.9706827859103146
Epoch 21: Train Loss = -11.82666371085427, Validation RMSE = 0.9355964164172829
Epoch 21: Train Loss = -11.82666371085427, Validation RMSE = 0.9355964164172829
Epoch 22: Train Loss = -11.849743582985617, Validation RMSE = 0.8981503388853361
Epoch 22: Train Loss = -11.849743582985617, Validation RMSE = 0.8981503388853361
Epoch 23: Train Loss = -11.919337099248713, Validation RMSE = 0.9340767031745513
Epoch 23: Train Loss = -11.919337099248713, Validation RMSE = 0.9340767031745513
Epoch 24: Train Loss = -11.836677984757857, Validation RMSE = 0.8812610334213592
Epoch 24: Train Loss = -11.836677984757857, Validation RMSE = 0.8812610334213592
Epoch 25: Train Loss = -11.87100887298584, Validation RMSE = 0.896860974258385
Epoch 25: Train Loss = -11.87100887298584, Validation RMSE = 0.896860974258385
Epoch 26: Train Loss = -11.88463341106068, Validation RMSE = 0.8726103626268134
Epoch 26: Train Loss = -11.88463341106068, Validation RMSE = 0.8726103626268134
Epoch 27: Train Loss = -11.995990926569158, Validation RMSE = 0.9258339455852344
Epoch 27: Train Loss = -11.995990926569158, Validation RMSE = 0.9258339455852344
Epoch 28: Train Loss = -12.00253660028631, Validation RMSE = 0.8491805530808064
Epoch 28: Train Loss = -12.00253660028631, Validation RMSE = 0.8491805530808064
Epoch 29: Train Loss = -12.131610783663662, Validation RMSE = 0.8333196945220045
Epoch 29: Train Loss = -12.131610783663662, Validation RMSE = 0.8333196945220045
Epoch 30: Train Loss = -12.146334388039328, Validation RMSE = 0.8820395962152354
Epoch 30: Train Loss = -12.146334388039328, Validation RMSE = 0.8820395962152354
Epoch 31: Train Loss = -12.176175637678666, Validation RMSE = 0.8542583597899516
Epoch 31: Train Loss = -12.176175637678666, Validation RMSE = 0.8542583597899516
Epoch 32: Train Loss = -12.174592104825107, Validation RMSE = 0.8995165448983762
Epoch 32: Train Loss = -12.174592104825107, Validation RMSE = 0.8995165448983762
Epoch 33: Train Loss = -12.292046026750045, Validation RMSE = 0.8053867711022542
Epoch 33: Train Loss = -12.292046026750045, Validation RMSE = 0.8053867711022542
Epoch 34: Train Loss = -12.249581163579768, Validation RMSE = 0.9008313896904854
Epoch 34: Train Loss = -12.249581163579768, Validation RMSE = 0.9008313896904854
Epoch 35: Train Loss = -12.265356584028764, Validation RMSE = 0.8766142666203606
Epoch 35: Train Loss = -12.265356584028764, Validation RMSE = 0.8766142666203606
Epoch 36: Train Loss = -12.327018737792969, Validation RMSE = 0.8386549403290762
Epoch 36: Train Loss = -12.327018737792969, Validation RMSE = 0.8386549403290762
Epoch 37: Train Loss = -12.331086765636098, Validation RMSE = 0.8177911130195199
Epoch 37: Train Loss = -12.331086765636098, Validation RMSE = 0.8177911130195199
Epoch 38: Train Loss = -12.473103523254395, Validation RMSE = 0.8330671831081606
Epoch 38: Train Loss = -12.473103523254395, Validation RMSE = 0.8330671831081606
Epoch 39: Train Loss = -12.485285845669834, Validation RMSE = 0.7796201031555515
Epoch 39: Train Loss = -12.485285845669834, Validation RMSE = 0.7796201031555515
Epoch 40: Train Loss = -12.47893914309415, Validation RMSE = 0.868049457643839
Epoch 40: Train Loss = -12.47893914309415, Validation RMSE = 0.868049457643839
Epoch 41: Train Loss = -12.526110128922896, Validation RMSE = 0.7952423450501003
Epoch 41: Train Loss = -12.526110128922896, Validation RMSE = 0.7952423450501003
Epoch 42: Train Loss = -12.515202175487172, Validation RMSE = 0.8003945239900343
Epoch 42: Train Loss = -12.515202175487172, Validation RMSE = 0.8003945239900343
Epoch 43: Train Loss = -12.607003472068094, Validation RMSE = 0.8044288138587325
Epoch 43: Train Loss = -12.607003472068094, Validation RMSE = 0.8044288138587325
Epoch 44: Train Loss = -12.513783194802024, Validation RMSE = 0.8521043561057313
Epoch 44: Train Loss = -12.513783194802024, Validation RMSE = 0.8521043561057313
Epoch 45: Train Loss = -12.568330591375178, Validation RMSE = 0.7869933060063625
Epoch 45: Train Loss = -12.568330591375178, Validation RMSE = 0.7869933060063625
Epoch 46: Train Loss = -12.760387333956631, Validation RMSE = 0.7687637759891042
Epoch 46: Train Loss = -12.760387333956631, Validation RMSE = 0.7687637759891042
Epoch 47: Train Loss = -12.598875826055353, Validation RMSE = 0.8713927243205721
Epoch 47: Train Loss = -12.598875826055353, Validation RMSE = 0.8713927243205721
Epoch 48: Train Loss = -12.536904074928977, Validation RMSE = 0.8645246505947235
Epoch 48: Train Loss = -12.536904074928977, Validation RMSE = 0.8645246505947235
Epoch 49: Train Loss = -12.564145001498135, Validation RMSE = 0.7893658148948931
Epoch 49: Train Loss = -12.564145001498135, Validation RMSE = 0.7893658148948931
Epoch 50: Train Loss = -12.704946864734996, Validation RMSE = 0.7993557719590988
Epoch 50: Train Loss = -12.704946864734996, Validation RMSE = 0.7993557719590988
Epoch 51: Train Loss = -12.6355112249201, Validation RMSE = 0.7615243426719465
Epoch 51: Train Loss = -12.6355112249201, Validation RMSE = 0.7615243426719465
Epoch 52: Train Loss = -12.74914212660356, Validation RMSE = 0.8120532548713945
Epoch 52: Train Loss = -12.74914212660356, Validation RMSE = 0.8120532548713945
Epoch 53: Train Loss = -12.774471803144975, Validation RMSE = 0.8081883505007588
Epoch 53: Train Loss = -12.774471803144975, Validation RMSE = 0.8081883505007588
Epoch 54: Train Loss = -12.725044337185947, Validation RMSE = 0.8293531669418754
Epoch 54: Train Loss = -12.725044337185947, Validation RMSE = 0.8293531669418754
Epoch 55: Train Loss = -12.634945956143467, Validation RMSE = 0.7427219528167338
Epoch 55: Train Loss = -12.634945956143467, Validation RMSE = 0.7427219528167338
Epoch 56: Train Loss = -12.772595405578613, Validation RMSE = 0.772941838032079
Epoch 56: Train Loss = -12.772595405578613, Validation RMSE = 0.772941838032079
Epoch 57: Train Loss = -12.838568687438965, Validation RMSE = 0.7943578916599987
Epoch 57: Train Loss = -12.838568687438965, Validation RMSE = 0.7943578916599987
Epoch 58: Train Loss = -12.865414706143467, Validation RMSE = 0.7667192518366914
Epoch 58: Train Loss = -12.865414706143467, Validation RMSE = 0.7667192518366914
Epoch 59: Train Loss = -12.862933765758168, Validation RMSE = 0.8060070611655703
Epoch 59: Train Loss = -12.862933765758168, Validation RMSE = 0.8060070611655703
Epoch 60: Train Loss = -12.935768474232066, Validation RMSE = 0.7531612213899521
Epoch 60: Train Loss = -12.935768474232066, Validation RMSE = 0.7531612213899521
Epoch 61: Train Loss = -12.929489135742188, Validation RMSE = 0.7666174847898242
Epoch 61: Train Loss = -12.929489135742188, Validation RMSE = 0.7666174847898242
Epoch 62: Train Loss = -12.889969652349299, Validation RMSE = 0.7961239254136265
Epoch 62: Train Loss = -12.889969652349299, Validation RMSE = 0.7961239254136265
Epoch 63: Train Loss = -12.973657434636896, Validation RMSE = 0.7520061108166778
Epoch 63: Train Loss = -12.973657434636896, Validation RMSE = 0.7520061108166778
Epoch 64: Train Loss = -12.871140393343838, Validation RMSE = 0.7356113971881486
Epoch 64: Train Loss = -12.871140393343838, Validation RMSE = 0.7356113971881486
Epoch 65: Train Loss = -12.9486347545277, Validation RMSE = 0.7570288017674668
Epoch 65: Train Loss = -12.9486347545277, Validation RMSE = 0.7570288017674668
Epoch 66: Train Loss = -12.918247309598057, Validation RMSE = 0.7781142761114401
Epoch 66: Train Loss = -12.918247309598057, Validation RMSE = 0.7781142761114401
Epoch 67: Train Loss = -13.019719644026322, Validation RMSE = 0.7532585661394595
Epoch 67: Train Loss = -13.019719644026322, Validation RMSE = 0.7532585661394595
Epoch 68: Train Loss = -12.882609193975275, Validation RMSE = 0.7936616356280396
Epoch 68: Train Loss = -12.882609193975275, Validation RMSE = 0.7936616356280396
Epoch 69: Train Loss = -13.057129166342996, Validation RMSE = 0.7361102155525604
Epoch 69: Train Loss = -13.057129166342996, Validation RMSE = 0.7361102155525604
Epoch 70: Train Loss = -12.994728868657893, Validation RMSE = 0.7828694400794195
Epoch 70: Train Loss = -12.994728868657893, Validation RMSE = 0.7828694400794195
Epoch 71: Train Loss = -13.008464466441762, Validation RMSE = 0.7890398107451461
Epoch 71: Train Loss = -13.008464466441762, Validation RMSE = 0.7890398107451461
Epoch 72: Train Loss = -12.931826071305709, Validation RMSE = 0.7490626960931664
Epoch 72: Train Loss = -12.931826071305709, Validation RMSE = 0.7490626960931664
Epoch 73: Train Loss = -13.013082070784135, Validation RMSE = 0.7672591157290372
Epoch 73: Train Loss = -13.013082070784135, Validation RMSE = 0.7672591157290372
Epoch 74: Train Loss = -13.086958711797541, Validation RMSE = 0.7543415477663463
Epoch 74: Train Loss = -13.086958711797541, Validation RMSE = 0.7543415477663463
Epoch 75: Train Loss = -13.093951658769088, Validation RMSE = 0.7541437548480414
Epoch 75: Train Loss = -13.093951658769088, Validation RMSE = 0.7541437548480414
Epoch 76: Train Loss = -13.096504124728115, Validation RMSE = 0.7845420507332624
Epoch 76: Train Loss = -13.096504124728115, Validation RMSE = 0.7845420507332624
Epoch 77: Train Loss = -12.902946385470303, Validation RMSE = 0.8341484338640357
Epoch 77: Train Loss = -12.902946385470303, Validation RMSE = 0.8341484338640357
Epoch 78: Train Loss = -13.105860189958053, Validation RMSE = 0.7722844985488089
Epoch 78: Train Loss = -13.105860189958053, Validation RMSE = 0.7722844985488089
Epoch 79: Train Loss = -13.090238137678666, Validation RMSE = 0.8327507847353693
Epoch 79: Train Loss = -13.090238137678666, Validation RMSE = 0.8327507847353693
Epoch 80: Train Loss = -13.038020740855824, Validation RMSE = 0.7930818762849905
Epoch 80: Train Loss = -13.038020740855824, Validation RMSE = 0.7930818762849905
Epoch 81: Train Loss = -13.039664355191318, Validation RMSE = 0.7538430660635728
Epoch 81: Train Loss = -13.039664355191318, Validation RMSE = 0.7538430660635728
Epoch 82: Train Loss = -13.2239858453924, Validation RMSE = 0.760314800446511
Epoch 82: Train Loss = -13.2239858453924, Validation RMSE = 0.760314800446511
Epoch 83: Train Loss = -13.194751045920633, Validation RMSE = 0.7302191911589024
Epoch 83: Train Loss = -13.194751045920633, Validation RMSE = 0.7302191911589024
Epoch 84: Train Loss = -13.27381654219194, Validation RMSE = 0.7348904934946376
Epoch 84: Train Loss = -13.27381654219194, Validation RMSE = 0.7348904934946376
Epoch 85: Train Loss = -13.195194070989436, Validation RMSE = 0.7647838598272803
Epoch 85: Train Loss = -13.195194070989436, Validation RMSE = 0.7647838598272803
Epoch 86: Train Loss = -13.249468890103428, Validation RMSE = 0.7415048252678983
Epoch 86: Train Loss = -13.249468890103428, Validation RMSE = 0.7415048252678983
Epoch 87: Train Loss = -13.192865371704102, Validation RMSE = 0.7379078859528722
Epoch 87: Train Loss = -13.192865371704102, Validation RMSE = 0.7379078859528722
Epoch 88: Train Loss = -13.258889978582209, Validation RMSE = 0.7517385367036895
Epoch 88: Train Loss = -13.258889978582209, Validation RMSE = 0.7517385367036895
Epoch 89: Train Loss = -13.166024901650168, Validation RMSE = 0.7602309477588113
Epoch 89: Train Loss = -13.166024901650168, Validation RMSE = 0.7602309477588113
Epoch 90: Train Loss = -13.380939136851918, Validation RMSE = 0.7317474308252144
Epoch 90: Train Loss = -13.380939136851918, Validation RMSE = 0.7317474308252144
Epoch 91: Train Loss = -13.227657058022238, Validation RMSE = 0.7551944634575496
Epoch 91: Train Loss = -13.227657058022238, Validation RMSE = 0.7551944634575496
Epoch 92: Train Loss = -13.169564333829014, Validation RMSE = 0.7643394201031579
Epoch 92: Train Loss = -13.169564333829014, Validation RMSE = 0.7643394201031579
Epoch 93: Train Loss = -13.26567554473877, Validation RMSE = 0.8024344580609842
Epoch 93: Train Loss = -13.26567554473877, Validation RMSE = 0.8024344580609842
Epoch 94: Train Loss = -13.348541346463291, Validation RMSE = 0.789685738541862
Epoch 94: Train Loss = -13.348541346463291, Validation RMSE = 0.789685738541862
Epoch 95: Train Loss = -13.32285516912287, Validation RMSE = 0.7558786408269673
Epoch 95: Train Loss = -13.32285516912287, Validation RMSE = 0.7558786408269673
Epoch 96: Train Loss = -13.27902975949374, Validation RMSE = 0.7432614330486215
Epoch 96: Train Loss = -13.27902975949374, Validation RMSE = 0.7432614330486215
Epoch 97: Train Loss = -13.346065087751908, Validation RMSE = 0.7489329616501289
Epoch 97: Train Loss = -13.346065087751908, Validation RMSE = 0.7489329616501289
Epoch 98: Train Loss = -13.369503194635564, Validation RMSE = 0.7235114026391795
Epoch 98: Train Loss = -13.369503194635564, Validation RMSE = 0.7235114026391795
Epoch 99: Train Loss = -13.378967892039906, Validation RMSE = 0.7314862460914731
Epoch 99: Train Loss = -13.378967892039906, Validation RMSE = 0.7314862460914731
Epoch 100: Train Loss = -13.331101937727494, Validation RMSE = 0.7423782590745317
Epoch 100: Train Loss = -13.331101937727494, Validation RMSE = 0.7423782590745317
Epoch 101: Train Loss = -13.400622888044877, Validation RMSE = 0.7431717744259909
Epoch 101: Train Loss = -13.400622888044877, Validation RMSE = 0.7431717744259909
Epoch 102: Train Loss = -13.422490033236416, Validation RMSE = 0.7219509581904474
Epoch 102: Train Loss = -13.422490033236416, Validation RMSE = 0.7219509581904474
Epoch 103: Train Loss = -13.406845006075772, Validation RMSE = 0.7298449909416111
Epoch 103: Train Loss = -13.406845006075772, Validation RMSE = 0.7298449909416111
Epoch 104: Train Loss = -13.308879678899592, Validation RMSE = 0.7644348245657471
Epoch 104: Train Loss = -13.308879678899592, Validation RMSE = 0.7644348245657471
Epoch 105: Train Loss = -13.269405538385564, Validation RMSE = 0.7679994793488236
Epoch 105: Train Loss = -13.269405538385564, Validation RMSE = 0.7679994793488236
Epoch 106: Train Loss = -13.346327608281916, Validation RMSE = 0.7555267017401016
Epoch 106: Train Loss = -13.346327608281916, Validation RMSE = 0.7555267017401016
Epoch 107: Train Loss = -13.348208514126865, Validation RMSE = 0.7447577340181547
Epoch 107: Train Loss = -13.348208514126865, Validation RMSE = 0.7447577340181547
Epoch 108: Train Loss = -13.466132684187455, Validation RMSE = 0.7460851657202184
Epoch 108: Train Loss = -13.466132684187455, Validation RMSE = 0.7460851657202184
Epoch 109: Train Loss = -13.379767764698375, Validation RMSE = 0.7911116646420991
Epoch 109: Train Loss = -13.379767764698375, Validation RMSE = 0.7911116646420991
Epoch 110: Train Loss = -13.455288713628596, Validation RMSE = 0.7439433736699683
Epoch 110: Train Loss = -13.455288713628596, Validation RMSE = 0.7439433736699683
Epoch 111: Train Loss = -13.480145367709072, Validation RMSE = 0.7865423381568998
Epoch 111: Train Loss = -13.480145367709072, Validation RMSE = 0.7865423381568998
Epoch 112: Train Loss = -13.49424596266313, Validation RMSE = 0.7707000663330436
Epoch 112: Train Loss = -13.49424596266313, Validation RMSE = 0.7707000663330436
Epoch 113: Train Loss = -13.511517784812234, Validation RMSE = 0.7526942503577129
Epoch 113: Train Loss = -13.511517784812234, Validation RMSE = 0.7526942503577129
Epoch 114: Train Loss = -13.428167950023305, Validation RMSE = 0.7764243084315191
Epoch 114: Train Loss = -13.428167950023305, Validation RMSE = 0.7764243084315191
Epoch 115: Train Loss = -13.434972502968527, Validation RMSE = 0.7314260859349363
Epoch 115: Train Loss = -13.434972502968527, Validation RMSE = 0.7314260859349363
Epoch 116: Train Loss = -13.551361864263361, Validation RMSE = 0.741217137994711
Epoch 116: Train Loss = -13.551361864263361, Validation RMSE = 0.741217137994711
Epoch 117: Train Loss = -13.507206656716086, Validation RMSE = 0.7627064992697432
Epoch 117: Train Loss = -13.507206656716086, Validation RMSE = 0.7627064992697432
Epoch 118: Train Loss = -13.531890695745295, Validation RMSE = 0.7680183899665695
Epoch 118: Train Loss = -13.531890695745295, Validation RMSE = 0.7680183899665695
Epoch 119: Train Loss = -13.527890985662287, Validation RMSE = 0.7490535829541313
Epoch 119: Train Loss = -13.527890985662287, Validation RMSE = 0.7490535829541313
Epoch 120: Train Loss = -13.521100651134144, Validation RMSE = 0.7413262724999008
Epoch 120: Train Loss = -13.521100651134144, Validation RMSE = 0.7413262724999008
Epoch 121: Train Loss = -13.495983210476963, Validation RMSE = 0.7448863278191747
Epoch 121: Train Loss = -13.495983210476963, Validation RMSE = 0.7448863278191747
Epoch 122: Train Loss = -13.443830490112305, Validation RMSE = 0.7424176474481751
Epoch 122: Train Loss = -13.443830490112305, Validation RMSE = 0.7424176474481751
Epoch 123: Train Loss = -13.545927914706143, Validation RMSE = 0.7359614835998208
Epoch 123: Train Loss = -13.545927914706143, Validation RMSE = 0.7359614835998208
Epoch 124: Train Loss = -13.503325635736639, Validation RMSE = 0.7302668453577956
Epoch 124: Train Loss = -13.503325635736639, Validation RMSE = 0.7302668453577956
Epoch 125: Train Loss = -13.456062490289861, Validation RMSE = 0.7606971514507003
Epoch 125: Train Loss = -13.456062490289861, Validation RMSE = 0.7606971514507003
Epoch 126: Train Loss = -13.595266515558416, Validation RMSE = 0.7377319411117664
Epoch 126: Train Loss = -13.595266515558416, Validation RMSE = 0.7377319411117664
Epoch 127: Train Loss = -13.419096426530318, Validation RMSE = 0.745716498784985
Epoch 127: Train Loss = -13.419096426530318, Validation RMSE = 0.745716498784985
Epoch 128: Train Loss = -13.44290811365301, Validation RMSE = 0.7448528095554678
Epoch 128: Train Loss = -13.44290811365301, Validation RMSE = 0.7448528095554678
Epoch 129: Train Loss = -13.54659011147239, Validation RMSE = 0.7314568147724289
Epoch 129: Train Loss = -13.54659011147239, Validation RMSE = 0.7314568147724289
Epoch 130: Train Loss = -13.634369156577371, Validation RMSE = 0.7519528284257191
Epoch 130: Train Loss = -13.634369156577371, Validation RMSE = 0.7519528284257191
Epoch 131: Train Loss = -13.551159511912953, Validation RMSE = 0.7382627736072609
Epoch 131: Train Loss = -13.551159511912953, Validation RMSE = 0.7382627736072609
Epoch 132: Train Loss = -13.523791313171387, Validation RMSE = 0.7435636588443979
Epoch 132: Train Loss = -13.523791313171387, Validation RMSE = 0.7435636588443979
Epoch 133: Train Loss = -13.525962049310857, Validation RMSE = 0.7425505737049524
Epoch 133: Train Loss = -13.525962049310857, Validation RMSE = 0.7425505737049524
Epoch 134: Train Loss = -13.50681192224676, Validation RMSE = 0.7334238549086189
Epoch 134: Train Loss = -13.50681192224676, Validation RMSE = 0.7334238549086189
Epoch 135: Train Loss = -13.582840399308639, Validation RMSE = 0.7441856181255815
Epoch 135: Train Loss = -13.582840399308639, Validation RMSE = 0.7441856181255815
Epoch 136: Train Loss = -13.557568723505193, Validation RMSE = 0.7465483250694674
Epoch 136: Train Loss = -13.557568723505193, Validation RMSE = 0.7465483250694674
Epoch 137: Train Loss = -13.736690174449574, Validation RMSE = 0.7371617543544727
Epoch 137: Train Loss = -13.736690174449574, Validation RMSE = 0.7371617543544727
Epoch 138: Train Loss = -13.648979100314053, Validation RMSE = 0.7487891465580537
Epoch 138: Train Loss = -13.648979100314053, Validation RMSE = 0.7487891465580537
Epoch 139: Train Loss = -13.602008906277744, Validation RMSE = 0.7665469561320254
Epoch 139: Train Loss = -13.602008906277744, Validation RMSE = 0.7665469561320254
Epoch 140: Train Loss = -13.599026679992676, Validation RMSE = 0.7473371887405772
Epoch 140: Train Loss = -13.599026679992676, Validation RMSE = 0.7473371887405772
Epoch 141: Train Loss = -13.51144773309881, Validation RMSE = 0.7462970670285944
Epoch 141: Train Loss = -13.51144773309881, Validation RMSE = 0.7462970670285944
Epoch 142: Train Loss = -13.661996494640004, Validation RMSE = 0.749411164074664
Epoch 142: Train Loss = -13.661996494640004, Validation RMSE = 0.749411164074664
Epoch 143: Train Loss = -13.660784461281516, Validation RMSE = 0.7319922395181429
Epoch 143: Train Loss = -13.660784461281516, Validation RMSE = 0.7319922395181429
Epoch 144: Train Loss = -13.752972949634898, Validation RMSE = 0.7391274105331118
Epoch 144: Train Loss = -13.752972949634898, Validation RMSE = 0.7391274105331118
Epoch 145: Train Loss = -13.773120013150303, Validation RMSE = 0.7499892609466874
Epoch 145: Train Loss = -13.773120013150303, Validation RMSE = 0.7499892609466874
Epoch 146: Train Loss = -13.658283667130904, Validation RMSE = 0.7397139184877868
Epoch 146: Train Loss = -13.658283667130904, Validation RMSE = 0.7397139184877868
Epoch 147: Train Loss = -13.674551270224832, Validation RMSE = 0.7407814105269728
Epoch 147: Train Loss = -13.674551270224832, Validation RMSE = 0.7407814105269728
Epoch 148: Train Loss = -13.743765137412332, Validation RMSE = 0.7367427723645265
Epoch 148: Train Loss = -13.743765137412332, Validation RMSE = 0.7367427723645265
Epoch 149: Train Loss = -13.587674921209162, Validation RMSE = 0.7467917947174327
Epoch 149: Train Loss = -13.587674921209162, Validation RMSE = 0.7467917947174327
Epoch 150: Train Loss = -13.693019086664373, Validation RMSE = 0.7438183847505357
Epoch 150: Train Loss = -13.693019086664373, Validation RMSE = 0.7438183847505357
Epoch 151: Train Loss = -13.688809221441096, Validation RMSE = 0.7472168571409172
Epoch 151: Train Loss = -13.688809221441096, Validation RMSE = 0.7472168571409172
Epoch 152: Train Loss = -13.684925946322354, Validation RMSE = 0.7467023899499236
Epoch 152: Train Loss = -13.684925946322354, Validation RMSE = 0.7467023899499236
Epoch 153: Train Loss = -13.683063767173074, Validation RMSE = 0.7301808698127109
Epoch 153: Train Loss = -13.683063767173074, Validation RMSE = 0.7301808698127109
Epoch 154: Train Loss = -13.707876812327992, Validation RMSE = 0.7340759228885932
Epoch 154: Train Loss = -13.707876812327992, Validation RMSE = 0.7340759228885932
Epoch 155: Train Loss = -13.700579729947178, Validation RMSE = 0.7323350040173919
Epoch 155: Train Loss = -13.700579729947178, Validation RMSE = 0.7323350040173919
Epoch 156: Train Loss = -13.756149898875844, Validation RMSE = 0.7425313592704177
Epoch 156: Train Loss = -13.756149898875844, Validation RMSE = 0.7425313592704177
Epoch 157: Train Loss = -13.63549717989835, Validation RMSE = 0.7360573677871963
Epoch 157: Train Loss = -13.63549717989835, Validation RMSE = 0.7360573677871963
Epoch 158: Train Loss = -13.618999481201172, Validation RMSE = 0.7353309523964843
Epoch 158: Train Loss = -13.618999481201172, Validation RMSE = 0.7353309523964843
Epoch 159: Train Loss = -13.702597097917037, Validation RMSE = 0.7644383469704241
Epoch 159: Train Loss = -13.702597097917037, Validation RMSE = 0.7644383469704241
Epoch 160: Train Loss = -13.753159002824264, Validation RMSE = 0.7528093496613232
Epoch 160: Train Loss = -13.753159002824264, Validation RMSE = 0.7528093496613232
Epoch 161: Train Loss = -13.792968663302334, Validation RMSE = 0.7470603802670196
Epoch 161: Train Loss = -13.792968663302334, Validation RMSE = 0.7470603802670196
Epoch 162: Train Loss = -13.698159131136807, Validation RMSE = 0.73997078688561
Epoch 162: Train Loss = -13.698159131136807, Validation RMSE = 0.73997078688561
Epoch 163: Train Loss = -13.831514358520508, Validation RMSE = 0.7340018127060197
Epoch 163: Train Loss = -13.831514358520508, Validation RMSE = 0.7340018127060197
Epoch 164: Train Loss = -13.784371549432928, Validation RMSE = 0.730056822603159
Epoch 164: Train Loss = -13.784371549432928, Validation RMSE = 0.730056822603159
Epoch 165: Train Loss = -13.662539915605025, Validation RMSE = 0.7459320311468078
Epoch 165: Train Loss = -13.662539915605025, Validation RMSE = 0.7459320311468078
Epoch 166: Train Loss = -13.723996595902877, Validation RMSE = 0.749414765618742
Epoch 166: Train Loss = -13.723996595902877, Validation RMSE = 0.749414765618742
Epoch 167: Train Loss = -13.748079386624424, Validation RMSE = 0.7321755989344675
Epoch 167: Train Loss = -13.748079386624424, Validation RMSE = 0.7321755989344675
Epoch 168: Train Loss = -13.645861278880727, Validation RMSE = 0.7425360226135362
Epoch 168: Train Loss = -13.645861278880727, Validation RMSE = 0.7425360226135362
Epoch 169: Train Loss = -13.754979046908291, Validation RMSE = 0.7467857088051364
Epoch 169: Train Loss = -13.754979046908291, Validation RMSE = 0.7467857088051364
Epoch 170: Train Loss = -13.753928531299938, Validation RMSE = 0.7453399543954009
Epoch 170: Train Loss = -13.753928531299938, Validation RMSE = 0.7453399543954009
Epoch 171: Train Loss = -13.729454734108664, Validation RMSE = 0.740918583525894
Epoch 171: Train Loss = -13.729454734108664, Validation RMSE = 0.740918583525894
Epoch 172: Train Loss = -13.784412470730869, Validation RMSE = 0.7510916470894261
Epoch 172: Train Loss = -13.784412470730869, Validation RMSE = 0.7510916470894261
Epoch 173: Train Loss = -13.726094245910645, Validation RMSE = 0.7551559182523596
Epoch 173: Train Loss = -13.726094245910645, Validation RMSE = 0.7551559182523596
Epoch 174: Train Loss = -13.771612340753729, Validation RMSE = 0.7342925253228937
Epoch 174: Train Loss = -13.771612340753729, Validation RMSE = 0.7342925253228937
Epoch 175: Train Loss = -13.852493979714133, Validation RMSE = 0.7358112651860863
Epoch 175: Train Loss = -13.852493979714133, Validation RMSE = 0.7358112651860863
Epoch 176: Train Loss = -13.779223442077637, Validation RMSE = 0.7477453265434406
Epoch 176: Train Loss = -13.779223442077637, Validation RMSE = 0.7477453265434406
Epoch 177: Train Loss = -13.791931932622736, Validation RMSE = 0.7344602448855213
Epoch 177: Train Loss = -13.791931932622736, Validation RMSE = 0.7344602448855213
Epoch 178: Train Loss = -13.812761653553356, Validation RMSE = 0.7396454483123913
Epoch 178: Train Loss = -13.812761653553356, Validation RMSE = 0.7396454483123913
Epoch 179: Train Loss = -13.790406660600143, Validation RMSE = 0.7329968642712524
Epoch 179: Train Loss = -13.790406660600143, Validation RMSE = 0.7329968642712524
Epoch 180: Train Loss = -13.734948071566494, Validation RMSE = 0.7363344074016775
Epoch 180: Train Loss = -13.734948071566494, Validation RMSE = 0.7363344074016775
Epoch 181: Train Loss = -13.702460722489791, Validation RMSE = 0.7470362947937028
Epoch 181: Train Loss = -13.702460722489791, Validation RMSE = 0.7470362947937028
Epoch 182: Train Loss = -13.794956467368387, Validation RMSE = 0.7465064334954233
Epoch 182: Train Loss = -13.794956467368387, Validation RMSE = 0.7465064334954233
Epoch 183: Train Loss = -13.859329570423473, Validation RMSE = 0.7434289731681708
Epoch 183: Train Loss = -13.859329570423473, Validation RMSE = 0.7434289731681708
Epoch 184: Train Loss = -13.716617064042525, Validation RMSE = 0.7400717807088545
Epoch 184: Train Loss = -13.716617064042525, Validation RMSE = 0.7400717807088545
Epoch 185: Train Loss = -13.87450885772705, Validation RMSE = 0.7377048647792174
Epoch 185: Train Loss = -13.87450885772705, Validation RMSE = 0.7377048647792174
Epoch 186: Train Loss = -13.966775807467373, Validation RMSE = 0.7390073386788573
Epoch 186: Train Loss = -13.966775807467373, Validation RMSE = 0.7390073386788573
Epoch 187: Train Loss = -13.89981764013117, Validation RMSE = 0.7442394564751518
Epoch 187: Train Loss = -13.89981764013117, Validation RMSE = 0.7442394564751518
Epoch 188: Train Loss = -13.938630537553268, Validation RMSE = 0.7504629685022219
Epoch 188: Train Loss = -13.938630537553268, Validation RMSE = 0.7504629685022219
Epoch 189: Train Loss = -13.841181061484598, Validation RMSE = 0.7348139690486617
Epoch 189: Train Loss = -13.841181061484598, Validation RMSE = 0.7348139690486617
Epoch 190: Train Loss = -13.81469657204368, Validation RMSE = 0.7589716712058909
Epoch 190: Train Loss = -13.81469657204368, Validation RMSE = 0.7589716712058909
Epoch 191: Train Loss = -13.879604599692605, Validation RMSE = 0.7426726447990925
Epoch 191: Train Loss = -13.879604599692605, Validation RMSE = 0.7426726447990925
Epoch 192: Train Loss = -13.847198833118785, Validation RMSE = 0.7275520322450483
Epoch 192: Train Loss = -13.847198833118785, Validation RMSE = 0.7275520322450483
Epoch 193: Train Loss = -13.862466552040793, Validation RMSE = 0.728689026182105
Epoch 193: Train Loss = -13.862466552040793, Validation RMSE = 0.728689026182105
Epoch 194: Train Loss = -13.873703956604004, Validation RMSE = 0.7444304880799973
Epoch 194: Train Loss = -13.873703956604004, Validation RMSE = 0.7444304880799973
Epoch 195: Train Loss = -13.751774181019176, Validation RMSE = 0.7436944430396932
Epoch 195: Train Loss = -13.751774181019176, Validation RMSE = 0.7436944430396932
Epoch 196: Train Loss = -13.943318280306729, Validation RMSE = 0.7323519717887103
Epoch 196: Train Loss = -13.943318280306729, Validation RMSE = 0.7323519717887103
Epoch 197: Train Loss = -13.865549260919744, Validation RMSE = 0.7409820061660898
Epoch 197: Train Loss = -13.865549260919744, Validation RMSE = 0.7409820061660898
Epoch 198: Train Loss = -13.994014739990234, Validation RMSE = 0.7358187562616585
Epoch 198: Train Loss = -13.994014739990234, Validation RMSE = 0.7358187562616585
Epoch 199: Train Loss = -13.964885538274592, Validation RMSE = 0.7413297225777105
Epoch 199: Train Loss = -13.964885538274592, Validation RMSE = 0.7413297225777105
