{'activation': 'ReLU',
 'batch_size': 50,
 'cuda': True,
 'data_path': 'dataset/delaney.csv',
 'depth': 3,
 'epochs': 200,
 'ffn_hidden_size': 300,
 'ffn_num_layers': 2,
 'final_lr': 0.0001,
 'hidden_size': 300,
 'init_lr': 0.0001,
 'kl_weight': 1.0,
 'max_lr': 0.001,
 'regularization_scale': 0.0001,
 'sampling_size': 20,
 'save_dir': 'results\\cd\\delaney_checkpoints\\seed_456',
 'save_smiles_splits': False,
 'seed': 456,
 'split_sizes': [0.5, 0.2, 0.3],
 'split_type': 'random',
 'task_names': 'delaney',
 'train_strategy': 'cd',
 'warmup_epochs': 2.0}
{'activation': 'ReLU',
 'batch_size': 50,
 'cuda': True,
 'data_path': 'dataset/delaney.csv',
 'depth': 3,
 'epochs': 200,
 'ffn_hidden_size': 300,
 'ffn_num_layers': 2,
 'final_lr': 0.0001,
 'hidden_size': 300,
 'init_lr': 0.0001,
 'kl_weight': 1.0,
 'max_lr': 0.001,
 'regularization_scale': 0.0001,
 'sampling_size': 20,
 'save_dir': 'results\\cd\\delaney_checkpoints\\seed_456',
 'save_smiles_splits': False,
 'seed': 456,
 'split_sizes': [0.5, 0.2, 0.3],
 'split_type': 'random',
 'task_names': 'delaney',
 'train_strategy': 'cd',
 'warmup_epochs': 2.0}
Loading data...
Loading data...
Splitting data with seed 456
Splitting data with seed 456
Finish Loading and Splitting... Total size = 1,128 | train size = 564 | val size = 225 | test size = 339
Finish Loading and Splitting... Total size = 1,128 | train size = 564 | val size = 225 | test size = 339
Fitting scaler
Fitting scaler
Building model...
Building model...
Number of parameters = 355,206
Number of parameters = 355,206
Moving model to cuda
Moving model to cuda
Epoch 0: Train Loss = -2.181673515926708, Validation RMSE = 2.171500990709009
Epoch 0: Train Loss = -2.181673515926708, Validation RMSE = 2.171500990709009
Epoch 1: Train Loss = -2.5684827241030606, Validation RMSE = 2.104491283387133
Epoch 1: Train Loss = -2.5684827241030606, Validation RMSE = 2.104491283387133
Epoch 2: Train Loss = -2.738357435573231, Validation RMSE = 2.037312958514984
Epoch 2: Train Loss = -2.738357435573231, Validation RMSE = 2.037312958514984
Epoch 3: Train Loss = -2.877316041426225, Validation RMSE = 1.9143762898021501
Epoch 3: Train Loss = -2.877316041426225, Validation RMSE = 1.9143762898021501
Epoch 4: Train Loss = -2.9642945636402476, Validation RMSE = 1.8496010260237659
Epoch 4: Train Loss = -2.9642945636402476, Validation RMSE = 1.8496010260237659
Epoch 5: Train Loss = -3.076707059686834, Validation RMSE = 1.7563124264720502
Epoch 5: Train Loss = -3.076707059686834, Validation RMSE = 1.7563124264720502
Epoch 6: Train Loss = -3.1262878721410576, Validation RMSE = 1.77538684603433
Epoch 6: Train Loss = -3.1262878721410576, Validation RMSE = 1.77538684603433
Epoch 7: Train Loss = -3.1668045737526636, Validation RMSE = 1.7283997613487023
Epoch 7: Train Loss = -3.1668045737526636, Validation RMSE = 1.7283997613487023
Epoch 8: Train Loss = -3.230313539505005, Validation RMSE = 1.6773231567097153
Epoch 8: Train Loss = -3.230313539505005, Validation RMSE = 1.6773231567097153
Epoch 9: Train Loss = -3.316426472230391, Validation RMSE = 1.581608632381409
Epoch 9: Train Loss = -3.316426472230391, Validation RMSE = 1.581608632381409
Epoch 10: Train Loss = -3.3317038145932285, Validation RMSE = 1.5527793130247909
Epoch 10: Train Loss = -3.3317038145932285, Validation RMSE = 1.5527793130247909
Epoch 11: Train Loss = -3.376937519420277, Validation RMSE = 1.4984493070349312
Epoch 11: Train Loss = -3.376937519420277, Validation RMSE = 1.4984493070349312
Epoch 12: Train Loss = -3.400657307017933, Validation RMSE = 1.6226851753674165
Epoch 12: Train Loss = -3.400657307017933, Validation RMSE = 1.6226851753674165
Epoch 13: Train Loss = -3.4297546473416416, Validation RMSE = 1.4709501816692134
Epoch 13: Train Loss = -3.4297546473416416, Validation RMSE = 1.4709501816692134
Epoch 14: Train Loss = -3.388879104094072, Validation RMSE = 1.542371217254121
Epoch 14: Train Loss = -3.388879104094072, Validation RMSE = 1.542371217254121
Epoch 15: Train Loss = -3.2772888270291416, Validation RMSE = 1.5621399255437296
Epoch 15: Train Loss = -3.2772888270291416, Validation RMSE = 1.5621399255437296
Epoch 16: Train Loss = -3.4428805004466665, Validation RMSE = 1.46240561912709
Epoch 16: Train Loss = -3.4428805004466665, Validation RMSE = 1.46240561912709
Epoch 17: Train Loss = -3.5721758929165928, Validation RMSE = 1.4041694374685505
Epoch 17: Train Loss = -3.5721758929165928, Validation RMSE = 1.4041694374685505
Epoch 18: Train Loss = -3.492572957819158, Validation RMSE = 1.4353579284597038
Epoch 18: Train Loss = -3.492572957819158, Validation RMSE = 1.4353579284597038
Epoch 19: Train Loss = -3.595860394564542, Validation RMSE = 1.4493919379581233
Epoch 19: Train Loss = -3.595860394564542, Validation RMSE = 1.4493919379581233
Epoch 20: Train Loss = -3.504949613050981, Validation RMSE = 1.4762141813796963
Epoch 20: Train Loss = -3.504949613050981, Validation RMSE = 1.4762141813796963
Epoch 21: Train Loss = -3.443876721642234, Validation RMSE = 1.4416109293281205
Epoch 21: Train Loss = -3.443876721642234, Validation RMSE = 1.4416109293281205
Epoch 22: Train Loss = -3.500538782639937, Validation RMSE = 1.369991157551155
Epoch 22: Train Loss = -3.500538782639937, Validation RMSE = 1.369991157551155
Epoch 23: Train Loss = -3.523838303305886, Validation RMSE = 1.4519684919636442
Epoch 23: Train Loss = -3.523838303305886, Validation RMSE = 1.4519684919636442
Epoch 24: Train Loss = -3.6161834326657383, Validation RMSE = 1.3802247706980377
Epoch 24: Train Loss = -3.6161834326657383, Validation RMSE = 1.3802247706980377
Epoch 25: Train Loss = -3.574307680130005, Validation RMSE = 1.4113904598912979
Epoch 25: Train Loss = -3.574307680130005, Validation RMSE = 1.4113904598912979
Epoch 26: Train Loss = -3.5598170974037866, Validation RMSE = 1.3797759046436218
Epoch 26: Train Loss = -3.5598170974037866, Validation RMSE = 1.3797759046436218
Epoch 27: Train Loss = -3.6296334049918433, Validation RMSE = 1.3370752194883146
Epoch 27: Train Loss = -3.6296334049918433, Validation RMSE = 1.3370752194883146
Epoch 28: Train Loss = -3.557561831040816, Validation RMSE = 1.334113364557189
Epoch 28: Train Loss = -3.557561831040816, Validation RMSE = 1.334113364557189
Epoch 29: Train Loss = -3.6369792981581255, Validation RMSE = 1.3755624834781044
Epoch 29: Train Loss = -3.6369792981581255, Validation RMSE = 1.3755624834781044
Epoch 30: Train Loss = -3.6899359226226807, Validation RMSE = 1.3643303058421161
Epoch 30: Train Loss = -3.6899359226226807, Validation RMSE = 1.3643303058421161
Epoch 31: Train Loss = -3.552292216907848, Validation RMSE = 1.3677482035966138
Epoch 31: Train Loss = -3.552292216907848, Validation RMSE = 1.3677482035966138
Epoch 32: Train Loss = -3.6393512162295254, Validation RMSE = 1.315979951026423
Epoch 32: Train Loss = -3.6393512162295254, Validation RMSE = 1.315979951026423
Epoch 33: Train Loss = -3.7809609283100474, Validation RMSE = 1.3009102983215466
Epoch 33: Train Loss = -3.7809609283100474, Validation RMSE = 1.3009102983215466
Epoch 34: Train Loss = -3.691061410036954, Validation RMSE = 1.3535725905560212
Epoch 34: Train Loss = -3.691061410036954, Validation RMSE = 1.3535725905560212
Epoch 35: Train Loss = -3.698598124764182, Validation RMSE = 1.2985639394912127
Epoch 35: Train Loss = -3.698598124764182, Validation RMSE = 1.2985639394912127
Epoch 36: Train Loss = -3.851078748703003, Validation RMSE = 1.2825640152047055
Epoch 36: Train Loss = -3.851078748703003, Validation RMSE = 1.2825640152047055
Epoch 37: Train Loss = -3.724778717214411, Validation RMSE = 1.3014215738758161
Epoch 37: Train Loss = -3.724778717214411, Validation RMSE = 1.3014215738758161
Epoch 38: Train Loss = -3.734085949984464, Validation RMSE = 1.2496491258549696
Epoch 38: Train Loss = -3.734085949984464, Validation RMSE = 1.2496491258549696
Epoch 39: Train Loss = -3.805712938308716, Validation RMSE = 1.3081861228918643
Epoch 39: Train Loss = -3.805712938308716, Validation RMSE = 1.3081861228918643
Epoch 40: Train Loss = -3.8131672252308237, Validation RMSE = 1.2630054672153326
Epoch 40: Train Loss = -3.8131672252308237, Validation RMSE = 1.2630054672153326
Epoch 41: Train Loss = -3.7723554481159556, Validation RMSE = 1.268257002905288
Epoch 41: Train Loss = -3.7723554481159556, Validation RMSE = 1.268257002905288
Epoch 42: Train Loss = -3.822871143167669, Validation RMSE = 1.2187647256041174
Epoch 42: Train Loss = -3.822871143167669, Validation RMSE = 1.2187647256041174
Epoch 43: Train Loss = -3.811536810614846, Validation RMSE = 1.237743539353948
Epoch 43: Train Loss = -3.811536810614846, Validation RMSE = 1.237743539353948
Epoch 44: Train Loss = -3.7228090329603716, Validation RMSE = 1.30437827203176
Epoch 44: Train Loss = -3.7228090329603716, Validation RMSE = 1.30437827203176
Epoch 45: Train Loss = -3.786489161578092, Validation RMSE = 1.2358680730135585
Epoch 45: Train Loss = -3.786489161578092, Validation RMSE = 1.2358680730135585
Epoch 46: Train Loss = -3.795334230769764, Validation RMSE = 1.265044595712226
Epoch 46: Train Loss = -3.795334230769764, Validation RMSE = 1.265044595712226
Epoch 47: Train Loss = -3.8868719014254483, Validation RMSE = 1.3171603722179897
Epoch 47: Train Loss = -3.8868719014254483, Validation RMSE = 1.3171603722179897
Epoch 48: Train Loss = -3.7074768976731733, Validation RMSE = 1.2585286302892094
Epoch 48: Train Loss = -3.7074768976731733, Validation RMSE = 1.2585286302892094
Epoch 49: Train Loss = -3.7910397919741543, Validation RMSE = 1.2221753689465606
Epoch 49: Train Loss = -3.7910397919741543, Validation RMSE = 1.2221753689465606
Epoch 50: Train Loss = -3.9104450182481245, Validation RMSE = 1.1560620740116432
Epoch 50: Train Loss = -3.9104450182481245, Validation RMSE = 1.1560620740116432
Epoch 51: Train Loss = -3.716017896478826, Validation RMSE = 1.178213408960636
Epoch 51: Train Loss = -3.716017896478826, Validation RMSE = 1.178213408960636
Epoch 52: Train Loss = -3.890440659089522, Validation RMSE = 1.208857886209652
Epoch 52: Train Loss = -3.890440659089522, Validation RMSE = 1.208857886209652
Epoch 53: Train Loss = -3.95393891768022, Validation RMSE = 1.1556973948177403
Epoch 53: Train Loss = -3.95393891768022, Validation RMSE = 1.1556973948177403
Epoch 54: Train Loss = -3.9366604631597344, Validation RMSE = 1.1989445700385835
Epoch 54: Train Loss = -3.9366604631597344, Validation RMSE = 1.1989445700385835
Epoch 55: Train Loss = -3.943496812473644, Validation RMSE = 1.1840276512914651
Epoch 55: Train Loss = -3.943496812473644, Validation RMSE = 1.1840276512914651
Epoch 56: Train Loss = -3.9000686515461314, Validation RMSE = 1.1271771708574518
Epoch 56: Train Loss = -3.9000686515461314, Validation RMSE = 1.1271771708574518
Epoch 57: Train Loss = -3.998231194236062, Validation RMSE = 1.1976876043490923
Epoch 57: Train Loss = -3.998231194236062, Validation RMSE = 1.1976876043490923
Epoch 58: Train Loss = -3.8587452931837602, Validation RMSE = 1.1656859515720681
Epoch 58: Train Loss = -3.8587452931837602, Validation RMSE = 1.1656859515720681
Epoch 59: Train Loss = -3.8859940008683638, Validation RMSE = 1.100228682895309
Epoch 59: Train Loss = -3.8859940008683638, Validation RMSE = 1.100228682895309
Epoch 60: Train Loss = -3.994029543616555, Validation RMSE = 1.0988257439531404
Epoch 60: Train Loss = -3.994029543616555, Validation RMSE = 1.0988257439531404
Epoch 61: Train Loss = -3.7853026390075684, Validation RMSE = 1.1959629403350684
Epoch 61: Train Loss = -3.7853026390075684, Validation RMSE = 1.1959629403350684
Epoch 62: Train Loss = -3.9456146413629707, Validation RMSE = 1.2055864003180217
Epoch 62: Train Loss = -3.9456146413629707, Validation RMSE = 1.2055864003180217
Epoch 63: Train Loss = -3.851205435666171, Validation RMSE = 1.1602896809786425
Epoch 63: Train Loss = -3.851205435666171, Validation RMSE = 1.1602896809786425
Epoch 64: Train Loss = -3.909736915068193, Validation RMSE = 1.2635009050478765
Epoch 64: Train Loss = -3.909736915068193, Validation RMSE = 1.2635009050478765
Epoch 65: Train Loss = -3.9792415445501153, Validation RMSE = 1.1099485652797756
Epoch 65: Train Loss = -3.9792415445501153, Validation RMSE = 1.1099485652797756
Epoch 66: Train Loss = -3.969404112208973, Validation RMSE = 1.0935383561109302
Epoch 66: Train Loss = -3.969404112208973, Validation RMSE = 1.0935383561109302
Epoch 67: Train Loss = -3.9884390614249488, Validation RMSE = 1.1209473253893154
Epoch 67: Train Loss = -3.9884390614249488, Validation RMSE = 1.1209473253893154
Epoch 68: Train Loss = -4.0190347324718125, Validation RMSE = 1.0899235646691268
Epoch 68: Train Loss = -4.0190347324718125, Validation RMSE = 1.0899235646691268
Epoch 69: Train Loss = -3.9594439376484263, Validation RMSE = 1.136026726645986
Epoch 69: Train Loss = -3.9594439376484263, Validation RMSE = 1.136026726645986
Epoch 70: Train Loss = -3.999737176028165, Validation RMSE = 1.0922816844783838
Epoch 70: Train Loss = -3.999737176028165, Validation RMSE = 1.0922816844783838
Epoch 71: Train Loss = -3.9343859499151055, Validation RMSE = 1.1354724182321507
Epoch 71: Train Loss = -3.9343859499151055, Validation RMSE = 1.1354724182321507
Epoch 72: Train Loss = -4.031536687504161, Validation RMSE = 1.0929070615449994
Epoch 72: Train Loss = -4.031536687504161, Validation RMSE = 1.0929070615449994
Epoch 73: Train Loss = -3.9593958421186968, Validation RMSE = 1.0980931072920241
Epoch 73: Train Loss = -3.9593958421186968, Validation RMSE = 1.0980931072920241
Epoch 74: Train Loss = -4.01024941964583, Validation RMSE = 1.0915391961123724
Epoch 74: Train Loss = -4.01024941964583, Validation RMSE = 1.0915391961123724
Epoch 75: Train Loss = -4.059079256924716, Validation RMSE = 1.1469201592220704
Epoch 75: Train Loss = -4.059079256924716, Validation RMSE = 1.1469201592220704
Epoch 76: Train Loss = -3.990780331871726, Validation RMSE = 1.20355024113241
Epoch 76: Train Loss = -3.990780331871726, Validation RMSE = 1.20355024113241
Epoch 77: Train Loss = -3.954884897578846, Validation RMSE = 1.199744249090892
Epoch 77: Train Loss = -3.954884897578846, Validation RMSE = 1.199744249090892
Epoch 78: Train Loss = -4.0025459636341445, Validation RMSE = 1.0840642300489158
Epoch 78: Train Loss = -4.0025459636341445, Validation RMSE = 1.0840642300489158
Epoch 79: Train Loss = -3.9856407208876177, Validation RMSE = 1.083457293714214
Epoch 79: Train Loss = -3.9856407208876177, Validation RMSE = 1.083457293714214
Epoch 80: Train Loss = -4.038888085972179, Validation RMSE = 1.1359731252605925
Epoch 80: Train Loss = -4.038888085972179, Validation RMSE = 1.1359731252605925
Epoch 81: Train Loss = -4.106886386871338, Validation RMSE = 1.0987279412233835
Epoch 81: Train Loss = -4.106886386871338, Validation RMSE = 1.0987279412233835
Epoch 82: Train Loss = -4.076485655524514, Validation RMSE = 1.0547210255578583
Epoch 82: Train Loss = -4.076485655524514, Validation RMSE = 1.0547210255578583
Epoch 83: Train Loss = -4.114333911375566, Validation RMSE = 1.0963016451579153
Epoch 83: Train Loss = -4.114333911375566, Validation RMSE = 1.0963016451579153
Epoch 84: Train Loss = -4.075092532417991, Validation RMSE = 1.050272222270412
Epoch 84: Train Loss = -4.075092532417991, Validation RMSE = 1.050272222270412
Epoch 85: Train Loss = -4.041968822479248, Validation RMSE = 1.0710897323353428
Epoch 85: Train Loss = -4.041968822479248, Validation RMSE = 1.0710897323353428
Epoch 86: Train Loss = -4.079448656602339, Validation RMSE = 1.0474828288144857
Epoch 86: Train Loss = -4.079448656602339, Validation RMSE = 1.0474828288144857
Epoch 87: Train Loss = -4.085707772861827, Validation RMSE = 1.0266741228809013
Epoch 87: Train Loss = -4.085707772861827, Validation RMSE = 1.0266741228809013
Epoch 88: Train Loss = -4.1221678040244365, Validation RMSE = 1.0656068724624996
Epoch 88: Train Loss = -4.1221678040244365, Validation RMSE = 1.0656068724624996
Epoch 89: Train Loss = -4.1149937456304375, Validation RMSE = 1.0859815901332377
Epoch 89: Train Loss = -4.1149937456304375, Validation RMSE = 1.0859815901332377
Epoch 90: Train Loss = -4.146742734042081, Validation RMSE = 1.0177459373318058
Epoch 90: Train Loss = -4.146742734042081, Validation RMSE = 1.0177459373318058
Epoch 91: Train Loss = -4.157207358967174, Validation RMSE = 1.0560303613543356
Epoch 91: Train Loss = -4.157207358967174, Validation RMSE = 1.0560303613543356
Epoch 92: Train Loss = -4.1905105980959805, Validation RMSE = 1.081418917577737
Epoch 92: Train Loss = -4.1905105980959805, Validation RMSE = 1.081418917577737
Epoch 93: Train Loss = -4.070626974105835, Validation RMSE = 1.1173697362609918
Epoch 93: Train Loss = -4.070626974105835, Validation RMSE = 1.1173697362609918
Epoch 94: Train Loss = -4.09276387908242, Validation RMSE = 1.0656894595232338
Epoch 94: Train Loss = -4.09276387908242, Validation RMSE = 1.0656894595232338
Epoch 95: Train Loss = -4.2374771725047715, Validation RMSE = 1.0205940855424962
Epoch 95: Train Loss = -4.2374771725047715, Validation RMSE = 1.0205940855424962
Epoch 96: Train Loss = -4.222839420491999, Validation RMSE = 1.0146347390082344
Epoch 96: Train Loss = -4.222839420491999, Validation RMSE = 1.0146347390082344
Epoch 97: Train Loss = -3.9406955025412818, Validation RMSE = 1.070541564342172
Epoch 97: Train Loss = -3.9406955025412818, Validation RMSE = 1.070541564342172
Epoch 98: Train Loss = -4.109671115875244, Validation RMSE = 1.0561711064784094
Epoch 98: Train Loss = -4.109671115875244, Validation RMSE = 1.0561711064784094
Epoch 99: Train Loss = -4.099746162241155, Validation RMSE = 1.016806208532241
Epoch 99: Train Loss = -4.099746162241155, Validation RMSE = 1.016806208532241
Epoch 100: Train Loss = -4.049324187365445, Validation RMSE = 1.0538827746460875
Epoch 100: Train Loss = -4.049324187365445, Validation RMSE = 1.0538827746460875
Epoch 101: Train Loss = -4.089694088155573, Validation RMSE = 1.1282328002346473
Epoch 101: Train Loss = -4.089694088155573, Validation RMSE = 1.1282328002346473
Epoch 102: Train Loss = -4.081778136166659, Validation RMSE = 1.0672645702093806
Epoch 102: Train Loss = -4.081778136166659, Validation RMSE = 1.0672645702093806
Epoch 103: Train Loss = -4.091511314565485, Validation RMSE = 1.0372167215310633
Epoch 103: Train Loss = -4.091511314565485, Validation RMSE = 1.0372167215310633
Epoch 104: Train Loss = -4.113864356821233, Validation RMSE = 1.018495035341665
Epoch 104: Train Loss = -4.113864356821233, Validation RMSE = 1.018495035341665
Epoch 105: Train Loss = -4.113790165294301, Validation RMSE = 1.1091012240372213
Epoch 105: Train Loss = -4.113790165294301, Validation RMSE = 1.1091012240372213
Epoch 106: Train Loss = -4.095519325949929, Validation RMSE = 1.1797722086043825
Epoch 106: Train Loss = -4.095519325949929, Validation RMSE = 1.1797722086043825
Epoch 107: Train Loss = -4.0073252591219815, Validation RMSE = 1.0921822219157133
Epoch 107: Train Loss = -4.0073252591219815, Validation RMSE = 1.0921822219157133
Epoch 108: Train Loss = -4.116421699523926, Validation RMSE = 1.0690191245050942
Epoch 108: Train Loss = -4.116421699523926, Validation RMSE = 1.0690191245050942
Epoch 109: Train Loss = -4.237950346686623, Validation RMSE = 1.0294502242205457
Epoch 109: Train Loss = -4.237950346686623, Validation RMSE = 1.0294502242205457
Epoch 110: Train Loss = -4.177964448928833, Validation RMSE = 1.0328297346990816
Epoch 110: Train Loss = -4.177964448928833, Validation RMSE = 1.0328297346990816
Epoch 111: Train Loss = -4.092060609297319, Validation RMSE = 1.0385121622755373
Epoch 111: Train Loss = -4.092060609297319, Validation RMSE = 1.0385121622755373
Epoch 112: Train Loss = -4.188962828029286, Validation RMSE = 0.9910943178113004
Epoch 112: Train Loss = -4.188962828029286, Validation RMSE = 0.9910943178113004
Epoch 113: Train Loss = -4.1603829643943095, Validation RMSE = 1.025919098904724
Epoch 113: Train Loss = -4.1603829643943095, Validation RMSE = 1.025919098904724
Epoch 114: Train Loss = -4.212808869101784, Validation RMSE = 1.0413354257121574
Epoch 114: Train Loss = -4.212808869101784, Validation RMSE = 1.0413354257121574
Epoch 115: Train Loss = -4.225488142533735, Validation RMSE = 1.0048114752378137
Epoch 115: Train Loss = -4.225488142533735, Validation RMSE = 1.0048114752378137
Epoch 116: Train Loss = -4.1921187097376045, Validation RMSE = 0.9897944045576431
Epoch 116: Train Loss = -4.1921187097376045, Validation RMSE = 0.9897944045576431
Epoch 117: Train Loss = -4.125484423203901, Validation RMSE = 1.0352648339314765
Epoch 117: Train Loss = -4.125484423203901, Validation RMSE = 1.0352648339314765
Epoch 118: Train Loss = -4.214308565313166, Validation RMSE = 1.11279660846508
Epoch 118: Train Loss = -4.214308565313166, Validation RMSE = 1.11279660846508
Epoch 119: Train Loss = -4.203448187221181, Validation RMSE = 0.9893547922015817
Epoch 119: Train Loss = -4.203448187221181, Validation RMSE = 0.9893547922015817
Epoch 120: Train Loss = -4.206035830757835, Validation RMSE = 1.0327823187100171
Epoch 120: Train Loss = -4.206035830757835, Validation RMSE = 1.0327823187100171
Epoch 121: Train Loss = -4.139643625779585, Validation RMSE = 1.0882629592910233
Epoch 121: Train Loss = -4.139643625779585, Validation RMSE = 1.0882629592910233
Epoch 122: Train Loss = -4.23070630160245, Validation RMSE = 1.0310848052236579
Epoch 122: Train Loss = -4.23070630160245, Validation RMSE = 1.0310848052236579
Epoch 123: Train Loss = -4.185582789507779, Validation RMSE = 1.0302969501314694
Epoch 123: Train Loss = -4.185582789507779, Validation RMSE = 1.0302969501314694
Epoch 124: Train Loss = -4.2158988605846055, Validation RMSE = 0.9940327200316479
Epoch 124: Train Loss = -4.2158988605846055, Validation RMSE = 0.9940327200316479
Epoch 125: Train Loss = -4.3033575794913554, Validation RMSE = 1.0175861908846748
Epoch 125: Train Loss = -4.3033575794913554, Validation RMSE = 1.0175861908846748
Epoch 126: Train Loss = -4.2250872308557685, Validation RMSE = 1.0309013942180425
Epoch 126: Train Loss = -4.2250872308557685, Validation RMSE = 1.0309013942180425
Epoch 127: Train Loss = -4.222195083444769, Validation RMSE = 0.9830314830657324
Epoch 127: Train Loss = -4.222195083444769, Validation RMSE = 0.9830314830657324
Epoch 128: Train Loss = -4.198766534978693, Validation RMSE = 1.0093735072388355
Epoch 128: Train Loss = -4.198766534978693, Validation RMSE = 1.0093735072388355
Epoch 129: Train Loss = -4.262508869171143, Validation RMSE = 1.003673391007799
Epoch 129: Train Loss = -4.262508869171143, Validation RMSE = 1.003673391007799
Epoch 130: Train Loss = -4.236908522519198, Validation RMSE = 1.0179786765969525
Epoch 130: Train Loss = -4.236908522519198, Validation RMSE = 1.0179786765969525
Epoch 131: Train Loss = -4.235081585970792, Validation RMSE = 1.0255791623451445
Epoch 131: Train Loss = -4.235081585970792, Validation RMSE = 1.0255791623451445
Epoch 132: Train Loss = -4.314895521510731, Validation RMSE = 1.0040728987298326
Epoch 132: Train Loss = -4.314895521510731, Validation RMSE = 1.0040728987298326
Epoch 133: Train Loss = -4.241990176114169, Validation RMSE = 0.962918177095757
Epoch 133: Train Loss = -4.241990176114169, Validation RMSE = 0.962918177095757
Epoch 134: Train Loss = -4.267157771370628, Validation RMSE = 1.0207616513745583
Epoch 134: Train Loss = -4.267157771370628, Validation RMSE = 1.0207616513745583
Epoch 135: Train Loss = -4.301015550440008, Validation RMSE = 0.9989636927902039
Epoch 135: Train Loss = -4.301015550440008, Validation RMSE = 0.9989636927902039
Epoch 136: Train Loss = -4.326193614439531, Validation RMSE = 1.0124797987169083
Epoch 136: Train Loss = -4.326193614439531, Validation RMSE = 1.0124797987169083
Epoch 137: Train Loss = -4.178785410794345, Validation RMSE = 0.9947512422834627
Epoch 137: Train Loss = -4.178785410794345, Validation RMSE = 0.9947512422834627
Epoch 138: Train Loss = -4.2095887660980225, Validation RMSE = 1.0215945967048023
Epoch 138: Train Loss = -4.2095887660980225, Validation RMSE = 1.0215945967048023
Epoch 139: Train Loss = -4.110738320784136, Validation RMSE = 1.037634944202093
Epoch 139: Train Loss = -4.110738320784136, Validation RMSE = 1.037634944202093
Epoch 140: Train Loss = -4.250290133736351, Validation RMSE = 1.0142110786111662
Epoch 140: Train Loss = -4.250290133736351, Validation RMSE = 1.0142110786111662
Epoch 141: Train Loss = -4.248423923145641, Validation RMSE = 0.9894225180976076
Epoch 141: Train Loss = -4.248423923145641, Validation RMSE = 0.9894225180976076
Epoch 142: Train Loss = -4.247028589248657, Validation RMSE = 1.0318967193362147
Epoch 142: Train Loss = -4.247028589248657, Validation RMSE = 1.0318967193362147
Epoch 143: Train Loss = -4.320998278531161, Validation RMSE = 0.9995162853228261
Epoch 143: Train Loss = -4.320998278531161, Validation RMSE = 0.9995162853228261
Epoch 144: Train Loss = -4.163037386807528, Validation RMSE = 1.0333517807638235
Epoch 144: Train Loss = -4.163037386807528, Validation RMSE = 1.0333517807638235
Epoch 145: Train Loss = -4.276571143757213, Validation RMSE = 0.999905100965804
Epoch 145: Train Loss = -4.276571143757213, Validation RMSE = 0.999905100965804
Epoch 146: Train Loss = -4.270099943334406, Validation RMSE = 1.0296625761619687
Epoch 146: Train Loss = -4.270099943334406, Validation RMSE = 1.0296625761619687
Epoch 147: Train Loss = -4.328731601888483, Validation RMSE = 0.9907209491272315
Epoch 147: Train Loss = -4.328731601888483, Validation RMSE = 0.9907209491272315
Epoch 148: Train Loss = -4.330348535017534, Validation RMSE = 1.0110329099204125
Epoch 148: Train Loss = -4.330348535017534, Validation RMSE = 1.0110329099204125
Epoch 149: Train Loss = -4.2979257540269336, Validation RMSE = 0.9935595639203719
Epoch 149: Train Loss = -4.2979257540269336, Validation RMSE = 0.9935595639203719
Epoch 150: Train Loss = -4.363168846477162, Validation RMSE = 1.0396828651883978
Epoch 150: Train Loss = -4.363168846477162, Validation RMSE = 1.0396828651883978
Epoch 151: Train Loss = -4.3674891211769795, Validation RMSE = 0.9937165847090483
Epoch 151: Train Loss = -4.3674891211769795, Validation RMSE = 0.9937165847090483
Epoch 152: Train Loss = -4.253978534178301, Validation RMSE = 0.9859031683651905
Epoch 152: Train Loss = -4.253978534178301, Validation RMSE = 0.9859031683651905
Epoch 153: Train Loss = -4.325331926345825, Validation RMSE = 1.0017637381291444
Epoch 153: Train Loss = -4.325331926345825, Validation RMSE = 1.0017637381291444
Epoch 154: Train Loss = -4.268333825198087, Validation RMSE = 0.9802786257466197
Epoch 154: Train Loss = -4.268333825198087, Validation RMSE = 0.9802786257466197
Epoch 155: Train Loss = -4.309606227007779, Validation RMSE = 0.9909405880573077
Epoch 155: Train Loss = -4.309606227007779, Validation RMSE = 0.9909405880573077
Epoch 156: Train Loss = -4.250941471620039, Validation RMSE = 0.9895473591030287
Epoch 156: Train Loss = -4.250941471620039, Validation RMSE = 0.9895473591030287
Epoch 157: Train Loss = -4.26277063109658, Validation RMSE = 0.9939233629585302
Epoch 157: Train Loss = -4.26277063109658, Validation RMSE = 0.9939233629585302
Epoch 158: Train Loss = -4.29443190314553, Validation RMSE = 0.9914517679444991
Epoch 158: Train Loss = -4.29443190314553, Validation RMSE = 0.9914517679444991
Epoch 159: Train Loss = -4.210425593636253, Validation RMSE = 1.015289017110927
Epoch 159: Train Loss = -4.210425593636253, Validation RMSE = 1.015289017110927
Epoch 160: Train Loss = -4.295242482965643, Validation RMSE = 1.0052120068321504
Epoch 160: Train Loss = -4.295242482965643, Validation RMSE = 1.0052120068321504
Epoch 161: Train Loss = -4.3379857323386455, Validation RMSE = 0.9736955701828794
Epoch 161: Train Loss = -4.3379857323386455, Validation RMSE = 0.9736955701828794
Epoch 162: Train Loss = -4.402229569175026, Validation RMSE = 1.0161356381255704
Epoch 162: Train Loss = -4.402229569175026, Validation RMSE = 1.0161356381255704
Epoch 163: Train Loss = -4.343499161980369, Validation RMSE = 0.9926869409361084
Epoch 163: Train Loss = -4.343499161980369, Validation RMSE = 0.9926869409361084
Epoch 164: Train Loss = -4.308466586199674, Validation RMSE = 0.9914887765169509
Epoch 164: Train Loss = -4.308466586199674, Validation RMSE = 0.9914887765169509
Epoch 165: Train Loss = -4.282965053211559, Validation RMSE = 1.0029939534746308
Epoch 165: Train Loss = -4.282965053211559, Validation RMSE = 1.0029939534746308
Epoch 166: Train Loss = -4.346031665802002, Validation RMSE = 0.9719181332784677
Epoch 166: Train Loss = -4.346031665802002, Validation RMSE = 0.9719181332784677
Epoch 167: Train Loss = -4.338383848016912, Validation RMSE = 0.989267084756644
Epoch 167: Train Loss = -4.338383848016912, Validation RMSE = 0.989267084756644
Epoch 168: Train Loss = -4.299444632096724, Validation RMSE = 1.0079486098137045
Epoch 168: Train Loss = -4.299444632096724, Validation RMSE = 1.0079486098137045
Epoch 169: Train Loss = -4.328580206090754, Validation RMSE = 0.985966970697906
Epoch 169: Train Loss = -4.328580206090754, Validation RMSE = 0.985966970697906
Epoch 170: Train Loss = -4.363754879344594, Validation RMSE = 0.9800545700223094
Epoch 170: Train Loss = -4.363754879344594, Validation RMSE = 0.9800545700223094
Epoch 171: Train Loss = -4.405396396463567, Validation RMSE = 0.9609921162336321
Epoch 171: Train Loss = -4.405396396463567, Validation RMSE = 0.9609921162336321
Epoch 172: Train Loss = -4.394106994975697, Validation RMSE = 1.0385531041333693
Epoch 172: Train Loss = -4.394106994975697, Validation RMSE = 1.0385531041333693
Epoch 173: Train Loss = -4.383622906424782, Validation RMSE = 0.9934395917473933
Epoch 173: Train Loss = -4.383622906424782, Validation RMSE = 0.9934395917473933
Epoch 174: Train Loss = -4.384307037700307, Validation RMSE = 0.9797212592250274
Epoch 174: Train Loss = -4.384307037700307, Validation RMSE = 0.9797212592250274
Epoch 175: Train Loss = -4.300088600678877, Validation RMSE = 0.9711962723202338
Epoch 175: Train Loss = -4.300088600678877, Validation RMSE = 0.9711962723202338
Epoch 176: Train Loss = -4.38222074508667, Validation RMSE = 0.9991643748153458
Epoch 176: Train Loss = -4.38222074508667, Validation RMSE = 0.9991643748153458
Epoch 177: Train Loss = -4.2977025508880615, Validation RMSE = 0.9691013104300671
Epoch 177: Train Loss = -4.2977025508880615, Validation RMSE = 0.9691013104300671
Epoch 178: Train Loss = -4.384934750470248, Validation RMSE = 0.972444269383855
Epoch 178: Train Loss = -4.384934750470248, Validation RMSE = 0.972444269383855
Epoch 179: Train Loss = -4.399399280548096, Validation RMSE = 0.9746282034140962
Epoch 179: Train Loss = -4.399399280548096, Validation RMSE = 0.9746282034140962
Epoch 180: Train Loss = -4.405661756342107, Validation RMSE = 0.9730107247396267
Epoch 180: Train Loss = -4.405661756342107, Validation RMSE = 0.9730107247396267
Epoch 181: Train Loss = -4.332640691237017, Validation RMSE = 1.029561632520528
Epoch 181: Train Loss = -4.332640691237017, Validation RMSE = 1.029561632520528
Epoch 182: Train Loss = -4.392290115356445, Validation RMSE = 0.9700794834298673
Epoch 182: Train Loss = -4.392290115356445, Validation RMSE = 0.9700794834298673
Epoch 183: Train Loss = -4.363917697559703, Validation RMSE = 0.9773941032071182
Epoch 183: Train Loss = -4.363917697559703, Validation RMSE = 0.9773941032071182
Epoch 184: Train Loss = -4.352179852398959, Validation RMSE = 0.9708192684565378
Epoch 184: Train Loss = -4.352179852398959, Validation RMSE = 0.9708192684565378
Epoch 185: Train Loss = -4.256346160715276, Validation RMSE = 0.9598858629946041
Epoch 185: Train Loss = -4.256346160715276, Validation RMSE = 0.9598858629946041
Epoch 186: Train Loss = -4.4056550372730605, Validation RMSE = 0.9745127663067499
Epoch 186: Train Loss = -4.4056550372730605, Validation RMSE = 0.9745127663067499
Epoch 187: Train Loss = -4.347372401844371, Validation RMSE = 0.9562203309845734
Epoch 187: Train Loss = -4.347372401844371, Validation RMSE = 0.9562203309845734
Epoch 188: Train Loss = -4.286674196069891, Validation RMSE = 0.9584073573235944
Epoch 188: Train Loss = -4.286674196069891, Validation RMSE = 0.9584073573235944
Epoch 189: Train Loss = -4.3604069189591845, Validation RMSE = 0.9748985897838265
Epoch 189: Train Loss = -4.3604069189591845, Validation RMSE = 0.9748985897838265
Epoch 190: Train Loss = -4.358670711517334, Validation RMSE = 0.9463779222719236
Epoch 190: Train Loss = -4.358670711517334, Validation RMSE = 0.9463779222719236
Epoch 191: Train Loss = -4.381094759160822, Validation RMSE = 0.9678945924117288
Epoch 191: Train Loss = -4.381094759160822, Validation RMSE = 0.9678945924117288
Epoch 192: Train Loss = -4.337055921554565, Validation RMSE = 0.9482274384712082
Epoch 192: Train Loss = -4.337055921554565, Validation RMSE = 0.9482274384712082
Epoch 193: Train Loss = -4.350734667344526, Validation RMSE = 0.989852450589594
Epoch 193: Train Loss = -4.350734667344526, Validation RMSE = 0.989852450589594
Epoch 194: Train Loss = -4.258805144916881, Validation RMSE = 0.9463356802177292
Epoch 194: Train Loss = -4.258805144916881, Validation RMSE = 0.9463356802177292
Epoch 195: Train Loss = -4.2991250428286465, Validation RMSE = 0.9749363691561337
Epoch 195: Train Loss = -4.2991250428286465, Validation RMSE = 0.9749363691561337
Epoch 196: Train Loss = -4.372010707855225, Validation RMSE = 0.9639129772269474
Epoch 196: Train Loss = -4.372010707855225, Validation RMSE = 0.9639129772269474
Epoch 197: Train Loss = -4.282442309639671, Validation RMSE = 0.9582053569669134
Epoch 197: Train Loss = -4.282442309639671, Validation RMSE = 0.9582053569669134
Epoch 198: Train Loss = -4.417656118219549, Validation RMSE = 0.9611257000169466
Epoch 198: Train Loss = -4.417656118219549, Validation RMSE = 0.9611257000169466
Epoch 199: Train Loss = -4.320108760486949, Validation RMSE = 0.9617066582741152
Epoch 199: Train Loss = -4.320108760486949, Validation RMSE = 0.9617066582741152
