{'activation': 'ReLU',
 'batch_size': 50,
 'cuda': True,
 'data_path': 'dataset/delaney.csv',
 'depth': 3,
 'epochs': 200,
 'ffn_hidden_size': 300,
 'ffn_num_layers': 2,
 'final_lr': 0.0001,
 'hidden_size': 300,
 'init_lr': 0.0001,
 'kl_weight': 5.0,
 'max_lr': 0.001,
 'pretrain_encoder_path': 'results\\cl\\pretrain\\pretrain_encoder.pt',
 'regularization_scale': 0.0001,
 'sampling_size': 20,
 'save_dir': 'results\\cl\\rec+5.0_kl\\delaney_checkpoints\\seed_890',
 'save_smiles_splits': False,
 'seed': 890,
 'split_sizes': [0.5, 0.2, 0.3],
 'split_type': 'random',
 'task_names': 'delaney',
 'train_strategy': 'cl',
 'warmup_epochs': 2.0}
{'activation': 'ReLU',
 'batch_size': 50,
 'cuda': True,
 'data_path': 'dataset/delaney.csv',
 'depth': 3,
 'epochs': 200,
 'ffn_hidden_size': 300,
 'ffn_num_layers': 2,
 'final_lr': 0.0001,
 'hidden_size': 300,
 'init_lr': 0.0001,
 'kl_weight': 5.0,
 'max_lr': 0.001,
 'pretrain_encoder_path': 'results\\cl\\pretrain\\pretrain_encoder.pt',
 'regularization_scale': 0.0001,
 'sampling_size': 20,
 'save_dir': 'results\\cl\\rec+5.0_kl\\delaney_checkpoints\\seed_890',
 'save_smiles_splits': False,
 'seed': 890,
 'split_sizes': [0.5, 0.2, 0.3],
 'split_type': 'random',
 'task_names': 'delaney',
 'train_strategy': 'cl',
 'warmup_epochs': 2.0}
Loading data...
Loading data...
Splitting data with seed 890
Splitting data with seed 890
Finish Loading and Splitting... Total size = 1,128 | train size = 564 | val size = 225 | test size = 339
Finish Loading and Splitting... Total size = 1,128 | train size = 564 | val size = 225 | test size = 339
Fitting scaler
Fitting scaler
Building model...
Building model...
Number of parameters = 355,206
Number of parameters = 355,206
Loading pretrain MPNN Model...
Loading pretrain MPNN Model...
Moving model to cuda
Moving model to cuda
Epoch 0: Train Loss = -9.527741952375932, Validation RMSE = 1.9869110733710262
Epoch 0: Train Loss = -9.527741952375932, Validation RMSE = 1.9869110733710262
Epoch 1: Train Loss = -9.69339743527499, Validation RMSE = 1.7483475848007521
Epoch 1: Train Loss = -9.69339743527499, Validation RMSE = 1.7483475848007521
Epoch 2: Train Loss = -9.956744540821422, Validation RMSE = 1.5759020144162907
Epoch 2: Train Loss = -9.956744540821422, Validation RMSE = 1.5759020144162907
Epoch 3: Train Loss = -10.184008771722967, Validation RMSE = 1.4735300811382397
Epoch 3: Train Loss = -10.184008771722967, Validation RMSE = 1.4735300811382397
Epoch 4: Train Loss = -10.376220963217996, Validation RMSE = 1.589941537965139
Epoch 4: Train Loss = -10.376220963217996, Validation RMSE = 1.589941537965139
Epoch 5: Train Loss = -10.524744900790127, Validation RMSE = 1.3275109701933756
Epoch 5: Train Loss = -10.524744900790127, Validation RMSE = 1.3275109701933756
Epoch 6: Train Loss = -10.62361630526456, Validation RMSE = 1.314065078977439
Epoch 6: Train Loss = -10.62361630526456, Validation RMSE = 1.314065078977439
Epoch 7: Train Loss = -10.832671512256969, Validation RMSE = 1.1777136995580944
Epoch 7: Train Loss = -10.832671512256969, Validation RMSE = 1.1777136995580944
Epoch 8: Train Loss = -10.943446852944113, Validation RMSE = 1.1808696880481957
Epoch 8: Train Loss = -10.943446852944113, Validation RMSE = 1.1808696880481957
Epoch 9: Train Loss = -10.856572064486416, Validation RMSE = 1.204730394046336
Epoch 9: Train Loss = -10.856572064486416, Validation RMSE = 1.204730394046336
Epoch 10: Train Loss = -10.944869128140537, Validation RMSE = 1.1424137244543626
Epoch 10: Train Loss = -10.944869128140537, Validation RMSE = 1.1424137244543626
Epoch 11: Train Loss = -11.063943256031383, Validation RMSE = 1.0098579032803638
Epoch 11: Train Loss = -11.063943256031383, Validation RMSE = 1.0098579032803638
Epoch 12: Train Loss = -11.209513837640936, Validation RMSE = 0.9509783508223112
Epoch 12: Train Loss = -11.209513837640936, Validation RMSE = 0.9509783508223112
Epoch 13: Train Loss = -11.32788137956099, Validation RMSE = 0.9494175584472221
Epoch 13: Train Loss = -11.32788137956099, Validation RMSE = 0.9494175584472221
Epoch 14: Train Loss = -11.316215081648393, Validation RMSE = 0.9478927823445054
Epoch 14: Train Loss = -11.316215081648393, Validation RMSE = 0.9478927823445054
Epoch 15: Train Loss = -11.320071653886275, Validation RMSE = 0.9382258947953264
Epoch 15: Train Loss = -11.320071653886275, Validation RMSE = 0.9382258947953264
Epoch 16: Train Loss = -11.473870537497781, Validation RMSE = 0.9709855541585615
Epoch 16: Train Loss = -11.473870537497781, Validation RMSE = 0.9709855541585615
Epoch 17: Train Loss = -11.331612153486772, Validation RMSE = 1.0652896783982857
Epoch 17: Train Loss = -11.331612153486772, Validation RMSE = 1.0652896783982857
Epoch 18: Train Loss = -11.485923593694514, Validation RMSE = 0.933301684579555
Epoch 18: Train Loss = -11.485923593694514, Validation RMSE = 0.933301684579555
Epoch 19: Train Loss = -11.774716984141957, Validation RMSE = 0.9123566219339673
Epoch 19: Train Loss = -11.774716984141957, Validation RMSE = 0.9123566219339673
Epoch 20: Train Loss = -11.704026048833674, Validation RMSE = 0.9011318590384533
Epoch 20: Train Loss = -11.704026048833674, Validation RMSE = 0.9011318590384533
Epoch 21: Train Loss = -11.805163556879217, Validation RMSE = 0.9791516896300779
Epoch 21: Train Loss = -11.805163556879217, Validation RMSE = 0.9791516896300779
Epoch 22: Train Loss = -11.660699844360352, Validation RMSE = 0.8992011258113318
Epoch 22: Train Loss = -11.660699844360352, Validation RMSE = 0.8992011258113318
Epoch 23: Train Loss = -11.810320334001021, Validation RMSE = 0.9162041877965097
Epoch 23: Train Loss = -11.810320334001021, Validation RMSE = 0.9162041877965097
Epoch 24: Train Loss = -11.78898794000799, Validation RMSE = 0.9535562994980976
Epoch 24: Train Loss = -11.78898794000799, Validation RMSE = 0.9535562994980976
Epoch 25: Train Loss = -11.809990709478205, Validation RMSE = 0.8995870517100174
Epoch 25: Train Loss = -11.809990709478205, Validation RMSE = 0.8995870517100174
Epoch 26: Train Loss = -11.929882916537197, Validation RMSE = 0.8597486777309488
Epoch 26: Train Loss = -11.929882916537197, Validation RMSE = 0.8597486777309488
Epoch 27: Train Loss = -11.857644948092373, Validation RMSE = 0.9489487907770424
Epoch 27: Train Loss = -11.857644948092373, Validation RMSE = 0.9489487907770424
Epoch 28: Train Loss = -11.91292363947088, Validation RMSE = 0.9205223188957855
Epoch 28: Train Loss = -11.91292363947088, Validation RMSE = 0.9205223188957855
Epoch 29: Train Loss = -12.095074133439498, Validation RMSE = 0.8365831221434564
Epoch 29: Train Loss = -12.095074133439498, Validation RMSE = 0.8365831221434564
Epoch 30: Train Loss = -12.0546236038208, Validation RMSE = 0.8996431058120352
Epoch 30: Train Loss = -12.0546236038208, Validation RMSE = 0.8996431058120352
Epoch 31: Train Loss = -11.94167371229692, Validation RMSE = 0.8423447490316369
Epoch 31: Train Loss = -11.94167371229692, Validation RMSE = 0.8423447490316369
Epoch 32: Train Loss = -12.033907543529164, Validation RMSE = 0.833935238531368
Epoch 32: Train Loss = -12.033907543529164, Validation RMSE = 0.833935238531368
Epoch 33: Train Loss = -12.15305605801669, Validation RMSE = 0.8368449439202573
Epoch 33: Train Loss = -12.15305605801669, Validation RMSE = 0.8368449439202573
Epoch 34: Train Loss = -12.084068038246848, Validation RMSE = 0.8085847644425932
Epoch 34: Train Loss = -12.084068038246848, Validation RMSE = 0.8085847644425932
Epoch 35: Train Loss = -12.136957688765092, Validation RMSE = 0.9002008076754112
Epoch 35: Train Loss = -12.136957688765092, Validation RMSE = 0.9002008076754112
Epoch 36: Train Loss = -11.981157562949441, Validation RMSE = 0.8389470923158354
Epoch 36: Train Loss = -11.981157562949441, Validation RMSE = 0.8389470923158354
Epoch 37: Train Loss = -12.1745737249201, Validation RMSE = 0.7969783005122438
Epoch 37: Train Loss = -12.1745737249201, Validation RMSE = 0.7969783005122438
Epoch 38: Train Loss = -12.253631505099209, Validation RMSE = 0.7953946604692574
Epoch 38: Train Loss = -12.253631505099209, Validation RMSE = 0.7953946604692574
Epoch 39: Train Loss = -12.396091201088645, Validation RMSE = 0.8305006808586298
Epoch 39: Train Loss = -12.396091201088645, Validation RMSE = 0.8305006808586298
Epoch 40: Train Loss = -12.333426475524902, Validation RMSE = 0.8709357650634021
Epoch 40: Train Loss = -12.333426475524902, Validation RMSE = 0.8709357650634021
Epoch 41: Train Loss = -12.362103635614568, Validation RMSE = 0.8384493426979389
Epoch 41: Train Loss = -12.362103635614568, Validation RMSE = 0.8384493426979389
Epoch 42: Train Loss = -12.466845338994807, Validation RMSE = 0.847337660745967
Epoch 42: Train Loss = -12.466845338994807, Validation RMSE = 0.847337660745967
Epoch 43: Train Loss = -12.373194781216709, Validation RMSE = 0.8200903740957122
Epoch 43: Train Loss = -12.373194781216709, Validation RMSE = 0.8200903740957122
Epoch 44: Train Loss = -12.45820071480491, Validation RMSE = 0.9016103493488566
Epoch 44: Train Loss = -12.45820071480491, Validation RMSE = 0.9016103493488566
Epoch 45: Train Loss = -12.523880611766469, Validation RMSE = 0.7933360049336968
Epoch 45: Train Loss = -12.523880611766469, Validation RMSE = 0.7933360049336968
Epoch 46: Train Loss = -12.521076289090244, Validation RMSE = 0.843419943689905
Epoch 46: Train Loss = -12.521076289090244, Validation RMSE = 0.843419943689905
Epoch 47: Train Loss = -12.502045631408691, Validation RMSE = 0.8345190884122954
Epoch 47: Train Loss = -12.502045631408691, Validation RMSE = 0.8345190884122954
Epoch 48: Train Loss = -12.477726069363682, Validation RMSE = 0.8571351234451362
Epoch 48: Train Loss = -12.477726069363682, Validation RMSE = 0.8571351234451362
Epoch 49: Train Loss = -12.49023099379106, Validation RMSE = 0.8712041038947762
Epoch 49: Train Loss = -12.49023099379106, Validation RMSE = 0.8712041038947762
Epoch 50: Train Loss = -12.591414278203791, Validation RMSE = 0.8634280127745216
Epoch 50: Train Loss = -12.591414278203791, Validation RMSE = 0.8634280127745216
Epoch 51: Train Loss = -12.632537928494541, Validation RMSE = 0.8487001105284573
Epoch 51: Train Loss = -12.632537928494541, Validation RMSE = 0.8487001105284573
Epoch 52: Train Loss = -12.657471830194647, Validation RMSE = 0.8292674590332219
Epoch 52: Train Loss = -12.657471830194647, Validation RMSE = 0.8292674590332219
Epoch 53: Train Loss = -12.542278203097256, Validation RMSE = 0.81693448475667
Epoch 53: Train Loss = -12.542278203097256, Validation RMSE = 0.81693448475667
Epoch 54: Train Loss = -12.573470202359287, Validation RMSE = 0.896408656843162
Epoch 54: Train Loss = -12.573470202359287, Validation RMSE = 0.896408656843162
Epoch 55: Train Loss = -12.561510692943227, Validation RMSE = 0.8106967614588009
Epoch 55: Train Loss = -12.561510692943227, Validation RMSE = 0.8106967614588009
Epoch 56: Train Loss = -12.764021700078791, Validation RMSE = 0.9289462502000949
Epoch 56: Train Loss = -12.764021700078791, Validation RMSE = 0.9289462502000949
Epoch 57: Train Loss = -12.73775880986994, Validation RMSE = 0.8224754823103735
Epoch 57: Train Loss = -12.73775880986994, Validation RMSE = 0.8224754823103735
Epoch 58: Train Loss = -12.815963138233531, Validation RMSE = 0.804199951149537
Epoch 58: Train Loss = -12.815963138233531, Validation RMSE = 0.804199951149537
Epoch 59: Train Loss = -12.742925470525568, Validation RMSE = 0.8124552331061419
Epoch 59: Train Loss = -12.742925470525568, Validation RMSE = 0.8124552331061419
Epoch 60: Train Loss = -12.665725881403143, Validation RMSE = 0.9351805519560578
Epoch 60: Train Loss = -12.665725881403143, Validation RMSE = 0.9351805519560578
Epoch 61: Train Loss = -12.719704454595393, Validation RMSE = 0.8427774460735759
Epoch 61: Train Loss = -12.719704454595393, Validation RMSE = 0.8427774460735759
Epoch 62: Train Loss = -12.8256947777488, Validation RMSE = 0.8242994071663947
Epoch 62: Train Loss = -12.8256947777488, Validation RMSE = 0.8242994071663947
Epoch 63: Train Loss = -12.904958898370916, Validation RMSE = 0.8431397765448367
Epoch 63: Train Loss = -12.904958898370916, Validation RMSE = 0.8431397765448367
Epoch 64: Train Loss = -12.836350701072, Validation RMSE = 0.8819478959020095
Epoch 64: Train Loss = -12.836350701072, Validation RMSE = 0.8819478959020095
Epoch 65: Train Loss = -12.770992192355068, Validation RMSE = 0.8684153181618208
Epoch 65: Train Loss = -12.770992192355068, Validation RMSE = 0.8684153181618208
Epoch 66: Train Loss = -12.86565165086226, Validation RMSE = 0.8380946838042455
Epoch 66: Train Loss = -12.86565165086226, Validation RMSE = 0.8380946838042455
Epoch 67: Train Loss = -12.864913853732022, Validation RMSE = 0.7863532503777769
Epoch 67: Train Loss = -12.864913853732022, Validation RMSE = 0.7863532503777769
Epoch 68: Train Loss = -12.94523438540372, Validation RMSE = 0.7905736014265523
Epoch 68: Train Loss = -12.94523438540372, Validation RMSE = 0.7905736014265523
Epoch 69: Train Loss = -12.907103538513184, Validation RMSE = 0.9142966816920262
Epoch 69: Train Loss = -12.907103538513184, Validation RMSE = 0.9142966816920262
Epoch 70: Train Loss = -12.884778716347434, Validation RMSE = 0.8518396201684718
Epoch 70: Train Loss = -12.884778716347434, Validation RMSE = 0.8518396201684718
Epoch 71: Train Loss = -12.83916256644509, Validation RMSE = 0.8140916419485206
Epoch 71: Train Loss = -12.83916256644509, Validation RMSE = 0.8140916419485206
Epoch 72: Train Loss = -12.981860247525303, Validation RMSE = 0.7839827827241056
Epoch 72: Train Loss = -12.981860247525303, Validation RMSE = 0.7839827827241056
Epoch 73: Train Loss = -12.923248291015625, Validation RMSE = 0.7965628819787653
Epoch 73: Train Loss = -12.923248291015625, Validation RMSE = 0.7965628819787653
Epoch 74: Train Loss = -12.881077072837137, Validation RMSE = 0.8009715104102554
Epoch 74: Train Loss = -12.881077072837137, Validation RMSE = 0.8009715104102554
Epoch 75: Train Loss = -12.815834045410156, Validation RMSE = 0.8128566122266115
Epoch 75: Train Loss = -12.815834045410156, Validation RMSE = 0.8128566122266115
Epoch 76: Train Loss = -12.90393335169012, Validation RMSE = 0.8170397231925788
Epoch 76: Train Loss = -12.90393335169012, Validation RMSE = 0.8170397231925788
Epoch 77: Train Loss = -12.91221792047674, Validation RMSE = 0.8232365454891031
Epoch 77: Train Loss = -12.91221792047674, Validation RMSE = 0.8232365454891031
Epoch 78: Train Loss = -12.75864011591131, Validation RMSE = 0.8032205591294227
Epoch 78: Train Loss = -12.75864011591131, Validation RMSE = 0.8032205591294227
Epoch 79: Train Loss = -12.887708230452104, Validation RMSE = 0.801788093736779
Epoch 79: Train Loss = -12.887708230452104, Validation RMSE = 0.801788093736779
Epoch 80: Train Loss = -13.008273037997158, Validation RMSE = 0.7859337123732697
Epoch 80: Train Loss = -13.008273037997158, Validation RMSE = 0.7859337123732697
Epoch 81: Train Loss = -12.992353005842729, Validation RMSE = 0.828817436172009
Epoch 81: Train Loss = -12.992353005842729, Validation RMSE = 0.828817436172009
Epoch 82: Train Loss = -12.947465289722789, Validation RMSE = 0.874986311420178
Epoch 82: Train Loss = -12.947465289722789, Validation RMSE = 0.874986311420178
Epoch 83: Train Loss = -12.964693849736994, Validation RMSE = 0.8306940545309777
Epoch 83: Train Loss = -12.964693849736994, Validation RMSE = 0.8306940545309777
Epoch 84: Train Loss = -13.010631647976963, Validation RMSE = 0.8297906193840502
Epoch 84: Train Loss = -13.010631647976963, Validation RMSE = 0.8297906193840502
Epoch 85: Train Loss = -13.054916728626598, Validation RMSE = 0.7990859315661424
Epoch 85: Train Loss = -13.054916728626598, Validation RMSE = 0.7990859315661424
Epoch 86: Train Loss = -13.10695743560791, Validation RMSE = 0.8103438794456762
Epoch 86: Train Loss = -13.10695743560791, Validation RMSE = 0.8103438794456762
Epoch 87: Train Loss = -13.158571156588467, Validation RMSE = 0.7904818347313
Epoch 87: Train Loss = -13.158571156588467, Validation RMSE = 0.7904818347313
Epoch 88: Train Loss = -13.023637164722789, Validation RMSE = 0.7762318900169703
Epoch 88: Train Loss = -13.023637164722789, Validation RMSE = 0.7762318900169703
Epoch 89: Train Loss = -13.14667086167769, Validation RMSE = 0.7883585392820446
Epoch 89: Train Loss = -13.14667086167769, Validation RMSE = 0.7883585392820446
Epoch 90: Train Loss = -13.099365321072666, Validation RMSE = 0.7610696055474925
Epoch 90: Train Loss = -13.099365321072666, Validation RMSE = 0.7610696055474925
Epoch 91: Train Loss = -13.215763612227006, Validation RMSE = 0.8061062629275746
Epoch 91: Train Loss = -13.215763612227006, Validation RMSE = 0.8061062629275746
Epoch 92: Train Loss = -13.036325454711914, Validation RMSE = 0.8552558617868399
Epoch 92: Train Loss = -13.036325454711914, Validation RMSE = 0.8552558617868399
Epoch 93: Train Loss = -13.120170766657049, Validation RMSE = 0.8672547772897942
Epoch 93: Train Loss = -13.120170766657049, Validation RMSE = 0.8672547772897942
Epoch 94: Train Loss = -13.116476665843617, Validation RMSE = 0.7862788458397066
Epoch 94: Train Loss = -13.116476665843617, Validation RMSE = 0.7862788458397066
Epoch 95: Train Loss = -13.203920797868209, Validation RMSE = 0.8043997049473788
Epoch 95: Train Loss = -13.203920797868209, Validation RMSE = 0.8043997049473788
Epoch 96: Train Loss = -13.297238436612217, Validation RMSE = 0.802134272004264
Epoch 96: Train Loss = -13.297238436612217, Validation RMSE = 0.802134272004264
Epoch 97: Train Loss = -13.19866249778054, Validation RMSE = 0.8050249768527703
Epoch 97: Train Loss = -13.19866249778054, Validation RMSE = 0.8050249768527703
Epoch 98: Train Loss = -13.159560376947576, Validation RMSE = 0.82869139241387
Epoch 98: Train Loss = -13.159560376947576, Validation RMSE = 0.82869139241387
Epoch 99: Train Loss = -13.269094813953746, Validation RMSE = 0.8071865840424066
Epoch 99: Train Loss = -13.269094813953746, Validation RMSE = 0.8071865840424066
Epoch 100: Train Loss = -13.171929706226695, Validation RMSE = 0.8014454466605706
Epoch 100: Train Loss = -13.171929706226695, Validation RMSE = 0.8014454466605706
Epoch 101: Train Loss = -13.128157008777965, Validation RMSE = 0.7780029442144885
Epoch 101: Train Loss = -13.128157008777965, Validation RMSE = 0.7780029442144885
Epoch 102: Train Loss = -13.177457636052912, Validation RMSE = 0.793773571110335
Epoch 102: Train Loss = -13.177457636052912, Validation RMSE = 0.793773571110335
Epoch 103: Train Loss = -13.100006797096945, Validation RMSE = 0.8303227389349238
Epoch 103: Train Loss = -13.100006797096945, Validation RMSE = 0.8303227389349238
Epoch 104: Train Loss = -13.17899157784202, Validation RMSE = 0.7762913760728689
Epoch 104: Train Loss = -13.17899157784202, Validation RMSE = 0.7762913760728689
Epoch 105: Train Loss = -13.18437385559082, Validation RMSE = 0.8141592140016948
Epoch 105: Train Loss = -13.18437385559082, Validation RMSE = 0.8141592140016948
Epoch 106: Train Loss = -13.320723360235041, Validation RMSE = 0.758608553536704
Epoch 106: Train Loss = -13.320723360235041, Validation RMSE = 0.758608553536704
Epoch 107: Train Loss = -13.2313195141879, Validation RMSE = 0.9179884038962272
Epoch 107: Train Loss = -13.2313195141879, Validation RMSE = 0.9179884038962272
Epoch 108: Train Loss = -13.106762452559037, Validation RMSE = 0.8623529055987948
Epoch 108: Train Loss = -13.106762452559037, Validation RMSE = 0.8623529055987948
Epoch 109: Train Loss = -13.225598508661443, Validation RMSE = 0.8024021306510285
Epoch 109: Train Loss = -13.225598508661443, Validation RMSE = 0.8024021306510285
Epoch 110: Train Loss = -13.287459200078791, Validation RMSE = 0.7969559515974783
Epoch 110: Train Loss = -13.287459200078791, Validation RMSE = 0.7969559515974783
Epoch 111: Train Loss = -13.38506083054976, Validation RMSE = 0.8093161245274694
Epoch 111: Train Loss = -13.38506083054976, Validation RMSE = 0.8093161245274694
Epoch 112: Train Loss = -13.284234653819691, Validation RMSE = 0.8077807772152094
Epoch 112: Train Loss = -13.284234653819691, Validation RMSE = 0.8077807772152094
Epoch 113: Train Loss = -13.352492332458496, Validation RMSE = 0.8013987906999416
Epoch 113: Train Loss = -13.352492332458496, Validation RMSE = 0.8013987906999416
Epoch 114: Train Loss = -13.221257209777832, Validation RMSE = 0.7923983198721585
Epoch 114: Train Loss = -13.221257209777832, Validation RMSE = 0.7923983198721585
Epoch 115: Train Loss = -13.282271385192871, Validation RMSE = 0.7636638955863451
Epoch 115: Train Loss = -13.282271385192871, Validation RMSE = 0.7636638955863451
Epoch 116: Train Loss = -13.232600212097168, Validation RMSE = 0.773562658526199
Epoch 116: Train Loss = -13.232600212097168, Validation RMSE = 0.773562658526199
Epoch 117: Train Loss = -13.336620937694203, Validation RMSE = 0.7976207256221106
Epoch 117: Train Loss = -13.336620937694203, Validation RMSE = 0.7976207256221106
Epoch 118: Train Loss = -13.392889889803799, Validation RMSE = 0.7564300376475999
Epoch 118: Train Loss = -13.392889889803799, Validation RMSE = 0.7564300376475999
Epoch 119: Train Loss = -13.387200008739125, Validation RMSE = 0.8420319671731042
Epoch 119: Train Loss = -13.387200008739125, Validation RMSE = 0.8420319671731042
Epoch 120: Train Loss = -13.280055566267533, Validation RMSE = 0.7896724184378299
Epoch 120: Train Loss = -13.280055566267533, Validation RMSE = 0.7896724184378299
Epoch 121: Train Loss = -13.31935301694003, Validation RMSE = 0.815713190967555
Epoch 121: Train Loss = -13.31935301694003, Validation RMSE = 0.815713190967555
Epoch 122: Train Loss = -13.277084263888272, Validation RMSE = 0.7755558047799193
Epoch 122: Train Loss = -13.277084263888272, Validation RMSE = 0.7755558047799193
Epoch 123: Train Loss = -13.470237558538264, Validation RMSE = 0.7835692860813842
Epoch 123: Train Loss = -13.470237558538264, Validation RMSE = 0.7835692860813842
Epoch 124: Train Loss = -13.293600255792791, Validation RMSE = 0.8091328063618183
Epoch 124: Train Loss = -13.293600255792791, Validation RMSE = 0.8091328063618183
Epoch 125: Train Loss = -13.27837085723877, Validation RMSE = 0.7985662309831328
Epoch 125: Train Loss = -13.27837085723877, Validation RMSE = 0.7985662309831328
Epoch 126: Train Loss = -13.364041155034846, Validation RMSE = 0.782315470944202
Epoch 126: Train Loss = -13.364041155034846, Validation RMSE = 0.782315470944202
Epoch 127: Train Loss = -13.386421116915615, Validation RMSE = 0.7747325966401688
Epoch 127: Train Loss = -13.386421116915615, Validation RMSE = 0.7747325966401688
Epoch 128: Train Loss = -13.402758598327637, Validation RMSE = 0.8521350873486926
Epoch 128: Train Loss = -13.402758598327637, Validation RMSE = 0.8521350873486926
Epoch 129: Train Loss = -13.384835936806418, Validation RMSE = 0.7988493565085971
Epoch 129: Train Loss = -13.384835936806418, Validation RMSE = 0.7988493565085971
Epoch 130: Train Loss = -13.387785131281072, Validation RMSE = 0.808145420732866
Epoch 130: Train Loss = -13.387785131281072, Validation RMSE = 0.808145420732866
Epoch 131: Train Loss = -13.556614875793457, Validation RMSE = 0.7700562706604669
Epoch 131: Train Loss = -13.556614875793457, Validation RMSE = 0.7700562706604669
Epoch 132: Train Loss = -13.500933820551092, Validation RMSE = 0.7639613568758401
Epoch 132: Train Loss = -13.500933820551092, Validation RMSE = 0.7639613568758401
Epoch 133: Train Loss = -13.414199308915572, Validation RMSE = 0.7915320019763005
Epoch 133: Train Loss = -13.414199308915572, Validation RMSE = 0.7915320019763005
Epoch 134: Train Loss = -13.434130842035467, Validation RMSE = 0.7441671264845426
Epoch 134: Train Loss = -13.434130842035467, Validation RMSE = 0.7441671264845426
Epoch 135: Train Loss = -13.43271220814098, Validation RMSE = 0.7381438903050024
Epoch 135: Train Loss = -13.43271220814098, Validation RMSE = 0.7381438903050024
Epoch 136: Train Loss = -13.501129323785955, Validation RMSE = 0.7943911241235958
Epoch 136: Train Loss = -13.501129323785955, Validation RMSE = 0.7943911241235958
Epoch 137: Train Loss = -13.306987242265182, Validation RMSE = 0.7754024066257494
Epoch 137: Train Loss = -13.306987242265182, Validation RMSE = 0.7754024066257494
Epoch 138: Train Loss = -13.570388620549982, Validation RMSE = 0.7585459614913366
Epoch 138: Train Loss = -13.570388620549982, Validation RMSE = 0.7585459614913366
Epoch 139: Train Loss = -13.489614313299006, Validation RMSE = 0.7407279962891157
Epoch 139: Train Loss = -13.489614313299006, Validation RMSE = 0.7407279962891157
Epoch 140: Train Loss = -13.507702567360617, Validation RMSE = 0.7986878106857087
Epoch 140: Train Loss = -13.507702567360617, Validation RMSE = 0.7986878106857087
Epoch 141: Train Loss = -13.454501498829234, Validation RMSE = 0.7669973686397927
Epoch 141: Train Loss = -13.454501498829234, Validation RMSE = 0.7669973686397927
Epoch 142: Train Loss = -13.47638953815807, Validation RMSE = 0.7698817018606396
Epoch 142: Train Loss = -13.47638953815807, Validation RMSE = 0.7698817018606396
Epoch 143: Train Loss = -13.466967756097967, Validation RMSE = 0.7508700603552508
Epoch 143: Train Loss = -13.466967756097967, Validation RMSE = 0.7508700603552508
Epoch 144: Train Loss = -13.45366096496582, Validation RMSE = 0.754751730478397
Epoch 144: Train Loss = -13.45366096496582, Validation RMSE = 0.754751730478397
Epoch 145: Train Loss = -13.601956800981002, Validation RMSE = 0.7593763463550803
Epoch 145: Train Loss = -13.601956800981002, Validation RMSE = 0.7593763463550803
Epoch 146: Train Loss = -13.364350752397018, Validation RMSE = 0.7601620239370684
Epoch 146: Train Loss = -13.364350752397018, Validation RMSE = 0.7601620239370684
Epoch 147: Train Loss = -13.50826376134699, Validation RMSE = 0.7787937055992779
Epoch 147: Train Loss = -13.50826376134699, Validation RMSE = 0.7787937055992779
Epoch 148: Train Loss = -13.499207756736062, Validation RMSE = 0.7736378046339697
Epoch 148: Train Loss = -13.499207756736062, Validation RMSE = 0.7736378046339697
Epoch 149: Train Loss = -13.559967301108621, Validation RMSE = 0.797425466526121
Epoch 149: Train Loss = -13.559967301108621, Validation RMSE = 0.797425466526121
Epoch 150: Train Loss = -13.55981800772927, Validation RMSE = 0.7903439477753103
Epoch 150: Train Loss = -13.55981800772927, Validation RMSE = 0.7903439477753103
Epoch 151: Train Loss = -13.456926519220525, Validation RMSE = 0.7617701733507017
Epoch 151: Train Loss = -13.456926519220525, Validation RMSE = 0.7617701733507017
Epoch 152: Train Loss = -13.508016152815385, Validation RMSE = 0.7756962473250368
Epoch 152: Train Loss = -13.508016152815385, Validation RMSE = 0.7756962473250368
Epoch 153: Train Loss = -13.500314452431418, Validation RMSE = 0.763116414082987
Epoch 153: Train Loss = -13.500314452431418, Validation RMSE = 0.763116414082987
Epoch 154: Train Loss = -13.533207893371582, Validation RMSE = 0.752511136050429
Epoch 154: Train Loss = -13.533207893371582, Validation RMSE = 0.752511136050429
Epoch 155: Train Loss = -13.588604493574662, Validation RMSE = 0.7562481956885568
Epoch 155: Train Loss = -13.588604493574662, Validation RMSE = 0.7562481956885568
Epoch 156: Train Loss = -13.449563286521219, Validation RMSE = 0.7678657610703041
Epoch 156: Train Loss = -13.449563286521219, Validation RMSE = 0.7678657610703041
Epoch 157: Train Loss = -13.49180420962247, Validation RMSE = 0.7701174717153687
Epoch 157: Train Loss = -13.49180420962247, Validation RMSE = 0.7701174717153687
Epoch 158: Train Loss = -13.502591479908336, Validation RMSE = 0.7922101639676995
Epoch 158: Train Loss = -13.502591479908336, Validation RMSE = 0.7922101639676995
Epoch 159: Train Loss = -13.378842874006791, Validation RMSE = 0.7538550874921897
Epoch 159: Train Loss = -13.378842874006791, Validation RMSE = 0.7538550874921897
Epoch 160: Train Loss = -13.527622743086381, Validation RMSE = 0.7444114564108881
Epoch 160: Train Loss = -13.527622743086381, Validation RMSE = 0.7444114564108881
Epoch 161: Train Loss = -13.596403642134232, Validation RMSE = 0.7575845298402786
Epoch 161: Train Loss = -13.596403642134232, Validation RMSE = 0.7575845298402786
Epoch 162: Train Loss = -13.454343275590377, Validation RMSE = 0.7798777570387022
Epoch 162: Train Loss = -13.454343275590377, Validation RMSE = 0.7798777570387022
Epoch 163: Train Loss = -13.480056155811656, Validation RMSE = 0.7568179317650159
Epoch 163: Train Loss = -13.480056155811656, Validation RMSE = 0.7568179317650159
Epoch 164: Train Loss = -13.599755894054066, Validation RMSE = 0.7376277472821006
Epoch 164: Train Loss = -13.599755894054066, Validation RMSE = 0.7376277472821006
Epoch 165: Train Loss = -13.45389192754572, Validation RMSE = 0.7566632623372636
Epoch 165: Train Loss = -13.45389192754572, Validation RMSE = 0.7566632623372636
Epoch 166: Train Loss = -13.434992096640848, Validation RMSE = 0.775698951151753
Epoch 166: Train Loss = -13.434992096640848, Validation RMSE = 0.775698951151753
Epoch 167: Train Loss = -13.596076185053045, Validation RMSE = 0.7419735142690917
Epoch 167: Train Loss = -13.596076185053045, Validation RMSE = 0.7419735142690917
Epoch 168: Train Loss = -13.618706876581365, Validation RMSE = 0.7601270727393972
Epoch 168: Train Loss = -13.618706876581365, Validation RMSE = 0.7601270727393972
Epoch 169: Train Loss = -13.529175238175826, Validation RMSE = 0.7402247175869018
Epoch 169: Train Loss = -13.529175238175826, Validation RMSE = 0.7402247175869018
Epoch 170: Train Loss = -13.537507664073598, Validation RMSE = 0.7665858270716935
Epoch 170: Train Loss = -13.537507664073598, Validation RMSE = 0.7665858270716935
Epoch 171: Train Loss = -13.591888080943715, Validation RMSE = 0.7474969713021633
Epoch 171: Train Loss = -13.591888080943715, Validation RMSE = 0.7474969713021633
Epoch 172: Train Loss = -13.5700571753762, Validation RMSE = 0.7721382824679192
Epoch 172: Train Loss = -13.5700571753762, Validation RMSE = 0.7721382824679192
Epoch 173: Train Loss = -13.636433254588734, Validation RMSE = 0.7813747983973341
Epoch 173: Train Loss = -13.636433254588734, Validation RMSE = 0.7813747983973341
Epoch 174: Train Loss = -13.596953998912465, Validation RMSE = 0.7572009832663111
Epoch 174: Train Loss = -13.596953998912465, Validation RMSE = 0.7572009832663111
Epoch 175: Train Loss = -13.667599764737217, Validation RMSE = 0.7438969289532069
Epoch 175: Train Loss = -13.667599764737217, Validation RMSE = 0.7438969289532069
Epoch 176: Train Loss = -13.715406157753684, Validation RMSE = 0.7551804172601332
Epoch 176: Train Loss = -13.715406157753684, Validation RMSE = 0.7551804172601332
Epoch 177: Train Loss = -13.550647302107377, Validation RMSE = 0.7535767397461713
Epoch 177: Train Loss = -13.550647302107377, Validation RMSE = 0.7535767397461713
Epoch 178: Train Loss = -13.67082457108931, Validation RMSE = 0.7654519445757907
Epoch 178: Train Loss = -13.67082457108931, Validation RMSE = 0.7654519445757907
Epoch 179: Train Loss = -13.701570597561924, Validation RMSE = 0.7357090103119555
Epoch 179: Train Loss = -13.701570597561924, Validation RMSE = 0.7357090103119555
Epoch 180: Train Loss = -13.706134709444912, Validation RMSE = 0.7607505256791613
Epoch 180: Train Loss = -13.706134709444912, Validation RMSE = 0.7607505256791613
Epoch 181: Train Loss = -13.68869365345348, Validation RMSE = 0.7628142900177183
Epoch 181: Train Loss = -13.68869365345348, Validation RMSE = 0.7628142900177183
Epoch 182: Train Loss = -13.571086536754262, Validation RMSE = 0.7328528933135992
Epoch 182: Train Loss = -13.571086536754262, Validation RMSE = 0.7328528933135992
Epoch 183: Train Loss = -13.67300761829723, Validation RMSE = 0.7608844459898633
Epoch 183: Train Loss = -13.67300761829723, Validation RMSE = 0.7608844459898633
Epoch 184: Train Loss = -13.626458514820445, Validation RMSE = 0.7471411378249625
Epoch 184: Train Loss = -13.626458514820445, Validation RMSE = 0.7471411378249625
Epoch 185: Train Loss = -13.614445859735662, Validation RMSE = 0.7387115864005732
Epoch 185: Train Loss = -13.614445859735662, Validation RMSE = 0.7387115864005732
Epoch 186: Train Loss = -13.607429677789861, Validation RMSE = 0.7316243507143914
Epoch 186: Train Loss = -13.607429677789861, Validation RMSE = 0.7316243507143914
Epoch 187: Train Loss = -13.680520404468883, Validation RMSE = 0.761038335406488
Epoch 187: Train Loss = -13.680520404468883, Validation RMSE = 0.761038335406488
Epoch 188: Train Loss = -13.631558504971592, Validation RMSE = 0.7367927225409515
Epoch 188: Train Loss = -13.631558504971592, Validation RMSE = 0.7367927225409515
Epoch 189: Train Loss = -13.737513628872959, Validation RMSE = 0.7361237822910836
Epoch 189: Train Loss = -13.737513628872959, Validation RMSE = 0.7361237822910836
Epoch 190: Train Loss = -13.648128682916814, Validation RMSE = 0.7401938544596545
Epoch 190: Train Loss = -13.648128682916814, Validation RMSE = 0.7401938544596545
Epoch 191: Train Loss = -13.679532918063076, Validation RMSE = 0.7643880403051347
Epoch 191: Train Loss = -13.679532918063076, Validation RMSE = 0.7643880403051347
Epoch 192: Train Loss = -13.686419573697178, Validation RMSE = 0.7609959103113919
Epoch 192: Train Loss = -13.686419573697178, Validation RMSE = 0.7609959103113919
Epoch 193: Train Loss = -13.681523496454412, Validation RMSE = 0.7331406544764163
Epoch 193: Train Loss = -13.681523496454412, Validation RMSE = 0.7331406544764163
Epoch 194: Train Loss = -13.668959617614746, Validation RMSE = 0.7491494464262424
Epoch 194: Train Loss = -13.668959617614746, Validation RMSE = 0.7491494464262424
Epoch 195: Train Loss = -13.632404760880904, Validation RMSE = 0.7254715789390181
Epoch 195: Train Loss = -13.632404760880904, Validation RMSE = 0.7254715789390181
Epoch 196: Train Loss = -13.648476600646973, Validation RMSE = 0.74404835797199
Epoch 196: Train Loss = -13.648476600646973, Validation RMSE = 0.74404835797199
Epoch 197: Train Loss = -13.51509900526567, Validation RMSE = 0.7400128055451768
Epoch 197: Train Loss = -13.51509900526567, Validation RMSE = 0.7400128055451768
Epoch 198: Train Loss = -13.620806607333096, Validation RMSE = 0.7195203691279705
Epoch 198: Train Loss = -13.620806607333096, Validation RMSE = 0.7195203691279705
Epoch 199: Train Loss = -13.72596463290128, Validation RMSE = 0.7389646598258294
Epoch 199: Train Loss = -13.72596463290128, Validation RMSE = 0.7389646598258294
