{'activation': 'ReLU',
 'batch_size': 50,
 'cuda': True,
 'data_path': 'dataset/delaney.csv',
 'depth': 3,
 'epochs': 200,
 'ffn_hidden_size': 300,
 'ffn_num_layers': 2,
 'final_lr': 0.0001,
 'hidden_size': 300,
 'init_lr': 0.0001,
 'kl_weight': 1.0,
 'max_lr': 0.001,
 'regularization_scale': 0.0001,
 'sampling_size': 20,
 'save_dir': 'results\\cd\\delaney_checkpoints\\seed_789',
 'save_smiles_splits': False,
 'seed': 789,
 'split_sizes': [0.5, 0.2, 0.3],
 'split_type': 'random',
 'task_names': 'delaney',
 'train_strategy': 'cd',
 'warmup_epochs': 2.0}
{'activation': 'ReLU',
 'batch_size': 50,
 'cuda': True,
 'data_path': 'dataset/delaney.csv',
 'depth': 3,
 'epochs': 200,
 'ffn_hidden_size': 300,
 'ffn_num_layers': 2,
 'final_lr': 0.0001,
 'hidden_size': 300,
 'init_lr': 0.0001,
 'kl_weight': 1.0,
 'max_lr': 0.001,
 'regularization_scale': 0.0001,
 'sampling_size': 20,
 'save_dir': 'results\\cd\\delaney_checkpoints\\seed_789',
 'save_smiles_splits': False,
 'seed': 789,
 'split_sizes': [0.5, 0.2, 0.3],
 'split_type': 'random',
 'task_names': 'delaney',
 'train_strategy': 'cd',
 'warmup_epochs': 2.0}
Loading data...
Loading data...
Splitting data with seed 789
Splitting data with seed 789
Finish Loading and Splitting... Total size = 1,128 | train size = 564 | val size = 225 | test size = 339
Finish Loading and Splitting... Total size = 1,128 | train size = 564 | val size = 225 | test size = 339
Fitting scaler
Fitting scaler
Building model...
Building model...
Number of parameters = 355,206
Number of parameters = 355,206
Moving model to cuda
Moving model to cuda
Epoch 0: Train Loss = -2.2174317186528985, Validation RMSE = 1.8737643745060326
Epoch 0: Train Loss = -2.2174317186528985, Validation RMSE = 1.8737643745060326
Epoch 1: Train Loss = -2.5465165918523613, Validation RMSE = 1.797380961734652
Epoch 1: Train Loss = -2.5465165918523613, Validation RMSE = 1.797380961734652
Epoch 2: Train Loss = -2.684127547524192, Validation RMSE = 1.7286905013488263
Epoch 2: Train Loss = -2.684127547524192, Validation RMSE = 1.7286905013488263
Epoch 3: Train Loss = -2.7237750616940586, Validation RMSE = 1.7057904113937772
Epoch 3: Train Loss = -2.7237750616940586, Validation RMSE = 1.7057904113937772
Epoch 4: Train Loss = -2.922371409156106, Validation RMSE = 1.5775259973982787
Epoch 4: Train Loss = -2.922371409156106, Validation RMSE = 1.5775259973982787
Epoch 5: Train Loss = -2.943694244731556, Validation RMSE = 1.490974164570688
Epoch 5: Train Loss = -2.943694244731556, Validation RMSE = 1.490974164570688
Epoch 6: Train Loss = -3.0130701065063477, Validation RMSE = 1.5668196641400751
Epoch 6: Train Loss = -3.0130701065063477, Validation RMSE = 1.5668196641400751
Epoch 7: Train Loss = -3.0824098803780298, Validation RMSE = 1.4400333808849433
Epoch 7: Train Loss = -3.0824098803780298, Validation RMSE = 1.4400333808849433
Epoch 8: Train Loss = -3.0786672938953745, Validation RMSE = 1.575346998076896
Epoch 8: Train Loss = -3.0786672938953745, Validation RMSE = 1.575346998076896
Epoch 9: Train Loss = -3.1005865227092397, Validation RMSE = 1.354462949884318
Epoch 9: Train Loss = -3.1005865227092397, Validation RMSE = 1.354462949884318
Epoch 10: Train Loss = -3.2733612927523525, Validation RMSE = 1.289998775096256
Epoch 10: Train Loss = -3.2733612927523525, Validation RMSE = 1.289998775096256
Epoch 11: Train Loss = -3.297409252686934, Validation RMSE = 1.4372998605616867
Epoch 11: Train Loss = -3.297409252686934, Validation RMSE = 1.4372998605616867
Epoch 12: Train Loss = -3.2714966427196157, Validation RMSE = 1.3815862681316027
Epoch 12: Train Loss = -3.2714966427196157, Validation RMSE = 1.3815862681316027
Epoch 13: Train Loss = -3.248892242258245, Validation RMSE = 1.399585151118166
Epoch 13: Train Loss = -3.248892242258245, Validation RMSE = 1.399585151118166
Epoch 14: Train Loss = -3.313555110584606, Validation RMSE = 1.2694523651367315
Epoch 14: Train Loss = -3.313555110584606, Validation RMSE = 1.2694523651367315
Epoch 15: Train Loss = -3.421377420425415, Validation RMSE = 1.3033872311289831
Epoch 15: Train Loss = -3.421377420425415, Validation RMSE = 1.3033872311289831
Epoch 16: Train Loss = -3.393846035003662, Validation RMSE = 1.260756915461326
Epoch 16: Train Loss = -3.393846035003662, Validation RMSE = 1.260756915461326
Epoch 17: Train Loss = -3.4297939864071934, Validation RMSE = 1.275441674650762
Epoch 17: Train Loss = -3.4297939864071934, Validation RMSE = 1.275441674650762
Epoch 18: Train Loss = -3.2890534834428267, Validation RMSE = 1.40854436069677
Epoch 18: Train Loss = -3.2890534834428267, Validation RMSE = 1.40854436069677
Epoch 19: Train Loss = -3.3959954651919277, Validation RMSE = 1.3940984755721983
Epoch 19: Train Loss = -3.3959954651919277, Validation RMSE = 1.3940984755721983
Epoch 20: Train Loss = -3.384145736694336, Validation RMSE = 1.2830508357126846
Epoch 20: Train Loss = -3.384145736694336, Validation RMSE = 1.2830508357126846
Epoch 21: Train Loss = -3.4717099449851294, Validation RMSE = 1.1861546280847874
Epoch 21: Train Loss = -3.4717099449851294, Validation RMSE = 1.1861546280847874
Epoch 22: Train Loss = -3.5210479606281626, Validation RMSE = 1.163005059253986
Epoch 22: Train Loss = -3.5210479606281626, Validation RMSE = 1.163005059253986
Epoch 23: Train Loss = -3.5572838566519995, Validation RMSE = 1.2075653792849057
Epoch 23: Train Loss = -3.5572838566519995, Validation RMSE = 1.2075653792849057
Epoch 24: Train Loss = -3.4610816782171074, Validation RMSE = 1.2367743376785416
Epoch 24: Train Loss = -3.4610816782171074, Validation RMSE = 1.2367743376785416
Epoch 25: Train Loss = -3.472834196957675, Validation RMSE = 1.1404024760589742
Epoch 25: Train Loss = -3.472834196957675, Validation RMSE = 1.1404024760589742
Epoch 26: Train Loss = -3.464857881719416, Validation RMSE = 1.1366318319570354
Epoch 26: Train Loss = -3.464857881719416, Validation RMSE = 1.1366318319570354
Epoch 27: Train Loss = -3.527294223958796, Validation RMSE = 1.1235662678607508
Epoch 27: Train Loss = -3.527294223958796, Validation RMSE = 1.1235662678607508
Epoch 28: Train Loss = -3.6010340343822134, Validation RMSE = 1.086815229297171
Epoch 28: Train Loss = -3.6010340343822134, Validation RMSE = 1.086815229297171
Epoch 29: Train Loss = -3.5810324495488945, Validation RMSE = 1.0882434527617788
Epoch 29: Train Loss = -3.5810324495488945, Validation RMSE = 1.0882434527617788
Epoch 30: Train Loss = -3.5687520070509477, Validation RMSE = 1.0994309865170788
Epoch 30: Train Loss = -3.5687520070509477, Validation RMSE = 1.0994309865170788
Epoch 31: Train Loss = -3.644024458798495, Validation RMSE = 1.0972129869068612
Epoch 31: Train Loss = -3.644024458798495, Validation RMSE = 1.0972129869068612
Epoch 32: Train Loss = -3.7101510004563765, Validation RMSE = 1.2321553776842964
Epoch 32: Train Loss = -3.7101510004563765, Validation RMSE = 1.2321553776842964
Epoch 33: Train Loss = -3.5764111172069204, Validation RMSE = 1.1729930841474216
Epoch 33: Train Loss = -3.5764111172069204, Validation RMSE = 1.1729930841474216
Epoch 34: Train Loss = -3.5999127301302822, Validation RMSE = 1.0776970103673973
Epoch 34: Train Loss = -3.5999127301302822, Validation RMSE = 1.0776970103673973
Epoch 35: Train Loss = -3.67354061386802, Validation RMSE = 1.0455356970950018
Epoch 35: Train Loss = -3.67354061386802, Validation RMSE = 1.0455356970950018
Epoch 36: Train Loss = -3.7343335151672363, Validation RMSE = 1.0572879245986626
Epoch 36: Train Loss = -3.7343335151672363, Validation RMSE = 1.0572879245986626
Epoch 37: Train Loss = -3.6614280830730093, Validation RMSE = 1.0623767130307857
Epoch 37: Train Loss = -3.6614280830730093, Validation RMSE = 1.0623767130307857
Epoch 38: Train Loss = -3.6559736945412378, Validation RMSE = 1.028665127468776
Epoch 38: Train Loss = -3.6559736945412378, Validation RMSE = 1.028665127468776
Epoch 39: Train Loss = -3.7516485994512383, Validation RMSE = 1.0018565663786694
Epoch 39: Train Loss = -3.7516485994512383, Validation RMSE = 1.0018565663786694
Epoch 40: Train Loss = -3.676544427871704, Validation RMSE = 1.0218946230022867
Epoch 40: Train Loss = -3.676544427871704, Validation RMSE = 1.0218946230022867
Epoch 41: Train Loss = -3.7425322966142134, Validation RMSE = 1.0813000977060223
Epoch 41: Train Loss = -3.7425322966142134, Validation RMSE = 1.0813000977060223
Epoch 42: Train Loss = -3.8032818924296987, Validation RMSE = 0.9830158944945625
Epoch 42: Train Loss = -3.8032818924296987, Validation RMSE = 0.9830158944945625
Epoch 43: Train Loss = -3.7403726144270464, Validation RMSE = 1.153645113976866
Epoch 43: Train Loss = -3.7403726144270464, Validation RMSE = 1.153645113976866
Epoch 44: Train Loss = -3.7206299521706323, Validation RMSE = 0.9924924155046234
Epoch 44: Train Loss = -3.7206299521706323, Validation RMSE = 0.9924924155046234
Epoch 45: Train Loss = -3.747975977984342, Validation RMSE = 1.0371308417039107
Epoch 45: Train Loss = -3.747975977984342, Validation RMSE = 1.0371308417039107
Epoch 46: Train Loss = -3.658164847980846, Validation RMSE = 1.0151551957092728
Epoch 46: Train Loss = -3.658164847980846, Validation RMSE = 1.0151551957092728
Epoch 47: Train Loss = -3.730568929152055, Validation RMSE = 1.0334936144505897
Epoch 47: Train Loss = -3.730568929152055, Validation RMSE = 1.0334936144505897
Epoch 48: Train Loss = -3.7849232283505527, Validation RMSE = 0.956554719974645
Epoch 48: Train Loss = -3.7849232283505527, Validation RMSE = 0.956554719974645
Epoch 49: Train Loss = -3.8299020637165415, Validation RMSE = 0.983781416668645
Epoch 49: Train Loss = -3.8299020637165415, Validation RMSE = 0.983781416668645
Epoch 50: Train Loss = -3.840771133249456, Validation RMSE = 0.9641775954954154
Epoch 50: Train Loss = -3.840771133249456, Validation RMSE = 0.9641775954954154
Epoch 51: Train Loss = -3.8034178126942026, Validation RMSE = 0.9988524175736632
Epoch 51: Train Loss = -3.8034178126942026, Validation RMSE = 0.9988524175736632
Epoch 52: Train Loss = -3.8300646435130727, Validation RMSE = 0.9379003498104721
Epoch 52: Train Loss = -3.8300646435130727, Validation RMSE = 0.9379003498104721
Epoch 53: Train Loss = -3.8782032403078945, Validation RMSE = 0.9606684682107595
Epoch 53: Train Loss = -3.8782032403078945, Validation RMSE = 0.9606684682107595
Epoch 54: Train Loss = -3.845850337635387, Validation RMSE = 0.9580835678903421
Epoch 54: Train Loss = -3.845850337635387, Validation RMSE = 0.9580835678903421
Epoch 55: Train Loss = -3.876663424751975, Validation RMSE = 0.9387296289143786
Epoch 55: Train Loss = -3.876663424751975, Validation RMSE = 0.9387296289143786
Epoch 56: Train Loss = -3.8729289445010098, Validation RMSE = 0.9618093917092142
Epoch 56: Train Loss = -3.8729289445010098, Validation RMSE = 0.9618093917092142
Epoch 57: Train Loss = -3.7332354458895596, Validation RMSE = 0.9608500926218152
Epoch 57: Train Loss = -3.7332354458895596, Validation RMSE = 0.9608500926218152
Epoch 58: Train Loss = -3.8483057022094727, Validation RMSE = 0.934669974176852
Epoch 58: Train Loss = -3.8483057022094727, Validation RMSE = 0.934669974176852
Epoch 59: Train Loss = -3.908266934481534, Validation RMSE = 0.9187893443653083
Epoch 59: Train Loss = -3.908266934481534, Validation RMSE = 0.9187893443653083
Epoch 60: Train Loss = -3.888421752236106, Validation RMSE = 0.9681129577412001
Epoch 60: Train Loss = -3.888421752236106, Validation RMSE = 0.9681129577412001
Epoch 61: Train Loss = -3.831769032911821, Validation RMSE = 0.956628753912491
Epoch 61: Train Loss = -3.831769032911821, Validation RMSE = 0.956628753912491
Epoch 62: Train Loss = -3.969901301644065, Validation RMSE = 0.8965890909691105
Epoch 62: Train Loss = -3.969901301644065, Validation RMSE = 0.8965890909691105
Epoch 63: Train Loss = -3.9268070350993765, Validation RMSE = 0.9418182180903059
Epoch 63: Train Loss = -3.9268070350993765, Validation RMSE = 0.9418182180903059
Epoch 64: Train Loss = -3.909774520180442, Validation RMSE = 0.927091988102567
Epoch 64: Train Loss = -3.909774520180442, Validation RMSE = 0.927091988102567
Epoch 65: Train Loss = -3.8676040172576904, Validation RMSE = 0.8997034113480595
Epoch 65: Train Loss = -3.8676040172576904, Validation RMSE = 0.8997034113480595
Epoch 66: Train Loss = -3.8310054649006235, Validation RMSE = 1.0213606444977987
Epoch 66: Train Loss = -3.8310054649006235, Validation RMSE = 1.0213606444977987
Epoch 67: Train Loss = -3.864327235655351, Validation RMSE = 0.9289205133793329
Epoch 67: Train Loss = -3.864327235655351, Validation RMSE = 0.9289205133793329
Epoch 68: Train Loss = -3.964639186859131, Validation RMSE = 0.9226179326247583
Epoch 68: Train Loss = -3.964639186859131, Validation RMSE = 0.9226179326247583
Epoch 69: Train Loss = -3.8856824311343106, Validation RMSE = 0.9755786307911459
Epoch 69: Train Loss = -3.8856824311343106, Validation RMSE = 0.9755786307911459
Epoch 70: Train Loss = -3.8452560251409356, Validation RMSE = 0.8975620866549313
Epoch 70: Train Loss = -3.8452560251409356, Validation RMSE = 0.8975620866549313
Epoch 71: Train Loss = -3.9020428224043413, Validation RMSE = 0.9156826180035899
Epoch 71: Train Loss = -3.9020428224043413, Validation RMSE = 0.9156826180035899
Epoch 72: Train Loss = -3.9988703944466333, Validation RMSE = 0.8624259675716858
Epoch 72: Train Loss = -3.9988703944466333, Validation RMSE = 0.8624259675716858
Epoch 73: Train Loss = -3.969132986935702, Validation RMSE = 0.8950628435861355
Epoch 73: Train Loss = -3.969132986935702, Validation RMSE = 0.8950628435861355
Epoch 74: Train Loss = -4.043445218693126, Validation RMSE = 0.8885757136724821
Epoch 74: Train Loss = -4.043445218693126, Validation RMSE = 0.8885757136724821
Epoch 75: Train Loss = -3.937466101212935, Validation RMSE = 0.8856597233538547
Epoch 75: Train Loss = -3.937466101212935, Validation RMSE = 0.8856597233538547
Epoch 76: Train Loss = -4.016785274852406, Validation RMSE = 0.865897645568133
Epoch 76: Train Loss = -4.016785274852406, Validation RMSE = 0.865897645568133
Epoch 77: Train Loss = -3.995736512270841, Validation RMSE = 0.8622623023680048
Epoch 77: Train Loss = -3.995736512270841, Validation RMSE = 0.8622623023680048
Epoch 78: Train Loss = -4.0203563950278545, Validation RMSE = 0.9165710030895857
Epoch 78: Train Loss = -4.0203563950278545, Validation RMSE = 0.9165710030895857
Epoch 79: Train Loss = -3.893072648481889, Validation RMSE = 0.9245851868025773
Epoch 79: Train Loss = -3.893072648481889, Validation RMSE = 0.9245851868025773
Epoch 80: Train Loss = -4.004460659894076, Validation RMSE = 0.8918133574680113
Epoch 80: Train Loss = -4.004460659894076, Validation RMSE = 0.8918133574680113
Epoch 81: Train Loss = -4.016947464509443, Validation RMSE = 0.9190667858118607
Epoch 81: Train Loss = -4.016947464509443, Validation RMSE = 0.9190667858118607
Epoch 82: Train Loss = -4.012715101242065, Validation RMSE = 0.9028920622618775
Epoch 82: Train Loss = -4.012715101242065, Validation RMSE = 0.9028920622618775
Epoch 83: Train Loss = -4.072417129169811, Validation RMSE = 0.9489180644795032
Epoch 83: Train Loss = -4.072417129169811, Validation RMSE = 0.9489180644795032
Epoch 84: Train Loss = -4.119605736298994, Validation RMSE = 0.8759480711323132
Epoch 84: Train Loss = -4.119605736298994, Validation RMSE = 0.8759480711323132
Epoch 85: Train Loss = -3.9744855707341973, Validation RMSE = 0.9392103684621412
Epoch 85: Train Loss = -3.9744855707341973, Validation RMSE = 0.9392103684621412
Epoch 86: Train Loss = -4.065564545718106, Validation RMSE = 0.8646034732144149
Epoch 86: Train Loss = -4.065564545718106, Validation RMSE = 0.8646034732144149
Epoch 87: Train Loss = -4.065351724624634, Validation RMSE = 0.8473694945349953
Epoch 87: Train Loss = -4.065351724624634, Validation RMSE = 0.8473694945349953
Epoch 88: Train Loss = -3.9687860662286933, Validation RMSE = 0.8448632905574508
Epoch 88: Train Loss = -3.9687860662286933, Validation RMSE = 0.8448632905574508
Epoch 89: Train Loss = -4.014093550768766, Validation RMSE = 0.8575374011381179
Epoch 89: Train Loss = -4.014093550768766, Validation RMSE = 0.8575374011381179
Epoch 90: Train Loss = -4.031394069845026, Validation RMSE = 0.8761830525331267
Epoch 90: Train Loss = -4.031394069845026, Validation RMSE = 0.8761830525331267
Epoch 91: Train Loss = -4.0807858813892715, Validation RMSE = 0.8545354838765571
Epoch 91: Train Loss = -4.0807858813892715, Validation RMSE = 0.8545354838765571
Epoch 92: Train Loss = -4.046997612172907, Validation RMSE = 0.8966672655204644
Epoch 92: Train Loss = -4.046997612172907, Validation RMSE = 0.8966672655204644
Epoch 93: Train Loss = -4.074158495122736, Validation RMSE = 0.8435682138716181
Epoch 93: Train Loss = -4.074158495122736, Validation RMSE = 0.8435682138716181
Epoch 94: Train Loss = -4.048098455775868, Validation RMSE = 0.894031340417724
Epoch 94: Train Loss = -4.048098455775868, Validation RMSE = 0.894031340417724
Epoch 95: Train Loss = -3.9668466611341997, Validation RMSE = 0.8386584833469292
Epoch 95: Train Loss = -3.9668466611341997, Validation RMSE = 0.8386584833469292
Epoch 96: Train Loss = -4.0761893662539395, Validation RMSE = 0.8572297873268403
Epoch 96: Train Loss = -4.0761893662539395, Validation RMSE = 0.8572297873268403
Epoch 97: Train Loss = -4.1108831058848985, Validation RMSE = 0.8513043259984331
Epoch 97: Train Loss = -4.1108831058848985, Validation RMSE = 0.8513043259984331
Epoch 98: Train Loss = -4.0364579287442295, Validation RMSE = 0.8689996210381082
Epoch 98: Train Loss = -4.0364579287442295, Validation RMSE = 0.8689996210381082
Epoch 99: Train Loss = -4.094172976233742, Validation RMSE = 0.8974278662896458
Epoch 99: Train Loss = -4.094172976233742, Validation RMSE = 0.8974278662896458
Epoch 100: Train Loss = -4.063348986885765, Validation RMSE = 0.8408336609183102
Epoch 100: Train Loss = -4.063348986885765, Validation RMSE = 0.8408336609183102
Epoch 101: Train Loss = -4.079804225401445, Validation RMSE = 0.8235408603946238
Epoch 101: Train Loss = -4.079804225401445, Validation RMSE = 0.8235408603946238
Epoch 102: Train Loss = -4.1222522908991035, Validation RMSE = 0.8396095552332727
Epoch 102: Train Loss = -4.1222522908991035, Validation RMSE = 0.8396095552332727
Epoch 103: Train Loss = -4.066796064376831, Validation RMSE = 0.8325988185943194
Epoch 103: Train Loss = -4.066796064376831, Validation RMSE = 0.8325988185943194
Epoch 104: Train Loss = -4.175149614160711, Validation RMSE = 0.8221727544200247
Epoch 104: Train Loss = -4.175149614160711, Validation RMSE = 0.8221727544200247
Epoch 105: Train Loss = -4.133355249058116, Validation RMSE = 0.8416338349319257
Epoch 105: Train Loss = -4.133355249058116, Validation RMSE = 0.8416338349319257
Epoch 106: Train Loss = -4.137467752803456, Validation RMSE = 0.8863737039751203
Epoch 106: Train Loss = -4.137467752803456, Validation RMSE = 0.8863737039751203
Epoch 107: Train Loss = -4.148319981314919, Validation RMSE = 0.8262922848512351
Epoch 107: Train Loss = -4.148319981314919, Validation RMSE = 0.8262922848512351
Epoch 108: Train Loss = -4.085140293294733, Validation RMSE = 0.8460997912726056
Epoch 108: Train Loss = -4.085140293294733, Validation RMSE = 0.8460997912726056
Epoch 109: Train Loss = -4.094666394320401, Validation RMSE = 0.8268400702264257
Epoch 109: Train Loss = -4.094666394320401, Validation RMSE = 0.8268400702264257
Epoch 110: Train Loss = -4.081379175186157, Validation RMSE = 0.8175002092857812
Epoch 110: Train Loss = -4.081379175186157, Validation RMSE = 0.8175002092857812
Epoch 111: Train Loss = -4.193723418495872, Validation RMSE = 0.8489497701832192
Epoch 111: Train Loss = -4.193723418495872, Validation RMSE = 0.8489497701832192
Epoch 112: Train Loss = -4.08263449235396, Validation RMSE = 0.8354667659768454
Epoch 112: Train Loss = -4.08263449235396, Validation RMSE = 0.8354667659768454
Epoch 113: Train Loss = -4.153690814971924, Validation RMSE = 0.8350007768554473
Epoch 113: Train Loss = -4.153690814971924, Validation RMSE = 0.8350007768554473
Epoch 114: Train Loss = -4.134498617865822, Validation RMSE = 0.8011432611048863
Epoch 114: Train Loss = -4.134498617865822, Validation RMSE = 0.8011432611048863
Epoch 115: Train Loss = -4.1616082408211446, Validation RMSE = 0.812063510198682
Epoch 115: Train Loss = -4.1616082408211446, Validation RMSE = 0.812063510198682
Epoch 116: Train Loss = -4.1211558255282315, Validation RMSE = 0.8189601673783014
Epoch 116: Train Loss = -4.1211558255282315, Validation RMSE = 0.8189601673783014
Epoch 117: Train Loss = -4.216354760256681, Validation RMSE = 0.8331202174059491
Epoch 117: Train Loss = -4.216354760256681, Validation RMSE = 0.8331202174059491
Epoch 118: Train Loss = -4.168110370635986, Validation RMSE = 0.8156816223659307
Epoch 118: Train Loss = -4.168110370635986, Validation RMSE = 0.8156816223659307
Epoch 119: Train Loss = -4.126896121285179, Validation RMSE = 0.8175357618308219
Epoch 119: Train Loss = -4.126896121285179, Validation RMSE = 0.8175357618308219
Epoch 120: Train Loss = -4.202101317319003, Validation RMSE = 0.8444829993883644
Epoch 120: Train Loss = -4.202101317319003, Validation RMSE = 0.8444829993883644
Epoch 121: Train Loss = -4.215509501370517, Validation RMSE = 0.817482886730076
Epoch 121: Train Loss = -4.215509501370517, Validation RMSE = 0.817482886730076
Epoch 122: Train Loss = -4.212161150845614, Validation RMSE = 0.8101600911558181
Epoch 122: Train Loss = -4.212161150845614, Validation RMSE = 0.8101600911558181
Epoch 123: Train Loss = -4.114558458328247, Validation RMSE = 0.8148911539971906
Epoch 123: Train Loss = -4.114558458328247, Validation RMSE = 0.8148911539971906
Epoch 124: Train Loss = -4.235256606882269, Validation RMSE = 0.8350700655949213
Epoch 124: Train Loss = -4.235256606882269, Validation RMSE = 0.8350700655949213
Epoch 125: Train Loss = -4.11197339404713, Validation RMSE = 0.9398093235765264
Epoch 125: Train Loss = -4.11197339404713, Validation RMSE = 0.9398093235765264
Epoch 126: Train Loss = -4.111156073483554, Validation RMSE = 0.8342891854162042
Epoch 126: Train Loss = -4.111156073483554, Validation RMSE = 0.8342891854162042
Epoch 127: Train Loss = -4.116623033176769, Validation RMSE = 0.8301766965601427
Epoch 127: Train Loss = -4.116623033176769, Validation RMSE = 0.8301766965601427
Epoch 128: Train Loss = -4.18744193423878, Validation RMSE = 0.8270587312061671
Epoch 128: Train Loss = -4.18744193423878, Validation RMSE = 0.8270587312061671
Epoch 129: Train Loss = -4.229961460286921, Validation RMSE = 0.8681619959890498
Epoch 129: Train Loss = -4.229961460286921, Validation RMSE = 0.8681619959890498
Epoch 130: Train Loss = -4.227501912550493, Validation RMSE = 0.8011623131710857
Epoch 130: Train Loss = -4.227501912550493, Validation RMSE = 0.8011623131710857
Epoch 131: Train Loss = -4.236792087554932, Validation RMSE = 0.790249103702864
Epoch 131: Train Loss = -4.236792087554932, Validation RMSE = 0.790249103702864
Epoch 132: Train Loss = -4.1338419914245605, Validation RMSE = 0.8203301173301695
Epoch 132: Train Loss = -4.1338419914245605, Validation RMSE = 0.8203301173301695
Epoch 133: Train Loss = -4.210135524923151, Validation RMSE = 0.8982120268346262
Epoch 133: Train Loss = -4.210135524923151, Validation RMSE = 0.8982120268346262
Epoch 134: Train Loss = -4.243487054651434, Validation RMSE = 0.8229175121425539
Epoch 134: Train Loss = -4.243487054651434, Validation RMSE = 0.8229175121425539
Epoch 135: Train Loss = -4.240948135202581, Validation RMSE = 0.7958116977457733
Epoch 135: Train Loss = -4.240948135202581, Validation RMSE = 0.7958116977457733
Epoch 136: Train Loss = -4.175884875384244, Validation RMSE = 0.8174753228795895
Epoch 136: Train Loss = -4.175884875384244, Validation RMSE = 0.8174753228795895
Epoch 137: Train Loss = -4.20393536307595, Validation RMSE = 0.8518970957290868
Epoch 137: Train Loss = -4.20393536307595, Validation RMSE = 0.8518970957290868
Epoch 138: Train Loss = -4.258181636983698, Validation RMSE = 0.798341218078438
Epoch 138: Train Loss = -4.258181636983698, Validation RMSE = 0.798341218078438
Epoch 139: Train Loss = -4.215283372185447, Validation RMSE = 0.8063521668807342
Epoch 139: Train Loss = -4.215283372185447, Validation RMSE = 0.8063521668807342
Epoch 140: Train Loss = -4.153359976681796, Validation RMSE = 0.793470348819954
Epoch 140: Train Loss = -4.153359976681796, Validation RMSE = 0.793470348819954
Epoch 141: Train Loss = -4.238588528199629, Validation RMSE = 0.799479546551722
Epoch 141: Train Loss = -4.238588528199629, Validation RMSE = 0.799479546551722
Epoch 142: Train Loss = -4.309764927083796, Validation RMSE = 0.7893440814445959
Epoch 142: Train Loss = -4.309764927083796, Validation RMSE = 0.7893440814445959
Epoch 143: Train Loss = -4.183918692848899, Validation RMSE = 0.8303201895114101
Epoch 143: Train Loss = -4.183918692848899, Validation RMSE = 0.8303201895114101
Epoch 144: Train Loss = -4.177690224214033, Validation RMSE = 0.8169553973761662
Epoch 144: Train Loss = -4.177690224214033, Validation RMSE = 0.8169553973761662
Epoch 145: Train Loss = -4.184200416911732, Validation RMSE = 0.8178588992653089
Epoch 145: Train Loss = -4.184200416911732, Validation RMSE = 0.8178588992653089
Epoch 146: Train Loss = -4.162774432789195, Validation RMSE = 0.7966933909885013
Epoch 146: Train Loss = -4.162774432789195, Validation RMSE = 0.7966933909885013
Epoch 147: Train Loss = -4.255922816016457, Validation RMSE = 0.8047037546812463
Epoch 147: Train Loss = -4.255922816016457, Validation RMSE = 0.8047037546812463
Epoch 148: Train Loss = -4.352494066411799, Validation RMSE = 0.7910383971900298
Epoch 148: Train Loss = -4.352494066411799, Validation RMSE = 0.7910383971900298
Epoch 149: Train Loss = -4.226374539462003, Validation RMSE = 0.7817426428832671
Epoch 149: Train Loss = -4.226374539462003, Validation RMSE = 0.7817426428832671
Epoch 150: Train Loss = -4.154508807442405, Validation RMSE = 0.8053177216982658
Epoch 150: Train Loss = -4.154508807442405, Validation RMSE = 0.8053177216982658
Epoch 151: Train Loss = -4.222736597061157, Validation RMSE = 0.8400895247155085
Epoch 151: Train Loss = -4.222736597061157, Validation RMSE = 0.8400895247155085
Epoch 152: Train Loss = -4.344241965900768, Validation RMSE = 0.8029122954075371
Epoch 152: Train Loss = -4.344241965900768, Validation RMSE = 0.8029122954075371
Epoch 153: Train Loss = -4.230947754599831, Validation RMSE = 0.7783984560798419
Epoch 153: Train Loss = -4.230947754599831, Validation RMSE = 0.7783984560798419
Epoch 154: Train Loss = -4.365621393377131, Validation RMSE = 0.7811009070905329
Epoch 154: Train Loss = -4.365621393377131, Validation RMSE = 0.7811009070905329
Epoch 155: Train Loss = -4.27865819497542, Validation RMSE = 0.7998994841185227
Epoch 155: Train Loss = -4.27865819497542, Validation RMSE = 0.7998994841185227
Epoch 156: Train Loss = -4.152367223392833, Validation RMSE = 0.7997021031732516
Epoch 156: Train Loss = -4.152367223392833, Validation RMSE = 0.7997021031732516
Epoch 157: Train Loss = -4.208093079653653, Validation RMSE = 0.8144142260954406
Epoch 157: Train Loss = -4.208093079653653, Validation RMSE = 0.8144142260954406
Epoch 158: Train Loss = -4.271250616420399, Validation RMSE = 0.8017277300178245
Epoch 158: Train Loss = -4.271250616420399, Validation RMSE = 0.8017277300178245
Epoch 159: Train Loss = -4.243923338976773, Validation RMSE = 0.786254323075087
Epoch 159: Train Loss = -4.243923338976773, Validation RMSE = 0.786254323075087
Epoch 160: Train Loss = -4.260529193011197, Validation RMSE = 0.7844892032896702
Epoch 160: Train Loss = -4.260529193011197, Validation RMSE = 0.7844892032896702
Epoch 161: Train Loss = -4.353601477362893, Validation RMSE = 0.7862778336204793
Epoch 161: Train Loss = -4.353601477362893, Validation RMSE = 0.7862778336204793
Epoch 162: Train Loss = -4.275461370294744, Validation RMSE = 0.7946529547994542
Epoch 162: Train Loss = -4.275461370294744, Validation RMSE = 0.7946529547994542
Epoch 163: Train Loss = -4.261044480583885, Validation RMSE = 0.7899342039661272
Epoch 163: Train Loss = -4.261044480583885, Validation RMSE = 0.7899342039661272
Epoch 164: Train Loss = -4.255352345379916, Validation RMSE = 0.7997908554355406
Epoch 164: Train Loss = -4.255352345379916, Validation RMSE = 0.7997908554355406
Epoch 165: Train Loss = -4.29290526563471, Validation RMSE = 0.7898184095539856
Epoch 165: Train Loss = -4.29290526563471, Validation RMSE = 0.7898184095539856
Epoch 166: Train Loss = -4.255091233686968, Validation RMSE = 0.7955471073293948
Epoch 166: Train Loss = -4.255091233686968, Validation RMSE = 0.7955471073293948
Epoch 167: Train Loss = -4.182348988272927, Validation RMSE = 0.8342810742950967
Epoch 167: Train Loss = -4.182348988272927, Validation RMSE = 0.8342810742950967
Epoch 168: Train Loss = -4.332440029491078, Validation RMSE = 0.7919691978804779
Epoch 168: Train Loss = -4.332440029491078, Validation RMSE = 0.7919691978804779
Epoch 169: Train Loss = -4.2429210706190625, Validation RMSE = 0.7828935280798659
Epoch 169: Train Loss = -4.2429210706190625, Validation RMSE = 0.7828935280798659
Epoch 170: Train Loss = -4.312498179349032, Validation RMSE = 0.788243117798117
Epoch 170: Train Loss = -4.312498179349032, Validation RMSE = 0.788243117798117
Epoch 171: Train Loss = -4.211860353296453, Validation RMSE = 0.7870102043985717
Epoch 171: Train Loss = -4.211860353296453, Validation RMSE = 0.7870102043985717
Epoch 172: Train Loss = -4.26710844039917, Validation RMSE = 0.8050712247841684
Epoch 172: Train Loss = -4.26710844039917, Validation RMSE = 0.8050712247841684
Epoch 173: Train Loss = -4.295955181121826, Validation RMSE = 0.8229631096444152
Epoch 173: Train Loss = -4.295955181121826, Validation RMSE = 0.8229631096444152
Epoch 174: Train Loss = -4.219785386865789, Validation RMSE = 0.79813453630809
Epoch 174: Train Loss = -4.219785386865789, Validation RMSE = 0.79813453630809
Epoch 175: Train Loss = -4.297009294683283, Validation RMSE = 0.7825693142330221
Epoch 175: Train Loss = -4.297009294683283, Validation RMSE = 0.7825693142330221
Epoch 176: Train Loss = -4.303046703338623, Validation RMSE = 0.7745275436377461
Epoch 176: Train Loss = -4.303046703338623, Validation RMSE = 0.7745275436377461
Epoch 177: Train Loss = -4.320091702721336, Validation RMSE = 0.7952086661751541
Epoch 177: Train Loss = -4.320091702721336, Validation RMSE = 0.7952086661751541
Epoch 178: Train Loss = -4.2594920938665215, Validation RMSE = 0.807749039896541
Epoch 178: Train Loss = -4.2594920938665215, Validation RMSE = 0.807749039896541
Epoch 179: Train Loss = -4.327147440476851, Validation RMSE = 0.7849117263012029
Epoch 179: Train Loss = -4.327147440476851, Validation RMSE = 0.7849117263012029
Epoch 180: Train Loss = -4.293375232002952, Validation RMSE = 0.794471738222522
Epoch 180: Train Loss = -4.293375232002952, Validation RMSE = 0.794471738222522
Epoch 181: Train Loss = -4.244299845262007, Validation RMSE = 0.7812118169396669
Epoch 181: Train Loss = -4.244299845262007, Validation RMSE = 0.7812118169396669
Epoch 182: Train Loss = -4.288583842190829, Validation RMSE = 0.7945342696028379
Epoch 182: Train Loss = -4.288583842190829, Validation RMSE = 0.7945342696028379
Epoch 183: Train Loss = -4.3777407299388535, Validation RMSE = 0.7666117426487057
Epoch 183: Train Loss = -4.3777407299388535, Validation RMSE = 0.7666117426487057
Epoch 184: Train Loss = -4.37094335122542, Validation RMSE = 0.7914202818713899
Epoch 184: Train Loss = -4.37094335122542, Validation RMSE = 0.7914202818713899
Epoch 185: Train Loss = -4.328078985214233, Validation RMSE = 0.7971885921291855
Epoch 185: Train Loss = -4.328078985214233, Validation RMSE = 0.7971885921291855
Epoch 186: Train Loss = -4.250509760596535, Validation RMSE = 0.7731357643611021
Epoch 186: Train Loss = -4.250509760596535, Validation RMSE = 0.7731357643611021
Epoch 187: Train Loss = -4.2418576370586045, Validation RMSE = 0.7771229718603906
Epoch 187: Train Loss = -4.2418576370586045, Validation RMSE = 0.7771229718603906
Epoch 188: Train Loss = -4.3533501191572705, Validation RMSE = 0.7839829856541558
Epoch 188: Train Loss = -4.3533501191572705, Validation RMSE = 0.7839829856541558
Epoch 189: Train Loss = -4.337360642173073, Validation RMSE = 0.7940292131939309
Epoch 189: Train Loss = -4.337360642173073, Validation RMSE = 0.7940292131939309
Epoch 190: Train Loss = -4.361841808665883, Validation RMSE = 0.7932104675845751
Epoch 190: Train Loss = -4.361841808665883, Validation RMSE = 0.7932104675845751
Epoch 191: Train Loss = -4.204777977683327, Validation RMSE = 0.789795528073204
Epoch 191: Train Loss = -4.204777977683327, Validation RMSE = 0.789795528073204
Epoch 192: Train Loss = -4.252495245500044, Validation RMSE = 0.7793136823948325
Epoch 192: Train Loss = -4.252495245500044, Validation RMSE = 0.7793136823948325
Epoch 193: Train Loss = -4.382245952432806, Validation RMSE = 0.7732853919722168
Epoch 193: Train Loss = -4.382245952432806, Validation RMSE = 0.7732853919722168
Epoch 194: Train Loss = -4.350877675143155, Validation RMSE = 0.7683183573486823
Epoch 194: Train Loss = -4.350877675143155, Validation RMSE = 0.7683183573486823
Epoch 195: Train Loss = -4.333068327470259, Validation RMSE = 0.7860531445412993
Epoch 195: Train Loss = -4.333068327470259, Validation RMSE = 0.7860531445412993
Epoch 196: Train Loss = -4.246116984974254, Validation RMSE = 0.7866636906594472
Epoch 196: Train Loss = -4.246116984974254, Validation RMSE = 0.7866636906594472
Epoch 197: Train Loss = -4.35303276235407, Validation RMSE = 0.7976522952185723
Epoch 197: Train Loss = -4.35303276235407, Validation RMSE = 0.7976522952185723
Epoch 198: Train Loss = -4.377490043640137, Validation RMSE = 0.7805079214245852
Epoch 198: Train Loss = -4.377490043640137, Validation RMSE = 0.7805079214245852
Epoch 199: Train Loss = -4.360138546336781, Validation RMSE = 0.816994441852694
Epoch 199: Train Loss = -4.360138546336781, Validation RMSE = 0.816994441852694
